---------------------------------------------
Log C:\Users\Administrator\Desktop\Steam\steamapps\common\DayZServer\Odinprofil\crash_2020-01-08_20-53-19.log started at 08.01. 21:14:20



------------------------------------
WIN-7SM163QVH8B, 08.01 2020 21:14:20

[hndfsm] HandGuardHasRoomForItem - no room at dst={ type=CARGO item=Hammer:07352 parent=BDUPants:012012 idx=0 row=0 col=2 f=false }
Class:      'HandGuardHasRoomForItem'
Function: 'Error'
Stack trace:
scripts/1_Core/proto\endebug.c:44
scripts/3_Game/systems\inventory\hand_guards.c:184
scripts/3_Game/systems\inventory\handanimated_guards.c:190
scripts/3_Game/systems\hfsmbase.c:391
scripts/3_Game/systems\hfsmbase.c:349
scripts/3_Game/systems\inventory\humaninventorywithfsm.c:97
scripts/4_World/systems\inventory\dayzplayerinventory.c:227
scripts/4_World/entities\manbase\playerbase.c:2106

Runtime mode
CLI params: config serverDZ.cfg port 2303 mod @CF;@Alx_Epic_Vest;@BuildAnywhere;@Code Lock;@Community-Online-Tools;@DisableBaseDestruction;@DropItemsBeforeDying;@SQUAD MSF-C;@TEPTraderWallet;@Trader;@Banking;@VanillaPlusPlusMap;@VehicleActivityLogs;@VehicleSlotPlus;@FlipTransport;@Odins_Stube;@Unlimited Stamina;@SIX-DayZ-Auto-Run;@Server_Information_Panel;@OP_BaseItems ip 185.223.30.146 profiles C:\Users\Administrator\Desktop\Steam\steamapps\common\DayZServer\Odinprofil 


------------------------------------
WIN-7SM163QVH8B, 08.01 2020 21:55:45

[cheat] HandleInputData man=SurvivorF_Naomi:019 is cheating with cmd=SYNC_MOVE src={ type=GROUND item=SodaCan_Spite:023676 pos=(12876.7, 6.33237, 9589.06) dir=(-0.00196844, -0.612543, -0.00196844, 0.790433) } dst={ type=CARGO item=SodaCan_Spite:023676 parent=Hoodie_Black:010902 idx=0 row=0 col=3 f=false }
Class:      'DayZPlayerInventory'
Function: 'Error'
Stack trace:
scripts/1_Core/proto\endebug.c:44
scripts/4_World/systems\inventory\dayzplayerinventory.c:344
scripts/4_World/systems\inventory\dayzplayerinventory.c:257

Runtime mode
CLI params: config serverDZ.cfg port 2303 mod @CF;@Alx_Epic_Vest;@BuildAnywhere;@Code Lock;@Community-Online-Tools;@DisableBaseDestruction;@DropItemsBeforeDying;@SQUAD MSF-C;@TEPTraderWallet;@Trader;@Banking;@VanillaPlusPlusMap;@VehicleActivityLogs;@VehicleSlotPlus;@FlipTransport;@Odins_Stube;@Unlimited Stamina;@SIX-DayZ-Auto-Run;@Server_Information_Panel;@OP_BaseItems ip 185.223.30.146 profiles C:\Users\Administrator\Desktop\Steam\steamapps\common\DayZServer\Odinprofil 


------------------------------------
WIN-7SM163QVH8B, 08.01 2020 22:09:25

[hndfsm] HandGuardHasRoomForItem - no room at dst={ type=CARGO item=HuntingKnife:019676 parent=BDUJacket:05084 idx=0 row=5 col=0 f=true }
Class:      'HandGuardHasRoomForItem'
Function: 'Error'
Stack trace:
scripts/1_Core/proto\endebug.c:44
scripts/3_Game/systems\inventory\hand_guards.c:184
scripts/3_Game/systems\inventory\handanimated_guards.c:190
scripts/3_Game/systems\hfsmbase.c:391
scripts/3_Game/systems\hfsmbase.c:349
scripts/3_Game/systems\inventory\humaninventorywithfsm.c:97
scripts/4_World/systems\inventory\dayzplayerinventory.c:227
scripts/4_World/entities\manbase\playerbase.c:2106

Runtime mode
CLI params: config serverDZ.cfg port 2303 mod @CF;@Alx_Epic_Vest;@BuildAnywhere;@Code Lock;@Community-Online-Tools;@DisableBaseDestruction;@DropItemsBeforeDying;@SQUAD MSF-C;@TEPTraderWallet;@Trader;@Banking;@VanillaPlusPlusMap;@VehicleActivityLogs;@VehicleSlotPlus;@FlipTransport;@Odins_Stube;@Unlimited Stamina;@SIX-DayZ-Auto-Run;@Server_Information_Panel;@OP_BaseItems ip 185.223.30.146 profiles C:\Users\Administrator\Desktop\Steam\steamapps\common\DayZServer\Odinprofil 


------------------------------------
WIN-7SM163QVH8B, 08.01 2020 22:17:55

[hndfsm] HandGuardHasRoomForItem - no room at dst={ type=CARGO item=HuntingKnife:019676 parent=BDUJacket:05084 idx=0 row=5 col=0 f=true }
Class:      'HandGuardHasRoomForItem'
Function: 'Error'
Stack trace:
scripts/1_Core/proto\endebug.c:44
scripts/3_Game/systems\inventory\hand_guards.c:184
scripts/3_Game/systems\inventory\handanimated_guards.c:190
scripts/3_Game/systems\hfsmbase.c:391
scripts/3_Game/systems\hfsmbase.c:349
scripts/3_Game/systems\inventory\humaninventorywithfsm.c:97
scripts/4_World/systems\inventory\dayzplayerinventory.c:227
scripts/4_World/entities\manbase\playerbase.c:2106

Runtime mode
CLI params: config serverDZ.cfg port 2303 mod @CF;@Alx_Epic_Vest;@BuildAnywhere;@Code Lock;@Community-Online-Tools;@DisableBaseDestruction;@DropItemsBeforeDying;@SQUAD MSF-C;@TEPTraderWallet;@Trader;@Banking;@VanillaPlusPlusMap;@VehicleActivityLogs;@VehicleSlotPlus;@FlipTransport;@Odins_Stube;@Unlimited Stamina;@SIX-DayZ-Auto-Run;@Server_Information_Panel;@OP_BaseItems ip 185.223.30.146 profiles C:\Users\Administrator\Desktop\Steam\steamapps\common\DayZServer\Odinprofil 
