

=====================================================================
== C:\Users\Administrator\Desktop\Steam\steamapps\common\DayZServer\DayZServer_x64.exe
== "C:\Users\Administrator\Desktop\Steam\steamapps\common\DayZServer\DayZServer_x64.exe" "-config=serverDZ.cfg" "-port=2303" "-mod=@CF;@Alx_Epic_Vest;@BuildAnywhere;@Code Lock;@Community-Online-Tools;@DisableBaseDestruction;@DropItemsBeforeDying;@NoVehicleDamage;@SQUAD MSF-C;@TEPTraderWallet;@Trader;@Banking;@Dingo_Truck;@VanillaPlusPlusMap;@VehicleActivityLogs;@VehicleSlotPlus;@FlipTransport" "-ip=185.223.30.146" "-profiles=C:\Users\Administrator\Desktop\Steam\steamapps\common\DayZServer\Odinprofil"
=====================================================================
Exe timestamp: 2019/12/26 17:44:56
Current time:  2019/12/27 12:01:56

Version 1.06.152859
12:01:56.364 [Inputs] Loading inputs default "bin/constants.xml"
12:01:56.364 [Inputs] Loading inputs default "bin/specific.xml"
12:01:56.379 [Inputs] Loading inputs default "JM/COT/scripts/Data/Inputs.xml"
12:01:56.379 [Inputs] Loading inputs default "VanillaPPMap/data/modded_Inputs.xml"
12:01:56.379 [Inputs] Loading inputs cfg "C:\Users\Administrator\Desktop\Steam\steamapps\common\DayZServer\Odinprofil\Users\Survivor\Server.core.xml"
12:01:56.426 [Inputs] Exporting inputs cfg "C:\Users\Administrator\Desktop\Steam\steamapps\common\DayZServer\Odinprofil\Users\Survivor\Server.core.xml"
12:03:49.415 [CE][Hive] :: Initializing OFFLINE
12:03:49.415 [CE][Hive] :: Loading core data ... 
12:03:49.430 [CE][CoreData] :: 7 root classes, 18 defaults, 0 updaters...
12:04:07.759 [CE] :: WARNING :: Preset map "optics" is EMPTY.
12:04:07.759 [CE][TypeSetup] :: 408 classes setuped...
12:04:09.244 [CE][RegisterBind] :: 0 classes binded...
12:04:09.244 [CE][RegisterConfig] :: 5095 config classes registered, 1 sub-counters...
12:04:09.244 [CE][Hive] :: Loading map data ... 
12:04:09.978 !!! [CE] :: Unknown category: 'vehicleparts'.
12:04:09.978 !!! [CE] :: Unknown category: 'vehicleparts'.
12:04:09.978 !!! [CE] :: Unknown category: 'vehicleparts'.
12:04:09.978 !!! [CE] :: Unknown category: 'vehicleparts'.
12:04:09.978 !!! [CE] :: Unknown category: 'vehicleparts'.
12:04:09.978 !!! [CE] :: Unknown category: 'vehicleparts'.
12:04:09.978 !!! [CE] :: Unknown category: 'vehicleparts'.
12:04:09.978 !!! [CE] :: Unknown category: 'vehicleparts'.
12:04:09.978 !!! [CE] :: Unknown category: 'vehicleparts'.
12:04:09.998 !!! [CE] :: Unknown category: 'vehicleparts'.
12:04:09.998 !!! [CE] :: Unknown category: 'vehicleparts'.
12:04:09.998 !!! [CE] :: Unknown category: 'vehicleparts'.
12:04:09.998 !!! [CE] :: Unknown category: 'vehicleparts'.
12:04:09.998 !!! [CE] :: Unknown category: 'vehicleparts'.
12:04:09.998 !!! [CE] :: Unknown category: 'vehicleparts'.
12:04:09.998 !!! [CE] :: Unknown category: 'vehicleparts'.
12:04:09.998 !!! [CE] :: Unknown category: 'vehicleparts'.
12:04:09.998 !!! [CE] :: Unknown category: 'vehicleparts'.
12:04:09.998 !!! [CE] :: Unknown category: 'vehicleparts'.
12:04:09.998 !!! [CE] :: Unknown category: 'vehicleparts'.
12:04:09.998 !!! [CE] :: Unknown category: 'vehicleparts'.
12:04:09.998 !!! [CE] :: Unknown category: 'vehicleparts'.
12:04:09.998 !!! [CE] :: Unknown category: 'vehicleparts'.
12:04:09.998 !!! [CE] :: Unknown category: 'vehicleparts'.
12:04:09.998 [CE][LoadPrototype] :: loaded 316 prototypes
12:04:09.998   668 containers, 8849 points
12:04:09.998   24 dispatches, 90 proxies
12:04:09.998 !!! [CE][LoadPrototype] 11 groups have no points...
12:04:09.998 !!![CE][LoadPrototype]  3 groups have wrong points...
12:04:09.998 [CE][LoadPrototype] :: last group name: Land_Wreck_sed02_aban2_red...
12:04:10.41 [CE][LoadPrototype] :: loaded 0 prototypes
12:04:10.41   0 containers, 0 points
12:04:10.41   0 dispatches, 0 proxies
12:04:10.41 [CE][LoadPrototype] :: last group name: Rail9...
12:04:12.916 [CE][LoadMap] "Group" :: loaded 11613 groups, largest group range: 34.2
12:04:12.931 !!! File "DZ\worlds\chernarusplus\ce\mapgroupdirt.xml" does not exist...
12:04:12.931 !!! [CE][LoadMap] "Dirt" :: Failed to read group instances (DZ\worlds\chernarusplus\ce\mapgroupdirt.xml)
12:04:14.681 [CE][Links] found 1974 total links between groups, of 11613
12:04:14.681 [CE][LoadClusters] "Cluster" :: Loading files...
12:04:16.25 [CE][LoadClusters] :: file: "mapgroupcluster.xml", 9 types, 50000 instances
12:04:17.09 [CE][LoadClusters] :: file: "mapgroupcluster01", 9 types, 50000 instances
12:04:18.260 [CE][LoadClusters] :: file: "mapgroupcluster02", 9 types, 50000 instances
12:04:19.291 [CE][LoadClusters] :: file: "mapgroupcluster03", 9 types, 50000 instances
12:04:19.713 [CE][LoadClusters] :: file: "mapgroupcluster04", 9 types, 17185 instances
12:04:19.994 [CE][Storage] ver:21 stamp:439, valid:yes, name:"mpmissions\dayzOffline.chernarusplus\storage_1\data\types.bin"
12:04:20.260 [CE][Storage] ver:21 stamp:437, valid:yes, name:"mpmissions\dayzOffline.chernarusplus\storage_1\data\types.001"
12:04:20.525 [CE][Storage] ver:21 stamp:438, valid:yes, name:"mpmissions\dayzOffline.chernarusplus\storage_1\data\types.002"
12:04:20.525 [CE][Storage] Restoring file "mpmissions\dayzOffline.chernarusplus\storage_1\data\types.bin".
12:04:21.494 [CE][offlineDB] :: Loaded 37 dynamic events 216 total types 0 total positions.
12:04:21.728 [CE][Storage] ver:21 stamp:439, valid:yes, name:"mpmissions\dayzOffline.chernarusplus\storage_1\data\events.bin"
12:04:21.744 [CE][Storage] ver:21 stamp:437, valid:yes, name:"mpmissions\dayzOffline.chernarusplus\storage_1\data\events.001"
12:04:21.744 [CE][Storage] ver:21 stamp:438, valid:yes, name:"mpmissions\dayzOffline.chernarusplus\storage_1\data\events.002"
12:04:21.744 [CE][Storage] Restoring file "mpmissions\dayzOffline.chernarusplus\storage_1\data\events.bin".
12:04:21.744 [CE][DynamicEvent] Load  Events:[37] Primary spawners: 37 Secondary spawners: 1
12:04:21.777 [CE][Storage] ver:24 stamp:439, valid:yes, name:"mpmissions\dayzOffline.chernarusplus\storage_1\data\vehicles.bin"
12:04:21.791 [CE][Storage] ver:24 stamp:437, valid:yes, name:"mpmissions\dayzOffline.chernarusplus\storage_1\data\vehicles.001"
12:04:21.791 [CE][Storage] ver:24 stamp:438, valid:yes, name:"mpmissions\dayzOffline.chernarusplus\storage_1\data\vehicles.002"
12:04:21.791 [CE][Storage] Restoring file "mpmissions\dayzOffline.chernarusplus\storage_1\data\vehicles.bin" 106 items.
12:04:22.432   106 items loaded.
12:04:22.463 [CE][Storage] ver:24 stamp:439, valid:yes, name:"mpmissions\dayzOffline.chernarusplus\storage_1\data\dynamic_000.bin"
12:04:22.494 [CE][Storage] ver:24 stamp:437, valid:yes, name:"mpmissions\dayzOffline.chernarusplus\storage_1\data\dynamic_000.001"
12:04:22.530 [CE][Storage] ver:24 stamp:438, valid:yes, name:"mpmissions\dayzOffline.chernarusplus\storage_1\data\dynamic_000.002"
12:04:22.530 [CE][Storage] Restoring file "mpmissions\dayzOffline.chernarusplus\storage_1\data\dynamic_000.bin" 558 items.
12:04:23.456 [Disconnect]: Client 78613041 disconnecting
12:04:23.456 [Disconnect]: Client 78613041 early disconnect
12:04:24.651   558 items loaded.
12:04:24.666 [CE][Storage] ver:24 stamp:439, valid:yes, name:"mpmissions\dayzOffline.chernarusplus\storage_1\data\dynamic_001.bin"
12:04:24.713 [CE][Storage] ver:24 stamp:437, valid:yes, name:"mpmissions\dayzOffline.chernarusplus\storage_1\data\dynamic_001.001"
12:04:24.729 [CE][Storage] ver:24 stamp:438, valid:yes, name:"mpmissions\dayzOffline.chernarusplus\storage_1\data\dynamic_001.002"
12:04:24.729 [CE][Storage] Restoring file "mpmissions\dayzOffline.chernarusplus\storage_1\data\dynamic_001.bin" 1323 items.
12:04:27.369   1323 items loaded.
12:04:27.400 [CE][Storage] ver:24 stamp:439, valid:yes, name:"mpmissions\dayzOffline.chernarusplus\storage_1\data\dynamic_002.bin"
12:04:27.416 [CE][Storage] ver:24 stamp:437, valid:yes, name:"mpmissions\dayzOffline.chernarusplus\storage_1\data\dynamic_002.001"
12:04:27.510 [CE][Storage] ver:24 stamp:438, valid:yes, name:"mpmissions\dayzOffline.chernarusplus\storage_1\data\dynamic_002.002"
12:04:27.510 [CE][Storage] Restoring file "mpmissions\dayzOffline.chernarusplus\storage_1\data\dynamic_002.bin" 2092 items.
12:04:31.682   2092 items loaded.
12:04:31.682 [CE][Storage] ver:24 stamp:439, valid:yes, name:"mpmissions\dayzOffline.chernarusplus\storage_1\data\dynamic_003.bin"
12:04:31.698 [CE][Storage] ver:24 stamp:437, valid:yes, name:"mpmissions\dayzOffline.chernarusplus\storage_1\data\dynamic_003.001"
12:04:31.994 [CE][Storage] ver:24 stamp:438, valid:yes, name:"mpmissions\dayzOffline.chernarusplus\storage_1\data\dynamic_003.002"
12:04:31.994 [CE][Storage] Restoring file "mpmissions\dayzOffline.chernarusplus\storage_1\data\dynamic_003.bin" 1767 items.
12:04:34.604   1767 items loaded.
12:04:34.651 [CE][Storage] ver:24 stamp:439, valid:yes, name:"mpmissions\dayzOffline.chernarusplus\storage_1\data\dynamic_004.bin"
12:04:34.698 [CE][Storage] ver:24 stamp:437, valid:yes, name:"mpmissions\dayzOffline.chernarusplus\storage_1\data\dynamic_004.001"
12:04:34.729 [CE][Storage] ver:24 stamp:438, valid:yes, name:"mpmissions\dayzOffline.chernarusplus\storage_1\data\dynamic_004.002"
12:04:34.901 [CE][Storage] Restoring file "mpmissions\dayzOffline.chernarusplus\storage_1\data\dynamic_004.bin" 1658 items.
12:04:37.635   1658 items loaded.
12:04:37.651 [CE][Storage] ver:24 stamp:439, valid:yes, name:"mpmissions\dayzOffline.chernarusplus\storage_1\data\dynamic_005.bin"
12:04:37.948 [CE][Storage] ver:24 stamp:437, valid:yes, name:"mpmissions\dayzOffline.chernarusplus\storage_1\data\dynamic_005.001"
12:04:37.963 [CE][Storage] ver:24 stamp:438, valid:yes, name:"mpmissions\dayzOffline.chernarusplus\storage_1\data\dynamic_005.002"
12:04:37.963 [CE][Storage] Restoring file "mpmissions\dayzOffline.chernarusplus\storage_1\data\dynamic_005.bin" 1775 items.
12:04:39.792   1775 items loaded.
12:04:39.807 [CE][Storage] ver:24 stamp:439, valid:yes, name:"mpmissions\dayzOffline.chernarusplus\storage_1\data\dynamic_006.bin"
12:04:39.870 !!! [CE][Storage] Failed to read [Storage] data file "mpmissions\dayzOffline.chernarusplus\storage_1\data\dynamic_006.001".
12:04:39.870   File not closed...
12:04:39.870 [CE][Storage] ver:24 stamp:440, valid:NO, name:"mpmissions\dayzOffline.chernarusplus\storage_1\data\dynamic_006.001"
12:04:39.901 [CE][Storage] ver:24 stamp:438, valid:yes, name:"mpmissions\dayzOffline.chernarusplus\storage_1\data\dynamic_006.002"
12:04:39.901 [CE][Storage] Restoring file "mpmissions\dayzOffline.chernarusplus\storage_1\data\dynamic_006.bin" 1365 items.
12:04:41.651   1365 items loaded.
12:04:41.729 [CE][Storage] ver:24 stamp:439, valid:yes, name:"mpmissions\dayzOffline.chernarusplus\storage_1\data\dynamic_007.bin"
12:04:41.745 [CE][Storage] ver:24 stamp:440, valid:yes, name:"mpmissions\dayzOffline.chernarusplus\storage_1\data\dynamic_007.001"
12:04:41.792 [CE][Storage] ver:24 stamp:438, valid:yes, name:"mpmissions\dayzOffline.chernarusplus\storage_1\data\dynamic_007.002"
12:04:41.792 [CE][Storage] Restoring file "mpmissions\dayzOffline.chernarusplus\storage_1\data\dynamic_007.001" 1320 items.
12:04:43.901   1320 items loaded.
12:04:44.432 [CE][Storage] ver:24 stamp:439, valid:yes, name:"mpmissions\dayzOffline.chernarusplus\storage_1\data\dynamic_008.bin"
12:04:44.714 [CE][Storage] ver:24 stamp:440, valid:yes, name:"mpmissions\dayzOffline.chernarusplus\storage_1\data\dynamic_008.001"
12:04:44.730 [CE][Storage] ver:24 stamp:438, valid:yes, name:"mpmissions\dayzOffline.chernarusplus\storage_1\data\dynamic_008.002"
12:04:44.730 [CE][Storage] Restoring file "mpmissions\dayzOffline.chernarusplus\storage_1\data\dynamic_008.001" 1880 items.
12:04:48.11   1880 items loaded.
12:04:48.89 [CE][Storage] ver:24 stamp:439, valid:yes, name:"mpmissions\dayzOffline.chernarusplus\storage_1\data\dynamic_009.bin"
12:04:48.604 [CE][Storage] ver:24 stamp:440, valid:yes, name:"mpmissions\dayzOffline.chernarusplus\storage_1\data\dynamic_009.001"
12:04:48.870 [CE][Storage] ver:24 stamp:438, valid:yes, name:"mpmissions\dayzOffline.chernarusplus\storage_1\data\dynamic_009.002"
12:04:48.870 [CE][Storage] Restoring file "mpmissions\dayzOffline.chernarusplus\storage_1\data\dynamic_009.001" 2319 items.
12:04:52.730   2319 items loaded.
12:04:52.761 [CE][Storage] ver:24 stamp:439, valid:yes, name:"mpmissions\dayzOffline.chernarusplus\storage_1\data\dynamic_010.bin"
12:04:52.792 [CE][Storage] ver:24 stamp:440, valid:yes, name:"mpmissions\dayzOffline.chernarusplus\storage_1\data\dynamic_010.001"
12:04:52.857 [CE][Storage] ver:24 stamp:438, valid:yes, name:"mpmissions\dayzOffline.chernarusplus\storage_1\data\dynamic_010.002"
12:04:52.857 [CE][Storage] Restoring file "mpmissions\dayzOffline.chernarusplus\storage_1\data\dynamic_010.001" 1507 items.
12:04:55.58   1507 items loaded.
12:04:55.105 [CE][Storage] ver:24 stamp:439, valid:yes, name:"mpmissions\dayzOffline.chernarusplus\storage_1\data\dynamic_011.bin"
12:04:55.105 [CE][Storage] ver:24 stamp:440, valid:yes, name:"mpmissions\dayzOffline.chernarusplus\storage_1\data\dynamic_011.001"
12:04:55.136 [CE][Storage] ver:24 stamp:438, valid:yes, name:"mpmissions\dayzOffline.chernarusplus\storage_1\data\dynamic_011.002"
12:04:55.136 [CE][Storage] Restoring file "mpmissions\dayzOffline.chernarusplus\storage_1\data\dynamic_011.001" 173 items.
12:04:55.339   173 items loaded.
12:04:56.230 [CE][Hive] :: Storage load took:34.49 seconds, recovery stamp:440
12:04:56.230   entity: 19007, building: 0
12:04:56.230   no lifetime: 44
12:04:56.230 [CE][Hive] :: Initializing ... 
12:04:56.277 [CE][InitializeMap] :: initialized: 0
12:04:56.277 [CE][Hive] :: Initializing spawners ... 
12:05:05.730 [CE][LootRespawner] (PRIDummy) :: Item [0] is hard to place, performance drops: "TacticalShirt_Olive"
12:05:05.777 [CE][LootRespawner] (PRIDummy) :: Initially (re)spawned:127, Nominal:19949, Total in Map: 18029 at 0 (sec)
12:05:05.777   tests:129, repeats:1 fails:1, overtime:0
12:05:05.777 [CE][DynEvent] :: 37 types
12:05:05.777 [00] AmbientHen
12:05:05.777   Primary Spawner: "Ambient", active: yes, repeat: 1
12:05:05.777 [01] AnimalBear
12:05:05.777   Primary Spawner: "Animal", active: yes, repeat: 1
12:05:05.777 [02] AnimalCow
12:05:05.777   Primary Spawner: "Animal", active: yes, repeat: 1
12:05:05.777 [03] AnimalDeer
12:05:05.777   Primary Spawner: "Animal", active: yes, repeat: 1
12:05:05.777 [04] AnimalGoat
12:05:05.777   Primary Spawner: "Animal", active: yes, repeat: 1
12:05:05.777 [05] AnimalPig
12:05:05.777   Primary Spawner: "Animal", active: yes, repeat: 1
12:05:05.777 [06] AnimalRoeDeer
12:05:05.777   Primary Spawner: "Animal", active: yes, repeat: 1
12:05:05.777 [07] AnimalSheep
12:05:05.777   Primary Spawner: "Animal", active: yes, repeat: 1
12:05:05.777 [08] AnimalWildBoar
12:05:05.777   Primary Spawner: "Animal", active: yes, repeat: 1
12:05:05.777 [09] AnimalWolf
12:05:05.777   Primary Spawner: "Animal", active: yes, repeat: 1
12:05:05.777 [10] InfectedArmy
12:05:05.777   Primary Spawner: "Infected", active: yes, repeat: 1
12:05:05.777 [11] InfectedCity
12:05:05.777   Primary Spawner: "Infected", active: yes, repeat: 1
12:05:05.777 [12] InfectedFirefighter
12:05:05.777   Primary Spawner: "Infected", active: yes, repeat: 1
12:05:05.777 [13] InfectedIndustrial
12:05:05.777   Primary Spawner: "Infected", active: yes, repeat: 1
12:05:05.777 [14] InfectedMedic
12:05:05.777   Primary Spawner: "Infected", active: yes, repeat: 1
12:05:05.777 [15] InfectedPolice
12:05:05.777   Primary Spawner: "Infected", active: yes, repeat: 1
12:05:05.777 [16] InfectedPrisoner
12:05:05.777   Primary Spawner: "Infected", active: yes, repeat: 1
12:05:05.777 [17] InfectedReligious
12:05:05.777   Primary Spawner: "Infected", active: yes, repeat: 1
12:05:05.777 [18] InfectedSolitude
12:05:05.777   Primary Spawner: "Infected", active: yes, repeat: 1
12:05:05.777 [19] InfectedVillage
12:05:05.777   Primary Spawner: "Infected", active: yes, repeat: 1
12:05:05.777 [20] ItemPlanks
12:05:05.777   Primary Spawner: "Item", active: yes, repeat: 1
12:05:05.777 [21] Loot
12:05:05.777   Primary Spawner: "Loot", active: yes, repeat: 2
12:05:05.777 [22] StaticHeliCrash
12:05:05.777   Primary Spawner: "Vehicle", active: yes, repeat: 1
12:05:05.777   Secondary Spawner: "Infected", active: yes, repeat: 1
12:05:05.777 [23] StaticPoliceCar
12:05:05.777   Primary Spawner: "Vehicle", active: yes, repeat: 1
12:05:05.777 [24] TrajectoryApple
12:05:05.777   Primary Spawner: "Trajectory", active: yes, repeat: 1
12:05:05.777 [25] TrajectoryCanina
12:05:05.777   Primary Spawner: "Trajectory", active: yes, repeat: 1
12:05:05.777 [26] TrajectoryConiferous
12:05:05.777   Primary Spawner: "Trajectory", active: yes, repeat: 1
12:05:05.777 [27] TrajectoryDeciduous
12:05:05.777   Primary Spawner: "Trajectory", active: yes, repeat: 1
12:05:05.777 [28] TrajectoryHumus
12:05:05.777   Primary Spawner: "Trajectory", active: yes, repeat: 1
12:05:05.777 [29] TrajectoryPear
12:05:05.777   Primary Spawner: "Trajectory", active: yes, repeat: 1
12:05:05.777 [30] TrajectoryPlum
12:05:05.793   Primary Spawner: "Trajectory", active: yes, repeat: 1
12:05:05.793 [31] TrajectorySambucus
12:05:05.793   Primary Spawner: "Trajectory", active: yes, repeat: 1
12:05:05.793 [32] TrajectoryStones
12:05:05.793   Primary Spawner: "Trajectory", active: yes, repeat: 1
12:05:05.793 [33] VehicleCivilianSedan
12:05:05.793   Primary Spawner: "Vehicle", active: yes, repeat: 1
12:05:05.793 [34] VehicleHatchback02
12:05:05.793   Primary Spawner: "Vehicle", active: yes, repeat: 1
12:05:05.793 [35] VehicleOffroadHatchback
12:05:05.793   Primary Spawner: "Vehicle", active: yes, repeat: 1
12:05:05.793 [36] VehicleSedan02
12:05:05.809   Primary Spawner: "Vehicle", active: yes, repeat: 1
12:05:05.809 [CE][Hive] :: Initializing of spawners done.
12:05:05.824 [CE][Hive] :: Init sequence finished.
12:05:05.824 Player connect enabled
12:05:05.840 [Disconnect]: No packets from 78613041 in login queue
12:05:05.840 [Disconnect]: DisconnectPlayerFinish 78613041
12:05:05.840 [Disconnect]: Remove player info 78613041
12:05:07.215 [Disconnect]: DisconnectPlayerFinish 78613041
12:05:07.215 Average server FPS: 0.02 (measured interval: 1 s)
12:05:07.215 Used memory: 1475738 KB
12:05:07.215 Players: 0 in total
12:05:09.12 Average server FPS: 0.56 (measured interval: 1 s)
12:05:09.12 Used memory: 1491569 KB
12:05:09.12 Players: 0 in total
12:05:10.58 Average server FPS: 3.81 (measured interval: 1 s)
12:05:10.58 Used memory: 1495367 KB
12:05:10.58 Players: 0 in total
12:05:11.215 Average server FPS: 5.22 (measured interval: 1 s)
12:05:11.215 Used memory: 1495923 KB
12:05:11.215 Players: 0 in total
12:05:12.262 Average server FPS: 8.56 (measured interval: 1 s)
12:05:12.262 Used memory: 1500425 KB
12:05:12.262 Players: 0 in total
12:05:13.277 Average server FPS: 8.85 (measured interval: 1 s)
12:05:13.277 Used memory: 1508487 KB
12:05:13.277 Players: 0 in total
12:05:14.293 Average server FPS: 4.92 (measured interval: 1 s)
12:05:14.293 Used memory: 1511742 KB
12:05:14.293 Players: 0 in total
12:05:15.309 Average server FPS: 6.86 (measured interval: 1 s)
12:05:15.309 Used memory: 1519213 KB
12:05:15.309 Players: 0 in total
12:05:16.324 Average server FPS: 8.94 (measured interval: 1 s)
12:05:16.324 Used memory: 1526698 KB
12:05:16.324 Players: 0 in total
12:05:17.340 Average server FPS: 10.85 (measured interval: 1 s)
12:05:17.340 Used memory: 1534841 KB
12:05:17.340 Players: 0 in total
12:05:18.371 Average server FPS: 7.70 (measured interval: 1 s)
12:05:18.371 Used memory: 1543137 KB
12:05:18.371 Players: 0 in total
12:05:19.371 Average server FPS: 29.91 (measured interval: 1 s)
12:05:19.371 Used memory: 1544341 KB
12:05:19.371 Players: 0 in total
12:05:20.387 Average server FPS: 46.81 (measured interval: 1 s)
12:05:20.387 Used memory: 1543858 KB
12:05:20.387 Players: 0 in total
12:05:21.387 Average server FPS: 53.95 (measured interval: 1 s)
12:05:21.387 Used memory: 1543777 KB
12:05:21.387 Players: 0 in total
12:05:22.387 Average server FPS: 30.82 (measured interval: 1 s)
12:05:22.387 Used memory: 1544978 KB
12:05:22.387 Players: 0 in total
12:05:23.387 Average server FPS: 57.83 (measured interval: 1 s)
12:05:23.387 Used memory: 1545096 KB
12:05:23.387 Players: 0 in total
12:05:24.387 Average server FPS: 42.96 (measured interval: 1 s)
12:05:24.387 Used memory: 1545093 KB
12:05:24.387 Players: 0 in total
12:05:25.403 Average server FPS: 45.41 (measured interval: 1 s)
12:05:25.403 Used memory: 1545244 KB
12:05:25.403 Players: 0 in total
12:05:26.434 Average server FPS: 51.51 (measured interval: 1 s)
12:05:26.434 Used memory: 1547766 KB
12:05:26.434 Players: 0 in total
12:05:27.528 Average server FPS: 17.40 (measured interval: 1 s)
12:05:27.528 Used memory: 1548046 KB
12:05:27.528 Players: 0 in total
12:05:28.528 Average server FPS: 31.87 (measured interval: 1 s)
12:05:28.528 Used memory: 1547971 KB
12:05:28.528 Players: 0 in total
12:05:29.544 Average server FPS: 29.85 (measured interval: 1 s)
12:05:29.544 Used memory: 1548137 KB
12:05:29.544 Players: 0 in total
12:05:30.547 Average server FPS: 27.92 (measured interval: 1 s)
12:05:30.547 Used memory: 1548195 KB
12:05:30.547 Players: 0 in total
12:05:31.559 Average server FPS: 44.88 (measured interval: 1 s)
12:05:31.559 Used memory: 1548197 KB
12:05:31.559 Players: 0 in total
12:05:32.560 Average server FPS: 45.95 (measured interval: 1 s)
12:05:32.560 Used memory: 1548267 KB
12:05:32.560 Players: 0 in total
12:05:33.591 Average server FPS: 31.25 (measured interval: 1 s)
12:05:33.591 Used memory: 1548376 KB
12:05:33.591 Players: 0 in total
12:05:34.591 Average server FPS: 45.95 (measured interval: 1 s)
12:05:34.591 Used memory: 1548375 KB
12:05:34.591 Players: 0 in total
12:05:35.934 Average server FPS: 30.62 (measured interval: 1 s)
12:05:35.934 Used memory: 1548450 KB
12:05:35.934 Players: 0 in total
12:05:36.935 Average server FPS: 27.78 (measured interval: 1 s)
12:05:36.935 Used memory: 1548452 KB
12:05:36.935 Players: 0 in total
12:05:37.966 Average server FPS: 25.27 (measured interval: 1 s)
12:05:37.966 Used memory: 1551732 KB
12:05:37.966 Players: 0 in total
12:05:38.981 Average server FPS: 41.71 (measured interval: 1 s)
12:05:38.981 Used memory: 1552104 KB
12:05:38.981 Players: 0 in total
12:05:39.981 Average server FPS: 46.77 (measured interval: 1 s)
12:05:39.981 Used memory: 1552105 KB
12:05:39.981 Players: 0 in total
12:05:41.75 Average server FPS: 34.77 (measured interval: 1 s)
12:05:41.75 Used memory: 1552272 KB
12:05:41.75 Players: 0 in total
12:05:42.75 Average server FPS: 46.77 (measured interval: 1 s)
12:05:42.75 Used memory: 1552266 KB
12:05:42.75 Players: 0 in total
12:05:43.122 Average server FPS: 18.11 (measured interval: 1 s)
12:05:43.122 Used memory: 1552625 KB
12:05:43.122 Players: 0 in total
12:05:44.138 Average server FPS: 39.45 (measured interval: 1 s)
12:05:44.138 Used memory: 1552415 KB
12:05:44.138 Players: 0 in total
12:05:45.138 Average server FPS: 61.94 (measured interval: 1 s)
12:05:45.138 Used memory: 1552515 KB
12:05:45.138 Players: 0 in total
12:05:46.154 Average server FPS: 87.04 (measured interval: 1 s)
12:05:46.154 Used memory: 1552567 KB
12:05:46.154 Players: 0 in total
12:05:47.169 Average server FPS: 47.52 (measured interval: 1 s)
12:05:47.169 Used memory: 1552756 KB
12:05:47.169 Players: 0 in total
12:05:48.169 Average server FPS: 66.21 (measured interval: 1 s)
12:05:48.169 Used memory: 1552669 KB
12:05:48.169 Players: 0 in total
12:05:49.203 Average server FPS: 62.44 (measured interval: 1 s)
12:05:49.203 Used memory: 1552564 KB
12:05:49.203 Players: 0 in total
12:05:50.216 Average server FPS: 44.07 (measured interval: 1 s)
12:05:50.216 Used memory: 1552550 KB
12:05:50.216 Players: 0 in total
12:05:51.256 Average server FPS: 46.69 (measured interval: 1 s)
12:05:51.256 Used memory: 1552718 KB
12:05:51.256 Players: 0 in total
12:05:52.263 Average server FPS: 46.49 (measured interval: 1 s)
12:05:52.263 Used memory: 1552718 KB
12:05:52.263 Players: 0 in total
12:05:53.263 Average server FPS: 29.79 (measured interval: 1 s)
12:05:53.263 Used memory: 1553047 KB
12:05:53.263 Players: 0 in total
12:05:54.279 Average server FPS: 51.74 (measured interval: 1 s)
12:05:54.279 Used memory: 1553046 KB
12:05:54.279 Players: 0 in total
12:05:55.279 Average server FPS: 51.90 (measured interval: 1 s)
12:05:55.279 Used memory: 1553049 KB
12:05:55.279 Players: 0 in total
12:05:57.342 Average server FPS: 22.29 (measured interval: 1 s)
12:05:57.342 Used memory: 1554344 KB
12:05:57.342 Players: 0 in total
12:05:58.357 Average server FPS: 33.33 (measured interval: 1 s)
12:05:58.357 Used memory: 1552810 KB
12:05:58.357 Players: 0 in total
12:05:59.482 Average server FPS: 35.71 (measured interval: 1 s)
12:05:59.482 Used memory: 1552828 KB
12:05:59.482 Players: 0 in total
12:06:00.483 Average server FPS: 21.80 (measured interval: 1 s)
12:06:00.483 Used memory: 1554359 KB
12:06:00.483 Players: 0 in total
12:06:01.498 Average server FPS: 46.72 (measured interval: 1 s)
12:06:01.498 Used memory: 1554434 KB
12:06:01.498 Players: 0 in total
12:06:02.498 Average server FPS: 43.96 (measured interval: 1 s)
12:06:02.498 Used memory: 1554562 KB
12:06:02.498 Players: 0 in total
12:06:03.498 Average server FPS: 62.38 (measured interval: 1 s)
12:06:03.498 Used memory: 1554632 KB
12:06:03.498 Players: 0 in total
12:06:04.529 Average server FPS: 92.16 (measured interval: 1 s)
12:06:04.529 Used memory: 1554572 KB
12:06:04.529 Players: 0 in total
12:06:05.529 Average server FPS: 221.23 (measured interval: 1 s)
12:06:05.529 Used memory: 1554572 KB
12:06:05.529 Players: 0 in total
12:06:06.529 Average server FPS: 243.27 (measured interval: 1 s)
12:06:06.529 Used memory: 1555054 KB
12:06:06.529 Players: 0 in total
12:06:07.576 Average server FPS: 19.18 (measured interval: 1 s)
12:06:07.576 Used memory: 1555165 KB
12:06:07.576 Players: 0 in total
12:06:08.592 Average server FPS: 140.87 (measured interval: 1 s)
12:06:08.592 Used memory: 1555159 KB
12:06:08.592 Players: 0 in total
12:06:09.592 Average server FPS: 234.00 (measured interval: 1 s)
12:06:09.592 Used memory: 1555177 KB
12:06:09.592 Players: 0 in total
12:06:10.592 Average server FPS: 581.35 (measured interval: 1 s)
12:06:10.592 Used memory: 1555184 KB
12:06:10.592 Players: 0 in total
12:06:11.592 Average server FPS: 159.84 (measured interval: 1 s)
12:06:11.592 Used memory: 1555184 KB
12:06:11.592 Players: 0 in total
12:06:12.675 Average server FPS: 82.64 (measured interval: 1 s)
12:06:12.675 Used memory: 1557500 KB
12:06:12.675 Players: 0 in total
12:06:13.686 Average server FPS: 75.25 (measured interval: 1 s)
12:06:13.686 Used memory: 1557513 KB
12:06:13.686 Players: 0 in total
12:06:14.686 Average server FPS: 109.56 (measured interval: 1 s)
12:06:14.686 Used memory: 1557589 KB
12:06:14.686 Players: 0 in total
12:06:15.796 Average server FPS: 39.50 (measured interval: 1 s)
12:06:15.796 Used memory: 1558239 KB
12:06:15.796 Players: 0 in total
12:06:16.811 Average server FPS: 41.75 (measured interval: 1 s)
12:06:16.811 Used memory: 1558088 KB
12:06:16.811 Players: 0 in total
12:06:17.827 Average server FPS: 99.61 (measured interval: 1 s)
12:06:17.827 Used memory: 1558156 KB
12:06:17.827 Players: 0 in total
12:06:18.842 Average server FPS: 116.49 (measured interval: 1 s)
12:06:18.842 Used memory: 1558156 KB
12:06:18.842 Players: 0 in total
12:06:19.842 Average server FPS: 220.78 (measured interval: 1 s)
12:06:19.842 Used memory: 1558076 KB
12:06:19.842 Players: 0 in total
12:06:20.843 Average server FPS: 253.24 (measured interval: 1 s)
12:06:20.843 Used memory: 1557878 KB
12:06:20.843 Players: 0 in total
12:06:21.843 Average server FPS: 166.00 (measured interval: 1 s)
12:06:21.843 Used memory: 1557811 KB
12:06:21.843 Players: 0 in total
12:06:22.858 Average server FPS: 261.22 (measured interval: 1 s)
12:06:22.858 Used memory: 1556903 KB
12:06:22.858 Players: 0 in total
12:06:23.858 Average server FPS: 290.13 (measured interval: 1 s)
12:06:23.858 Used memory: 1556902 KB
12:06:23.858 Players: 0 in total
12:06:24.858 Average server FPS: 225.00 (measured interval: 1 s)
12:06:24.858 Used memory: 1556902 KB
12:06:24.858 Players: 0 in total
12:06:25.858 Average server FPS: 56.89 (measured interval: 1 s)
12:06:25.858 Used memory: 1556907 KB
12:06:25.858 Players: 0 in total
12:06:26.858 Average server FPS: 288.00 (measured interval: 1 s)
12:06:26.858 Used memory: 1556906 KB
12:06:26.858 Players: 0 in total
12:06:27.858 Average server FPS: 149.95 (measured interval: 1 s)
12:06:27.858 Used memory: 1556934 KB
12:06:27.858 Players: 0 in total
12:06:28.858 Average server FPS: 146.00 (measured interval: 1 s)
12:06:28.858 Used memory: 1556931 KB
12:06:28.858 Players: 0 in total
12:06:29.858 Average server FPS: 237.00 (measured interval: 1 s)
12:06:29.858 Used memory: 1557055 KB
12:06:29.858 Players: 0 in total
12:06:30.874 Average server FPS: 53.52 (measured interval: 1 s)
12:06:30.874 Used memory: 1558683 KB
12:06:30.874 Players: 0 in total
12:06:31.890 Average server FPS: 43.90 (measured interval: 1 s)
12:06:31.890 Used memory: 1558691 KB
12:06:31.906 Players: 0 in total
12:06:32.906 Average server FPS: 39.49 (measured interval: 1 s)
12:06:32.906 Used memory: 1558696 KB
12:06:32.906 Players: 0 in total
12:06:33.827 [Login]: Adding player Survivor (77677867) to login queue at position 0
12:06:33.827 [LoginMachine]: Add player Survivor (77677867)
12:06:33.827 [StateMachine]: Player Survivor (dpnid 77677867 uid ) Entering AuthPlayerLoginState
12:06:33.922 Average server FPS: 47.71 (measured interval: 1 s)
12:06:33.922 Used memory: 1558882 KB
12:06:33.922 Players: 1 in total
12:06:34.124 [StateMachine]: Player Survivor (dpnid 77677867 uid ) State Error (AuthPlayerLoginState): Verify signature on connect failed
12:06:34.124 Player Unknown (77677867) kicked from server: 6 (Client contains PBO which is not part of server data: addons\worlds_chernarusplus_ce.pbo)
12:06:34.140 [StateMachine]: Kick player Survivor (dpnid 77677867 uid ) State AuthPlayerLoginState Error Client contains PBO which is not part of server data: addons\worlds_chernarusplus_ce.pbo
12:06:34.140 [Disconnect]: Client 77677867 early disconnect
12:06:34.156 [Disconnect]: No identity -> remove player info 77677867 
12:06:34.156 [Disconnect]: DisconnectPlayerFinish 77677867
12:06:34.156 [Disconnect]: Remove player info 77677867
12:06:34.156 [Disconnect]: Player destroy 77677867 
12:06:34.954 Average server FPS: 38.65 (measured interval: 1 s)
12:06:34.954 Used memory: 1558702 KB
12:06:34.954 Players: 0 in total
12:06:35.953 Average server FPS: 39.80 (measured interval: 1 s)
12:06:35.953 Used memory: 1558702 KB
12:06:35.953 Players: 0 in total
12:06:36.999 Average server FPS: 11.55 (measured interval: 1 s)
12:06:36.999 Used memory: 1558960 KB
12:06:36.999 Players: 0 in total
12:06:38.15 Average server FPS: 33.11 (measured interval: 1 s)
12:06:38.15 Used memory: 1558962 KB
12:06:38.15 Players: 0 in total
12:06:39.31 Average server FPS: 45.45 (measured interval: 1 s)
12:06:39.31 Used memory: 1558961 KB
12:06:39.31 Players: 0 in total
12:06:40.46 Average server FPS: 36.42 (measured interval: 1 s)
12:06:40.46 Used memory: 1558964 KB
12:06:40.46 Players: 0 in total
12:06:41.125 Average server FPS: 23.36 (measured interval: 1 s)
12:06:41.125 Used memory: 1559161 KB
12:06:41.125 Players: 0 in total
12:06:42.126 Average server FPS: 44.96 (measured interval: 1 s)
12:06:42.126 Used memory: 1559160 KB
12:06:42.126 Players: 0 in total
12:06:43.125 Average server FPS: 33.93 (measured interval: 1 s)
12:06:43.125 Used memory: 1558936 KB
12:06:43.125 Players: 0 in total
12:06:44.140 Average server FPS: 45.54 (measured interval: 1 s)
12:06:44.140 Used memory: 1559153 KB
12:06:44.140 Players: 0 in total
12:06:45.140 Average server FPS: 105.00 (measured interval: 1 s)
12:06:45.140 Used memory: 1559274 KB
12:06:45.140 Players: 0 in total
12:06:46.140 Average server FPS: 179.00 (measured interval: 1 s)
12:06:46.140 Used memory: 1559274 KB
12:06:46.140 Players: 0 in total
12:06:47.140 Average server FPS: 313.00 (measured interval: 1 s)
12:06:47.140 Used memory: 1559284 KB
12:06:47.140 Players: 0 in total
12:06:48.140 Average server FPS: 431.00 (measured interval: 1 s)
12:06:48.140 Used memory: 1559285 KB
12:06:48.140 Players: 0 in total
12:06:49.141 Average server FPS: 180.73 (measured interval: 1 s)
12:06:49.141 Used memory: 1559286 KB
12:06:49.141 Players: 0 in total
12:06:50.141 Average server FPS: 366.00 (measured interval: 1 s)
12:06:50.141 Used memory: 1559412 KB
12:06:50.141 Players: 0 in total
12:06:51.141 Average server FPS: 260.74 (measured interval: 1 s)
12:06:51.141 Used memory: 1559050 KB
12:06:51.141 Players: 0 in total
12:06:52.156 Average server FPS: 509.40 (measured interval: 1 s)
12:06:52.156 Used memory: 1558847 KB
12:06:52.156 Players: 0 in total
12:06:53.156 Average server FPS: 148.85 (measured interval: 1 s)
12:06:53.156 Used memory: 1559445 KB
12:06:53.156 Players: 0 in total
12:06:54.156 Average server FPS: 156.59 (measured interval: 1 s)
12:06:54.156 Used memory: 1559445 KB
12:06:54.156 Players: 0 in total
12:06:55.219 Average server FPS: 55.98 (measured interval: 1 s)
12:06:55.219 Used memory: 1559960 KB
12:06:55.219 Players: 0 in total
12:06:56.219 Average server FPS: 45.91 (measured interval: 1 s)
12:06:56.219 Used memory: 1559957 KB
12:06:56.219 Players: 0 in total
12:06:57.219 Average server FPS: 107.68 (measured interval: 1 s)
12:06:57.219 Used memory: 1559960 KB
12:06:57.219 Players: 0 in total
12:06:58.235 Average server FPS: 85.88 (measured interval: 1 s)
12:06:58.235 Used memory: 1559962 KB
12:06:58.235 Players: 0 in total
12:06:59.250 Average server FPS: 197.45 (measured interval: 1 s)
12:06:59.250 Used memory: 1559962 KB
12:06:59.250 Players: 0 in total
12:07:00.266 Average server FPS: 192.04 (measured interval: 1 s)
12:07:00.266 Used memory: 1560100 KB
12:07:00.266 Players: 0 in total
12:07:01.266 Average server FPS: 51.95 (measured interval: 1 s)
12:07:01.266 Used memory: 1560101 KB
12:07:01.266 Players: 0 in total
12:07:02.266 Average server FPS: 126.24 (measured interval: 1 s)
12:07:02.266 Used memory: 1560100 KB
12:07:02.266 Players: 0 in total
12:07:03.282 Average server FPS: 106.72 (measured interval: 1 s)
12:07:03.282 Used memory: 1560304 KB
12:07:03.282 Players: 0 in total
12:07:04.308 Average server FPS: 100.29 (measured interval: 1 s)
12:07:04.308 Used memory: 1560302 KB
12:07:04.308 Players: 0 in total
12:07:05.313 Average server FPS: 100.40 (measured interval: 1 s)
12:07:05.313 Used memory: 1560310 KB
12:07:05.313 Players: 0 in total
12:07:06.313 Average server FPS: 280.60 (measured interval: 1 s)
12:07:06.313 Used memory: 1560310 KB
12:07:06.313 Players: 0 in total
12:07:07.333 Average server FPS: 112.32 (measured interval: 1 s)
12:07:07.333 Used memory: 1560312 KB
12:07:07.333 Players: 0 in total
12:07:08.344 Average server FPS: 243.59 (measured interval: 1 s)
12:07:08.344 Used memory: 1560506 KB
12:07:08.344 Players: 0 in total
12:07:09.344 Average server FPS: 638.00 (measured interval: 1 s)
12:07:09.344 Used memory: 1560602 KB
12:07:09.344 Players: 0 in total
12:07:10.360 Average server FPS: 452.03 (measured interval: 1 s)
12:07:10.360 Used memory: 1562465 KB
12:07:10.360 Players: 0 in total
12:07:10.969 [CE][LootRespawner] (PRIDummy) :: Item [1] is hard to place, performance drops: "NurseDress_Blue"
12:07:11.470 Average server FPS: 18.00 (measured interval: 1 s)
12:07:11.470 Used memory: 1563017 KB
12:07:11.470 Players: 0 in total
12:07:12.485 Average server FPS: 51.18 (measured interval: 1 s)
12:07:12.485 Used memory: 1563031 KB
12:07:12.485 Players: 0 in total
12:07:13.501 Average server FPS: 87.68 (measured interval: 1 s)
12:07:13.501 Used memory: 1563044 KB
12:07:13.501 Players: 0 in total
12:07:14.892 Average server FPS: 30.71 (measured interval: 1 s)
12:07:14.892 Used memory: 1563991 KB
12:07:14.892 Players: 0 in total
12:07:15.907 Average server FPS: 34.93 (measured interval: 1 s)
12:07:15.907 Used memory: 1563863 KB
12:07:15.907 Players: 0 in total
12:07:16.923 Average server FPS: 37.07 (measured interval: 1 s)
12:07:16.923 Used memory: 1564035 KB
12:07:16.923 Players: 0 in total
12:07:17.923 Average server FPS: 49.85 (measured interval: 1 s)
12:07:17.923 Used memory: 1564029 KB
12:07:17.923 Players: 0 in total
12:07:18.923 Average server FPS: 122.63 (measured interval: 1 s)
12:07:18.939 Used memory: 1564031 KB
12:07:18.939 Players: 0 in total
12:07:19.970 Average server FPS: 142.58 (measured interval: 1 s)
12:07:19.970 Used memory: 1564031 KB
12:07:19.970 Players: 0 in total
12:07:20.986 Average server FPS: 59.76 (measured interval: 1 s)
12:07:20.986 Used memory: 1564197 KB
12:07:20.986 Players: 0 in total
12:07:21.986 Average server FPS: 197.00 (measured interval: 1 s)
12:07:21.986 Used memory: 1564082 KB
12:07:21.986 Players: 0 in total
12:07:22.986 Average server FPS: 101.00 (measured interval: 1 s)
12:07:22.986 Used memory: 1564445 KB
12:07:22.986 Players: 0 in total
12:07:23.986 Average server FPS: 98.02 (measured interval: 1 s)
12:07:23.986 Used memory: 1564038 KB
12:07:23.986 Players: 0 in total
12:07:25.01 Average server FPS: 63.18 (measured interval: 1 s)
12:07:25.01 Used memory: 1564176 KB
12:07:25.01 Players: 0 in total
12:07:26.80 Average server FPS: 50.05 (measured interval: 1 s)
12:07:26.80 Used memory: 1564100 KB
12:07:26.80 Players: 0 in total
12:07:27.96 Average server FPS: 38.39 (measured interval: 1 s)
12:07:27.96 Used memory: 1564134 KB
12:07:27.96 Players: 0 in total
12:07:28.111 Average server FPS: 103.38 (measured interval: 1 s)
12:07:28.111 Used memory: 1564396 KB
12:07:28.111 Players: 0 in total
12:07:29.126 Average server FPS: 68.93 (measured interval: 1 s)
12:07:29.142 Used memory: 1564465 KB
12:07:29.142 Players: 0 in total
12:07:30.142 Average server FPS: 211.67 (measured interval: 1 s)
12:07:30.142 Used memory: 1564463 KB
12:07:30.142 Players: 0 in total
12:07:31.142 Average server FPS: 199.00 (measured interval: 1 s)
12:07:31.142 Used memory: 1564709 KB
12:07:31.142 Players: 0 in total
12:07:32.189 Average server FPS: 153.19 (measured interval: 1 s)
12:07:32.205 Used memory: 1566093 KB
12:07:32.205 Players: 0 in total
12:07:33.189 Average server FPS: 563.00 (measured interval: 1 s)
12:07:33.189 Used memory: 1565899 KB
12:07:33.189 Players: 0 in total
12:07:34.205 Average server FPS: 285.71 (measured interval: 1 s)
12:07:34.205 Used memory: 1566395 KB
12:07:34.205 Players: 0 in total
12:07:35.220 Average server FPS: 171.43 (measured interval: 1 s)
12:07:35.220 Used memory: 1566392 KB
12:07:35.220 Players: 0 in total
12:07:36.220 Average server FPS: 283.00 (measured interval: 1 s)
12:07:36.220 Used memory: 1566394 KB
12:07:36.220 Players: 0 in total
12:07:37.236 Average server FPS: 168.32 (measured interval: 1 s)
12:07:37.236 Used memory: 1566394 KB
12:07:37.236 Players: 0 in total
12:07:38.252 Average server FPS: 50.25 (measured interval: 1 s)
12:07:38.252 Used memory: 1566399 KB
12:07:38.252 Players: 0 in total
12:07:38.986 [Login]: Adding player Sascha Klein (22615523) to login queue at position 0
12:07:38.986 [LoginMachine]: Add player Sascha Klein (22615523)
12:07:38.986 [StateMachine]: Player Sascha Klein (dpnid 22615523 uid ) Entering AuthPlayerLoginState
12:07:39.252 Average server FPS: 55.89 (measured interval: 1 s)
12:07:39.252 Used memory: 1566580 KB
12:07:39.252 Players: 1 in total
12:07:40.268 Average server FPS: 95.85 (measured interval: 1 s)
12:07:40.268 Used memory: 1566618 KB
12:07:40.268 Players: 1 in total
12:07:40.315 [StateMachine]: Player Sascha Klein (dpnid 22615523 uid ) State Error (AuthPlayerLoginState): Verify signature on connect failed
12:07:40.315 Player Unknown (22615523) kicked from server: 6 (Client contains PBO which is not part of server data: addons\worlds_chernarusplus_ce.pbo)
12:07:40.315 [StateMachine]: Kick player Sascha Klein (dpnid 22615523 uid ) State AuthPlayerLoginState Error Client contains PBO which is not part of server data: addons\worlds_chernarusplus_ce.pbo
12:07:40.330 [Disconnect]: Client 22615523 early disconnect
12:07:40.330 [Disconnect]: No identity -> remove player info 22615523 
12:07:40.330 [Disconnect]: DisconnectPlayerFinish 22615523
12:07:40.330 [Disconnect]: Remove player info 22615523
12:07:40.330 [Disconnect]: Player destroy 22615523 
12:07:41.268 Average server FPS: 81.92 (measured interval: 1 s)
12:07:41.268 Used memory: 1566468 KB
12:07:41.268 Players: 0 in total
12:07:42.268 Average server FPS: 42.66 (measured interval: 1 s)
12:07:42.268 Used memory: 1566525 KB
12:07:42.268 Players: 0 in total
12:07:43.378 Average server FPS: 3.64 (measured interval: 1 s)
12:07:43.378 Used memory: 1566651 KB
12:07:43.378 Players: 0 in total
12:07:44.377 Average server FPS: 9.96 (measured interval: 1 s)
12:07:44.377 Used memory: 1566928 KB
12:07:44.377 Players: 0 in total
12:07:45.377 Average server FPS: 33.80 (measured interval: 1 s)
12:07:45.377 Used memory: 1566923 KB
12:07:45.377 Players: 0 in total
12:07:46.393 Average server FPS: 49.65 (measured interval: 1 s)
12:07:46.393 Used memory: 1566930 KB
12:07:46.393 Players: 0 in total
12:07:47.393 Average server FPS: 56.77 (measured interval: 1 s)
12:07:47.393 Used memory: 1566930 KB
12:07:47.393 Players: 0 in total
12:07:48.518 Average server FPS: 23.91 (measured interval: 1 s)
12:07:48.518 Used memory: 1567047 KB
12:07:48.518 Players: 0 in total
12:07:49.549 Average server FPS: 41.18 (measured interval: 1 s)
12:07:49.549 Used memory: 1566979 KB
12:07:49.549 Players: 0 in total
12:07:51.721 Average server FPS: 69.09 (measured interval: 1 s)
12:07:51.721 Used memory: 1572012 KB
12:07:51.721 Players: 0 in total
12:07:52.721 Average server FPS: 39.92 (measured interval: 1 s)
12:07:52.721 Used memory: 1571608 KB
12:07:52.721 Players: 0 in total
12:07:53.893 Average server FPS: 269.10 (measured interval: 1 s)
12:07:53.893 Used memory: 1571885 KB
12:07:53.893 Players: 0 in total
12:07:54.893 Average server FPS: 129.74 (measured interval: 1 s)
12:07:54.893 Used memory: 1571778 KB
12:07:54.893 Players: 0 in total
12:07:55.893 Average server FPS: 225.32 (measured interval: 1 s)
12:07:55.893 Used memory: 1571730 KB
12:07:55.893 Players: 0 in total
12:07:56.909 Average server FPS: 291.83 (measured interval: 1 s)
12:07:56.909 Used memory: 1571481 KB
12:07:56.909 Players: 0 in total
12:07:57.909 Average server FPS: 58.00 (measured interval: 1 s)
12:07:57.909 Used memory: 1572644 KB
12:07:57.909 Players: 0 in total
12:07:58.909 Average server FPS: 159.00 (measured interval: 1 s)
12:07:58.909 Used memory: 1572588 KB
12:07:58.909 Players: 0 in total
12:07:59.956 Average server FPS: 151.09 (measured interval: 1 s)
12:07:59.956 Used memory: 1573085 KB
12:07:59.971 Players: 0 in total
12:08:00.991 Average server FPS: 33.30 (measured interval: 1 s)
12:08:00.991 Used memory: 1572695 KB
12:08:00.991 Players: 0 in total
12:08:01.987 Average server FPS: 26.87 (measured interval: 1 s)
12:08:01.987 Used memory: 1572695 KB
12:08:01.987 Players: 0 in total
12:08:03.18 Average server FPS: 29.35 (measured interval: 1 s)
12:08:03.18 Used memory: 1572878 KB
12:08:03.18 Players: 0 in total
12:08:04.34 Average server FPS: 33.01 (measured interval: 1 s)
12:08:04.34 Used memory: 1572913 KB
12:08:04.34 Players: 0 in total
12:08:05.68 Average server FPS: 23.32 (measured interval: 1 s)
12:08:05.68 Used memory: 1572912 KB
12:08:05.68 Players: 0 in total
12:08:06.81 Average server FPS: 40.51 (measured interval: 1 s)
12:08:06.81 Used memory: 1573060 KB
12:08:06.81 Players: 0 in total
12:08:07.97 Average server FPS: 52.32 (measured interval: 1 s)
12:08:07.97 Used memory: 1573061 KB
12:08:07.97 Players: 0 in total
12:08:08.362 Average server FPS: 4.71 (measured interval: 1 s)
12:08:08.362 Used memory: 1573172 KB
12:08:08.378 Players: 0 in total
12:08:09.597 Average server FPS: 26.19 (measured interval: 1 s)
12:08:09.597 Used memory: 1573353 KB
12:08:09.597 Players: 0 in total
12:08:10.612 Average server FPS: 26.57 (measured interval: 1 s)
12:08:10.612 Used memory: 1573210 KB
12:08:10.612 Players: 0 in total
12:08:11.628 Average server FPS: 33.50 (measured interval: 1 s)
12:08:11.628 Used memory: 1573283 KB
12:08:11.628 Players: 0 in total
12:08:12.628 Average server FPS: 20.90 (measured interval: 1 s)
12:08:12.628 Used memory: 1574693 KB
12:08:12.628 Players: 0 in total
12:08:13.628 Average server FPS: 45.68 (measured interval: 1 s)
12:08:13.628 Used memory: 1574724 KB
12:08:13.628 Players: 0 in total
12:08:14.644 Average server FPS: 50.95 (measured interval: 1 s)
12:08:14.644 Used memory: 1574497 KB
12:08:14.644 Players: 0 in total
12:08:15.660 Average server FPS: 55.94 (measured interval: 1 s)
12:08:15.660 Used memory: 1574680 KB
12:08:15.660 Players: 0 in total
12:08:16.706 Average server FPS: 141.22 (measured interval: 1 s)
12:08:16.706 Used memory: 1575116 KB
12:08:16.706 Players: 0 in total
12:08:17.707 Average server FPS: 50.80 (measured interval: 1 s)
12:08:17.707 Used memory: 1574786 KB
12:08:17.707 Players: 0 in total
12:08:18.722 Average server FPS: 146.94 (measured interval: 1 s)
12:08:18.722 Used memory: 1574900 KB
12:08:18.722 Players: 0 in total
12:08:19.722 Average server FPS: 447.00 (measured interval: 1 s)
12:08:19.722 Used memory: 1575411 KB
12:08:19.722 Players: 0 in total
12:08:20.722 Average server FPS: 372.26 (measured interval: 1 s)
12:08:20.722 Used memory: 1575573 KB
12:08:20.722 Players: 0 in total
12:08:21.738 Average server FPS: 179.39 (measured interval: 1 s)
12:08:21.738 Used memory: 1575582 KB
12:08:21.738 Players: 0 in total
12:08:23.379 Average server FPS: 90.80 (measured interval: 1 s)
12:08:23.379 Used memory: 1576071 KB
12:08:23.379 Players: 0 in total
12:08:24.395 Average server FPS: 20.63 (measured interval: 1 s)
12:08:24.395 Used memory: 1575997 KB
12:08:24.395 Players: 0 in total
12:08:25.394 Average server FPS: 45.59 (measured interval: 1 s)
12:08:25.394 Used memory: 1576000 KB
12:08:25.394 Players: 0 in total
12:08:26.410 Average server FPS: 87.51 (measured interval: 1 s)
12:08:26.410 Used memory: 1576000 KB
12:08:26.410 Players: 0 in total
12:08:27.426 Average server FPS: 49.65 (measured interval: 1 s)
12:08:27.426 Used memory: 1575999 KB
12:08:27.426 Players: 0 in total
12:08:28.453 Average server FPS: 78.12 (measured interval: 1 s)
12:08:28.453 Used memory: 1575999 KB
12:08:28.453 Players: 0 in total
12:08:29.473 Average server FPS: 185.91 (measured interval: 1 s)
12:08:29.473 Used memory: 1575870 KB
12:08:29.473 Players: 0 in total
12:08:30.473 Average server FPS: 155.84 (measured interval: 1 s)
12:08:30.473 Used memory: 1575707 KB
12:08:30.473 Players: 0 in total
12:08:31.473 Average server FPS: 169.15 (measured interval: 1 s)
12:08:31.473 Used memory: 1575496 KB
12:08:31.473 Players: 0 in total
12:08:32.488 Average server FPS: 174.30 (measured interval: 1 s)
12:08:32.488 Used memory: 1575533 KB
12:08:32.488 Players: 0 in total
12:08:33.488 Average server FPS: 81.84 (measured interval: 1 s)
12:08:33.488 Used memory: 1575576 KB
12:08:33.488 Players: 0 in total
12:08:34.488 Average server FPS: 201.00 (measured interval: 1 s)
12:08:34.488 Used memory: 1575574 KB
12:08:34.488 Players: 0 in total
12:08:35.488 Average server FPS: 132.87 (measured interval: 1 s)
12:08:35.488 Used memory: 1575633 KB
12:08:35.488 Players: 0 in total
12:08:36.489 Average server FPS: 50.70 (measured interval: 1 s)
12:08:36.489 Used memory: 1575675 KB
12:08:36.489 Players: 0 in total
12:08:37.35 [Login]: Adding player Sascha Klein (80689296) to login queue at position 0
12:08:37.35 [LoginMachine]: Add player Sascha Klein (80689296)
12:08:37.35 [StateMachine]: Player Sascha Klein (dpnid 80689296 uid ) Entering AuthPlayerLoginState
12:08:37.192 [StateMachine]: Player Sascha Klein (dpnid 80689296 uid ) State Error (AuthPlayerLoginState): Verify signature on connect failed
12:08:37.192 Player Unknown (80689296) kicked from server: 6 (Client contains PBO which is not part of server data: addons\worlds_chernarusplus_ce.pbo)
12:08:37.192 [StateMachine]: Kick player Sascha Klein (dpnid 80689296 uid ) State AuthPlayerLoginState Error Client contains PBO which is not part of server data: addons\worlds_chernarusplus_ce.pbo
12:08:37.207 [Disconnect]: Client 80689296 early disconnect
12:08:37.207 [Disconnect]: No identity -> remove player info 80689296 
12:08:37.207 [Disconnect]: DisconnectPlayerFinish 80689296
12:08:37.207 [Disconnect]: Remove player info 80689296
12:08:37.223 [Disconnect]: Player destroy 80689296 
12:08:37.489 Average server FPS: 158.84 (measured interval: 1 s)
12:08:37.489 Used memory: 1575795 KB
12:08:37.489 Players: 0 in total
12:08:38.614 Average server FPS: 247.09 (measured interval: 1 s)
12:08:38.614 Used memory: 1576201 KB
12:08:38.614 Players: 0 in total
12:08:39.629 Average server FPS: 276.85 (measured interval: 1 s)
12:08:39.629 Used memory: 1576692 KB
12:08:39.629 Players: 0 in total
12:08:40.630 Average server FPS: 298.00 (measured interval: 1 s)
12:08:40.630 Used memory: 1576678 KB
12:08:40.630 Players: 0 in total
12:08:41.629 Average server FPS: 233.60 (measured interval: 1 s)
12:08:41.629 Used memory: 1576675 KB
12:08:41.629 Players: 0 in total
12:08:42.645 Average server FPS: 104.23 (measured interval: 1 s)
12:08:42.645 Used memory: 1576745 KB
12:08:42.645 Players: 0 in total
12:08:43.708 Average server FPS: 95.64 (measured interval: 1 s)
12:08:43.708 Used memory: 1576869 KB
12:08:43.708 Players: 0 in total
12:08:44.723 Average server FPS: 47.38 (measured interval: 1 s)
12:08:44.723 Used memory: 1576868 KB
12:08:44.723 Players: 0 in total
12:08:45.723 Average server FPS: 39.53 (measured interval: 1 s)
12:08:45.723 Used memory: 1576871 KB
12:08:45.723 Players: 0 in total
12:08:47.333 Average server FPS: 39.06 (measured interval: 1 s)
12:08:47.348 Used memory: 1578144 KB
12:08:47.348 Players: 0 in total
12:08:48.348 Average server FPS: 30.91 (measured interval: 1 s)
12:08:48.348 Used memory: 1578025 KB
12:08:48.348 Players: 0 in total
12:08:49.348 Average server FPS: 28.71 (measured interval: 1 s)
12:08:49.348 Used memory: 1578032 KB
12:08:49.364 Players: 0 in total
12:08:50.364 Average server FPS: 45.82 (measured interval: 1 s)
12:08:50.364 Used memory: 1578081 KB
12:08:50.364 Players: 0 in total
12:08:51.963 Average server FPS: 27.97 (measured interval: 1 s)
12:08:51.963 Used memory: 1578201 KB
12:08:51.963 Players: 0 in total
12:08:52.974 Average server FPS: 2.00 (measured interval: 1 s)
12:08:52.974 Used memory: 1578945 KB
12:08:52.974 Players: 0 in total
12:08:53.989 Average server FPS: 21.57 (measured interval: 1 s)
12:08:53.989 Used memory: 1578700 KB
12:08:53.989 Players: 0 in total
12:08:54.989 Average server FPS: 18.96 (measured interval: 1 s)
12:08:54.989 Used memory: 1578776 KB
12:08:54.989 Players: 0 in total
12:08:55.989 Average server FPS: 52.58 (measured interval: 1 s)
12:08:56.05 Used memory: 1578775 KB
12:08:56.05 Players: 0 in total
12:08:57.21 Average server FPS: 14.61 (measured interval: 1 s)
12:08:57.21 Used memory: 1579097 KB
12:08:57.21 Players: 0 in total
12:08:58.52 Average server FPS: 49.51 (measured interval: 1 s)
12:08:58.52 Used memory: 1579347 KB
12:08:58.52 Players: 0 in total
12:08:59.52 Average server FPS: 69.93 (measured interval: 1 s)
12:08:59.52 Used memory: 1579203 KB
12:08:59.52 Players: 0 in total
12:09:00.130 Average server FPS: 28.84 (measured interval: 1 s)
12:09:00.130 Used memory: 1579691 KB
12:09:00.130 Players: 0 in total
12:09:01.130 Average server FPS: 114.00 (measured interval: 1 s)
12:09:01.130 Used memory: 1579528 KB
12:09:01.130 Players: 0 in total
12:09:02.411 Average server FPS: 211.67 (measured interval: 1 s)
12:09:02.411 Used memory: 1579619 KB
12:09:02.411 Players: 0 in total
12:09:03.411 Average server FPS: 238.76 (measured interval: 1 s)
12:09:03.411 Used memory: 1579574 KB
12:09:03.411 Players: 0 in total
12:09:04.411 Average server FPS: 324.00 (measured interval: 1 s)
12:09:04.411 Used memory: 1579556 KB
12:09:04.411 Players: 0 in total
12:09:05.427 Average server FPS: 34.62 (measured interval: 1 s)
12:09:05.427 Used memory: 1579534 KB
12:09:05.427 Players: 0 in total
12:09:06.716 Average server FPS: 18.71 (measured interval: 1 s)
12:09:06.716 Used memory: 1579793 KB
12:09:06.716 Players: 0 in total
12:09:07.725 Average server FPS: 42.53 (measured interval: 1 s)
12:09:07.725 Used memory: 1579470 KB
12:09:07.725 Players: 0 in total
12:09:08.724 Average server FPS: 66.00 (measured interval: 1 s)
12:09:08.724 Used memory: 1579346 KB
12:09:08.724 Players: 0 in total
12:09:09.724 Average server FPS: 54.56 (measured interval: 1 s)
12:09:09.724 Used memory: 1579475 KB
12:09:09.724 Players: 0 in total
12:09:10.724 Average server FPS: 194.00 (measured interval: 1 s)
12:09:10.724 Used memory: 1579475 KB
12:09:10.724 Players: 0 in total
12:09:11.749 Average server FPS: 48.23 (measured interval: 1 s)
12:09:11.749 Used memory: 1579635 KB
12:09:11.749 Players: 0 in total
12:09:13.69 Average server FPS: 14.34 (measured interval: 1 s)
12:09:13.69 Used memory: 1581724 KB
12:09:13.69 Players: 0 in total
12:09:14.105 Average server FPS: 30.98 (measured interval: 1 s)
12:09:14.116 Used memory: 1580978 KB
12:09:14.116 Players: 0 in total
12:09:15.118 Average server FPS: 34.55 (measured interval: 1 s)
12:09:15.118 Used memory: 1581153 KB
12:09:15.118 Players: 0 in total
12:09:16.224 Average server FPS: 20.76 (measured interval: 1 s)
12:09:16.224 Used memory: 1581917 KB
12:09:16.224 Players: 0 in total
12:09:17.225 Average server FPS: 34.90 (measured interval: 1 s)
12:09:17.225 Used memory: 1581491 KB
12:09:17.225 Players: 0 in total
12:09:18.349 Average server FPS: 47.49 (measured interval: 1 s)
12:09:18.349 Used memory: 1581497 KB
12:09:18.349 Players: 0 in total
12:09:19.397 Average server FPS: 31.28 (measured interval: 1 s)
12:09:19.397 Used memory: 1581658 KB
12:09:19.397 Players: 0 in total
12:09:20.397 Average server FPS: 84.00 (measured interval: 1 s)
12:09:20.397 Used memory: 1581655 KB
12:09:20.397 Players: 0 in total
12:09:21.412 Average server FPS: 396.84 (measured interval: 1 s)
12:09:21.412 Used memory: 1581662 KB
12:09:21.412 Players: 0 in total
12:09:22.943 Average server FPS: 107.47 (measured interval: 1 s)
12:09:22.943 Used memory: 1582340 KB
12:09:22.943 Players: 0 in total
12:09:23.975 Average server FPS: 421.26 (measured interval: 1 s)
12:09:23.975 Used memory: 1582387 KB
12:09:23.975 Players: 0 in total
12:09:24.975 Average server FPS: 124.50 (measured interval: 1 s)
12:09:24.975 Used memory: 1582075 KB
12:09:24.975 Players: 0 in total
12:09:25.975 Average server FPS: 29.94 (measured interval: 1 s)
12:09:25.975 Used memory: 1582300 KB
12:09:25.975 Players: 0 in total
12:09:26.990 Average server FPS: 83.00 (measured interval: 1 s)
12:09:26.990 Used memory: 1582367 KB
12:09:26.990 Players: 0 in total
12:09:28.131 Average server FPS: 76.06 (measured interval: 1 s)
12:09:28.131 Used memory: 1582467 KB
12:09:28.131 Players: 0 in total
12:09:29.381 Average server FPS: 16.96 (measured interval: 1 s)
12:09:29.381 Used memory: 1583130 KB
12:09:29.381 Players: 0 in total
12:09:30.412 Average server FPS: 26.44 (measured interval: 1 s)
12:09:30.412 Used memory: 1583076 KB
12:09:30.412 Players: 0 in total
12:09:31.413 Average server FPS: 41.75 (measured interval: 1 s)
12:09:31.413 Used memory: 1583195 KB
12:09:31.413 Players: 0 in total
12:09:32.413 Average server FPS: 41.00 (measured interval: 1 s)
12:09:32.413 Used memory: 1583199 KB
12:09:32.413 Players: 0 in total
12:09:33.678 Average server FPS: 25.20 (measured interval: 1 s)
12:09:33.678 Used memory: 1583905 KB
12:09:33.678 Players: 0 in total
12:09:34.694 Average server FPS: 35.50 (measured interval: 1 s)
12:09:34.694 Used memory: 1583240 KB
12:09:34.694 Players: 0 in total
12:09:35.694 Average server FPS: 22.98 (measured interval: 1 s)
12:09:35.694 Used memory: 1583472 KB
12:09:35.694 Players: 0 in total
12:09:36.710 Average server FPS: 48.42 (measured interval: 1 s)
12:09:36.710 Used memory: 1583634 KB
12:09:36.710 Players: 0 in total
12:09:37.725 Average server FPS: 50.60 (measured interval: 1 s)
12:09:37.725 Used memory: 1583633 KB
12:09:37.725 Players: 0 in total
12:09:38.725 Average server FPS: 31.94 (measured interval: 1 s)
12:09:38.725 Used memory: 1583909 KB
12:09:38.725 Players: 0 in total
12:09:39.725 Average server FPS: 134.87 (measured interval: 1 s)
12:09:39.725 Used memory: 1583903 KB
12:09:39.725 Players: 0 in total
12:09:40.725 Average server FPS: 265.47 (measured interval: 1 s)
12:09:40.725 Used memory: 1583815 KB
12:09:40.725 Players: 0 in total
12:09:41.725 Average server FPS: 119.00 (measured interval: 1 s)
12:09:41.725 Used memory: 1585023 KB
12:09:41.725 Players: 0 in total
12:09:42.726 Average server FPS: 231.77 (measured interval: 1 s)
12:09:42.726 Used memory: 1584928 KB
12:09:42.726 Players: 0 in total
12:09:43.726 Average server FPS: 221.78 (measured interval: 1 s)
12:09:43.726 Used memory: 1585260 KB
12:09:43.726 Players: 0 in total
12:09:44.726 Average server FPS: 211.79 (measured interval: 1 s)
12:09:44.726 Used memory: 1585260 KB
12:09:44.726 Players: 0 in total
12:09:45.726 Average server FPS: 270.65 (measured interval: 1 s)
12:09:45.726 Used memory: 1585262 KB
12:09:45.726 Players: 0 in total
12:09:47.23 Average server FPS: 60.02 (measured interval: 1 s)
12:09:47.23 Used memory: 1585341 KB
12:09:47.23 Players: 0 in total
12:09:48.23 Average server FPS: 21.78 (measured interval: 1 s)
12:09:48.23 Used memory: 1585317 KB
12:09:48.23 Players: 0 in total
12:09:49.23 Average server FPS: 74.93 (measured interval: 1 s)
12:09:49.23 Used memory: 1585322 KB
12:09:49.23 Players: 0 in total
12:09:50.23 Average server FPS: 183.63 (measured interval: 1 s)
12:09:50.23 Used memory: 1585322 KB
12:09:50.23 Players: 0 in total
12:09:51.54 Average server FPS: 29.04 (measured interval: 1 s)
12:09:51.54 Used memory: 1585466 KB
12:09:51.54 Players: 0 in total
12:09:52.70 Average server FPS: 44.51 (measured interval: 1 s)
12:09:52.70 Used memory: 1585687 KB
12:09:52.70 Players: 0 in total
12:09:53.70 Average server FPS: 133.87 (measured interval: 1 s)
12:09:53.70 Used memory: 1585686 KB
12:09:53.70 Players: 0 in total
12:09:54.85 Average server FPS: 31.84 (measured interval: 1 s)
12:09:54.85 Used memory: 1585687 KB
12:09:54.85 Players: 0 in total
12:09:55.101 Average server FPS: 87.60 (measured interval: 1 s)
12:09:55.101 Used memory: 1585688 KB
12:09:55.101 Players: 0 in total
12:09:56.101 Average server FPS: 109.89 (measured interval: 1 s)
12:09:56.101 Used memory: 1585696 KB
12:09:56.101 Players: 0 in total
12:09:57.117 Average server FPS: 52.79 (measured interval: 1 s)
12:09:57.117 Used memory: 1585696 KB
12:09:57.117 Players: 0 in total
12:09:58.195 Average server FPS: 51.95 (measured interval: 1 s)
12:09:58.195 Used memory: 1585762 KB
12:09:58.195 Players: 0 in total
12:09:59.195 Average server FPS: 47.81 (measured interval: 1 s)
12:09:59.195 Used memory: 1585761 KB
12:09:59.195 Players: 0 in total
12:10:00.212 Average server FPS: 34.62 (measured interval: 1 s)
12:10:00.212 Used memory: 1585952 KB
12:10:00.212 Players: 0 in total
12:10:01.211 Average server FPS: 80.00 (measured interval: 1 s)
12:10:01.211 Used memory: 1586001 KB
12:10:01.211 Players: 0 in total
12:10:02.133 [CE][LootRespawner] (PRIDummy) :: Item [2] is hard to place, performance drops: "MedicalScrubsHat_White"
12:10:02.211 Average server FPS: 71.71 (measured interval: 1 s)
12:10:02.211 Used memory: 1586381 KB
12:10:02.211 Players: 0 in total
12:10:03.211 Average server FPS: 415.00 (measured interval: 1 s)
12:10:03.211 Used memory: 1586398 KB
12:10:03.211 Players: 0 in total
12:10:04.211 Average server FPS: 518.48 (measured interval: 1 s)
12:10:04.211 Used memory: 1586403 KB
12:10:04.211 Players: 0 in total
12:10:05.211 Average server FPS: 455.00 (measured interval: 1 s)
12:10:05.211 Used memory: 1586403 KB
12:10:05.211 Players: 0 in total
12:10:06.211 Average server FPS: 194.81 (measured interval: 1 s)
12:10:06.211 Used memory: 1586405 KB
12:10:06.211 Players: 0 in total
12:10:07.211 Average server FPS: 270.00 (measured interval: 1 s)
12:10:07.211 Used memory: 1586405 KB
12:10:07.211 Players: 0 in total
12:10:08.227 Average server FPS: 167.50 (measured interval: 1 s)
12:10:08.227 Used memory: 1586460 KB
12:10:08.227 Players: 0 in total
12:10:09.227 Average server FPS: 100.80 (measured interval: 1 s)
12:10:09.227 Used memory: 1586474 KB
12:10:09.227 Players: 0 in total
12:10:10.227 Average server FPS: 152.85 (measured interval: 1 s)
12:10:10.227 Used memory: 1586472 KB
12:10:10.227 Players: 0 in total
12:10:11.227 Average server FPS: 148.55 (measured interval: 1 s)
12:10:11.227 Used memory: 1586226 KB
12:10:11.227 Players: 0 in total
12:10:12.227 Average server FPS: 60.70 (measured interval: 1 s)
12:10:12.227 Used memory: 1586019 KB
12:10:12.227 Players: 0 in total
12:10:13.259 Average server FPS: 19.38 (measured interval: 1 s)
12:10:13.259 Used memory: 1585969 KB
12:10:13.259 Players: 0 in total
12:10:14.274 Average server FPS: 48.42 (measured interval: 1 s)
12:10:14.274 Used memory: 1585882 KB
12:10:14.274 Players: 0 in total
12:10:15.524 Average server FPS: 1.60 (measured interval: 1 s)
12:10:15.524 Used memory: 1586531 KB
12:10:15.524 Players: 0 in total
12:10:16.555 Average server FPS: 26.32 (measured interval: 1 s)
12:10:16.555 Used memory: 1586075 KB
12:10:16.555 Players: 0 in total
12:10:17.571 Average server FPS: 48.09 (measured interval: 1 s)
12:10:17.571 Used memory: 1586075 KB
12:10:17.571 Players: 0 in total
12:10:18.571 Average server FPS: 36.82 (measured interval: 1 s)
12:10:18.571 Used memory: 1586187 KB
12:10:18.571 Players: 0 in total
12:10:19.586 Average server FPS: 42.87 (measured interval: 1 s)
12:10:19.586 Used memory: 1586187 KB
12:10:19.586 Players: 0 in total
12:10:20.696 Average server FPS: 39.18 (measured interval: 1 s)
12:10:20.696 Used memory: 1586330 KB
12:10:20.696 Players: 0 in total
12:10:21.711 Average server FPS: 21.74 (measured interval: 1 s)
12:10:21.711 Used memory: 1586228 KB
12:10:21.711 Players: 0 in total
12:10:22.727 Average server FPS: 39.56 (measured interval: 1 s)
12:10:22.727 Used memory: 1586240 KB
12:10:22.727 Players: 0 in total
12:10:23.790 Average server FPS: 22.62 (measured interval: 1 s)
12:10:23.790 Used memory: 1586487 KB
12:10:23.790 Players: 0 in total
12:10:25.165 Average server FPS: 27.54 (measured interval: 1 s)
12:10:25.165 Used memory: 1586586 KB
12:10:25.165 Players: 0 in total
12:10:26.180 Average server FPS: 46.67 (measured interval: 1 s)
12:10:26.180 Used memory: 1586473 KB
12:10:26.180 Players: 0 in total
12:10:27.180 Average server FPS: 227.86 (measured interval: 1 s)
12:10:27.180 Used memory: 1586481 KB
12:10:27.180 Players: 0 in total
12:10:28.196 Average server FPS: 150.59 (measured interval: 1 s)
12:10:28.196 Used memory: 1586484 KB
12:10:28.196 Players: 0 in total
12:10:29.196 Average server FPS: 108.67 (measured interval: 1 s)
12:10:29.196 Used memory: 1586486 KB
12:10:29.196 Players: 0 in total
12:10:30.274 Average server FPS: 57.94 (measured interval: 1 s)
12:10:30.274 Used memory: 1587837 KB
12:10:30.274 Players: 0 in total
12:10:31.274 Average server FPS: 52.37 (measured interval: 1 s)
12:10:31.274 Used memory: 1586770 KB
12:10:31.274 Players: 0 in total
12:10:33.56 Average server FPS: 119.53 (measured interval: 1 s)
12:10:33.56 Used memory: 1588196 KB
12:10:33.56 Players: 0 in total
12:10:34.71 Average server FPS: 96.93 (measured interval: 1 s)
12:10:34.71 Used memory: 1588444 KB
12:10:34.71 Players: 0 in total
12:10:35.87 Average server FPS: 27.81 (measured interval: 1 s)
12:10:35.87 Used memory: 1588038 KB
12:10:35.87 Players: 0 in total
12:10:36.228 Average server FPS: 3.50 (measured interval: 1 s)
12:10:36.228 Used memory: 1588123 KB
12:10:36.228 Players: 0 in total
12:10:37.259 Average server FPS: 1.95 (measured interval: 1 s)
12:10:37.259 Used memory: 1588456 KB
12:10:37.259 Players: 0 in total
12:10:38.259 Average server FPS: 23.72 (measured interval: 1 s)
12:10:38.259 Used memory: 1588569 KB
12:10:38.259 Players: 0 in total
12:10:39.275 Average server FPS: 29.64 (measured interval: 1 s)
12:10:39.275 Used memory: 1588626 KB
12:10:39.275 Players: 0 in total
12:10:40.275 Average server FPS: 42.87 (measured interval: 1 s)
12:10:40.275 Used memory: 1588877 KB
12:10:40.275 Players: 0 in total
12:10:41.290 Average server FPS: 43.61 (measured interval: 1 s)
12:10:41.290 Used memory: 1588876 KB
12:10:41.290 Players: 0 in total
12:10:42.290 Average server FPS: 36.78 (measured interval: 1 s)
12:10:42.290 Used memory: 1588882 KB
12:10:42.290 Players: 0 in total
12:10:43.337 Average server FPS: 10.48 (measured interval: 1 s)
12:10:43.337 Used memory: 1588965 KB
12:10:43.337 Players: 0 in total
12:10:44.353 Average server FPS: 45.63 (measured interval: 1 s)
12:10:44.353 Used memory: 1588923 KB
12:10:44.353 Players: 0 in total
12:10:45.353 Average server FPS: 53.95 (measured interval: 1 s)
12:10:45.353 Used memory: 1588925 KB
12:10:45.353 Players: 0 in total
12:10:46.369 Average server FPS: 43.65 (measured interval: 1 s)
12:10:46.369 Used memory: 1588925 KB
12:10:46.369 Players: 0 in total
12:10:47.369 Average server FPS: 209.00 (measured interval: 1 s)
12:10:47.369 Used memory: 1588926 KB
12:10:47.369 Players: 0 in total
12:10:48.369 Average server FPS: 270.00 (measured interval: 1 s)
12:10:48.369 Used memory: 1588827 KB
12:10:48.369 Players: 0 in total
12:10:49.369 Average server FPS: 144.00 (measured interval: 1 s)
12:10:49.369 Used memory: 1588602 KB
12:10:49.369 Players: 0 in total
12:10:50.369 Average server FPS: 354.00 (measured interval: 1 s)
12:10:50.369 Used memory: 1588342 KB
12:10:50.369 Players: 0 in total
12:10:51.370 Average server FPS: 570.43 (measured interval: 1 s)
12:10:51.370 Used memory: 1588811 KB
12:10:51.370 Players: 0 in total
12:10:52.369 Average server FPS: 136.86 (measured interval: 1 s)
12:10:52.369 Used memory: 1588811 KB
12:10:52.369 Players: 0 in total
12:10:53.369 Average server FPS: 611.39 (measured interval: 1 s)
12:10:53.369 Used memory: 1588812 KB
12:10:53.369 Players: 0 in total
12:10:54.369 Average server FPS: 220.12 (measured interval: 1 s)
12:10:54.369 Used memory: 1588811 KB
12:10:54.369 Players: 0 in total
12:10:55.369 Average server FPS: 117.88 (measured interval: 1 s)
12:10:55.369 Used memory: 1588810 KB
12:10:55.369 Players: 0 in total
12:10:57.10 Average server FPS: 96.60 (measured interval: 1 s)
12:10:57.10 Used memory: 1589238 KB
12:10:57.10 Players: 0 in total
12:10:58.135 Average server FPS: 28.78 (measured interval: 1 s)
12:10:58.135 Used memory: 1589068 KB
12:10:58.135 Players: 0 in total
12:10:59.244 Average server FPS: 17.10 (measured interval: 1 s)
12:10:59.244 Used memory: 1590078 KB
12:10:59.244 Players: 0 in total
12:11:00.260 Average server FPS: 36.03 (measured interval: 1 s)
12:11:00.260 Used memory: 1589788 KB
12:11:00.260 Players: 0 in total
12:11:01.338 Average server FPS: 27.03 (measured interval: 1 s)
12:11:01.338 Used memory: 1589891 KB
12:11:01.338 Players: 0 in total
12:11:02.338 Average server FPS: 20.00 (measured interval: 1 s)
12:11:02.338 Used memory: 1589799 KB
12:11:02.338 Players: 0 in total
12:11:03.354 Average server FPS: 46.17 (measured interval: 1 s)
12:11:03.354 Used memory: 1589799 KB
12:11:03.354 Players: 0 in total
12:11:04.416 Average server FPS: 43.73 (measured interval: 1 s)
12:11:04.416 Used memory: 1589828 KB
12:11:04.416 Players: 0 in total
12:11:05.432 Average server FPS: 23.55 (measured interval: 1 s)
12:11:05.432 Used memory: 1589829 KB
12:11:05.432 Players: 0 in total
12:11:06.448 Average server FPS: 45.19 (measured interval: 1 s)
12:11:06.448 Used memory: 1589880 KB
12:11:06.448 Players: 0 in total
12:11:07.448 Average server FPS: 34.76 (measured interval: 1 s)
12:11:07.448 Used memory: 1591430 KB
12:11:07.448 Players: 0 in total
12:11:08.495 Average server FPS: 29.01 (measured interval: 1 s)
12:11:08.495 Used memory: 1591605 KB
12:11:08.495 Players: 0 in total
12:11:09.495 Average server FPS: 59.94 (measured interval: 1 s)
12:11:09.495 Used memory: 1591427 KB
12:11:09.495 Players: 0 in total
12:11:10.495 Average server FPS: 81.43 (measured interval: 1 s)
12:11:10.495 Used memory: 1591855 KB
12:11:10.495 Players: 0 in total
12:11:11.651 Average server FPS: 6.05 (measured interval: 1 s)
12:11:11.651 Used memory: 1592375 KB
12:11:11.651 Players: 0 in total
12:11:12.651 Average server FPS: 511.00 (measured interval: 1 s)
12:11:12.651 Used memory: 1592128 KB
12:11:12.651 Players: 0 in total
12:11:13.651 Average server FPS: 1207.00 (measured interval: 1 s)
12:11:13.651 Used memory: 1592127 KB
12:11:13.651 Players: 0 in total
12:11:14.651 Average server FPS: 140.86 (measured interval: 1 s)
12:11:14.651 Used memory: 1592465 KB
12:11:14.651 Players: 0 in total
12:11:15.651 Average server FPS: 306.08 (measured interval: 1 s)
12:11:15.651 Used memory: 1592468 KB
12:11:15.651 Players: 0 in total
12:11:16.667 Average server FPS: 95.43 (measured interval: 1 s)
12:11:16.667 Used memory: 1592713 KB
12:11:16.667 Players: 0 in total
12:11:17.667 Average server FPS: 399.01 (measured interval: 1 s)
12:11:17.667 Used memory: 1592887 KB
12:11:17.667 Players: 0 in total
12:11:18.881 Average server FPS: 122.19 (measured interval: 1 s)
12:11:18.881 Used memory: 1592920 KB
12:11:18.881 Players: 0 in total
12:11:19.901 Average server FPS: 34.15 (measured interval: 1 s)
12:11:19.901 Used memory: 1592922 KB
12:11:19.901 Players: 0 in total
12:11:20.901 Average server FPS: 34.72 (measured interval: 1 s)
12:11:20.901 Used memory: 1592923 KB
12:11:20.901 Players: 0 in total
12:11:22.59 Average server FPS: 30.33 (measured interval: 1 s)
12:11:22.59 Used memory: 1593342 KB
12:11:22.59 Players: 0 in total
12:11:23.73 Average server FPS: 30.57 (measured interval: 1 s)
12:11:23.73 Used memory: 1592803 KB
12:11:23.73 Players: 0 in total
12:11:24.151 Average server FPS: 37.21 (measured interval: 1 s)
12:11:24.151 Used memory: 1592853 KB
12:11:24.151 Players: 0 in total
12:11:25.151 Average server FPS: 44.91 (measured interval: 1 s)
12:11:25.151 Used memory: 1592738 KB
12:11:25.151 Players: 0 in total
12:11:26.167 Average server FPS: 62.56 (measured interval: 1 s)
12:11:26.167 Used memory: 1592699 KB
12:11:26.167 Players: 0 in total
12:11:27.245 Average server FPS: 18.48 (measured interval: 1 s)
12:11:27.245 Used memory: 1593089 KB
12:11:27.245 Players: 0 in total
12:11:28.245 Average server FPS: 28.74 (measured interval: 1 s)
12:11:28.245 Used memory: 1592730 KB
12:11:28.245 Players: 0 in total
12:11:29.261 Average server FPS: 48.56 (measured interval: 1 s)
12:11:29.261 Used memory: 1592851 KB
12:11:29.261 Players: 0 in total
12:11:30.277 Average server FPS: 40.31 (measured interval: 1 s)
12:11:30.277 Used memory: 1592943 KB
12:11:30.277 Players: 0 in total
12:11:31.292 Average server FPS: 31.78 (measured interval: 1 s)
12:11:31.292 Used memory: 1593083 KB
12:11:31.292 Players: 0 in total
12:11:32.292 Average server FPS: 146.85 (measured interval: 1 s)
12:11:32.292 Used memory: 1593083 KB
12:11:32.292 Players: 0 in total
12:11:33.292 Average server FPS: 271.00 (measured interval: 1 s)
12:11:33.292 Used memory: 1593157 KB
12:11:33.292 Players: 0 in total
12:11:34.292 Average server FPS: 531.41 (measured interval: 1 s)
12:11:34.292 Used memory: 1593157 KB
12:11:34.292 Players: 0 in total
12:11:35.324 Average server FPS: 188.90 (measured interval: 1 s)
12:11:35.324 Used memory: 1593504 KB
12:11:35.324 Players: 0 in total
12:11:36.324 Average server FPS: 201.00 (measured interval: 1 s)
12:11:36.324 Used memory: 1593333 KB
12:11:36.324 Players: 0 in total
12:11:37.324 Average server FPS: 439.60 (measured interval: 1 s)
12:11:37.324 Used memory: 1593334 KB
12:11:37.324 Players: 0 in total
12:11:38.449 Average server FPS: 138.12 (measured interval: 1 s)
12:11:38.449 Used memory: 1593874 KB
12:11:38.449 Players: 0 in total
12:11:39.605 Average server FPS: 353.29 (measured interval: 1 s)
12:11:39.605 Used memory: 1593953 KB
12:11:39.605 Players: 0 in total
12:11:40.621 Average server FPS: 340.64 (measured interval: 1 s)
12:11:40.621 Used memory: 1594014 KB
12:11:40.621 Players: 0 in total
12:11:41.621 Average server FPS: 434.09 (measured interval: 1 s)
12:11:41.621 Used memory: 1594014 KB
12:11:41.621 Players: 0 in total
12:11:42.636 Average server FPS: 62.56 (measured interval: 1 s)
12:11:42.636 Used memory: 1594061 KB
12:11:42.636 Players: 0 in total
12:11:44.152 Average server FPS: 22.92 (measured interval: 1 s)
12:11:44.152 Used memory: 1594103 KB
12:11:44.152 Players: 0 in total
12:11:45.168 Average server FPS: 25.72 (measured interval: 1 s)
12:11:45.168 Used memory: 1594096 KB
12:11:45.168 Players: 0 in total
12:11:46.184 Average server FPS: 31.40 (measured interval: 1 s)
12:11:46.184 Used memory: 1595374 KB
12:11:46.199 Players: 0 in total
12:11:47.590 Average server FPS: 8.52 (measured interval: 1 s)
12:11:47.590 Used memory: 1596372 KB
12:11:47.590 Players: 0 in total
12:11:48.606 Average server FPS: 28.80 (measured interval: 1 s)
12:11:48.606 Used memory: 1595630 KB
12:11:48.606 Players: 0 in total
12:11:49.606 Average server FPS: 44.55 (measured interval: 1 s)
12:11:49.606 Used memory: 1595669 KB
12:11:49.621 Players: 0 in total
12:11:50.637 Average server FPS: 19.67 (measured interval: 1 s)
12:11:50.637 Used memory: 1595727 KB
12:11:50.637 Players: 0 in total
12:11:51.637 Average server FPS: 50.75 (measured interval: 1 s)
12:11:51.637 Used memory: 1595724 KB
12:11:51.637 Players: 0 in total
12:11:53.106 Average server FPS: 25.08 (measured interval: 1 s)
12:11:53.106 Used memory: 1596648 KB
12:11:53.106 Players: 0 in total
12:11:54.137 Average server FPS: 21.57 (measured interval: 1 s)
12:11:54.137 Used memory: 1596286 KB
12:11:54.137 Players: 0 in total
12:11:55.137 Average server FPS: 38.58 (measured interval: 1 s)
12:11:55.137 Used memory: 1596383 KB
12:11:55.137 Players: 0 in total
12:11:56.153 Average server FPS: 50.55 (measured interval: 1 s)
12:11:56.153 Used memory: 1596778 KB
12:11:56.153 Players: 0 in total
12:11:57.168 Average server FPS: 45.41 (measured interval: 1 s)
12:11:57.168 Used memory: 1596779 KB
12:11:57.168 Players: 0 in total
12:11:58.168 Average server FPS: 95.43 (measured interval: 1 s)
12:11:58.168 Used memory: 1596556 KB
12:11:58.168 Players: 0 in total
12:11:59.169 Average server FPS: 230.00 (measured interval: 1 s)
12:11:59.169 Used memory: 1596593 KB
12:11:59.169 Players: 0 in total
12:12:00.887 Average server FPS: 86.88 (measured interval: 1 s)
12:12:00.887 Used memory: 1597011 KB
12:12:00.887 Players: 0 in total
12:12:01.887 Average server FPS: 47.95 (measured interval: 1 s)
12:12:01.887 Used memory: 1596805 KB
12:12:01.887 Players: 0 in total
12:12:02.888 Average server FPS: 95.43 (measured interval: 1 s)
12:12:02.888 Used memory: 1596917 KB
12:12:02.888 Players: 0 in total
12:12:03.903 Average server FPS: 35.82 (measured interval: 1 s)
12:12:03.903 Used memory: 1597002 KB
12:12:03.903 Players: 0 in total
12:12:04.903 Average server FPS: 26.97 (measured interval: 1 s)
12:12:04.903 Used memory: 1601760 KB
12:12:04.903 Players: 0 in total
12:12:05.903 Average server FPS: 39.68 (measured interval: 1 s)
12:12:05.903 Used memory: 1601758 KB
12:12:05.903 Players: 0 in total
12:12:07.888 Average server FPS: 5.54 (measured interval: 1 s)
12:12:07.888 Used memory: 1603507 KB
12:12:07.888 Players: 0 in total
12:12:08.903 Average server FPS: 33.66 (measured interval: 1 s)
12:12:08.903 Used memory: 1602900 KB
12:12:08.903 Players: 0 in total
12:12:10.935 Average server FPS: 17.76 (measured interval: 1 s)
12:12:10.935 Used memory: 1604134 KB
12:12:10.935 Players: 0 in total
12:12:11.951 Average server FPS: 9.71 (measured interval: 1 s)
12:12:11.951 Used memory: 1603892 KB
12:12:11.951 Players: 0 in total
12:12:13.232 Average server FPS: 26.67 (measured interval: 1 s)
12:12:13.232 Used memory: 1604184 KB
12:12:13.232 Players: 0 in total
12:12:14.232 Average server FPS: 28.86 (measured interval: 1 s)
12:12:14.232 Used memory: 1604122 KB
12:12:14.232 Players: 0 in total
12:12:15.263 Average server FPS: 25.32 (measured interval: 1 s)
12:12:15.263 Used memory: 1604182 KB
12:12:15.263 Players: 0 in total
12:12:16.279 Average server FPS: 54.40 (measured interval: 1 s)
12:12:16.279 Used memory: 1604179 KB
12:12:16.279 Players: 0 in total
12:12:17.279 Average server FPS: 76.00 (measured interval: 1 s)
12:12:17.279 Used memory: 1604182 KB
12:12:17.279 Players: 0 in total
12:12:18.279 Average server FPS: 309.00 (measured interval: 1 s)
12:12:18.279 Used memory: 1604341 KB
12:12:18.279 Players: 0 in total
12:12:19.326 Average server FPS: 212.24 (measured interval: 1 s)
12:12:19.326 Used memory: 1605586 KB
12:12:19.326 Players: 0 in total
12:12:20.326 Average server FPS: 57.37 (measured interval: 1 s)
12:12:20.326 Used memory: 1605601 KB
12:12:20.341 Players: 0 in total
12:12:21.342 Average server FPS: 134.06 (measured interval: 1 s)
12:12:21.342 Used memory: 1605601 KB
12:12:21.342 Players: 0 in total
12:12:22.341 Average server FPS: 141.72 (measured interval: 1 s)
12:12:22.357 Used memory: 1605647 KB
12:12:22.357 Players: 0 in total
12:12:22.841 !!! [CE][Point] Removing 6498.414063, 3577.631592 from Land_BusStation_wall_bench
12:12:23.357 Average server FPS: 69.10 (measured interval: 1 s)
12:12:23.357 Used memory: 1605960 KB
12:12:23.357 Players: 0 in total
12:12:24.498 Average server FPS: 24.56 (measured interval: 1 s)
12:12:24.498 Used memory: 1605980 KB
12:12:24.498 Players: 0 in total
12:12:25.513 Average server FPS: 42.66 (measured interval: 1 s)
12:12:25.513 Used memory: 1605977 KB
