

=====================================================================
== C:\Users\Administrator\Desktop\Steam\steamapps\common\DayZServer\DayZServer_x64.exe
== "C:\Users\Administrator\Desktop\Steam\steamapps\common\DayZServer\DayZServer_x64.exe" "-config=serverDZ.cfg" "-port=2303" "-mod=@CF;@Alx_Epic_Vest;@BuildAnywhere;@Code Lock;@Community-Online-Tools;@DisableBaseDestruction;@DropItemsBeforeDying;@NoVehicleDamage;@SQUAD MSF-C;@TEPTraderWallet;@Trader;@VanillaPlusPlusMap;@VehicleActivityLogs;@VehicleSlotPlus;@Banking;@Dingo_Truck" "-ip=185.223.30.146" "-profiles=C:\Users\Administrator\Desktop\Steam\steamapps\common\DayZServer\Odinprofil"
=====================================================================
Exe timestamp: 2019/12/26 17:44:56
Current time:  2019/12/26 22:29:30

Version 1.06.152859
22:29:30.623 [Inputs] Loading inputs default "bin/constants.xml"
22:29:30.638 [Inputs] Loading inputs default "bin/specific.xml"
22:29:30.638 [Inputs] Loading inputs default "JM/COT/scripts/Data/Inputs.xml"
22:29:30.638 [Inputs] Loading inputs default "VanillaPPMap/data/modded_Inputs.xml"
22:29:30.638 [Inputs] Loading inputs cfg "C:\Users\Administrator\Desktop\Steam\steamapps\common\DayZServer\Odinprofil\Users\Survivor\Server.core.xml"
22:29:30.685 [Inputs] Exporting inputs cfg "C:\Users\Administrator\Desktop\Steam\steamapps\common\DayZServer\Odinprofil\Users\Survivor\Server.core.xml"
22:31:27.940 [CE][Hive] :: Initializing OFFLINE
22:31:27.940 [CE][Hive] :: Loading core data ... 
22:31:27.955 [CE][CoreData] :: 7 root classes, 18 defaults, 0 updaters...
22:31:45.690 [CE] :: WARNING :: Preset map "optics" is EMPTY.
22:31:45.690 [CE][TypeSetup] :: 408 classes setuped...
22:31:47.268 [CE][RegisterBind] :: 0 classes binded...
22:31:47.268 [CE][RegisterConfig] :: 5095 config classes registered, 1 sub-counters...
22:31:47.268 [CE][Hive] :: Loading map data ... 
22:31:47.519 !!! [CE] :: Unknown category: 'vehicleparts'.
22:31:47.519 !!! [CE] :: Unknown category: 'vehicleparts'.
22:31:47.519 !!! [CE] :: Unknown category: 'vehicleparts'.
22:31:47.519 !!! [CE] :: Unknown category: 'vehicleparts'.
22:31:47.519 !!! [CE] :: Unknown category: 'vehicleparts'.
22:31:47.534 !!! [CE] :: Unknown category: 'vehicleparts'.
22:31:47.534 !!! [CE] :: Unknown category: 'vehicleparts'.
22:31:47.534 !!! [CE] :: Unknown category: 'vehicleparts'.
22:31:47.534 !!! [CE] :: Unknown category: 'vehicleparts'.
22:31:47.534 !!! [CE] :: Unknown category: 'vehicleparts'.
22:31:47.534 !!! [CE] :: Unknown category: 'vehicleparts'.
22:31:47.534 !!! [CE] :: Unknown category: 'vehicleparts'.
22:31:47.534 !!! [CE] :: Unknown category: 'vehicleparts'.
22:31:47.534 !!! [CE] :: Unknown category: 'vehicleparts'.
22:31:47.534 !!! [CE] :: Unknown category: 'vehicleparts'.
22:31:47.534 !!! [CE] :: Unknown category: 'vehicleparts'.
22:31:47.534 !!! [CE] :: Unknown category: 'vehicleparts'.
22:31:47.534 !!! [CE] :: Unknown category: 'vehicleparts'.
22:31:47.534 !!! [CE] :: Unknown category: 'vehicleparts'.
22:31:47.534 !!! [CE] :: Unknown category: 'vehicleparts'.
22:31:47.534 !!! [CE] :: Unknown category: 'vehicleparts'.
22:31:47.534 !!! [CE] :: Unknown category: 'vehicleparts'.
22:31:47.534 !!! [CE] :: Unknown category: 'vehicleparts'.
22:31:47.534 !!! [CE] :: Unknown category: 'vehicleparts'.
22:31:47.534 [CE][LoadPrototype] :: loaded 316 prototypes
22:31:47.534   668 containers, 8849 points
22:31:47.534   24 dispatches, 90 proxies
22:31:47.534 !!! [CE][LoadPrototype] 11 groups have no points...
22:31:47.534 !!![CE][LoadPrototype]  3 groups have wrong points...
22:31:47.534 [CE][LoadPrototype] :: last group name: Land_Wreck_sed02_aban2_red...
22:31:47.565 [CE][LoadPrototype] :: loaded 0 prototypes
22:31:47.565   0 containers, 0 points
22:31:47.565   0 dispatches, 0 proxies
22:31:47.565 [CE][LoadPrototype] :: last group name: Rail9...
22:31:51.409 [CE][LoadMap] "Group" :: loaded 11613 groups, largest group range: 34.2
22:31:51.425 !!! File "DZ\worlds\chernarusplus\ce\mapgroupdirt.xml" does not exist...
22:31:51.425 !!! [CE][LoadMap] "Dirt" :: Failed to read group instances (DZ\worlds\chernarusplus\ce\mapgroupdirt.xml)
22:31:53.394 [CE][Links] found 1974 total links between groups, of 11613
22:31:53.394 [CE][LoadClusters] "Cluster" :: Loading files...
22:31:54.331 [CE][LoadClusters] :: file: "mapgroupcluster.xml", 9 types, 50000 instances
22:31:54.847 [CE][LoadClusters] :: file: "mapgroupcluster01", 9 types, 50000 instances
22:31:55.863 [CE][LoadClusters] :: file: "mapgroupcluster02", 9 types, 50000 instances
22:31:57.66 [CE][LoadClusters] :: file: "mapgroupcluster03", 9 types, 50000 instances
22:31:57.535 [CE][LoadClusters] :: file: "mapgroupcluster04", 9 types, 17185 instances
22:31:57.597 [CE][Storage] ver:21 stamp:157, valid:yes, name:"mpmissions\dayzOffline.chernarusplus\storage_1\data\types.bin"
22:31:57.660 [CE][Storage] ver:21 stamp:155, valid:yes, name:"mpmissions\dayzOffline.chernarusplus\storage_1\data\types.001"
22:31:57.691 [CE][Storage] ver:21 stamp:156, valid:yes, name:"mpmissions\dayzOffline.chernarusplus\storage_1\data\types.002"
22:31:57.691 [CE][Storage] Restoring file "mpmissions\dayzOffline.chernarusplus\storage_1\data\types.bin".
22:31:58.97 [CE][offlineDB] :: Loaded 37 dynamic events 216 total types 0 total positions.
22:31:58.206 [CE][Storage] ver:21 stamp:157, valid:yes, name:"mpmissions\dayzOffline.chernarusplus\storage_1\data\events.bin"
22:31:58.222 [CE][Storage] ver:21 stamp:155, valid:yes, name:"mpmissions\dayzOffline.chernarusplus\storage_1\data\events.001"
22:31:58.222 [CE][Storage] ver:21 stamp:156, valid:yes, name:"mpmissions\dayzOffline.chernarusplus\storage_1\data\events.002"
22:31:58.222 [CE][Storage] Restoring file "mpmissions\dayzOffline.chernarusplus\storage_1\data\events.bin".
22:31:58.222 [CE][DynamicEvent] Load  Events:[37] Primary spawners: 37 Secondary spawners: 1
22:31:58.261 [CE][Storage] ver:24 stamp:157, valid:yes, name:"mpmissions\dayzOffline.chernarusplus\storage_1\data\vehicles.bin"
22:31:58.269 [CE][Storage] ver:24 stamp:155, valid:yes, name:"mpmissions\dayzOffline.chernarusplus\storage_1\data\vehicles.001"
22:31:58.286 [CE][Storage] ver:24 stamp:156, valid:yes, name:"mpmissions\dayzOffline.chernarusplus\storage_1\data\vehicles.002"
22:31:58.286 [CE][Storage] Restoring file "mpmissions\dayzOffline.chernarusplus\storage_1\data\vehicles.bin" 107 items.
22:31:58.910   107 items loaded.
22:31:58.925 [CE][Storage] ver:24 stamp:157, valid:yes, name:"mpmissions\dayzOffline.chernarusplus\storage_1\data\dynamic_000.bin"
22:31:58.957 [CE][Storage] ver:24 stamp:155, valid:yes, name:"mpmissions\dayzOffline.chernarusplus\storage_1\data\dynamic_000.001"
22:31:58.975 [CE][Storage] ver:24 stamp:156, valid:yes, name:"mpmissions\dayzOffline.chernarusplus\storage_1\data\dynamic_000.002"
22:31:58.975 [CE][Storage] Restoring file "mpmissions\dayzOffline.chernarusplus\storage_1\data\dynamic_000.bin" 703 items.
22:32:01.660   703 items loaded.
22:32:01.731 [CE][Storage] ver:24 stamp:157, valid:yes, name:"mpmissions\dayzOffline.chernarusplus\storage_1\data\dynamic_001.bin"
22:32:01.753 [CE][Storage] ver:24 stamp:155, valid:yes, name:"mpmissions\dayzOffline.chernarusplus\storage_1\data\dynamic_001.001"
22:32:01.769 [CE][Storage] ver:24 stamp:156, valid:yes, name:"mpmissions\dayzOffline.chernarusplus\storage_1\data\dynamic_001.002"
22:32:01.769 [CE][Storage] Restoring file "mpmissions\dayzOffline.chernarusplus\storage_1\data\dynamic_001.bin" 1674 items.
22:32:04.847   1674 items loaded.
22:32:04.896 [CE][Storage] ver:24 stamp:157, valid:yes, name:"mpmissions\dayzOffline.chernarusplus\storage_1\data\dynamic_002.bin"
22:32:04.957 [CE][Storage] ver:24 stamp:155, valid:yes, name:"mpmissions\dayzOffline.chernarusplus\storage_1\data\dynamic_002.001"
22:32:04.988 [CE][Storage] ver:24 stamp:156, valid:yes, name:"mpmissions\dayzOffline.chernarusplus\storage_1\data\dynamic_002.002"
22:32:05.04 [CE][Storage] Restoring file "mpmissions\dayzOffline.chernarusplus\storage_1\data\dynamic_002.bin" 2606 items.
22:32:08.910   2606 items loaded.
22:32:08.910 [CE][Storage] ver:24 stamp:157, valid:yes, name:"mpmissions\dayzOffline.chernarusplus\storage_1\data\dynamic_003.bin"
22:32:08.957 [CE][Storage] ver:24 stamp:155, valid:yes, name:"mpmissions\dayzOffline.chernarusplus\storage_1\data\dynamic_003.001"
22:32:08.993 [CE][Storage] ver:24 stamp:156, valid:yes, name:"mpmissions\dayzOffline.chernarusplus\storage_1\data\dynamic_003.002"
22:32:08.993 [CE][Storage] Restoring file "mpmissions\dayzOffline.chernarusplus\storage_1\data\dynamic_003.bin" 2212 items.
22:32:11.863   2212 items loaded.
22:32:11.894 [CE][Storage] ver:24 stamp:157, valid:yes, name:"mpmissions\dayzOffline.chernarusplus\storage_1\data\dynamic_004.bin"
22:32:11.973 [CE][Storage] ver:24 stamp:155, valid:yes, name:"mpmissions\dayzOffline.chernarusplus\storage_1\data\dynamic_004.001"
22:32:11.973 [CE][Storage] ver:24 stamp:156, valid:yes, name:"mpmissions\dayzOffline.chernarusplus\storage_1\data\dynamic_004.002"
22:32:11.973 [CE][Storage] Restoring file "mpmissions\dayzOffline.chernarusplus\storage_1\data\dynamic_004.bin" 1940 items.
22:32:14.410   1940 items loaded.
22:32:14.441 [CE][Storage] ver:24 stamp:157, valid:yes, name:"mpmissions\dayzOffline.chernarusplus\storage_1\data\dynamic_005.bin"
22:32:14.473 [CE][Storage] ver:24 stamp:155, valid:yes, name:"mpmissions\dayzOffline.chernarusplus\storage_1\data\dynamic_005.001"
22:32:14.520 [CE][Storage] ver:24 stamp:156, valid:yes, name:"mpmissions\dayzOffline.chernarusplus\storage_1\data\dynamic_005.002"
22:32:14.520 [CE][Storage] Restoring file "mpmissions\dayzOffline.chernarusplus\storage_1\data\dynamic_005.bin" 2112 items.
22:32:16.692   2112 items loaded.
22:32:16.692 [CE][Storage] ver:24 stamp:157, valid:yes, name:"mpmissions\dayzOffline.chernarusplus\storage_1\data\dynamic_006.bin"
22:32:16.738 [CE][Storage] ver:24 stamp:155, valid:yes, name:"mpmissions\dayzOffline.chernarusplus\storage_1\data\dynamic_006.001"
22:32:16.770 [CE][Storage] ver:24 stamp:156, valid:yes, name:"mpmissions\dayzOffline.chernarusplus\storage_1\data\dynamic_006.002"
22:32:16.770 [CE][Storage] Restoring file "mpmissions\dayzOffline.chernarusplus\storage_1\data\dynamic_006.bin" 1607 items.
22:32:18.348   1607 items loaded.
22:32:18.348 [CE][Storage] ver:24 stamp:157, valid:yes, name:"mpmissions\dayzOffline.chernarusplus\storage_1\data\dynamic_007.bin"
22:32:18.379 [CE][Storage] ver:24 stamp:155, valid:yes, name:"mpmissions\dayzOffline.chernarusplus\storage_1\data\dynamic_007.001"
22:32:18.395 [CE][Storage] ver:24 stamp:156, valid:yes, name:"mpmissions\dayzOffline.chernarusplus\storage_1\data\dynamic_007.002"
22:32:18.395 [CE][Storage] Restoring file "mpmissions\dayzOffline.chernarusplus\storage_1\data\dynamic_007.bin" 1564 items.
22:32:20.317   1564 items loaded.
22:32:20.349 [CE][Storage] ver:24 stamp:157, valid:yes, name:"mpmissions\dayzOffline.chernarusplus\storage_1\data\dynamic_008.bin"
22:32:20.410 [CE][Storage] ver:24 stamp:155, valid:yes, name:"mpmissions\dayzOffline.chernarusplus\storage_1\data\dynamic_008.001"
22:32:20.489 [CE][Storage] ver:24 stamp:156, valid:yes, name:"mpmissions\dayzOffline.chernarusplus\storage_1\data\dynamic_008.002"
22:32:20.489 [CE][Storage] Restoring file "mpmissions\dayzOffline.chernarusplus\storage_1\data\dynamic_008.bin" 2287 items.
22:32:23.754   2287 items loaded.
22:32:23.773 [CE][Storage] ver:24 stamp:157, valid:yes, name:"mpmissions\dayzOffline.chernarusplus\storage_1\data\dynamic_009.bin"
22:32:23.801 [CE][Storage] ver:24 stamp:155, valid:yes, name:"mpmissions\dayzOffline.chernarusplus\storage_1\data\dynamic_009.001"
22:32:23.817 [CE][Storage] ver:24 stamp:156, valid:yes, name:"mpmissions\dayzOffline.chernarusplus\storage_1\data\dynamic_009.002"
22:32:23.817 [CE][Storage] Restoring file "mpmissions\dayzOffline.chernarusplus\storage_1\data\dynamic_009.bin" 2715 items.
22:32:28.339   2715 items loaded.
22:32:28.365 [CE][Storage] ver:24 stamp:157, valid:yes, name:"mpmissions\dayzOffline.chernarusplus\storage_1\data\dynamic_010.bin"
22:32:28.489 [CE][Storage] ver:24 stamp:155, valid:yes, name:"mpmissions\dayzOffline.chernarusplus\storage_1\data\dynamic_010.001"
22:32:28.536 [CE][Storage] ver:24 stamp:156, valid:yes, name:"mpmissions\dayzOffline.chernarusplus\storage_1\data\dynamic_010.002"
22:32:28.551 [CE][Storage] Restoring file "mpmissions\dayzOffline.chernarusplus\storage_1\data\dynamic_010.bin" 1797 items.
22:32:31.442   1797 items loaded.
22:32:31.473 [CE][Storage] ver:24 stamp:157, valid:yes, name:"mpmissions\dayzOffline.chernarusplus\storage_1\data\dynamic_011.bin"
22:32:31.557 [CE][Storage] ver:24 stamp:155, valid:yes, name:"mpmissions\dayzOffline.chernarusplus\storage_1\data\dynamic_011.001"
22:32:31.567 [CE][Storage] ver:24 stamp:156, valid:yes, name:"mpmissions\dayzOffline.chernarusplus\storage_1\data\dynamic_011.002"
22:32:31.567 [CE][Storage] Restoring file "mpmissions\dayzOffline.chernarusplus\storage_1\data\dynamic_011.bin" 194 items.
22:32:31.848   194 items loaded.
22:32:32.427 [CE][Hive] :: Storage load took:34.19 seconds, recovery stamp:157
22:32:32.427   entity: 22790, building: 0
22:32:32.427   no lifetime: 44
22:32:32.427 [CE][Hive] :: Initializing ... 
22:32:32.473 [CE][InitializeMap] :: initialized: 0
22:32:32.473 [CE][Hive] :: Initializing spawners ... 
22:32:40.286 [CE][LootRespawner] (PRIDummy) :: Initially (re)spawned:46, Nominal:19974, Total in Map: 21623 at 0 (sec)
22:32:40.286   tests:46, repeats:0 fails:0, overtime:0
22:32:40.286 [CE][DynEvent] :: 37 types
22:32:40.286 [00] AmbientHen
22:32:40.286   Primary Spawner: "Ambient", active: yes, repeat: 1
22:32:40.286 [01] AnimalBear
22:32:40.286   Primary Spawner: "Animal", active: yes, repeat: 1
22:32:40.286 [02] AnimalCow
22:32:40.286   Primary Spawner: "Animal", active: yes, repeat: 1
22:32:40.286 [03] AnimalDeer
22:32:40.286   Primary Spawner: "Animal", active: yes, repeat: 1
22:32:40.286 [04] AnimalGoat
22:32:40.286   Primary Spawner: "Animal", active: yes, repeat: 1
22:32:40.286 [05] AnimalPig
22:32:40.286   Primary Spawner: "Animal", active: yes, repeat: 1
22:32:40.286 [06] AnimalRoeDeer
22:32:40.286   Primary Spawner: "Animal", active: yes, repeat: 1
22:32:40.286 [07] AnimalSheep
22:32:40.286   Primary Spawner: "Animal", active: yes, repeat: 1
22:32:40.286 [08] AnimalWildBoar
22:32:40.286   Primary Spawner: "Animal", active: yes, repeat: 1
22:32:40.286 [09] AnimalWolf
22:32:40.286   Primary Spawner: "Animal", active: yes, repeat: 1
22:32:40.286 [10] InfectedArmy
22:32:40.286   Primary Spawner: "Infected", active: yes, repeat: 1
22:32:40.286 [11] InfectedCity
22:32:40.286   Primary Spawner: "Infected", active: yes, repeat: 1
22:32:40.286 [12] InfectedFirefighter
22:32:40.286   Primary Spawner: "Infected", active: yes, repeat: 1
22:32:40.286 [13] InfectedIndustrial
22:32:40.286   Primary Spawner: "Infected", active: yes, repeat: 1
22:32:40.286 [14] InfectedMedic
22:32:40.286   Primary Spawner: "Infected", active: yes, repeat: 1
22:32:40.286 [15] InfectedPolice
22:32:40.286   Primary Spawner: "Infected", active: yes, repeat: 1
22:32:40.286 [16] InfectedPrisoner
22:32:40.286   Primary Spawner: "Infected", active: yes, repeat: 1
22:32:40.286 [17] InfectedReligious
22:32:40.286   Primary Spawner: "Infected", active: yes, repeat: 1
22:32:40.286 [18] InfectedSolitude
22:32:40.286   Primary Spawner: "Infected", active: yes, repeat: 1
22:32:40.286 [19] InfectedVillage
22:32:40.286   Primary Spawner: "Infected", active: yes, repeat: 1
22:32:40.286 [20] ItemPlanks
22:32:40.286   Primary Spawner: "Item", active: yes, repeat: 1
22:32:40.286 [21] Loot
22:32:40.286   Primary Spawner: "Loot", active: yes, repeat: 2
22:32:40.286 [22] StaticHeliCrash
22:32:40.286   Primary Spawner: "Vehicle", active: yes, repeat: 1
22:32:40.286   Secondary Spawner: "Infected", active: yes, repeat: 1
22:32:40.286 [23] StaticPoliceCar
22:32:40.286   Primary Spawner: "Vehicle", active: yes, repeat: 1
22:32:40.286 [24] TrajectoryApple
22:32:40.286   Primary Spawner: "Trajectory", active: yes, repeat: 1
22:32:40.286 [25] TrajectoryCanina
22:32:40.286   Primary Spawner: "Trajectory", active: yes, repeat: 1
22:32:40.286 [26] TrajectoryConiferous
22:32:40.286   Primary Spawner: "Trajectory", active: yes, repeat: 1
22:32:40.286 [27] TrajectoryDeciduous
22:32:40.286   Primary Spawner: "Trajectory", active: yes, repeat: 1
22:32:40.286 [28] TrajectoryHumus
22:32:40.286   Primary Spawner: "Trajectory", active: yes, repeat: 1
22:32:40.286 [29] TrajectoryPear
22:32:40.286   Primary Spawner: "Trajectory", active: yes, repeat: 1
22:32:40.286 [30] TrajectoryPlum
22:32:40.286   Primary Spawner: "Trajectory", active: yes, repeat: 1
22:32:40.286 [31] TrajectorySambucus
22:32:40.286   Primary Spawner: "Trajectory", active: yes, repeat: 1
22:32:40.286 [32] TrajectoryStones
22:32:40.286   Primary Spawner: "Trajectory", active: yes, repeat: 1
22:32:40.286 [33] VehicleCivilianSedan
22:32:40.286   Primary Spawner: "Vehicle", active: yes, repeat: 1
22:32:40.286 [34] VehicleHatchback02
22:32:40.286   Primary Spawner: "Vehicle", active: yes, repeat: 1
22:32:40.286 [35] VehicleOffroadHatchback
22:32:40.286   Primary Spawner: "Vehicle", active: yes, repeat: 1
22:32:40.286 [36] VehicleSedan02
22:32:40.286   Primary Spawner: "Vehicle", active: yes, repeat: 1
22:32:40.286 [CE][Hive] :: Initializing of spawners done.
22:32:40.317 [CE][Hive] :: Init sequence finished.
22:32:40.317 Player connect enabled
22:32:41.755 Average server FPS: 0.02 (measured interval: 1 s)
22:32:41.755 Used memory: 1503024 KB
22:32:41.755 Players: 0 in total
22:32:43.677 Average server FPS: 0.52 (measured interval: 1 s)
22:32:43.677 Used memory: 1518765 KB
22:32:43.677 Players: 0 in total
22:32:44.724 Average server FPS: 2.87 (measured interval: 1 s)
22:32:44.724 Used memory: 1521153 KB
22:32:44.724 Players: 0 in total
22:32:45.896 Average server FPS: 5.12 (measured interval: 1 s)
22:32:45.896 Used memory: 1521015 KB
22:32:45.896 Players: 0 in total
22:32:46.958 Average server FPS: 8.39 (measured interval: 1 s)
22:32:46.958 Used memory: 1525108 KB
22:32:46.974 Players: 0 in total
22:32:47.974 Average server FPS: 8.98 (measured interval: 1 s)
22:32:47.974 Used memory: 1530575 KB
22:32:47.974 Players: 0 in total
22:32:49.36 Average server FPS: 8.44 (measured interval: 1 s)
22:32:49.36 Used memory: 1537250 KB
22:32:49.36 Players: 0 in total
22:32:50.68 Average server FPS: 10.67 (measured interval: 1 s)
22:32:50.68 Used memory: 1547802 KB
22:32:50.68 Players: 0 in total
22:32:51.130 Average server FPS: 8.46 (measured interval: 1 s)
22:32:51.130 Used memory: 1554188 KB
22:32:51.130 Players: 0 in total
22:32:52.130 Average server FPS: 9.00 (measured interval: 1 s)
22:32:52.130 Used memory: 1562283 KB
22:32:52.130 Players: 0 in total
22:32:53.146 Average server FPS: 9.76 (measured interval: 1 s)
22:32:53.146 Used memory: 1571764 KB
22:32:53.146 Players: 0 in total
22:32:54.162 Average server FPS: 26.97 (measured interval: 1 s)
22:32:54.162 Used memory: 1571582 KB
22:32:54.162 Players: 0 in total
22:32:55.163 Average server FPS: 37.85 (measured interval: 1 s)
22:32:55.163 Used memory: 1571711 KB
22:32:55.163 Players: 0 in total
22:32:56.193 Average server FPS: 43.77 (measured interval: 1 s)
22:32:56.193 Used memory: 1571450 KB
22:32:56.193 Players: 0 in total
22:32:57.193 Average server FPS: 29.91 (measured interval: 1 s)
22:32:57.193 Used memory: 1571618 KB
22:32:57.193 Players: 0 in total
22:32:58.240 Average server FPS: 42.69 (measured interval: 1 s)
22:32:58.240 Used memory: 1572108 KB
22:32:58.240 Players: 0 in total
22:32:59.318 Average server FPS: 44.82 (measured interval: 1 s)
22:32:59.318 Used memory: 1572291 KB
22:32:59.318 Players: 0 in total
22:33:00.318 Average server FPS: 41.83 (measured interval: 1 s)
22:33:00.318 Used memory: 1572247 KB
22:33:00.318 Players: 0 in total
22:33:01.334 Average server FPS: 45.54 (measured interval: 1 s)
22:33:01.334 Used memory: 1573425 KB
22:33:01.334 Players: 0 in total
22:33:02.334 Average server FPS: 51.00 (measured interval: 1 s)
22:33:02.334 Used memory: 1573429 KB
22:33:02.334 Players: 0 in total
22:33:03.349 Average server FPS: 43.39 (measured interval: 1 s)
22:33:03.349 Used memory: 1573428 KB
22:33:03.349 Players: 0 in total
22:33:04.365 Average server FPS: 43.77 (measured interval: 1 s)
22:33:04.365 Used memory: 1573583 KB
22:33:04.365 Players: 0 in total
22:33:05.381 Average server FPS: 52.63 (measured interval: 1 s)
22:33:05.381 Used memory: 1573582 KB
22:33:05.381 Players: 0 in total
22:33:06.397 Average server FPS: 36.42 (measured interval: 1 s)
22:33:06.397 Used memory: 1573662 KB
22:33:06.397 Players: 0 in total
22:33:07.414 Average server FPS: 32.32 (measured interval: 1 s)
22:33:07.414 Used memory: 1574194 KB
22:33:07.414 Players: 0 in total
22:33:08.412 Average server FPS: 37.89 (measured interval: 1 s)
22:33:08.412 Used memory: 1573880 KB
22:33:08.412 Players: 0 in total
22:33:09.431 Average server FPS: 46.31 (measured interval: 1 s)
22:33:09.431 Used memory: 1573939 KB
22:33:09.431 Players: 0 in total
22:33:10.553 Average server FPS: 28.78 (measured interval: 1 s)
22:33:10.553 Used memory: 1579620 KB
22:33:10.553 Players: 0 in total
22:33:11.709 Average server FPS: 5.17 (measured interval: 1 s)
22:33:11.709 Used memory: 1583520 KB
22:33:11.709 Players: 0 in total
22:33:12.709 Average server FPS: 25.77 (measured interval: 1 s)
22:33:12.709 Used memory: 1583605 KB
22:33:12.709 Players: 0 in total
22:33:13.741 Average server FPS: 25.44 (measured interval: 1 s)
22:33:13.741 Used memory: 1583668 KB
22:33:13.741 Players: 0 in total
22:33:14.756 Average server FPS: 33.33 (measured interval: 1 s)
22:33:14.756 Used memory: 1583669 KB
22:33:14.756 Players: 0 in total
22:33:15.788 Average server FPS: 45.90 (measured interval: 1 s)
22:33:15.788 Used memory: 1583969 KB
22:33:15.788 Players: 0 in total
22:33:16.803 Average server FPS: 37.36 (measured interval: 1 s)
22:33:16.803 Used memory: 1583980 KB
22:33:16.803 Players: 0 in total
22:33:17.803 Average server FPS: 53.62 (measured interval: 1 s)
22:33:17.803 Used memory: 1584203 KB
22:33:17.803 Players: 0 in total
22:33:18.819 Average server FPS: 50.35 (measured interval: 1 s)
22:33:18.819 Used memory: 1584139 KB
22:33:18.819 Players: 0 in total
22:33:19.819 Average server FPS: 36.85 (measured interval: 1 s)
22:33:19.819 Used memory: 1584269 KB
22:33:19.819 Players: 0 in total
22:33:20.834 Average server FPS: 46.40 (measured interval: 1 s)
22:33:20.834 Used memory: 1584253 KB
22:33:20.834 Players: 0 in total
22:33:21.834 Average server FPS: 50.75 (measured interval: 1 s)
22:33:21.834 Used memory: 1584564 KB
22:33:21.834 Players: 0 in total
22:33:22.850 Average server FPS: 43.87 (measured interval: 1 s)
22:33:22.850 Used memory: 1584564 KB
22:33:22.850 Players: 0 in total
22:33:23.866 Average server FPS: 53.92 (measured interval: 1 s)
22:33:23.866 Used memory: 1584568 KB
22:33:23.866 Players: 0 in total
22:33:24.881 Average server FPS: 56.05 (measured interval: 1 s)
22:33:24.881 Used memory: 1584566 KB
22:33:24.881 Players: 0 in total
22:33:25.881 Average server FPS: 27.78 (measured interval: 1 s)
22:33:25.897 Used memory: 1584786 KB
22:33:25.897 Players: 0 in total
22:33:26.897 Average server FPS: 48.42 (measured interval: 1 s)
22:33:26.897 Used memory: 1584798 KB
22:33:26.897 Players: 0 in total
22:33:27.913 Average server FPS: 28.74 (measured interval: 1 s)
22:33:27.913 Used memory: 1585301 KB
22:33:27.913 Players: 0 in total
22:33:29.06 Average server FPS: 40.22 (measured interval: 1 s)
22:33:29.06 Used memory: 1587083 KB
22:33:29.06 Players: 0 in total
22:33:30.06 Average server FPS: 33.93 (measured interval: 1 s)
22:33:30.06 Used memory: 1586411 KB
22:33:30.06 Players: 0 in total
22:33:31.22 Average server FPS: 35.29 (measured interval: 1 s)
22:33:31.22 Used memory: 1586536 KB
22:33:31.22 Players: 0 in total
22:33:32.38 Average server FPS: 42.45 (measured interval: 1 s)
22:33:32.38 Used memory: 1586974 KB
22:33:32.38 Players: 0 in total
22:33:33.38 Average server FPS: 43.91 (measured interval: 1 s)
22:33:33.38 Used memory: 1586981 KB
22:33:33.38 Players: 0 in total
22:33:34.132 Average server FPS: 35.98 (measured interval: 1 s)
22:33:34.132 Used memory: 1587563 KB
22:33:34.132 Players: 0 in total
22:33:34.975 [Login]: Adding player Sascha Klein (23138740) to login queue at position 0
22:33:34.975 [LoginMachine]: Add player Sascha Klein (23138740)
22:33:34.975 [StateMachine]: Player Sascha Klein (dpnid 23138740 uid ) Entering AuthPlayerLoginState
22:33:35.163 Average server FPS: 22.09 (measured interval: 1 s)
22:33:35.163 Used memory: 1587475 KB
22:33:35.163 Players: 1 in total
22:33:36.201 Average server FPS: 36.86 (measured interval: 1 s)
22:33:36.201 Used memory: 1587568 KB
22:33:36.201 Players: 1 in total
22:33:36.632 [StateMachine]: Player Sascha Klein (dpnid 23138740 uid ) State Error (AuthPlayerLoginState): Verify signature on connect failed
22:33:36.632 Player Unknown (23138740) kicked from server: 6 (File not found: @Dingo_Truck\addons\mdz_dingo.pbo)
22:33:36.632 [StateMachine]: Kick player Sascha Klein (dpnid 23138740 uid ) State AuthPlayerLoginState Error File not found: @Dingo_Truck\addons\mdz_dingo.pbo
22:33:36.647 [Disconnect]: Client 23138740 early disconnect
22:33:36.741 [Disconnect]: No identity -> remove player info 23138740 
22:33:36.741 [Disconnect]: DisconnectPlayerFinish 23138740
22:33:36.741 [Disconnect]: Remove player info 23138740
22:33:36.741 [Disconnect]: Player destroy 23138740 
22:33:37.241 Average server FPS: 30.42 (measured interval: 1 s)
22:33:37.241 Used memory: 1587497 KB
22:33:37.257 Players: 0 in total
22:33:38.257 Average server FPS: 43.52 (measured interval: 1 s)
22:33:38.257 Used memory: 1587502 KB
22:33:38.257 Players: 0 in total
22:33:39.257 Average server FPS: 48.90 (measured interval: 1 s)
22:33:39.257 Used memory: 1587504 KB
22:33:39.257 Players: 0 in total
22:33:40.278 Average server FPS: 44.60 (measured interval: 1 s)
22:33:40.278 Used memory: 1587500 KB
22:33:40.278 Players: 0 in total
22:33:41.288 Average server FPS: 31.43 (measured interval: 1 s)
22:33:41.288 Used memory: 1587732 KB
22:33:41.288 Players: 0 in total
22:33:42.304 Average server FPS: 51.18 (measured interval: 1 s)
22:33:42.304 Used memory: 1587739 KB
22:33:42.304 Players: 0 in total
22:33:43.320 Average server FPS: 52.17 (measured interval: 1 s)
22:33:43.320 Used memory: 1587739 KB
22:33:43.320 Players: 0 in total
22:33:44.320 Average server FPS: 32.87 (measured interval: 1 s)
22:33:44.320 Used memory: 1587739 KB
22:33:44.320 Players: 0 in total
22:33:45.319 Average server FPS: 56.00 (measured interval: 1 s)
22:33:45.319 Used memory: 1587742 KB
22:33:45.319 Players: 0 in total
22:33:46.335 Average server FPS: 54.56 (measured interval: 1 s)
22:33:46.335 Used memory: 1587742 KB
22:33:46.335 Players: 0 in total
22:33:47.335 Average server FPS: 50.95 (measured interval: 1 s)
22:33:47.335 Used memory: 1590938 KB
22:33:47.335 Players: 0 in total
22:33:48.367 Average server FPS: 56.48 (measured interval: 1 s)
22:33:48.367 Used memory: 1591051 KB
22:33:48.367 Players: 0 in total
22:33:49.367 Average server FPS: 54.46 (measured interval: 1 s)
22:33:49.367 Used memory: 1590973 KB
22:33:49.367 Players: 0 in total
22:33:50.382 Average server FPS: 63.37 (measured interval: 1 s)
22:33:50.382 Used memory: 1592194 KB
22:33:50.382 Players: 0 in total
22:33:51.398 Average server FPS: 61.02 (measured interval: 1 s)
22:33:51.398 Used memory: 1592229 KB
22:33:51.398 Players: 0 in total
22:33:52.413 Average server FPS: 70.16 (measured interval: 1 s)
22:33:52.413 Used memory: 1591109 KB
22:33:52.413 Players: 0 in total
22:33:53.414 Average server FPS: 63.56 (measured interval: 1 s)
22:33:53.414 Used memory: 1591108 KB
22:33:53.414 Players: 0 in total
22:33:54.414 Average server FPS: 46.86 (measured interval: 1 s)
22:33:54.414 Used memory: 1591108 KB
22:33:54.414 Players: 0 in total
22:33:55.429 Average server FPS: 46.67 (measured interval: 1 s)
22:33:55.429 Used memory: 1591297 KB
22:33:55.429 Players: 0 in total
22:33:56.429 Average server FPS: 36.63 (measured interval: 1 s)
22:33:56.429 Used memory: 1591295 KB
22:33:56.429 Players: 0 in total
22:33:57.445 Average server FPS: 36.56 (measured interval: 1 s)
22:33:57.445 Used memory: 1591296 KB
22:33:57.445 Players: 0 in total
22:33:58.461 Average server FPS: 44.42 (measured interval: 1 s)
22:33:58.461 Used memory: 1591296 KB
22:33:58.461 Players: 0 in total
22:33:59.461 Average server FPS: 31.84 (measured interval: 1 s)
22:33:59.461 Used memory: 1591305 KB
22:33:59.461 Players: 0 in total
22:34:00.476 Average server FPS: 43.52 (measured interval: 1 s)
22:34:00.476 Used memory: 1591305 KB
22:34:00.476 Players: 0 in total
22:34:01.476 Average server FPS: 12.97 (measured interval: 1 s)
22:34:01.476 Used memory: 1591463 KB
22:34:01.476 Players: 0 in total
22:34:02.492 Average server FPS: 43.65 (measured interval: 1 s)
22:34:02.492 Used memory: 1591460 KB
22:34:02.492 Players: 0 in total
22:34:03.508 Average server FPS: 32.48 (measured interval: 1 s)
22:34:03.508 Used memory: 1592047 KB
22:34:03.508 Players: 0 in total
22:34:04.508 Average server FPS: 23.95 (measured interval: 1 s)
22:34:04.508 Used memory: 1592057 KB
22:34:04.508 Players: 0 in total
22:34:05.508 Average server FPS: 35.96 (measured interval: 1 s)
22:34:05.508 Used memory: 1592065 KB
22:34:05.508 Players: 0 in total
22:34:06.523 Average server FPS: 37.48 (measured interval: 1 s)
22:34:06.523 Used memory: 1592065 KB
22:34:06.523 Players: 0 in total
22:34:07.539 Average server FPS: 37.48 (measured interval: 1 s)
22:34:07.539 Used memory: 1592062 KB
22:34:07.539 Players: 0 in total
22:34:08.572 Average server FPS: 48.03 (measured interval: 1 s)
22:34:08.572 Used memory: 1592233 KB
22:34:08.572 Players: 0 in total
22:34:09.602 Average server FPS: 46.03 (measured interval: 1 s)
22:34:09.602 Used memory: 1592285 KB
22:34:09.602 Players: 0 in total
22:34:10.602 Average server FPS: 100.60 (measured interval: 1 s)
22:34:10.602 Used memory: 1592288 KB
22:34:10.602 Players: 0 in total
22:34:11.602 Average server FPS: 176.00 (measured interval: 1 s)
22:34:11.602 Used memory: 1592286 KB
22:34:11.602 Players: 0 in total
22:34:12.602 Average server FPS: 470.00 (measured interval: 1 s)
22:34:12.602 Used memory: 1592299 KB
22:34:12.602 Players: 0 in total
22:34:13.602 Average server FPS: 263.94 (measured interval: 1 s)
22:34:13.602 Used memory: 1592299 KB
22:34:13.602 Players: 0 in total
22:34:14.602 Average server FPS: 250.00 (measured interval: 1 s)
22:34:14.602 Used memory: 1592305 KB
22:34:14.602 Players: 0 in total
22:34:15.602 Average server FPS: 230.77 (measured interval: 1 s)
22:34:15.602 Used memory: 1592334 KB
22:34:15.602 Players: 0 in total
22:34:16.617 Average server FPS: 256.69 (measured interval: 1 s)
22:34:16.617 Used memory: 1592334 KB
22:34:16.617 Players: 0 in total
22:34:17.617 Average server FPS: 122.02 (measured interval: 1 s)
22:34:17.617 Used memory: 1591900 KB
22:34:17.617 Players: 0 in total
22:34:18.649 Average server FPS: 127.68 (measured interval: 1 s)
22:34:18.649 Used memory: 1591867 KB
22:34:18.649 Players: 0 in total
22:34:19.664 Average server FPS: 90.73 (measured interval: 1 s)
22:34:19.664 Used memory: 1591836 KB
22:34:19.664 Players: 0 in total
22:34:20.665 Average server FPS: 89.82 (measured interval: 1 s)
22:34:20.665 Used memory: 1591792 KB
22:34:20.665 Players: 0 in total
22:34:21.680 Average server FPS: 216.62 (measured interval: 1 s)
22:34:21.680 Used memory: 1591774 KB
22:34:21.680 Players: 0 in total
22:34:22.680 Average server FPS: 46.86 (measured interval: 1 s)
22:34:22.680 Used memory: 1591769 KB
22:34:22.680 Players: 0 in total
22:34:23.683 Average server FPS: 139.58 (measured interval: 1 s)
22:34:23.683 Used memory: 1591914 KB
22:34:23.683 Players: 0 in total
22:34:24.696 Average server FPS: 54.46 (measured interval: 1 s)
22:34:24.696 Used memory: 1591915 KB
22:34:24.696 Players: 0 in total
22:34:25.711 Average server FPS: 19.69 (measured interval: 1 s)
22:34:25.711 Used memory: 1592607 KB
22:34:25.711 Players: 0 in total
22:34:26.711 Average server FPS: 34.90 (measured interval: 1 s)
22:34:26.711 Used memory: 1592607 KB
22:34:26.711 Players: 0 in total
22:34:27.727 Average server FPS: 27.40 (measured interval: 1 s)
22:34:27.727 Used memory: 1593123 KB
22:34:27.727 Players: 0 in total
22:34:28.727 Average server FPS: 44.00 (measured interval: 1 s)
22:34:28.727 Used memory: 1593119 KB
22:34:28.727 Players: 0 in total
22:34:29.743 Average server FPS: 49.50 (measured interval: 1 s)
22:34:29.743 Used memory: 1593259 KB
22:34:29.743 Players: 0 in total
22:34:30.743 Average server FPS: 152.85 (measured interval: 1 s)
22:34:30.743 Used memory: 1593259 KB
22:34:30.743 Players: 0 in total
22:34:31.758 Average server FPS: 169.47 (measured interval: 1 s)
22:34:31.758 Used memory: 1593259 KB
22:34:31.758 Players: 0 in total
22:34:32.774 Average server FPS: 103.55 (measured interval: 1 s)
22:34:32.774 Used memory: 1593469 KB
22:34:32.774 Players: 0 in total
22:34:33.774 Average server FPS: 184.45 (measured interval: 1 s)
22:34:33.774 Used memory: 1593462 KB
22:34:33.774 Players: 0 in total
22:34:34.790 Average server FPS: 236.10 (measured interval: 1 s)
22:34:34.790 Used memory: 1593813 KB
22:34:34.790 Players: 0 in total
22:34:35.806 Average server FPS: 125.37 (measured interval: 1 s)
22:34:35.806 Used memory: 1593769 KB
22:34:35.806 Players: 0 in total
22:34:36.806 Average server FPS: 142.15 (measured interval: 1 s)
22:34:36.806 Used memory: 1593781 KB
22:34:36.806 Players: 0 in total
22:34:37.806 Average server FPS: 281.00 (measured interval: 1 s)
22:34:37.806 Used memory: 1593781 KB
22:34:37.806 Players: 0 in total
22:34:38.806 Average server FPS: 162.00 (measured interval: 1 s)
22:34:38.806 Used memory: 1593978 KB
22:34:38.806 Players: 0 in total
22:34:39.806 Average server FPS: 138.86 (measured interval: 1 s)
22:34:39.806 Used memory: 1593988 KB
22:34:39.806 Players: 0 in total
22:34:40.806 Average server FPS: 136.59 (measured interval: 1 s)
22:34:40.806 Used memory: 1594092 KB
22:34:40.806 Players: 0 in total
22:34:41.806 Average server FPS: 168.83 (measured interval: 1 s)
22:34:41.806 Used memory: 1594092 KB
22:34:41.806 Players: 0 in total
22:34:42.837 Average server FPS: 163.89 (measured interval: 1 s)
22:34:42.837 Used memory: 1594092 KB
22:34:42.837 Players: 0 in total
22:34:43.837 Average server FPS: 101.78 (measured interval: 1 s)
22:34:43.837 Used memory: 1594310 KB
22:34:43.837 Players: 0 in total
22:34:44.837 Average server FPS: 105.00 (measured interval: 1 s)
22:34:44.837 Used memory: 1594322 KB
22:34:44.837 Players: 0 in total
22:34:46.88 Average server FPS: 123.89 (measured interval: 1 s)
22:34:46.88 Used memory: 1596310 KB
22:34:46.88 Players: 0 in total
22:34:47.103 Average server FPS: 26.50 (measured interval: 1 s)
22:34:47.103 Used memory: 1596176 KB
22:34:47.103 Players: 0 in total
22:34:48.103 Average server FPS: 49.00 (measured interval: 1 s)
22:34:48.103 Used memory: 1596344 KB
22:34:48.103 Players: 0 in total
22:34:49.118 Average server FPS: 118.06 (measured interval: 1 s)
22:34:49.118 Used memory: 1596297 KB
22:34:49.118 Players: 0 in total
22:34:50.134 Average server FPS: 36.45 (measured interval: 1 s)
22:34:50.134 Used memory: 1596265 KB
22:34:50.134 Players: 0 in total
22:34:51.165 Average server FPS: 39.65 (measured interval: 1 s)
22:34:51.165 Used memory: 1596232 KB
22:34:51.165 Players: 0 in total
22:34:52.165 Average server FPS: 49.85 (measured interval: 1 s)
22:34:52.165 Used memory: 1596397 KB
22:34:52.165 Players: 0 in total
22:34:53.181 Average server FPS: 85.06 (measured interval: 1 s)
22:34:53.181 Used memory: 1596397 KB
22:34:53.181 Players: 0 in total
22:34:54.181 Average server FPS: 55.56 (measured interval: 1 s)
22:34:54.181 Used memory: 1596397 KB
22:34:54.181 Players: 0 in total
22:34:55.186 Average server FPS: 60.82 (measured interval: 1 s)
22:34:55.197 Used memory: 1596781 KB
22:34:55.197 Players: 0 in total
22:34:56.181 Average server FPS: 30.97 (measured interval: 1 s)
22:34:56.197 Used memory: 1596783 KB
22:34:56.197 Players: 0 in total
22:34:57.260 Average server FPS: 25.14 (measured interval: 1 s)
22:34:57.260 Used memory: 1597062 KB
22:34:57.260 Players: 0 in total
22:34:58.275 Average server FPS: 39.64 (measured interval: 1 s)
22:34:58.275 Used memory: 1596901 KB
22:34:58.275 Players: 0 in total
22:34:59.306 Average server FPS: 33.78 (measured interval: 1 s)
22:34:59.306 Used memory: 1596937 KB
22:34:59.306 Players: 0 in total
22:35:00.322 Average server FPS: 30.57 (measured interval: 1 s)
22:35:00.322 Used memory: 1597194 KB
22:35:00.322 Players: 0 in total
22:35:01.338 Average server FPS: 40.31 (measured interval: 1 s)
22:35:01.338 Used memory: 1597395 KB
22:35:01.338 Players: 0 in total
22:35:02.353 Average server FPS: 44.29 (measured interval: 1 s)
22:35:02.353 Used memory: 1597260 KB
22:35:02.353 Players: 0 in total
22:35:03.353 Average server FPS: 34.93 (measured interval: 1 s)
22:35:03.353 Used memory: 1597514 KB
22:35:03.353 Players: 0 in total
22:35:04.369 Average server FPS: 47.43 (measured interval: 1 s)
22:35:04.369 Used memory: 1597512 KB
22:35:04.369 Players: 0 in total
22:35:05.385 Average server FPS: 38.65 (measured interval: 1 s)
22:35:05.385 Used memory: 1597660 KB
22:35:05.385 Players: 0 in total
22:35:06.385 Average server FPS: 39.41 (measured interval: 1 s)
22:35:06.400 Used memory: 1597660 KB
22:35:06.400 Players: 0 in total
22:35:07.400 Average server FPS: 35.50 (measured interval: 1 s)
22:35:07.400 Used memory: 1598156 KB
22:35:07.400 Players: 0 in total
22:35:08.416 Average server FPS: 41.58 (measured interval: 1 s)
22:35:08.416 Used memory: 1598156 KB
22:35:08.416 Players: 0 in total
22:35:09.416 Average server FPS: 18.00 (measured interval: 1 s)
22:35:09.416 Used memory: 1598219 KB
22:35:09.416 Players: 0 in total
22:35:10.432 Average server FPS: 40.47 (measured interval: 1 s)
22:35:10.432 Used memory: 1598219 KB
22:35:10.432 Players: 0 in total
22:35:11.447 Average server FPS: 53.10 (measured interval: 1 s)
22:35:11.447 Used memory: 1598221 KB
22:35:11.447 Players: 0 in total
22:35:12.447 Average server FPS: 49.85 (measured interval: 1 s)
22:35:12.447 Used memory: 1598225 KB
22:35:12.447 Players: 0 in total
22:35:13.572 Average server FPS: 40.74 (measured interval: 1 s)
22:35:13.572 Used memory: 1598218 KB
22:35:13.572 Players: 0 in total
22:35:14.588 Average server FPS: 22.64 (measured interval: 1 s)
22:35:14.604 Used memory: 1598256 KB
22:35:14.604 Players: 0 in total
22:35:15.619 Average server FPS: 44.20 (measured interval: 1 s)
22:35:15.619 Used memory: 1598285 KB
22:35:15.619 Players: 0 in total
22:35:16.619 Average server FPS: 77.92 (measured interval: 1 s)
22:35:16.619 Used memory: 1598285 KB
22:35:16.619 Players: 0 in total
22:35:17.619 Average server FPS: 71.57 (measured interval: 1 s)
22:35:17.619 Used memory: 1598285 KB
22:35:17.619 Players: 0 in total
22:35:18.729 Average server FPS: 54.95 (measured interval: 1 s)
22:35:18.729 Used memory: 1599666 KB
22:35:18.729 Players: 0 in total
22:35:19.744 Average server FPS: 24.61 (measured interval: 1 s)
22:35:19.744 Used memory: 1598351 KB
22:35:19.744 Players: 0 in total
22:35:20.760 Average server FPS: 34.15 (measured interval: 1 s)
22:35:20.760 Used memory: 1598408 KB
22:35:20.760 Players: 0 in total
22:35:21.792 Average server FPS: 36.31 (measured interval: 1 s)
22:35:21.792 Used memory: 1598316 KB
22:35:21.792 Players: 0 in total
22:35:22.791 Average server FPS: 41.96 (measured interval: 1 s)
22:35:22.791 Used memory: 1598259 KB
22:35:22.791 Players: 0 in total
22:35:23.791 Average server FPS: 40.84 (measured interval: 1 s)
22:35:23.791 Used memory: 1598307 KB
22:35:23.791 Players: 0 in total
22:35:24.838 Average server FPS: 8.69 (measured interval: 1 s)
22:35:24.838 Used memory: 1604016 KB
22:35:24.838 Players: 0 in total
22:35:25.870 Average server FPS: 40.70 (measured interval: 1 s)
22:35:25.870 Used memory: 1603977 KB
22:35:25.870 Players: 0 in total
22:35:26.870 Average server FPS: 28.91 (measured interval: 1 s)
22:35:26.870 Used memory: 1604184 KB
22:35:26.870 Players: 0 in total
22:35:27.870 Average server FPS: 37.62 (measured interval: 1 s)
22:35:27.870 Used memory: 1604182 KB
22:35:27.870 Players: 0 in total
22:35:28.885 Average server FPS: 44.51 (measured interval: 1 s)
22:35:28.885 Used memory: 1604182 KB
22:35:28.885 Players: 0 in total
22:35:29.886 Average server FPS: 41.00 (measured interval: 1 s)
22:35:29.886 Used memory: 1604181 KB
22:35:29.886 Players: 0 in total
22:35:30.901 Average server FPS: 31.53 (measured interval: 1 s)
22:35:30.901 Used memory: 1605506 KB
22:35:30.901 Players: 0 in total
22:35:31.948 Average server FPS: 35.07 (measured interval: 1 s)
22:35:31.979 Used memory: 1605505 KB
22:35:31.995 Players: 0 in total
22:35:33.42 Average server FPS: 16.61 (measured interval: 1 s)
22:35:33.42 Used memory: 1605971 KB
22:35:33.42 Players: 0 in total
22:35:34.57 Average server FPS: 31.68 (measured interval: 1 s)
22:35:34.57 Used memory: 1605622 KB
22:35:34.57 Players: 0 in total
22:35:35.57 Average server FPS: 48.90 (measured interval: 1 s)
22:35:35.57 Used memory: 1605621 KB
22:35:35.57 Players: 0 in total
22:35:36.57 Average server FPS: 43.61 (measured interval: 1 s)
22:35:36.57 Used memory: 1605801 KB
22:35:36.57 Players: 0 in total
22:35:37.74 Average server FPS: 38.35 (measured interval: 1 s)
22:35:37.74 Used memory: 1605807 KB
22:35:37.74 Players: 0 in total
22:35:38.89 Average server FPS: 43.69 (measured interval: 1 s)
22:35:38.89 Used memory: 1605806 KB
22:35:38.89 Players: 0 in total
22:35:39.104 Average server FPS: 57.31 (measured interval: 1 s)
22:35:39.104 Used memory: 1605889 KB
22:35:39.104 Players: 0 in total
22:35:40.104 Average server FPS: 112.44 (measured interval: 1 s)
22:35:40.104 Used memory: 1605888 KB
22:35:40.104 Players: 0 in total
22:35:41.104 Average server FPS: 168.00 (measured interval: 1 s)
22:35:41.104 Used memory: 1606026 KB
22:35:41.104 Players: 0 in total
22:35:42.105 Average server FPS: 301.00 (measured interval: 1 s)
22:35:42.105 Used memory: 1606026 KB
22:35:42.105 Players: 0 in total
22:35:43.105 Average server FPS: 260.00 (measured interval: 1 s)
22:35:43.105 Used memory: 1606173 KB
22:35:43.105 Players: 0 in total
22:35:44.120 Average server FPS: 158.00 (measured interval: 1 s)
22:35:44.120 Used memory: 1606210 KB
22:35:44.120 Players: 0 in total
22:35:45.120 Average server FPS: 140.86 (measured interval: 1 s)
22:35:45.120 Used memory: 1606245 KB
22:35:45.120 Players: 0 in total
22:35:46.151 Average server FPS: 184.31 (measured interval: 1 s)
22:35:46.151 Used memory: 1606319 KB
22:35:46.151 Players: 0 in total
22:35:47.151 Average server FPS: 133.33 (measured interval: 1 s)
22:35:47.151 Used memory: 1606316 KB
22:35:47.151 Players: 0 in total
22:35:48.152 Average server FPS: 40.84 (measured interval: 1 s)
22:35:48.152 Used memory: 1606406 KB
22:35:48.152 Players: 0 in total
22:35:49.152 Average server FPS: 73.71 (measured interval: 1 s)
22:35:49.152 Used memory: 1606501 KB
22:35:49.152 Players: 0 in total
22:35:50.167 Average server FPS: 93.44 (measured interval: 1 s)
22:35:50.167 Used memory: 1606480 KB
22:35:50.167 Players: 0 in total
22:35:51.167 Average server FPS: 55.78 (measured interval: 1 s)
22:35:51.167 Used memory: 1606648 KB
22:35:51.167 Players: 0 in total
22:35:52.167 Average server FPS: 170.80 (measured interval: 1 s)
22:35:52.167 Used memory: 1606716 KB
22:35:52.167 Players: 0 in total
22:35:53.199 Average server FPS: 39.81 (measured interval: 1 s)
22:35:53.199 Used memory: 1606671 KB
22:35:53.199 Players: 0 in total
22:35:54.214 Average server FPS: 30.54 (measured interval: 1 s)
22:35:54.214 Used memory: 1606675 KB
22:35:54.214 Players: 0 in total
22:35:55.261 Average server FPS: 25.07 (measured interval: 1 s)
22:35:55.261 Used memory: 1606676 KB
22:35:55.261 Players: 0 in total
22:35:56.292 Average server FPS: 19.25 (measured interval: 1 s)
22:35:56.292 Used memory: 1606676 KB
22:35:56.292 Players: 0 in total
22:35:57.324 Average server FPS: 29.18 (measured interval: 1 s)
22:35:57.324 Used memory: 1607877 KB
22:35:57.324 Players: 0 in total
22:35:58.340 Average server FPS: 26.60 (measured interval: 1 s)
22:35:58.340 Used memory: 1607877 KB
22:35:58.340 Players: 0 in total
22:35:59.355 Average server FPS: 42.20 (measured interval: 1 s)
22:35:59.355 Used memory: 1607884 KB
22:35:59.355 Players: 0 in total
22:36:00.386 Average server FPS: 15.46 (measured interval: 1 s)
22:36:00.386 Used memory: 1608310 KB
22:36:00.386 Players: 0 in total
22:36:01.433 Average server FPS: 30.68 (measured interval: 1 s)
22:36:01.433 Used memory: 1608307 KB
22:36:01.451 Players: 0 in total
22:36:02.465 Average server FPS: 29.35 (measured interval: 1 s)
22:36:02.465 Used memory: 1608310 KB
22:36:02.465 Players: 0 in total
22:36:03.465 Average server FPS: 52.79 (measured interval: 1 s)
22:36:03.465 Used memory: 1608310 KB
22:36:03.465 Players: 0 in total
22:36:04.480 Average server FPS: 43.48 (measured interval: 1 s)
22:36:04.480 Used memory: 1608316 KB
22:36:04.480 Players: 0 in total
22:36:05.480 Average server FPS: 47.86 (measured interval: 1 s)
22:36:05.480 Used memory: 1608316 KB
22:36:05.480 Players: 0 in total
22:36:06.496 Average server FPS: 57.20 (measured interval: 1 s)
22:36:06.496 Used memory: 1608311 KB
22:36:06.496 Players: 0 in total
22:36:07.496 Average server FPS: 53.68 (measured interval: 1 s)
22:36:07.496 Used memory: 1608309 KB
22:36:07.496 Players: 0 in total
22:36:08.496 Average server FPS: 199.40 (measured interval: 1 s)
22:36:08.496 Used memory: 1608309 KB
22:36:08.496 Players: 0 in total
22:36:09.496 Average server FPS: 226.77 (measured interval: 1 s)
22:36:09.496 Used memory: 1608376 KB
22:36:09.496 Players: 0 in total
22:36:10.496 Average server FPS: 106.00 (measured interval: 1 s)
22:36:10.496 Used memory: 1608503 KB
22:36:10.496 Players: 0 in total
22:36:11.496 Average server FPS: 121.88 (measured interval: 1 s)
22:36:11.496 Used memory: 1608556 KB
22:36:11.496 Players: 0 in total
22:36:12.512 Average server FPS: 123.51 (measured interval: 1 s)
22:36:12.512 Used memory: 1608598 KB
22:36:12.512 Players: 0 in total
22:36:13.512 Average server FPS: 64.23 (measured interval: 1 s)
22:36:13.512 Used memory: 1608657 KB
22:36:13.512 Players: 0 in total
22:36:14.543 Average server FPS: 19.53 (measured interval: 1 s)
22:36:14.543 Used memory: 1608704 KB
22:36:14.543 Players: 0 in total
22:36:15.574 Average server FPS: 37.83 (measured interval: 1 s)
22:36:15.574 Used memory: 1608824 KB
22:36:15.574 Players: 0 in total
22:36:16.574 Average server FPS: 45.77 (measured interval: 1 s)
22:36:16.574 Used memory: 1608823 KB
22:36:16.574 Players: 0 in total
22:36:17.590 Average server FPS: 32.80 (measured interval: 1 s)
22:36:17.590 Used memory: 1608978 KB
22:36:17.590 Players: 0 in total
22:36:18.590 Average server FPS: 79.84 (measured interval: 1 s)
22:36:18.590 Used memory: 1608978 KB
22:36:18.590 Players: 0 in total
22:36:19.590 Average server FPS: 29.73 (measured interval: 1 s)
22:36:19.590 Used memory: 1609654 KB
22:36:19.590 Players: 0 in total
22:36:20.606 Average server FPS: 36.78 (measured interval: 1 s)
22:36:20.606 Used memory: 1609705 KB
22:36:20.606 Players: 0 in total
22:36:21.606 Average server FPS: 78.53 (measured interval: 1 s)
22:36:21.606 Used memory: 1609658 KB
22:36:21.606 Players: 0 in total
22:36:22.632 Average server FPS: 136.54 (measured interval: 1 s)
22:36:22.632 Used memory: 1609693 KB
22:36:22.632 Players: 0 in total
22:36:23.621 Average server FPS: 82.75 (measured interval: 1 s)
22:36:23.621 Used memory: 1609778 KB
22:36:23.621 Players: 0 in total
22:36:24.622 Average server FPS: 93.00 (measured interval: 1 s)
22:36:24.622 Used memory: 1609764 KB
22:36:24.622 Players: 0 in total
22:36:25.637 Average server FPS: 111.11 (measured interval: 1 s)
22:36:25.637 Used memory: 1609766 KB
22:36:25.637 Players: 0 in total
22:36:26.653 Average server FPS: 63.85 (measured interval: 1 s)
22:36:26.653 Used memory: 1609878 KB
22:36:26.653 Players: 0 in total
22:36:27.653 Average server FPS: 57.00 (measured interval: 1 s)
22:36:27.653 Used memory: 1609884 KB
22:36:27.653 Players: 0 in total
22:36:28.653 Average server FPS: 94.00 (measured interval: 1 s)
22:36:28.653 Used memory: 1609932 KB
22:36:28.653 Players: 0 in total
22:36:29.669 Average server FPS: 121.30 (measured interval: 1 s)
22:36:29.669 Used memory: 1609932 KB
22:36:29.669 Players: 0 in total
22:36:30.684 Average server FPS: 35.50 (measured interval: 1 s)
22:36:30.684 Used memory: 1610103 KB
22:36:30.684 Players: 0 in total
22:36:31.731 Average server FPS: 145.85 (measured interval: 1 s)
22:36:31.731 Used memory: 1612176 KB
22:36:31.731 Players: 0 in total
22:36:32.809 Average server FPS: 120.00 (measured interval: 1 s)
22:36:32.809 Used memory: 1612468 KB
22:36:32.809 Players: 0 in total
22:36:33.809 Average server FPS: 173.83 (measured interval: 1 s)
22:36:33.809 Used memory: 1612037 KB
22:36:33.809 Players: 0 in total
22:36:34.841 Average server FPS: 56.37 (measured interval: 1 s)
22:36:34.841 Used memory: 1612359 KB
22:36:34.841 Players: 0 in total
22:36:35.856 Average server FPS: 42.36 (measured interval: 1 s)
22:36:35.856 Used memory: 1612358 KB
22:36:35.856 Players: 0 in total
22:36:36.935 Average server FPS: 37.96 (measured interval: 1 s)
22:36:36.935 Used memory: 1612418 KB
22:36:36.935 Players: 0 in total
22:36:37.950 Average server FPS: 25.34 (measured interval: 1 s)
22:36:37.966 Used memory: 1612403 KB
22:36:37.966 Players: 0 in total
22:36:38.997 Average server FPS: 12.51 (measured interval: 1 s)
22:36:38.997 Used memory: 1612526 KB
22:36:38.997 Players: 0 in total
22:36:40.110 Average server FPS: 24.37 (measured interval: 1 s)
22:36:40.110 Used memory: 1613455 KB
22:36:40.110 Players: 0 in total
22:36:41.138 Average server FPS: 13.58 (measured interval: 1 s)
22:36:41.138 Used memory: 1613364 KB
22:36:41.138 Players: 0 in total
22:36:42.169 Average server FPS: 16.54 (measured interval: 1 s)
22:36:42.169 Used memory: 1613600 KB
22:36:42.169 Players: 0 in total
22:36:43.200 Average server FPS: 12.61 (measured interval: 1 s)
22:36:43.200 Used memory: 1613734 KB
22:36:43.200 Players: 0 in total
22:36:44.232 Average server FPS: 21.32 (measured interval: 1 s)
22:36:44.232 Used memory: 1613734 KB
22:36:44.232 Players: 0 in total
22:36:45.247 Average server FPS: 29.62 (measured interval: 1 s)
22:36:45.247 Used memory: 1613893 KB
22:36:45.247 Players: 0 in total
22:36:46.247 Average server FPS: 35.50 (measured interval: 1 s)
22:36:46.247 Used memory: 1615239 KB
22:36:46.247 Players: 0 in total
22:36:47.263 Average server FPS: 38.73 (measured interval: 1 s)
22:36:47.263 Used memory: 1615419 KB
22:36:47.263 Players: 0 in total
22:36:48.372 Average server FPS: 49.37 (measured interval: 1 s)
22:36:48.372 Used memory: 1616348 KB
22:36:48.372 Players: 0 in total
22:36:49.388 Average server FPS: 49.26 (measured interval: 1 s)
22:36:49.388 Used memory: 1615590 KB
22:36:49.388 Players: 0 in total
22:36:50.404 Average server FPS: 46.67 (measured interval: 1 s)
22:36:50.404 Used memory: 1615740 KB
22:36:50.404 Players: 0 in total
22:36:51.404 Average server FPS: 55.28 (measured interval: 1 s)
22:36:51.404 Used memory: 1615746 KB
22:36:51.404 Players: 0 in total
22:36:52.419 Average server FPS: 57.60 (measured interval: 1 s)
22:36:52.419 Used memory: 1615787 KB
22:36:52.419 Players: 0 in total
22:36:53.419 Average server FPS: 49.00 (measured interval: 1 s)
22:36:53.419 Used memory: 1615847 KB
22:36:53.419 Players: 0 in total
22:36:54.422 Average server FPS: 42.96 (measured interval: 1 s)
22:36:54.422 Used memory: 1616140 KB
22:36:54.422 Players: 0 in total
22:36:55.451 Average server FPS: 46.20 (measured interval: 1 s)
22:36:55.451 Used memory: 1616184 KB
22:36:55.451 Players: 0 in total
22:36:56.638 Average server FPS: 35.81 (measured interval: 1 s)
22:36:56.638 Used memory: 1616844 KB
22:36:56.638 Players: 0 in total
22:36:57.655 Average server FPS: 29.47 (measured interval: 1 s)
22:36:57.655 Used memory: 1616380 KB
22:36:57.655 Players: 0 in total
22:36:58.654 Average server FPS: 14.91 (measured interval: 1 s)
22:36:58.654 Used memory: 1616450 KB
22:36:58.654 Players: 0 in total
22:36:59.670 Average server FPS: 27.70 (measured interval: 1 s)
22:36:59.670 Used memory: 1616548 KB
22:36:59.670 Players: 0 in total
22:37:00.826 Average server FPS: 32.62 (measured interval: 1 s)
22:37:00.826 Used memory: 1617006 KB
22:37:00.826 Players: 0 in total
22:37:01.841 Average server FPS: 27.75 (measured interval: 1 s)
22:37:01.841 Used memory: 1616698 KB
22:37:01.841 Players: 0 in total
22:37:02.857 Average server FPS: 24.61 (measured interval: 1 s)
22:37:02.857 Used memory: 1616823 KB
22:37:02.857 Players: 0 in total
22:37:03.857 Average server FPS: 33.80 (measured interval: 1 s)
22:37:03.857 Used memory: 1616822 KB
22:37:03.857 Players: 0 in total
22:37:04.873 Average server FPS: 50.65 (measured interval: 1 s)
22:37:04.873 Used memory: 1616691 KB
22:37:04.873 Players: 0 in total
22:37:05.873 Average server FPS: 40.39 (measured interval: 1 s)
22:37:05.873 Used memory: 1616731 KB
22:37:05.873 Players: 0 in total
22:37:06.889 Average server FPS: 15.98 (measured interval: 1 s)
22:37:06.889 Used memory: 1616766 KB
22:37:06.889 Players: 0 in total
22:37:07.951 Average server FPS: 21.48 (measured interval: 1 s)
22:37:07.951 Used memory: 1617002 KB
22:37:07.951 Players: 0 in total
22:37:09.45 Average server FPS: 29.38 (measured interval: 1 s)
22:37:09.45 Used memory: 1618506 KB
22:37:09.45 Players: 0 in total
22:37:10.61 Average server FPS: 42.24 (measured interval: 1 s)
22:37:10.61 Used memory: 1617164 KB
22:37:10.61 Players: 0 in total
22:37:11.61 Average server FPS: 40.84 (measured interval: 1 s)
22:37:11.61 Used memory: 1617161 KB
22:37:11.61 Players: 0 in total
22:37:12.76 Average server FPS: 43.56 (measured interval: 1 s)
22:37:12.76 Used memory: 1617447 KB
22:37:12.76 Players: 0 in total
22:37:13.76 Average server FPS: 43.87 (measured interval: 1 s)
22:37:13.76 Used memory: 1617446 KB
22:37:13.76 Players: 0 in total
22:37:14.92 Average server FPS: 25.59 (measured interval: 1 s)
22:37:14.92 Used memory: 1617465 KB
22:37:14.92 Players: 0 in total
22:37:15.92 Average server FPS: 42.00 (measured interval: 1 s)
22:37:15.92 Used memory: 1618768 KB
22:37:15.92 Players: 0 in total
22:37:16.108 Average server FPS: 69.03 (measured interval: 1 s)
22:37:16.108 Used memory: 1618768 KB
22:37:16.108 Players: 0 in total
22:37:17.108 Average server FPS: 31.00 (measured interval: 1 s)
22:37:17.108 Used memory: 1619108 KB
22:37:17.108 Players: 0 in total
22:37:18.123 Average server FPS: 57.26 (measured interval: 1 s)
22:37:18.123 Used memory: 1619105 KB
22:37:18.123 Players: 0 in total
22:37:19.130 Average server FPS: 50.00 (measured interval: 1 s)
22:37:19.130 Used memory: 1619107 KB
22:37:19.130 Players: 0 in total
22:37:20.233 Average server FPS: 52.44 (measured interval: 1 s)
22:37:20.233 Used memory: 1619307 KB
22:37:20.233 Players: 0 in total
22:37:21.233 Average server FPS: 32.93 (measured interval: 1 s)
22:37:21.233 Used memory: 1619219 KB
22:37:21.233 Players: 0 in total
22:37:22.234 Average server FPS: 32.93 (measured interval: 1 s)
22:37:22.234 Used memory: 1619230 KB
22:37:22.234 Players: 0 in total
22:37:23.249 Average server FPS: 39.49 (measured interval: 1 s)
22:37:23.249 Used memory: 1619230 KB
22:37:23.249 Players: 0 in total
22:37:24.264 Average server FPS: 23.67 (measured interval: 1 s)
22:37:24.264 Used memory: 1619376 KB
22:37:24.264 Players: 0 in total
22:37:25.280 Average server FPS: 22.59 (measured interval: 1 s)
22:37:25.280 Used memory: 1619644 KB
22:37:25.280 Players: 0 in total
22:37:26.296 Average server FPS: 42.03 (measured interval: 1 s)
22:37:26.296 Used memory: 1619436 KB
22:37:26.296 Players: 0 in total
22:37:27.311 Average server FPS: 13.82 (measured interval: 1 s)
22:37:27.311 Used memory: 1619414 KB
22:37:27.311 Players: 0 in total
22:37:28.327 Average server FPS: 34.52 (measured interval: 1 s)
22:37:28.327 Used memory: 1619406 KB
22:37:28.327 Players: 0 in total
22:37:29.327 Average server FPS: 44.69 (measured interval: 1 s)
22:37:29.327 Used memory: 1619406 KB
22:37:29.327 Players: 0 in total
22:37:30.359 Average server FPS: 42.20 (measured interval: 1 s)
22:37:30.359 Used memory: 1619413 KB
22:37:30.359 Players: 0 in total
22:37:31.358 Average server FPS: 42.83 (measured interval: 1 s)
22:37:31.358 Used memory: 1619413 KB
22:37:31.358 Players: 0 in total
22:37:32.358 Average server FPS: 71.50 (measured interval: 1 s)
22:37:32.358 Used memory: 1619477 KB
22:37:32.374 Players: 0 in total
22:37:33.374 Average server FPS: 215.35 (measured interval: 1 s)
22:37:33.374 Used memory: 1619669 KB
22:37:33.374 Players: 0 in total
22:37:34.374 Average server FPS: 232.90 (measured interval: 1 s)
22:37:34.374 Used memory: 1619667 KB
22:37:34.374 Players: 0 in total
22:37:35.374 Average server FPS: 72.93 (measured interval: 1 s)
22:37:35.374 Used memory: 1619668 KB
22:37:35.374 Players: 0 in total
22:37:36.374 Average server FPS: 114.77 (measured interval: 1 s)
22:37:36.374 Used memory: 1619674 KB
22:37:36.374 Players: 0 in total
22:37:37.374 Average server FPS: 485.00 (measured interval: 1 s)
22:37:37.374 Used memory: 1619679 KB
22:37:37.374 Players: 0 in total
22:37:38.375 Average server FPS: 393.00 (measured interval: 1 s)
22:37:38.375 Used memory: 1619679 KB
22:37:38.375 Players: 0 in total
22:37:39.374 Average server FPS: 302.09 (measured interval: 1 s)
22:37:39.374 Used memory: 1619682 KB
22:37:39.374 Players: 0 in total
22:37:40.390 Average server FPS: 83.99 (measured interval: 1 s)
22:37:40.390 Used memory: 1619712 KB
22:37:40.390 Players: 0 in total
22:37:41.406 Average server FPS: 35.43 (measured interval: 1 s)
22:37:41.406 Used memory: 1619768 KB
22:37:41.406 Players: 0 in total
22:37:42.499 Average server FPS: 23.94 (measured interval: 1 s)
22:37:42.499 Used memory: 1619768 KB
22:37:42.499 Players: 0 in total
22:37:43.499 Average server FPS: 23.88 (measured interval: 1 s)
22:37:43.499 Used memory: 1619781 KB
22:37:43.499 Players: 0 in total
22:37:44.531 Average server FPS: 21.32 (measured interval: 1 s)
22:37:44.531 Used memory: 1619789 KB
22:37:44.546 Players: 0 in total
22:37:45.578 Average server FPS: 30.56 (measured interval: 1 s)
22:37:45.578 Used memory: 1619938 KB
22:37:45.578 Players: 0 in total
22:37:46.578 Average server FPS: 46.00 (measured interval: 1 s)
22:37:46.578 Used memory: 1619945 KB
22:37:46.578 Players: 0 in total
22:37:47.609 Average server FPS: 39.10 (measured interval: 1 s)
22:37:47.609 Used memory: 1619942 KB
22:37:47.609 Players: 0 in total
22:37:48.609 Average server FPS: 40.00 (measured interval: 1 s)
22:37:48.609 Used memory: 1619942 KB
22:37:48.609 Players: 0 in total
22:37:49.609 Average server FPS: 23.98 (measured interval: 1 s)
22:37:49.609 Used memory: 1620125 KB
22:37:49.609 Players: 0 in total
22:37:50.609 Average server FPS: 36.00 (measured interval: 1 s)
22:37:50.609 Used memory: 1620194 KB
22:37:50.609 Players: 0 in total
22:37:51.625 Average server FPS: 41.54 (measured interval: 1 s)
22:37:51.625 Used memory: 1620135 KB
22:37:51.625 Players: 0 in total
22:37:52.656 Average server FPS: 41.43 (measured interval: 1 s)
22:37:52.656 Used memory: 1620246 KB
22:37:52.656 Players: 0 in total
22:37:53.672 Average server FPS: 41.38 (measured interval: 1 s)
22:37:53.672 Used memory: 1620247 KB
22:37:53.672 Players: 0 in total
22:37:54.672 Average server FPS: 48.76 (measured interval: 1 s)
22:37:54.672 Used memory: 1620246 KB
22:37:54.672 Players: 0 in total
22:37:55.672 Average server FPS: 58.88 (measured interval: 1 s)
22:37:55.672 Used memory: 1620227 KB
22:37:55.672 Players: 0 in total
22:37:56.687 Average server FPS: 84.08 (measured interval: 1 s)
22:37:56.687 Used memory: 1620256 KB
22:37:56.687 Players: 0 in total
22:37:57.687 Average server FPS: 133.60 (measured interval: 1 s)
22:37:57.687 Used memory: 1620236 KB
22:37:57.687 Players: 0 in total
22:37:58.704 Average server FPS: 50.45 (measured interval: 1 s)
22:37:58.704 Used memory: 1620231 KB
22:37:58.704 Players: 0 in total
22:37:59.703 Average server FPS: 104.69 (measured interval: 1 s)
22:37:59.703 Used memory: 1620383 KB
22:37:59.703 Players: 0 in total
22:38:00.703 Average server FPS: 109.78 (measured interval: 1 s)
22:38:00.703 Used memory: 1620462 KB
22:38:00.703 Players: 0 in total
22:38:01.720 Average server FPS: 34.52 (measured interval: 1 s)
22:38:01.720 Used memory: 1620468 KB
22:38:01.720 Players: 0 in total
22:38:02.719 Average server FPS: 40.88 (measured interval: 1 s)
22:38:02.719 Used memory: 1620467 KB
22:38:02.719 Players: 0 in total
22:38:03.750 Average server FPS: 29.21 (measured interval: 1 s)
22:38:03.750 Used memory: 1620469 KB
22:38:03.750 Players: 0 in total
22:38:04.751 Average server FPS: 16.98 (measured interval: 1 s)
22:38:04.751 Used memory: 1620690 KB
22:38:04.751 Players: 0 in total
22:38:05.767 Average server FPS: 37.40 (measured interval: 1 s)
22:38:05.767 Used memory: 1620757 KB
22:38:05.767 Players: 0 in total
22:38:06.781 Average server FPS: 19.80 (measured interval: 1 s)
22:38:06.781 Used memory: 1622214 KB
22:38:06.781 Players: 0 in total
22:38:07.797 Average server FPS: 32.61 (measured interval: 1 s)
22:38:07.797 Used memory: 1621895 KB
22:38:07.797 Players: 0 in total
22:38:08.813 Average server FPS: 22.57 (measured interval: 1 s)
22:38:08.813 Used memory: 1622030 KB
22:38:08.813 Players: 0 in total
22:38:09.813 Average server FPS: 31.75 (measured interval: 1 s)
22:38:09.813 Used memory: 1622120 KB
22:38:09.813 Players: 0 in total
22:38:10.829 Average server FPS: 39.60 (measured interval: 1 s)
22:38:10.829 Used memory: 1622120 KB
22:38:10.829 Players: 0 in total
22:38:11.829 Average server FPS: 29.91 (measured interval: 1 s)
22:38:11.829 Used memory: 1622137 KB
22:38:11.829 Players: 0 in total
22:38:12.845 Average server FPS: 32.51 (measured interval: 1 s)
22:38:12.845 Used memory: 1622198 KB
22:38:12.845 Players: 0 in total
22:38:14.01 Average server FPS: 32.06 (measured interval: 1 s)
22:38:14.01 Used memory: 1622496 KB
22:38:14.01 Players: 0 in total
22:38:15.32 Average server FPS: 28.18 (measured interval: 1 s)
22:38:15.32 Used memory: 1622449 KB
22:38:15.32 Players: 0 in total
22:38:16.48 Average server FPS: 37.22 (measured interval: 1 s)
22:38:16.48 Used memory: 1622451 KB
22:38:16.48 Players: 0 in total
22:38:17.110 Average server FPS: 25.30 (measured interval: 1 s)
22:38:17.110 Used memory: 1622645 KB
22:38:17.110 Players: 0 in total
22:38:18.126 Average server FPS: 39.60 (measured interval: 1 s)
22:38:18.126 Used memory: 1622646 KB
22:38:18.126 Players: 0 in total
22:38:19.126 Average server FPS: 54.78 (measured interval: 1 s)
22:38:19.126 Used memory: 1622648 KB
22:38:19.126 Players: 0 in total
22:38:20.141 Average server FPS: 53.20 (measured interval: 1 s)
22:38:20.141 Used memory: 1622725 KB
22:38:20.141 Players: 0 in total
22:38:21.173 Average server FPS: 57.56 (measured interval: 1 s)
22:38:21.173 Used memory: 1622723 KB
22:38:21.173 Players: 0 in total
22:38:22.173 Average server FPS: 47.76 (measured interval: 1 s)
22:38:22.173 Used memory: 1622723 KB
22:38:22.173 Players: 0 in total
22:38:23.192 Average server FPS: 44.20 (measured interval: 1 s)
22:38:23.192 Used memory: 1622722 KB
22:38:23.192 Players: 0 in total
22:38:24.204 Average server FPS: 31.84 (measured interval: 1 s)
22:38:24.204 Used memory: 1622723 KB
22:38:24.204 Players: 0 in total
22:38:25.205 Average server FPS: 42.96 (measured interval: 1 s)
22:38:25.205 Used memory: 1622664 KB
22:38:25.205 Players: 0 in total
22:38:26.204 Average server FPS: 39.92 (measured interval: 1 s)
22:38:26.204 Used memory: 1623185 KB
22:38:26.204 Players: 0 in total
22:38:27.220 Average server FPS: 38.39 (measured interval: 1 s)
22:38:27.220 Used memory: 1623157 KB
22:38:27.220 Players: 0 in total
22:38:28.236 Average server FPS: 33.60 (measured interval: 1 s)
22:38:28.236 Used memory: 1623139 KB
22:38:28.236 Players: 0 in total
22:38:29.251 Average server FPS: 43.35 (measured interval: 1 s)
22:38:29.251 Used memory: 1623099 KB
22:38:29.251 Players: 0 in total
22:38:30.251 Average server FPS: 40.71 (measured interval: 1 s)
22:38:30.251 Used memory: 1623065 KB
22:38:30.251 Players: 0 in total
22:38:31.251 Average server FPS: 35.00 (measured interval: 1 s)
22:38:31.251 Used memory: 1623064 KB
22:38:31.251 Players: 0 in total
22:38:32.298 Average server FPS: 25.94 (measured interval: 1 s)
22:38:32.298 Used memory: 1623065 KB
22:38:32.298 Players: 0 in total
22:38:33.314 Average server FPS: 12.72 (measured interval: 1 s)
22:38:33.314 Used memory: 1623328 KB
22:38:33.314 Players: 0 in total
22:38:34.330 Average server FPS: 26.63 (measured interval: 1 s)
22:38:34.330 Used memory: 1623325 KB
22:38:34.330 Players: 0 in total
22:38:35.345 Average server FPS: 17.75 (measured interval: 1 s)
22:38:35.345 Used memory: 1624060 KB
22:38:35.345 Players: 0 in total
22:38:36.361 Average server FPS: 28.60 (measured interval: 1 s)
22:38:36.361 Used memory: 1624044 KB
22:38:36.361 Players: 0 in total
22:38:37.392 Average server FPS: 28.07 (measured interval: 1 s)
22:38:37.392 Used memory: 1624058 KB
22:38:37.392 Players: 0 in total
22:38:38.392 Average server FPS: 39.80 (measured interval: 1 s)
22:38:38.392 Used memory: 1624059 KB
22:38:38.392 Players: 0 in total
22:38:39.392 Average server FPS: 42.87 (measured interval: 1 s)
22:38:39.392 Used memory: 1624060 KB
22:38:39.392 Players: 0 in total
22:38:40.408 Average server FPS: 43.69 (measured interval: 1 s)
22:38:40.408 Used memory: 1624093 KB
22:38:40.408 Players: 0 in total
22:38:41.424 Average server FPS: 50.10 (measured interval: 1 s)
22:38:41.424 Used memory: 1624140 KB
22:38:41.424 Players: 0 in total
22:38:42.533 Average server FPS: 45.09 (measured interval: 1 s)
22:38:42.533 Used memory: 1626062 KB
22:38:42.533 Players: 0 in total
22:38:43.549 Average server FPS: 46.53 (measured interval: 1 s)
22:38:43.549 Used memory: 1625724 KB
22:38:43.549 Players: 0 in total
22:38:44.611 Average server FPS: 26.37 (measured interval: 1 s)
22:38:44.611 Used memory: 1625725 KB
22:38:44.611 Players: 0 in total
22:38:45.627 Average server FPS: 50.15 (measured interval: 1 s)
22:38:45.627 Used memory: 1625725 KB
22:38:45.627 Players: 0 in total
22:38:46.627 Average server FPS: 48.66 (measured interval: 1 s)
22:38:46.627 Used memory: 1625836 KB
22:38:46.643 Players: 0 in total
22:38:47.627 Average server FPS: 47.90 (measured interval: 1 s)
22:38:47.627 Used memory: 1625898 KB
22:38:47.627 Players: 0 in total
22:38:48.643 Average server FPS: 30.82 (measured interval: 1 s)
22:38:48.643 Used memory: 1626077 KB
22:38:48.643 Players: 0 in total
22:38:49.643 Average server FPS: 47.81 (measured interval: 1 s)
22:38:49.643 Used memory: 1626073 KB
22:38:49.643 Players: 0 in total
22:38:50.658 Average server FPS: 42.24 (measured interval: 1 s)
22:38:50.658 Used memory: 1626074 KB
22:38:50.658 Players: 0 in total
22:38:51.721 Average server FPS: 15.00 (measured interval: 1 s)
22:38:51.721 Used memory: 1626088 KB
22:38:51.721 Players: 0 in total
22:38:52.736 Average server FPS: 39.53 (measured interval: 1 s)
22:38:52.736 Used memory: 1626088 KB
22:38:52.736 Players: 0 in total
22:38:53.737 Average server FPS: 23.88 (measured interval: 1 s)
22:38:53.737 Used memory: 1626424 KB
22:38:53.737 Players: 0 in total
22:38:54.752 Average server FPS: 30.91 (measured interval: 1 s)
22:38:54.752 Used memory: 1626420 KB
22:38:54.752 Players: 0 in total
22:38:55.783 Average server FPS: 27.88 (measured interval: 1 s)
22:38:55.783 Used memory: 1626424 KB
22:38:55.783 Players: 0 in total
22:38:56.893 Average server FPS: 24.41 (measured interval: 1 s)
22:38:56.893 Used memory: 1626852 KB
22:38:56.893 Players: 0 in total
22:38:57.893 Average server FPS: 21.93 (measured interval: 1 s)
22:38:57.893 Used memory: 1626721 KB
22:38:57.893 Players: 0 in total
22:38:58.912 Average server FPS: 26.55 (measured interval: 1 s)
22:38:58.912 Used memory: 1626829 KB
22:38:58.912 Players: 0 in total
22:38:59.924 Average server FPS: 40.35 (measured interval: 1 s)
22:38:59.924 Used memory: 1626797 KB
22:38:59.924 Players: 0 in total
22:39:00.940 Average server FPS: 36.63 (measured interval: 1 s)
22:39:00.940 Used memory: 1626799 KB
22:39:00.940 Players: 0 in total
22:39:01.956 Average server FPS: 38.54 (measured interval: 1 s)
22:39:01.956 Used memory: 1626771 KB
22:39:01.956 Players: 0 in total
22:39:02.956 Average server FPS: 31.84 (measured interval: 1 s)
22:39:02.956 Used memory: 1627552 KB
22:39:02.956 Players: 0 in total
22:39:03.956 Average server FPS: 41.71 (measured interval: 1 s)
22:39:03.956 Used memory: 1627096 KB
22:39:03.971 Players: 0 in total
22:39:04.972 Average server FPS: 38.88 (measured interval: 1 s)
22:39:04.972 Used memory: 1627132 KB
22:39:04.972 Players: 0 in total
22:39:05.987 Average server FPS: 35.19 (measured interval: 1 s)
22:39:05.987 Used memory: 1627132 KB
22:39:05.987 Players: 0 in total
22:39:07.03 Average server FPS: 38.20 (measured interval: 1 s)
22:39:07.18 Used memory: 1627244 KB
22:39:07.18 Players: 0 in total
22:39:08.18 Average server FPS: 50.35 (measured interval: 1 s)
22:39:08.18 Used memory: 1627243 KB
22:39:08.18 Players: 0 in total
22:39:09.18 Average server FPS: 56.94 (measured interval: 1 s)
22:39:09.18 Used memory: 1627273 KB
22:39:09.18 Players: 0 in total
22:39:10.36 Average server FPS: 34.79 (measured interval: 1 s)
22:39:10.36 Used memory: 1627307 KB
22:39:10.36 Players: 0 in total
22:39:11.35 Average server FPS: 50.90 (measured interval: 1 s)
22:39:11.35 Used memory: 1627490 KB
22:39:11.35 Players: 0 in total
22:39:12.81 Average server FPS: 43.60 (measured interval: 1 s)
22:39:12.81 Used memory: 1627490 KB
22:39:12.81 Players: 0 in total
22:39:13.101 Average server FPS: 13.92 (measured interval: 1 s)
22:39:13.101 Used memory: 1627579 KB
22:39:13.101 Players: 0 in total
22:39:14.175 Average server FPS: 16.68 (measured interval: 1 s)
22:39:14.175 Used memory: 1627573 KB
22:39:14.175 Players: 0 in total
22:39:15.206 Average server FPS: 25.89 (measured interval: 1 s)
22:39:15.206 Used memory: 1627645 KB
22:39:15.206 Players: 0 in total
22:39:16.237 Average server FPS: 29.35 (measured interval: 1 s)
22:39:16.237 Used memory: 1627719 KB
22:39:16.237 Players: 0 in total
22:39:17.237 Average server FPS: 35.86 (measured interval: 1 s)
22:39:17.237 Used memory: 1627719 KB
22:39:17.237 Players: 0 in total
22:39:18.269 Average server FPS: 26.44 (measured interval: 1 s)
22:39:18.269 Used memory: 1627886 KB
22:39:18.269 Players: 0 in total
22:39:19.316 Average server FPS: 37.04 (measured interval: 1 s)
22:39:19.316 Used memory: 1628128 KB
22:39:19.316 Players: 0 in total
22:39:20.331 Average server FPS: 26.60 (measured interval: 1 s)
22:39:20.331 Used memory: 1627996 KB
22:39:20.331 Players: 0 in total
22:39:21.347 Average server FPS: 47.29 (measured interval: 1 s)
22:39:21.347 Used memory: 1627996 KB
22:39:21.347 Players: 0 in total
22:39:22.363 Average server FPS: 31.28 (measured interval: 1 s)
22:39:22.363 Used memory: 1629217 KB
22:39:22.363 Players: 0 in total
22:39:23.410 Average server FPS: 45.37 (measured interval: 1 s)
22:39:23.410 Used memory: 1629497 KB
22:39:23.410 Players: 0 in total
22:39:24.425 Average server FPS: 39.14 (measured interval: 1 s)
