---------------------------------------------
ServerPanel log started at 08.01.2020 20:54:56

08.01.2020 20:54:56 [ServerPanelLogger]: INFO: Will try to create ServerPanel log file in $profile:
08.01.2020 20:54:56 [ServerPanelConfig]: Reading Server Config
08.01.2020 20:54:56 [ServerPanelConfig]: ConfigRequest
08.01.2020 20:57:36 [ServerPanelI]: [Odin] Dome (561TemQCFUaM1rSdOBda_P5UGkFkBL-W-zJ8Z2tpsmw=) - Config sync
08.01.2020 20:58:19 [ServerPanelI]: Raven (hKIheCYunLnZq-aYvYv_kNZUQVGimjzZE9b5ehtsRzA=) - Config sync
08.01.2020 21:01:00 [ServerPanelI]: OssiFant (0Hcy3-f1MHOMqKR75_5CSpKlqxTACPtuGyGB3aTI5v4=) - Config sync
08.01.2020 21:01:30 [ServerPanelI]: Dschulsii (fS7SJlvinpCIb0lnEZV83X-YcwrE5Sz5-_sqIrfDs24=) - Config sync
08.01.2020 21:02:34 [ServerPanelI]: Final217 (P7oFhzN_WwulmiTJjeoZALwr_3023S-sJLGCsP6UDVM=) - Config sync
08.01.2020 21:10:56 [ServerPanelI]: Final217 (P7oFhzN_WwulmiTJjeoZALwr_3023S-sJLGCsP6UDVM=) - Player Stats sync
08.01.2020 21:14:52 [ServerPanelI]: Sascha Klein (Gk2SIrwdYtX4YlRdPKXFbhCgAf8ksmvLtPLzSOEa0_Q=) - Config sync
08.01.2020 21:16:57 [ServerPanelI]: [Odin] Dome (561TemQCFUaM1rSdOBda_P5UGkFkBL-W-zJ8Z2tpsmw=) - Player Stats sync
08.01.2020 21:29:13 [ServerPanelI]: Hannibal (-7sfCCDmzSwLSEYa4ZkpMYIxsZV0DW3c5ge_mVbdK-Q=) - Config sync
08.01.2020 21:35:03 [ServerPanelI]: [Odin] Dome (561TemQCFUaM1rSdOBda_P5UGkFkBL-W-zJ8Z2tpsmw=) - Player Stats sync
08.01.2020 21:35:05 [ServerPanelI]: Siege2k (1VjXpHrxoEOuo-hTZuRmzJYcA3NLzCVGWRfWfKOvDWA=) - Config sync
08.01.2020 21:35:06 [ServerPanelI]: [Odin] Dome (561TemQCFUaM1rSdOBda_P5UGkFkBL-W-zJ8Z2tpsmw=) - Player Stats sync
08.01.2020 21:36:03 [ServerPanelI]: Siege2k (1VjXpHrxoEOuo-hTZuRmzJYcA3NLzCVGWRfWfKOvDWA=) - Config sync
08.01.2020 21:38:13 [ServerPanelI]: Siege2k (1VjXpHrxoEOuo-hTZuRmzJYcA3NLzCVGWRfWfKOvDWA=) - Config sync
08.01.2020 21:46:58 [ServerPanelI]: Siege2k (1VjXpHrxoEOuo-hTZuRmzJYcA3NLzCVGWRfWfKOvDWA=) - Config sync
08.01.2020 21:52:12 [ServerPanelI]: Siege2k (1VjXpHrxoEOuo-hTZuRmzJYcA3NLzCVGWRfWfKOvDWA=) - Config sync
08.01.2020 21:54:56 [ServerPanelI]: Siege2k (1VjXpHrxoEOuo-hTZuRmzJYcA3NLzCVGWRfWfKOvDWA=) - Config sync
08.01.2020 22:07:00 [ServerPanelI]: OssiFant (0Hcy3-f1MHOMqKR75_5CSpKlqxTACPtuGyGB3aTI5v4=) - Config sync
08.01.2020 22:12:21 [ServerPanelI]: Siege2k (1VjXpHrxoEOuo-hTZuRmzJYcA3NLzCVGWRfWfKOvDWA=) - Config sync
08.01.2020 22:14:20 [ServerPanelI]: Siege2k (1VjXpHrxoEOuo-hTZuRmzJYcA3NLzCVGWRfWfKOvDWA=) - Config sync
08.01.2020 22:16:50 [ServerPanelI]: Siege2k (1VjXpHrxoEOuo-hTZuRmzJYcA3NLzCVGWRfWfKOvDWA=) - Config sync
08.01.2020 22:16:54 [ServerPanelI]: Final217 (P7oFhzN_WwulmiTJjeoZALwr_3023S-sJLGCsP6UDVM=) - Player Stats sync
08.01.2020 22:16:58 [ServerPanelI]: Raven (hKIheCYunLnZq-aYvYv_kNZUQVGimjzZE9b5ehtsRzA=) - Player Stats sync
08.01.2020 22:19:04 [ServerPanelI]: Hannibal (-7sfCCDmzSwLSEYa4ZkpMYIxsZV0DW3c5ge_mVbdK-Q=) - Config sync
08.01.2020 22:19:55 [ServerPanelI]: Siege2k (1VjXpHrxoEOuo-hTZuRmzJYcA3NLzCVGWRfWfKOvDWA=) - Config sync
08.01.2020 22:23:46 [ServerPanelI]: Siege2k (1VjXpHrxoEOuo-hTZuRmzJYcA3NLzCVGWRfWfKOvDWA=) - Config sync
08.01.2020 22:29:08 [ServerPanelI]: Hannibal (-7sfCCDmzSwLSEYa4ZkpMYIxsZV0DW3c5ge_mVbdK-Q=) - Config sync
08.01.2020 22:40:04 [ServerPanelI]: OssiFant (0Hcy3-f1MHOMqKR75_5CSpKlqxTACPtuGyGB3aTI5v4=) - Config sync
08.01.2020 23:04:21 [ServerPanelI]: Siege2k (1VjXpHrxoEOuo-hTZuRmzJYcA3NLzCVGWRfWfKOvDWA=) - Config sync
08.01.2020 23:09:46 [ServerPanelI]: Siege2k (1VjXpHrxoEOuo-hTZuRmzJYcA3NLzCVGWRfWfKOvDWA=) - Config sync
08.01.2020 23:14:54 [ServerPanelI]: Siege2k (1VjXpHrxoEOuo-hTZuRmzJYcA3NLzCVGWRfWfKOvDWA=) - Config sync
08.01.2020 23:17:05 [ServerPanelI]: Siege2k (1VjXpHrxoEOuo-hTZuRmzJYcA3NLzCVGWRfWfKOvDWA=) - Config sync
08.01.2020 23:23:25 [ServerPanelI]: Siege2k (1VjXpHrxoEOuo-hTZuRmzJYcA3NLzCVGWRfWfKOvDWA=) - Config sync
08.01.2020 23:39:44 [ServerPanelI]: Siege2k (1VjXpHrxoEOuo-hTZuRmzJYcA3NLzCVGWRfWfKOvDWA=) - Config sync
08.01.2020 23:45:23 [ServerPanelI]: Siege2k (1VjXpHrxoEOuo-hTZuRmzJYcA3NLzCVGWRfWfKOvDWA=) - Config sync
09.01.2020 00:22:18 [ServerPanelI]: Raven (hKIheCYunLnZq-aYvYv_kNZUQVGimjzZE9b5ehtsRzA=) - Player Stats sync
09.01.2020 00:22:30 [ServerPanelI]: Siege2k (1VjXpHrxoEOuo-hTZuRmzJYcA3NLzCVGWRfWfKOvDWA=) - Player Stats sync
09.01.2020 00:28:22 [ServerPanelI]: Siege2k (1VjXpHrxoEOuo-hTZuRmzJYcA3NLzCVGWRfWfKOvDWA=) - Player Stats sync
09.01.2020 00:44:50 [ServerPanelI]: Hannibal (-7sfCCDmzSwLSEYa4ZkpMYIxsZV0DW3c5ge_mVbdK-Q=) - Config sync
09.01.2020 11:06:42 [ServerPanelI]: Hannibal (-7sfCCDmzSwLSEYa4ZkpMYIxsZV0DW3c5ge_mVbdK-Q=) - Config sync
09.01.2020 11:46:29 [ServerPanelI]: Hannibal (-7sfCCDmzSwLSEYa4ZkpMYIxsZV0DW3c5ge_mVbdK-Q=) - Config sync
09.01.2020 12:30:06 [ServerPanelI]: Final217 (P7oFhzN_WwulmiTJjeoZALwr_3023S-sJLGCsP6UDVM=) - Config sync
09.01.2020 12:31:53 [ServerPanelI]: Final217 (P7oFhzN_WwulmiTJjeoZALwr_3023S-sJLGCsP6UDVM=) - Player Stats sync
09.01.2020 12:48:34 [ServerPanelI]: Raven (hKIheCYunLnZq-aYvYv_kNZUQVGimjzZE9b5ehtsRzA=) - Config sync
09.01.2020 12:56:07 [ServerPanelI]: Final217 (P7oFhzN_WwulmiTJjeoZALwr_3023S-sJLGCsP6UDVM=) - Player Stats sync
09.01.2020 13:17:14 [ServerPanelI]: Hannibal (-7sfCCDmzSwLSEYa4ZkpMYIxsZV0DW3c5ge_mVbdK-Q=) - Config sync
09.01.2020 13:27:00 [ServerPanelI]: Raven (hKIheCYunLnZq-aYvYv_kNZUQVGimjzZE9b5ehtsRzA=) - Config sync
09.01.2020 13:50:45 [ServerPanelI]: Final217 (P7oFhzN_WwulmiTJjeoZALwr_3023S-sJLGCsP6UDVM=) - Config sync
09.01.2020 14:17:51 [ServerPanelI]: Final217 (P7oFhzN_WwulmiTJjeoZALwr_3023S-sJLGCsP6UDVM=) - Config sync
09.01.2020 14:17:58 [ServerPanelI]: Hannibal (-7sfCCDmzSwLSEYa4ZkpMYIxsZV0DW3c5ge_mVbdK-Q=) - Config sync
09.01.2020 14:19:33 [ServerPanelI]: Raven (hKIheCYunLnZq-aYvYv_kNZUQVGimjzZE9b5ehtsRzA=) - Config sync
09.01.2020 14:24:11 [ServerPanelI]: Final217 (P7oFhzN_WwulmiTJjeoZALwr_3023S-sJLGCsP6UDVM=) - Config sync
09.01.2020 15:12:46 [ServerPanelI]: Hannibal (-7sfCCDmzSwLSEYa4ZkpMYIxsZV0DW3c5ge_mVbdK-Q=) - Player Stats sync
09.01.2020 15:12:52 [ServerPanelI]: Hannibal (-7sfCCDmzSwLSEYa4ZkpMYIxsZV0DW3c5ge_mVbdK-Q=) - Player Stats sync
09.01.2020 16:02:01 [ServerPanelI]: PikaPika (NbldA2pyNfmHG2dTP7teIAuqZcst9jSsznSjiTkzuK4=) - Config sync
09.01.2020 16:07:26 [ServerPanelI]: PikaPika (NbldA2pyNfmHG2dTP7teIAuqZcst9jSsznSjiTkzuK4=) - Config sync
09.01.2020 17:03:13 [ServerPanelI]: Raven (hKIheCYunLnZq-aYvYv_kNZUQVGimjzZE9b5ehtsRzA=) - Config sync
09.01.2020 17:14:46 [ServerPanelI]: PikaPika (NbldA2pyNfmHG2dTP7teIAuqZcst9jSsznSjiTkzuK4=) - Config sync
09.01.2020 17:24:08 [ServerPanelI]: Raven (hKIheCYunLnZq-aYvYv_kNZUQVGimjzZE9b5ehtsRzA=) - Config sync
09.01.2020 17:30:33 [ServerPanelI]: [Odin] Dome (561TemQCFUaM1rSdOBda_P5UGkFkBL-W-zJ8Z2tpsmw=) - Config sync
09.01.2020 17:35:44 [ServerPanelI]: [Odin] Dome (561TemQCFUaM1rSdOBda_P5UGkFkBL-W-zJ8Z2tpsmw=) - Player Stats sync
09.01.2020 17:36:17 [ServerPanelI]: PikaPika (NbldA2pyNfmHG2dTP7teIAuqZcst9jSsznSjiTkzuK4=) - Config sync
09.01.2020 17:48:14 [ServerPanelI]: [Odin] Dome (561TemQCFUaM1rSdOBda_P5UGkFkBL-W-zJ8Z2tpsmw=) - Config sync
09.01.2020 18:06:11 [ServerPanelI]: [Odin] Dome (561TemQCFUaM1rSdOBda_P5UGkFkBL-W-zJ8Z2tpsmw=) - Config sync
09.01.2020 18:10:52 [ServerPanelI]: [Odin] Dome (561TemQCFUaM1rSdOBda_P5UGkFkBL-W-zJ8Z2tpsmw=) - Config sync
