---------------------------------------------
ServerPanel log started at 31.12.2019 12:46:18

31.12.2019 12:46:18 [ServerPanelLogger]: INFO: Will try to create ServerPanel log file in $profile:
31.12.2019 12:46:18 [ServerPanelConfig]: Reading Server Config
31.12.2019 12:46:18 [ServerPanelConfig]: ConfigRequest
31.12.2019 12:50:00 [ServerPanelI]: Survivor (Gk2SIrwdYtX4YlRdPKXFbhCgAf8ksmvLtPLzSOEa0_Q=) - Config sync
31.12.2019 12:55:46 [ServerPanelI]: [Odin] Dome (561TemQCFUaM1rSdOBda_P5UGkFkBL-W-zJ8Z2tpsmw=) - Config sync
31.12.2019 13:00:49 [ServerPanelI]: Survivor (P7oFhzN_WwulmiTJjeoZALwr_3023S-sJLGCsP6UDVM=) - Config sync
31.12.2019 13:02:43 [ServerPanelI]: Raven (hKIheCYunLnZq-aYvYv_kNZUQVGimjzZE9b5ehtsRzA=) - Config sync
31.12.2019 13:04:45 [ServerPanelI]: Survivor (P7oFhzN_WwulmiTJjeoZALwr_3023S-sJLGCsP6UDVM=) - Player Stats sync
31.12.2019 13:07:15 [ServerPanelI]: [Odin] Dome (561TemQCFUaM1rSdOBda_P5UGkFkBL-W-zJ8Z2tpsmw=) - Player Stats sync
31.12.2019 13:07:17 [ServerPanelI]: Raven (hKIheCYunLnZq-aYvYv_kNZUQVGimjzZE9b5ehtsRzA=) - Player Stats sync
31.12.2019 13:18:20 [ServerPanelI]: PikaPika (NbldA2pyNfmHG2dTP7teIAuqZcst9jSsznSjiTkzuK4=) - Config sync
31.12.2019 13:27:31 [ServerPanelI]: Survivor (P7oFhzN_WwulmiTJjeoZALwr_3023S-sJLGCsP6UDVM=) - Player Stats sync
31.12.2019 13:45:34 [ServerPanelI]: Survivor (2) (Gk2SIrwdYtX4YlRdPKXFbhCgAf8ksmvLtPLzSOEa0_Q=) - Config sync
31.12.2019 13:50:54 [ServerPanelI]: Survivor (2) (Gk2SIrwdYtX4YlRdPKXFbhCgAf8ksmvLtPLzSOEa0_Q=) - Config sync
31.12.2019 13:57:16 [ServerPanelI]: Raven (hKIheCYunLnZq-aYvYv_kNZUQVGimjzZE9b5ehtsRzA=) - Player Stats sync
31.12.2019 14:03:53 [ServerPanelI]: Survivor (2) (Gk2SIrwdYtX4YlRdPKXFbhCgAf8ksmvLtPLzSOEa0_Q=) - Config sync
31.12.2019 14:18:31 [ServerPanelI]: [Odin] Dome (561TemQCFUaM1rSdOBda_P5UGkFkBL-W-zJ8Z2tpsmw=) - Player Stats sync
31.12.2019 14:29:18 [ServerPanelI]: [Odin] Lockett (HXQAqHypeDoPr-xV-C9rWVSW52U8iPXPMA2Du4upLGQ=) - Config sync
31.12.2019 14:33:42 [ServerPanelI]: Survivor (P7oFhzN_WwulmiTJjeoZALwr_3023S-sJLGCsP6UDVM=) - Config sync
31.12.2019 14:37:50 [ServerPanelI]: Survivor (2) (Gk2SIrwdYtX4YlRdPKXFbhCgAf8ksmvLtPLzSOEa0_Q=) - Config sync
31.12.2019 15:15:09 [ServerPanelI]: Survivor (P7oFhzN_WwulmiTJjeoZALwr_3023S-sJLGCsP6UDVM=) - Config sync
31.12.2019 15:20:11 [ServerPanelI]: Survivor (P7oFhzN_WwulmiTJjeoZALwr_3023S-sJLGCsP6UDVM=) - Player Stats sync
31.12.2019 15:20:28 [ServerPanelI]: Survivor (P7oFhzN_WwulmiTJjeoZALwr_3023S-sJLGCsP6UDVM=) - Player Stats sync
31.12.2019 15:49:19 [ServerPanelI]: Survivor (P7oFhzN_WwulmiTJjeoZALwr_3023S-sJLGCsP6UDVM=) - Config sync
31.12.2019 16:00:57 [ServerPanelI]: PikaPika (NbldA2pyNfmHG2dTP7teIAuqZcst9jSsznSjiTkzuK4=) - Config sync
31.12.2019 16:37:59 [ServerPanelI]: Survivor (P7oFhzN_WwulmiTJjeoZALwr_3023S-sJLGCsP6UDVM=) - Config sync
31.12.2019 16:41:36 [ServerPanelI]: [Odin] Dome (561TemQCFUaM1rSdOBda_P5UGkFkBL-W-zJ8Z2tpsmw=) - Config sync
31.12.2019 16:41:51 [ServerPanelI]: [Odin] Dome (561TemQCFUaM1rSdOBda_P5UGkFkBL-W-zJ8Z2tpsmw=) - Player Stats sync
31.12.2019 16:46:56 [ServerPanelI]: Survivor (P7oFhzN_WwulmiTJjeoZALwr_3023S-sJLGCsP6UDVM=) - Player Stats sync
31.12.2019 17:42:07 [ServerPanelI]: [Odin] Dome (561TemQCFUaM1rSdOBda_P5UGkFkBL-W-zJ8Z2tpsmw=) - Config sync
31.12.2019 17:48:06 [ServerPanelI]: Survivor (P7oFhzN_WwulmiTJjeoZALwr_3023S-sJLGCsP6UDVM=) - Config sync
31.12.2019 18:03:39 [ServerPanelI]: [Odin] Dome (561TemQCFUaM1rSdOBda_P5UGkFkBL-W-zJ8Z2tpsmw=) - Config sync
31.12.2019 18:04:16 [ServerPanelI]: TechnoBeatz (2Is6m34acX7ZcjOPUsRpqYmKIJrWsjbqGZ8CQetbZFA=) - Config sync
31.12.2019 18:24:51 [ServerPanelI]: PikaPika (NbldA2pyNfmHG2dTP7teIAuqZcst9jSsznSjiTkzuK4=) - Config sync
31.12.2019 18:27:19 [ServerPanelI]: [Odin] Dome (561TemQCFUaM1rSdOBda_P5UGkFkBL-W-zJ8Z2tpsmw=) - Config sync
31.12.2019 18:27:48 [ServerPanelI]: Survivor (P7oFhzN_WwulmiTJjeoZALwr_3023S-sJLGCsP6UDVM=) - Config sync
31.12.2019 18:33:41 [ServerPanelI]: Survivor (P7oFhzN_WwulmiTJjeoZALwr_3023S-sJLGCsP6UDVM=) - Config sync
31.12.2019 18:36:33 [ServerPanelI]: [Odin] Dome (561TemQCFUaM1rSdOBda_P5UGkFkBL-W-zJ8Z2tpsmw=) - Config sync
31.12.2019 18:43:08 [ServerPanelI]: [Odin] Dome (561TemQCFUaM1rSdOBda_P5UGkFkBL-W-zJ8Z2tpsmw=) - Config sync
31.12.2019 18:49:53 [ServerPanelI]: [Odin] Lockett (HXQAqHypeDoPr-xV-C9rWVSW52U8iPXPMA2Du4upLGQ=) - Player Stats sync
31.12.2019 18:49:58 [ServerPanelI]: PikaPika (NbldA2pyNfmHG2dTP7teIAuqZcst9jSsznSjiTkzuK4=) - Player Stats sync
31.12.2019 18:51:36 [ServerPanelI]: Survivor (P7oFhzN_WwulmiTJjeoZALwr_3023S-sJLGCsP6UDVM=) - Config sync
31.12.2019 18:58:45 [ServerPanelI]: [Odin] Lockett (HXQAqHypeDoPr-xV-C9rWVSW52U8iPXPMA2Du4upLGQ=) - Config sync
31.12.2019 19:09:13 [ServerPanelI]: Survivor (P7oFhzN_WwulmiTJjeoZALwr_3023S-sJLGCsP6UDVM=) - Player Stats sync
31.12.2019 19:09:14 [ServerPanelI]: [Odin] Lockett (HXQAqHypeDoPr-xV-C9rWVSW52U8iPXPMA2Du4upLGQ=) - Player Stats sync
31.12.2019 19:59:06 [ServerPanelI]: Survivor (P7oFhzN_WwulmiTJjeoZALwr_3023S-sJLGCsP6UDVM=) - Player Stats sync
31.12.2019 20:14:03 [ServerPanelI]: [Odin] Dome (561TemQCFUaM1rSdOBda_P5UGkFkBL-W-zJ8Z2tpsmw=) - Config sync
31.12.2019 20:52:25 [ServerPanelI]: Raven (hKIheCYunLnZq-aYvYv_kNZUQVGimjzZE9b5ehtsRzA=) - Config sync
31.12.2019 21:13:10 [ServerPanelI]: Survivor (P7oFhzN_WwulmiTJjeoZALwr_3023S-sJLGCsP6UDVM=) - Player Stats sync
31.12.2019 21:13:11 [ServerPanelI]: [Odin] Lockett (HXQAqHypeDoPr-xV-C9rWVSW52U8iPXPMA2Du4upLGQ=) - Player Stats sync
31.12.2019 21:13:41 [ServerPanelI]: Survivor (P7oFhzN_WwulmiTJjeoZALwr_3023S-sJLGCsP6UDVM=) - Player Stats sync
31.12.2019 21:22:26 [ServerPanelI]: [Odin] Lockett (HXQAqHypeDoPr-xV-C9rWVSW52U8iPXPMA2Du4upLGQ=) - Player Stats sync
31.12.2019 21:26:06 [ServerPanelI]: Survivor (P7oFhzN_WwulmiTJjeoZALwr_3023S-sJLGCsP6UDVM=) - Player Stats sync
31.12.2019 21:26:11 [ServerPanelI]: Survivor (P7oFhzN_WwulmiTJjeoZALwr_3023S-sJLGCsP6UDVM=) - Player Stats sync
31.12.2019 21:27:58 [ServerPanelI]: [Odin] Dome (561TemQCFUaM1rSdOBda_P5UGkFkBL-W-zJ8Z2tpsmw=) - Config sync
31.12.2019 21:46:34 [ServerPanelI]: [Odin] Dome (561TemQCFUaM1rSdOBda_P5UGkFkBL-W-zJ8Z2tpsmw=) - Config sync
31.12.2019 22:22:22 [ServerPanelI]: Survivor (2) (Gk2SIrwdYtX4YlRdPKXFbhCgAf8ksmvLtPLzSOEa0_Q=) - Config sync
31.12.2019 22:35:19 [ServerPanelI]: Survivor (2) (Gk2SIrwdYtX4YlRdPKXFbhCgAf8ksmvLtPLzSOEa0_Q=) - Config sync
31.12.2019 22:42:41 [ServerPanelI]: Survivor (P7oFhzN_WwulmiTJjeoZALwr_3023S-sJLGCsP6UDVM=) - Player Stats sync
31.12.2019 22:43:08 [ServerPanelI]: [Odin] Lockett (HXQAqHypeDoPr-xV-C9rWVSW52U8iPXPMA2Du4upLGQ=) - Player Stats sync
31.12.2019 22:44:43 [ServerPanelI]: [Odin] Dome (561TemQCFUaM1rSdOBda_P5UGkFkBL-W-zJ8Z2tpsmw=) - Config sync
31.12.2019 22:47:38 [ServerPanelI]: Survivor (P7oFhzN_WwulmiTJjeoZALwr_3023S-sJLGCsP6UDVM=) - Config sync
31.12.2019 22:55:18 [ServerPanelI]: Survivor (P7oFhzN_WwulmiTJjeoZALwr_3023S-sJLGCsP6UDVM=) - Config sync
31.12.2019 23:01:52 [ServerPanelI]: Survivor (P7oFhzN_WwulmiTJjeoZALwr_3023S-sJLGCsP6UDVM=) - Player Stats sync
31.12.2019 23:18:37 [ServerPanelI]: Survivor (P7oFhzN_WwulmiTJjeoZALwr_3023S-sJLGCsP6UDVM=) - Player Stats sync
31.12.2019 23:18:44 [ServerPanelI]: [Odin] Lockett (HXQAqHypeDoPr-xV-C9rWVSW52U8iPXPMA2Du4upLGQ=) - Player Stats sync
01.01.2020 00:12:17 [ServerPanelI]: [Odin] Dome (561TemQCFUaM1rSdOBda_P5UGkFkBL-W-zJ8Z2tpsmw=) - Config sync
01.01.2020 00:24:51 [ServerPanelI]: [Odin] Dome (561TemQCFUaM1rSdOBda_P5UGkFkBL-W-zJ8Z2tpsmw=) - Config sync
01.01.2020 00:27:22 [ServerPanelI]: Survivor (P7oFhzN_WwulmiTJjeoZALwr_3023S-sJLGCsP6UDVM=) - Config sync
01.01.2020 00:27:51 [ServerPanelI]: Survivor (P7oFhzN_WwulmiTJjeoZALwr_3023S-sJLGCsP6UDVM=) - Player Stats sync
01.01.2020 00:32:02 [ServerPanelI]: [Odin] Lockett (HXQAqHypeDoPr-xV-C9rWVSW52U8iPXPMA2Du4upLGQ=) - Config sync
01.01.2020 00:46:41 [ServerPanelI]: [Odin] Dome (561TemQCFUaM1rSdOBda_P5UGkFkBL-W-zJ8Z2tpsmw=) - Player Stats sync
01.01.2020 00:51:41 [ServerPanelI]: [Odin] Lockett (HXQAqHypeDoPr-xV-C9rWVSW52U8iPXPMA2Du4upLGQ=) - Player Stats sync
01.01.2020 00:51:58 [ServerPanelI]: [Odin] Lockett (HXQAqHypeDoPr-xV-C9rWVSW52U8iPXPMA2Du4upLGQ=) - Player Stats sync
01.01.2020 00:52:13 [ServerPanelI]: Survivor (P7oFhzN_WwulmiTJjeoZALwr_3023S-sJLGCsP6UDVM=) - Config sync
01.01.2020 00:57:07 [ServerPanelI]: Survivor (P7oFhzN_WwulmiTJjeoZALwr_3023S-sJLGCsP6UDVM=) - Player Stats sync
01.01.2020 01:13:59 [ServerPanelI]: [Odin] Dome (561TemQCFUaM1rSdOBda_P5UGkFkBL-W-zJ8Z2tpsmw=) - Config sync
01.01.2020 01:16:15 [ServerPanelI]: [Odin] Dome (561TemQCFUaM1rSdOBda_P5UGkFkBL-W-zJ8Z2tpsmw=) - Config sync
01.01.2020 01:22:14 [ServerPanelI]: Survivor (2) (Gk2SIrwdYtX4YlRdPKXFbhCgAf8ksmvLtPLzSOEa0_Q=) - Config sync
01.01.2020 01:25:56 [ServerPanelI]: [Odin] Lockett (HXQAqHypeDoPr-xV-C9rWVSW52U8iPXPMA2Du4upLGQ=) - Config sync
01.01.2020 01:34:22 [ServerPanelI]: [Odin] Dome (561TemQCFUaM1rSdOBda_P5UGkFkBL-W-zJ8Z2tpsmw=) - Config sync
01.01.2020 01:40:30 [ServerPanelI]: Survivor (2) (Gk2SIrwdYtX4YlRdPKXFbhCgAf8ksmvLtPLzSOEa0_Q=) - Config sync
01.01.2020 01:52:23 [ServerPanelI]: [Odin] Lockett (HXQAqHypeDoPr-xV-C9rWVSW52U8iPXPMA2Du4upLGQ=) - Config sync
01.01.2020 02:05:31 [ServerPanelI]: Survivor (P7oFhzN_WwulmiTJjeoZALwr_3023S-sJLGCsP6UDVM=) - Config sync
01.01.2020 03:03:14 [ServerPanelI]: Survivor (P7oFhzN_WwulmiTJjeoZALwr_3023S-sJLGCsP6UDVM=) - Config sync
01.01.2020 04:46:22 [ServerPanelI]: Survivor (X7t2AxgfoPPsUQKdqOaG0HzsHZUtOY0-1dx5NkwsFxc=) - Config sync
01.01.2020 09:57:18 [ServerPanelI]: Final217 (P7oFhzN_WwulmiTJjeoZALwr_3023S-sJLGCsP6UDVM=) - Config sync
01.01.2020 10:01:19 [ServerPanelI]: Final217 (P7oFhzN_WwulmiTJjeoZALwr_3023S-sJLGCsP6UDVM=) - Player Stats sync
01.01.2020 11:47:52 [ServerPanelI]: [Odin] Dome (561TemQCFUaM1rSdOBda_P5UGkFkBL-W-zJ8Z2tpsmw=) - Config sync
01.01.2020 12:21:44 [ServerPanelI]: [Odin] Lockett (HXQAqHypeDoPr-xV-C9rWVSW52U8iPXPMA2Du4upLGQ=) - Config sync
01.01.2020 12:24:36 [ServerPanelI]: PikaPika (NbldA2pyNfmHG2dTP7teIAuqZcst9jSsznSjiTkzuK4=) - Config sync
01.01.2020 12:31:49 [ServerPanelI]: Raven (hKIheCYunLnZq-aYvYv_kNZUQVGimjzZE9b5ehtsRzA=) - Config sync
01.01.2020 12:49:32 [ServerPanelI]: [Odin] Dome (561TemQCFUaM1rSdOBda_P5UGkFkBL-W-zJ8Z2tpsmw=) - Config sync
01.01.2020 13:06:14 [ServerPanelI]: [Odin] Dome (561TemQCFUaM1rSdOBda_P5UGkFkBL-W-zJ8Z2tpsmw=) - Config sync
01.01.2020 13:19:29 [ServerPanelI]: PikaPika (NbldA2pyNfmHG2dTP7teIAuqZcst9jSsznSjiTkzuK4=) - Config sync
01.01.2020 13:19:43 [ServerPanelI]: Final217 (P7oFhzN_WwulmiTJjeoZALwr_3023S-sJLGCsP6UDVM=) - Player Stats sync
01.01.2020 13:21:07 [ServerPanelI]: Final217 (P7oFhzN_WwulmiTJjeoZALwr_3023S-sJLGCsP6UDVM=) - Player Stats sync
01.01.2020 13:31:49 [ServerPanelI]: Raven (hKIheCYunLnZq-aYvYv_kNZUQVGimjzZE9b5ehtsRzA=) - Config sync
01.01.2020 13:34:22 [ServerPanelI]: PikaPika (NbldA2pyNfmHG2dTP7teIAuqZcst9jSsznSjiTkzuK4=) - Config sync
01.01.2020 13:43:20 [ServerPanelI]: [Odin] Dome (561TemQCFUaM1rSdOBda_P5UGkFkBL-W-zJ8Z2tpsmw=) - Player Stats sync
01.01.2020 14:09:35 [ServerPanelI]: Final217 (P7oFhzN_WwulmiTJjeoZALwr_3023S-sJLGCsP6UDVM=) - Config sync
01.01.2020 14:42:00 [ServerPanelI]: [Odin] Dome (561TemQCFUaM1rSdOBda_P5UGkFkBL-W-zJ8Z2tpsmw=) - Config sync
01.01.2020 15:11:12 [ServerPanelI]: [Odin] Dome (561TemQCFUaM1rSdOBda_P5UGkFkBL-W-zJ8Z2tpsmw=) - Config sync
01.01.2020 15:35:53 [ServerPanelI]: Final217 (P7oFhzN_WwulmiTJjeoZALwr_3023S-sJLGCsP6UDVM=) - Config sync
01.01.2020 15:38:39 [ServerPanelI]: Final217 (P7oFhzN_WwulmiTJjeoZALwr_3023S-sJLGCsP6UDVM=) - Player Stats sync
01.01.2020 15:53:44 [ServerPanelI]: Final217 (P7oFhzN_WwulmiTJjeoZALwr_3023S-sJLGCsP6UDVM=) - Config sync
01.01.2020 16:10:00 [ServerPanelI]: PikaPika (NbldA2pyNfmHG2dTP7teIAuqZcst9jSsznSjiTkzuK4=) - Config sync
01.01.2020 16:17:51 [ServerPanelI]: [Odin] Dome (561TemQCFUaM1rSdOBda_P5UGkFkBL-W-zJ8Z2tpsmw=) - Config sync
01.01.2020 16:22:24 [ServerPanelI]: [Odin] Dome (561TemQCFUaM1rSdOBda_P5UGkFkBL-W-zJ8Z2tpsmw=) - Player Stats sync
01.01.2020 17:01:05 [ServerPanelI]: [Odin] Dome (561TemQCFUaM1rSdOBda_P5UGkFkBL-W-zJ8Z2tpsmw=) - Config sync
01.01.2020 17:43:05 [ServerPanelI]: Raven (hKIheCYunLnZq-aYvYv_kNZUQVGimjzZE9b5ehtsRzA=) - Config sync
01.01.2020 19:03:23 [ServerPanelI]: Jakl (1ep4EYRNc0msvgG19C-6p7psqdZOyxploZqSLoq14zw=) - Config sync
01.01.2020 19:12:08 [ServerPanelI]: Jakl (1ep4EYRNc0msvgG19C-6p7psqdZOyxploZqSLoq14zw=) - Config sync
01.01.2020 19:12:51 [ServerPanelI]: Jakl (1ep4EYRNc0msvgG19C-6p7psqdZOyxploZqSLoq14zw=) - Config sync
01.01.2020 19:15:35 [ServerPanelI]: Jakl (1ep4EYRNc0msvgG19C-6p7psqdZOyxploZqSLoq14zw=) - Config sync
01.01.2020 19:17:12 [ServerPanelI]: Jakl (1ep4EYRNc0msvgG19C-6p7psqdZOyxploZqSLoq14zw=) - Config sync
01.01.2020 19:31:53 [ServerPanelI]: [Odin] Lockett (HXQAqHypeDoPr-xV-C9rWVSW52U8iPXPMA2Du4upLGQ=) - Config sync
01.01.2020 19:38:56 [ServerPanelI]: Raven (hKIheCYunLnZq-aYvYv_kNZUQVGimjzZE9b5ehtsRzA=) - Config sync
01.01.2020 20:10:09 [ServerPanelI]: Jakl (1ep4EYRNc0msvgG19C-6p7psqdZOyxploZqSLoq14zw=) - Config sync
01.01.2020 20:11:27 [ServerPanelI]: Jakl (1ep4EYRNc0msvgG19C-6p7psqdZOyxploZqSLoq14zw=) - Config sync
01.01.2020 20:26:27 [ServerPanelI]: Jakl (1ep4EYRNc0msvgG19C-6p7psqdZOyxploZqSLoq14zw=) - Config sync
01.01.2020 20:46:20 [ServerPanelI]: Jakl (1ep4EYRNc0msvgG19C-6p7psqdZOyxploZqSLoq14zw=) - Config sync
01.01.2020 20:50:57 [ServerPanelI]: Jakl (1ep4EYRNc0msvgG19C-6p7psqdZOyxploZqSLoq14zw=) - Config sync
01.01.2020 22:52:00 [ServerPanelI]: [Odin] Lockett (HXQAqHypeDoPr-xV-C9rWVSW52U8iPXPMA2Du4upLGQ=) - Player Stats sync
01.01.2020 23:22:15 [ServerPanelI]: [Odin] Dome (561TemQCFUaM1rSdOBda_P5UGkFkBL-W-zJ8Z2tpsmw=) - Config sync
01.01.2020 23:24:23 [ServerPanelI]: [Odin] Lockett (HXQAqHypeDoPr-xV-C9rWVSW52U8iPXPMA2Du4upLGQ=) - Config sync
01.01.2020 23:32:55 [ServerPanelI]: [Odin] Lockett (HXQAqHypeDoPr-xV-C9rWVSW52U8iPXPMA2Du4upLGQ=) - Player Stats sync
01.01.2020 23:55:22 [ServerPanelI]: [Odin] Dome (561TemQCFUaM1rSdOBda_P5UGkFkBL-W-zJ8Z2tpsmw=) - Config sync
02.01.2020 00:12:37 [ServerPanelI]: [Odin] Dome (561TemQCFUaM1rSdOBda_P5UGkFkBL-W-zJ8Z2tpsmw=) - Player Stats sync
02.01.2020 00:15:20 [ServerPanelI]: Raven (hKIheCYunLnZq-aYvYv_kNZUQVGimjzZE9b5ehtsRzA=) - Config sync
02.01.2020 00:19:22 [ServerPanelI]: [Odin] Dome (561TemQCFUaM1rSdOBda_P5UGkFkBL-W-zJ8Z2tpsmw=) - Config sync
02.01.2020 01:00:35 [ServerPanelI]: [Odin] Dome (561TemQCFUaM1rSdOBda_P5UGkFkBL-W-zJ8Z2tpsmw=) - Config sync
02.01.2020 02:32:29 [ServerPanelI]: Raven (hKIheCYunLnZq-aYvYv_kNZUQVGimjzZE9b5ehtsRzA=) - Config sync
02.01.2020 03:44:34 [ServerPanelI]: Raven (hKIheCYunLnZq-aYvYv_kNZUQVGimjzZE9b5ehtsRzA=) - Config sync
02.01.2020 05:14:40 [ServerPanelI]: Raven (2) (hKIheCYunLnZq-aYvYv_kNZUQVGimjzZE9b5ehtsRzA=) - Config sync
02.01.2020 13:31:50 [ServerPanelI]: PikaPika (NbldA2pyNfmHG2dTP7teIAuqZcst9jSsznSjiTkzuK4=) - Config sync
02.01.2020 13:33:38 [ServerPanelI]: Raven (hKIheCYunLnZq-aYvYv_kNZUQVGimjzZE9b5ehtsRzA=) - Config sync
02.01.2020 14:40:34 [ServerPanelI]: PikaPika (NbldA2pyNfmHG2dTP7teIAuqZcst9jSsznSjiTkzuK4=) - Config sync
02.01.2020 15:30:56 [ServerPanelI]: PikaPika (NbldA2pyNfmHG2dTP7teIAuqZcst9jSsznSjiTkzuK4=) - Config sync
02.01.2020 19:29:34 [ServerPanelI]: Raven (hKIheCYunLnZq-aYvYv_kNZUQVGimjzZE9b5ehtsRzA=) - Config sync
02.01.2020 19:43:40 [ServerPanelI]: [Odin] Dome (561TemQCFUaM1rSdOBda_P5UGkFkBL-W-zJ8Z2tpsmw=) - Config sync
02.01.2020 22:00:49 [ServerPanelI]: [Odin] Camideluxe96 (dQvowo-0IdgYF3Jd4RGBYn8ZiaWsOO4yjfWdo3xDBFw=) - Config sync
02.01.2020 22:01:05 [ServerPanelI]: [Odin] Lockett (HXQAqHypeDoPr-xV-C9rWVSW52U8iPXPMA2Du4upLGQ=) - Config sync
02.01.2020 22:01:58 [ServerPanelI]: [Odin] Lockett (HXQAqHypeDoPr-xV-C9rWVSW52U8iPXPMA2Du4upLGQ=) - Player Stats sync
02.01.2020 22:17:44 [ServerPanelI]: Raven (hKIheCYunLnZq-aYvYv_kNZUQVGimjzZE9b5ehtsRzA=) - Config sync
02.01.2020 22:34:11 [ServerPanelI]: Raven (hKIheCYunLnZq-aYvYv_kNZUQVGimjzZE9b5ehtsRzA=) - Config sync
02.01.2020 23:02:36 [ServerPanelI]: [Odin] Dome (561TemQCFUaM1rSdOBda_P5UGkFkBL-W-zJ8Z2tpsmw=) - Config sync
02.01.2020 23:05:08 [ServerPanelI]: Raven (hKIheCYunLnZq-aYvYv_kNZUQVGimjzZE9b5ehtsRzA=) - Config sync
02.01.2020 23:23:31 [ServerPanelI]: [Odin] Dome (561TemQCFUaM1rSdOBda_P5UGkFkBL-W-zJ8Z2tpsmw=) - Config sync
02.01.2020 23:52:40 [ServerPanelI]: PikaPika (NbldA2pyNfmHG2dTP7teIAuqZcst9jSsznSjiTkzuK4=) - Config sync
03.01.2020 00:08:32 [ServerPanelI]: PikaPika (NbldA2pyNfmHG2dTP7teIAuqZcst9jSsznSjiTkzuK4=) - Config sync
03.01.2020 01:14:06 [ServerPanelI]: Raven (hKIheCYunLnZq-aYvYv_kNZUQVGimjzZE9b5ehtsRzA=) - Config sync
03.01.2020 01:28:56 [ServerPanelI]: Raven (hKIheCYunLnZq-aYvYv_kNZUQVGimjzZE9b5ehtsRzA=) - Config sync
03.01.2020 01:56:01 [ServerPanelI]: Raven (hKIheCYunLnZq-aYvYv_kNZUQVGimjzZE9b5ehtsRzA=) - Config sync
03.01.2020 13:09:22 [ServerPanelI]: Raven (hKIheCYunLnZq-aYvYv_kNZUQVGimjzZE9b5ehtsRzA=) - Config sync
03.01.2020 14:10:02 [ServerPanelI]: [Odin] Camideluxe96 (dQvowo-0IdgYF3Jd4RGBYn8ZiaWsOO4yjfWdo3xDBFw=) - Config sync
03.01.2020 14:30:26 [ServerPanelI]: [Odin] Dome (561TemQCFUaM1rSdOBda_P5UGkFkBL-W-zJ8Z2tpsmw=) - Config sync
03.01.2020 14:31:50 [ServerPanelI]: [Odin] Dome (561TemQCFUaM1rSdOBda_P5UGkFkBL-W-zJ8Z2tpsmw=) - Config sync
03.01.2020 14:37:17 [ServerPanelI]: PikaPika (NbldA2pyNfmHG2dTP7teIAuqZcst9jSsznSjiTkzuK4=) - Config sync
03.01.2020 14:37:18 [ServerPanelI]: Raven (hKIheCYunLnZq-aYvYv_kNZUQVGimjzZE9b5ehtsRzA=) - Config sync
03.01.2020 14:47:46 [ServerPanelI]: [Odin] Dome (561TemQCFUaM1rSdOBda_P5UGkFkBL-W-zJ8Z2tpsmw=) - Config sync
03.01.2020 15:45:21 [ServerPanelI]: [Odin] Camideluxe96 (dQvowo-0IdgYF3Jd4RGBYn8ZiaWsOO4yjfWdo3xDBFw=) - Config sync
03.01.2020 16:19:28 [ServerPanelI]: Husuch (eVOhrDAGpgB6TpH6ypuKqmX2eF7L1ykbtHPAQRJkbyY=) - Config sync
03.01.2020 16:32:38 [ServerPanelI]: Raven (hKIheCYunLnZq-aYvYv_kNZUQVGimjzZE9b5ehtsRzA=) - Config sync
03.01.2020 16:37:01 [ServerPanelI]: PikaPika (NbldA2pyNfmHG2dTP7teIAuqZcst9jSsznSjiTkzuK4=) - Config sync
03.01.2020 17:26:19 [ServerPanelI]: [Odin] Camideluxe96 (dQvowo-0IdgYF3Jd4RGBYn8ZiaWsOO4yjfWdo3xDBFw=) - Config sync
03.01.2020 17:40:32 [ServerPanelI]: [Odin] Dome (561TemQCFUaM1rSdOBda_P5UGkFkBL-W-zJ8Z2tpsmw=) - Config sync
03.01.2020 18:15:34 [ServerPanelI]: [Odin] Dome (561TemQCFUaM1rSdOBda_P5UGkFkBL-W-zJ8Z2tpsmw=) - Config sync
03.01.2020 18:22:24 [ServerPanelI]: Raven (hKIheCYunLnZq-aYvYv_kNZUQVGimjzZE9b5ehtsRzA=) - Config sync
03.01.2020 18:41:30 [ServerPanelI]: Raven (hKIheCYunLnZq-aYvYv_kNZUQVGimjzZE9b5ehtsRzA=) - Config sync
03.01.2020 18:49:25 [ServerPanelI]: Dschulsii (fS7SJlvinpCIb0lnEZV83X-YcwrE5Sz5-_sqIrfDs24=) - Config sync
03.01.2020 18:51:08 [ServerPanelI]: OssiFant (0Hcy3-f1MHOMqKR75_5CSpKlqxTACPtuGyGB3aTI5v4=) - Config sync
03.01.2020 19:36:45 [ServerPanelI]: [Odin] Camideluxe96 (dQvowo-0IdgYF3Jd4RGBYn8ZiaWsOO4yjfWdo3xDBFw=) - Config sync
03.01.2020 21:17:03 [ServerPanelI]: [Odin] Lockett (HXQAqHypeDoPr-xV-C9rWVSW52U8iPXPMA2Du4upLGQ=) - Config sync
03.01.2020 21:23:40 [ServerPanelI]: [Odin] Lockett (HXQAqHypeDoPr-xV-C9rWVSW52U8iPXPMA2Du4upLGQ=) - Player Stats sync
03.01.2020 21:24:00 [ServerPanelI]: [Odin] Camideluxe96 (dQvowo-0IdgYF3Jd4RGBYn8ZiaWsOO4yjfWdo3xDBFw=) - Config sync
03.01.2020 21:24:02 [ServerPanelI]: [Odin] Lockett (HXQAqHypeDoPr-xV-C9rWVSW52U8iPXPMA2Du4upLGQ=) - Player Stats sync
03.01.2020 21:30:38 [ServerPanelI]: OssiFant (0Hcy3-f1MHOMqKR75_5CSpKlqxTACPtuGyGB3aTI5v4=) - Config sync
03.01.2020 21:42:17 [ServerPanelI]: [Odin] Dome (561TemQCFUaM1rSdOBda_P5UGkFkBL-W-zJ8Z2tpsmw=) - Config sync
03.01.2020 21:54:08 [ServerPanelI]: [Odin] Dome (561TemQCFUaM1rSdOBda_P5UGkFkBL-W-zJ8Z2tpsmw=) - Config sync
03.01.2020 21:59:35 [ServerPanelI]: PikaPika (NbldA2pyNfmHG2dTP7teIAuqZcst9jSsznSjiTkzuK4=) - Config sync
03.01.2020 22:11:43 [ServerPanelI]: [Odin] Dome (561TemQCFUaM1rSdOBda_P5UGkFkBL-W-zJ8Z2tpsmw=) - Config sync
03.01.2020 22:27:23 [ServerPanelI]: [Odin] Dome (561TemQCFUaM1rSdOBda_P5UGkFkBL-W-zJ8Z2tpsmw=) - Player Stats sync
03.01.2020 22:40:08 [ServerPanelI]: [Odin] Lockett (HXQAqHypeDoPr-xV-C9rWVSW52U8iPXPMA2Du4upLGQ=) - Player Stats sync
03.01.2020 22:58:06 [ServerPanelI]: Raven (hKIheCYunLnZq-aYvYv_kNZUQVGimjzZE9b5ehtsRzA=) - Config sync
03.01.2020 23:08:50 [ServerPanelI]: [Odin] Camideluxe96 (dQvowo-0IdgYF3Jd4RGBYn8ZiaWsOO4yjfWdo3xDBFw=) - Config sync
03.01.2020 23:10:10 [ServerPanelI]: Breiti (D-A3Fba0N9Iiu2_LtO3XqQpmHP2_eI0bB2HcWqC3e3M=) - Config sync
03.01.2020 23:14:36 [ServerPanelI]: OssiFant (0Hcy3-f1MHOMqKR75_5CSpKlqxTACPtuGyGB3aTI5v4=) - Config sync
03.01.2020 23:52:57 [ServerPanelI]: [Odin] Lockett (HXQAqHypeDoPr-xV-C9rWVSW52U8iPXPMA2Du4upLGQ=) - Player Stats sync
03.01.2020 23:58:11 [ServerPanelI]: [Odin] Dome (561TemQCFUaM1rSdOBda_P5UGkFkBL-W-zJ8Z2tpsmw=) - Player Stats sync
04.01.2020 11:58:11 [ServerPanelI]: Final217 (P7oFhzN_WwulmiTJjeoZALwr_3023S-sJLGCsP6UDVM=) - Config sync
04.01.2020 11:58:40 [ServerPanelI]: Final217 (P7oFhzN_WwulmiTJjeoZALwr_3023S-sJLGCsP6UDVM=) - Player Stats sync
04.01.2020 11:59:11 [ServerPanelI]: Final217 (P7oFhzN_WwulmiTJjeoZALwr_3023S-sJLGCsP6UDVM=) - Player Stats sync
04.01.2020 12:20:16 [ServerPanelI]: Final217 (P7oFhzN_WwulmiTJjeoZALwr_3023S-sJLGCsP6UDVM=) - Player Stats sync
04.01.2020 12:20:27 [ServerPanelI]: Final217 (P7oFhzN_WwulmiTJjeoZALwr_3023S-sJLGCsP6UDVM=) - Player Stats sync
04.01.2020 13:03:09 [ServerPanelI]: Raven (hKIheCYunLnZq-aYvYv_kNZUQVGimjzZE9b5ehtsRzA=) - Config sync
04.01.2020 13:19:45 [ServerPanelI]: [Odin] Lockett (HXQAqHypeDoPr-xV-C9rWVSW52U8iPXPMA2Du4upLGQ=) - Config sync
04.01.2020 15:13:09 [ServerPanelI]: [Odin] Dome (561TemQCFUaM1rSdOBda_P5UGkFkBL-W-zJ8Z2tpsmw=) - Config sync
04.01.2020 15:25:01 [ServerPanelI]: Final217 (P7oFhzN_WwulmiTJjeoZALwr_3023S-sJLGCsP6UDVM=) - Config sync
04.01.2020 16:04:07 [ServerPanelI]: [Odin] Camideluxe96 (dQvowo-0IdgYF3Jd4RGBYn8ZiaWsOO4yjfWdo3xDBFw=) - Config sync
04.01.2020 16:27:36 [ServerPanelI]: [Odin] Dome (561TemQCFUaM1rSdOBda_P5UGkFkBL-W-zJ8Z2tpsmw=) - Config sync
04.01.2020 16:49:10 [ServerPanelI]: Raven (hKIheCYunLnZq-aYvYv_kNZUQVGimjzZE9b5ehtsRzA=) - Config sync
04.01.2020 16:51:20 [ServerPanelI]: Final217 (P7oFhzN_WwulmiTJjeoZALwr_3023S-sJLGCsP6UDVM=) - Config sync
04.01.2020 17:14:28 [ServerPanelI]: Final217 (P7oFhzN_WwulmiTJjeoZALwr_3023S-sJLGCsP6UDVM=) - Config sync
04.01.2020 17:20:37 [ServerPanelI]: Final217 (P7oFhzN_WwulmiTJjeoZALwr_3023S-sJLGCsP6UDVM=) - Player Stats sync
04.01.2020 18:19:17 [ServerPanelI]: Pitti86 (iZQUuZW8ryxAKWCGHS96b1ZMXSIQmQklalXZ5tOBeCM=) - Config sync
04.01.2020 18:20:30 [ServerPanelI]: Pitti86 (iZQUuZW8ryxAKWCGHS96b1ZMXSIQmQklalXZ5tOBeCM=) - Player Stats sync
04.01.2020 18:20:47 [ServerPanelI]: [Odin] Lockett (HXQAqHypeDoPr-xV-C9rWVSW52U8iPXPMA2Du4upLGQ=) - Config sync
04.01.2020 18:37:06 [ServerPanelI]: Pitti86 (iZQUuZW8ryxAKWCGHS96b1ZMXSIQmQklalXZ5tOBeCM=) - Player Stats sync
04.01.2020 19:58:10 [ServerPanelI]: Pitti86 (iZQUuZW8ryxAKWCGHS96b1ZMXSIQmQklalXZ5tOBeCM=) - Config sync
04.01.2020 20:09:53 [ServerPanelI]: [Odin] Dome (561TemQCFUaM1rSdOBda_P5UGkFkBL-W-zJ8Z2tpsmw=) - Player Stats sync
04.01.2020 20:22:44 [ServerPanelI]: [Odin] Lockett (HXQAqHypeDoPr-xV-C9rWVSW52U8iPXPMA2Du4upLGQ=) - Player Stats sync
04.01.2020 23:14:36 [ServerPanelI]: Raven (hKIheCYunLnZq-aYvYv_kNZUQVGimjzZE9b5ehtsRzA=) - Config sync
