---------------------------------------------
ServerPanel log started at 12.01.2020 18:03:44

12.01.2020 18:03:44 [ServerPanelLogger]: INFO: Will try to create ServerPanel log file in $profile:
12.01.2020 18:03:44 [ServerPanelConfig]: Reading Server Config
12.01.2020 18:03:44 [ServerPanelConfig]: ConfigRequest
12.01.2020 18:06:19 [ServerPanelI]: Raven (hKIheCYunLnZq-aYvYv_kNZUQVGimjzZE9b5ehtsRzA=) - Config sync
12.01.2020 18:06:59 [ServerPanelI]: [Odin] Dome (561TemQCFUaM1rSdOBda_P5UGkFkBL-W-zJ8Z2tpsmw=) - Config sync
12.01.2020 18:07:39 [ServerPanelI]: Dschulsii (fS7SJlvinpCIb0lnEZV83X-YcwrE5Sz5-_sqIrfDs24=) - Config sync
12.01.2020 18:07:48 [ServerPanelI]: [Odin] Camideluxe96 (dQvowo-0IdgYF3Jd4RGBYn8ZiaWsOO4yjfWdo3xDBFw=) - Config sync
12.01.2020 18:07:50 [ServerPanelI]: MeS-YoDa (loIvg5XBCt7vR-pS3_LPqpio3kUFtzwJhd80OC6V1VM=) - Config sync
12.01.2020 18:08:09 [ServerPanelI]: [Odin] Dome (561TemQCFUaM1rSdOBda_P5UGkFkBL-W-zJ8Z2tpsmw=) - Player Stats sync
12.01.2020 18:11:26 [ServerPanelI]: [Odin] Lockett (HXQAqHypeDoPr-xV-C9rWVSW52U8iPXPMA2Du4upLGQ=) - Config sync
12.01.2020 18:12:18 [ServerPanelI]: [Odin] Lockett (HXQAqHypeDoPr-xV-C9rWVSW52U8iPXPMA2Du4upLGQ=) - Player Stats sync
12.01.2020 18:36:04 [ServerPanelI]: [Odin] Dome (561TemQCFUaM1rSdOBda_P5UGkFkBL-W-zJ8Z2tpsmw=) - Player Stats sync
12.01.2020 18:38:03 [ServerPanelI]: [Odin] Lockett (HXQAqHypeDoPr-xV-C9rWVSW52U8iPXPMA2Du4upLGQ=) - Config sync
12.01.2020 18:40:40 [ServerPanelI]: [Odin] Lockett (HXQAqHypeDoPr-xV-C9rWVSW52U8iPXPMA2Du4upLGQ=) - Player Stats sync
12.01.2020 18:54:15 [ServerPanelI]: [Odin] Lockett (HXQAqHypeDoPr-xV-C9rWVSW52U8iPXPMA2Du4upLGQ=) - Player Stats sync
12.01.2020 19:06:51 [ServerPanelI]: Siege2k (1VjXpHrxoEOuo-hTZuRmzJYcA3NLzCVGWRfWfKOvDWA=) - Config sync
12.01.2020 19:09:56 [ServerPanelI]: Siege2k (1VjXpHrxoEOuo-hTZuRmzJYcA3NLzCVGWRfWfKOvDWA=) - Config sync
12.01.2020 19:13:02 [ServerPanelI]: OssiFant (0Hcy3-f1MHOMqKR75_5CSpKlqxTACPtuGyGB3aTI5v4=) - Config sync
12.01.2020 19:15:30 [ServerPanelI]: [Odin] Dome (561TemQCFUaM1rSdOBda_P5UGkFkBL-W-zJ8Z2tpsmw=) - Config sync
12.01.2020 19:17:13 [ServerPanelI]: [Odin] Lockett (HXQAqHypeDoPr-xV-C9rWVSW52U8iPXPMA2Du4upLGQ=) - Player Stats sync
12.01.2020 19:20:44 [ServerPanelI]: [Odin] Dome (561TemQCFUaM1rSdOBda_P5UGkFkBL-W-zJ8Z2tpsmw=) - Player Stats sync
12.01.2020 19:20:48 [ServerPanelI]: [Odin] Lockett (HXQAqHypeDoPr-xV-C9rWVSW52U8iPXPMA2Du4upLGQ=) - Player Stats sync
12.01.2020 19:23:12 [ServerPanelI]: [Odin] Dome (561TemQCFUaM1rSdOBda_P5UGkFkBL-W-zJ8Z2tpsmw=) - Player Stats sync
12.01.2020 19:30:36 [ServerPanelI]: Siege2k (1VjXpHrxoEOuo-hTZuRmzJYcA3NLzCVGWRfWfKOvDWA=) - Player Stats sync
12.01.2020 19:30:41 [ServerPanelI]: [Odin] Dome (561TemQCFUaM1rSdOBda_P5UGkFkBL-W-zJ8Z2tpsmw=) - Player Stats sync
12.01.2020 19:35:12 [ServerPanelI]: Siege2k (1VjXpHrxoEOuo-hTZuRmzJYcA3NLzCVGWRfWfKOvDWA=) - Config sync
12.01.2020 19:45:13 [ServerPanelI]: Siege2k (1VjXpHrxoEOuo-hTZuRmzJYcA3NLzCVGWRfWfKOvDWA=) - Config sync
12.01.2020 19:56:34 [ServerPanelI]: Siege2k (1VjXpHrxoEOuo-hTZuRmzJYcA3NLzCVGWRfWfKOvDWA=) - Player Stats sync
12.01.2020 19:59:30 [ServerPanelI]: Siege2k (1VjXpHrxoEOuo-hTZuRmzJYcA3NLzCVGWRfWfKOvDWA=) - Config sync
12.01.2020 20:04:17 [ServerPanelI]: [Odin] Dome (561TemQCFUaM1rSdOBda_P5UGkFkBL-W-zJ8Z2tpsmw=) - Config sync
12.01.2020 20:27:44 [ServerPanelI]: [Odin] Dome (561TemQCFUaM1rSdOBda_P5UGkFkBL-W-zJ8Z2tpsmw=) - Config sync
12.01.2020 20:33:06 [ServerPanelI]: [Odin] Lockett (HXQAqHypeDoPr-xV-C9rWVSW52U8iPXPMA2Du4upLGQ=) - Player Stats sync
12.01.2020 20:40:34 [ServerPanelI]: [Odin] Dome (561TemQCFUaM1rSdOBda_P5UGkFkBL-W-zJ8Z2tpsmw=) - Player Stats sync
12.01.2020 20:45:34 [ServerPanelI]: MeS-YoDa (loIvg5XBCt7vR-pS3_LPqpio3kUFtzwJhd80OC6V1VM=) - Config sync
12.01.2020 20:49:52 [ServerPanelI]: [Odin] Dome (561TemQCFUaM1rSdOBda_P5UGkFkBL-W-zJ8Z2tpsmw=) - Player Stats sync
12.01.2020 20:51:56 [ServerPanelI]: [Odin] Lockett (HXQAqHypeDoPr-xV-C9rWVSW52U8iPXPMA2Du4upLGQ=) - Player Stats sync
12.01.2020 20:57:47 [ServerPanelI]: MeS-YoDa (loIvg5XBCt7vR-pS3_LPqpio3kUFtzwJhd80OC6V1VM=) - Player Stats sync
12.01.2020 21:41:23 [ServerPanelI]: [Odin] Lockett (HXQAqHypeDoPr-xV-C9rWVSW52U8iPXPMA2Du4upLGQ=) - Player Stats sync
12.01.2020 21:52:26 [ServerPanelI]: MeS-YoDa (loIvg5XBCt7vR-pS3_LPqpio3kUFtzwJhd80OC6V1VM=) - Config sync
12.01.2020 22:01:14 [ServerPanelI]: [Odin] Lockett (HXQAqHypeDoPr-xV-C9rWVSW52U8iPXPMA2Du4upLGQ=) - Player Stats sync
12.01.2020 23:55:25 [ServerPanelI]: Raven (hKIheCYunLnZq-aYvYv_kNZUQVGimjzZE9b5ehtsRzA=) - Config sync
13.01.2020 02:26:52 [ServerPanelI]: Raven (hKIheCYunLnZq-aYvYv_kNZUQVGimjzZE9b5ehtsRzA=) - Config sync
13.01.2020 09:47:17 [ServerPanelI]: MeS-YoDa (loIvg5XBCt7vR-pS3_LPqpio3kUFtzwJhd80OC6V1VM=) - Config sync
