---------------------------------------------
ServerPanel log started at 13.01.2020 11:43:13

13.01.2020 11:43:13 [ServerPanelLogger]: INFO: Will try to create ServerPanel log file in $profile:
13.01.2020 11:43:13 [ServerPanelConfig]: Reading Server Config
13.01.2020 11:43:13 [ServerPanelConfig]: ConfigRequest
13.01.2020 11:46:55 [ServerPanelI]: Raven (hKIheCYunLnZq-aYvYv_kNZUQVGimjzZE9b5ehtsRzA=) - Config sync
13.01.2020 11:52:56 [ServerPanelI]: [Odin] Camideluxe96 (dQvowo-0IdgYF3Jd4RGBYn8ZiaWsOO4yjfWdo3xDBFw=) - Config sync
13.01.2020 13:00:19 [ServerPanelI]: [Odin] Camideluxe96 (dQvowo-0IdgYF3Jd4RGBYn8ZiaWsOO4yjfWdo3xDBFw=) - Config sync
13.01.2020 13:23:56 [ServerPanelI]: Raven (hKIheCYunLnZq-aYvYv_kNZUQVGimjzZE9b5ehtsRzA=) - Config sync
13.01.2020 13:54:47 [ServerPanelI]: MeS-YoDa (loIvg5XBCt7vR-pS3_LPqpio3kUFtzwJhd80OC6V1VM=) - Config sync
13.01.2020 14:21:08 [ServerPanelI]: [Odin] Camideluxe96 (dQvowo-0IdgYF3Jd4RGBYn8ZiaWsOO4yjfWdo3xDBFw=) - Config sync
13.01.2020 14:31:16 [ServerPanelI]: [Odin] Camideluxe96 (dQvowo-0IdgYF3Jd4RGBYn8ZiaWsOO4yjfWdo3xDBFw=) - Config sync
13.01.2020 15:02:06 [ServerPanelI]: Bobo074 (3hEWGiTb1S8qiAbzZcjxNbFCnJ2Es-cydYTQ38zJ6zo=) - Config sync
13.01.2020 16:22:18 [ServerPanelI]: little_demon (D0iI-9-xwvcL2ZQispSEXeAS7C7zuts3YAqvI-NfXOM=) - Config sync
13.01.2020 17:26:34 [ServerPanelI]: little_demon (D0iI-9-xwvcL2ZQispSEXeAS7C7zuts3YAqvI-NfXOM=) - Config sync
13.01.2020 18:00:11 [ServerPanelI]: [Odin] Dome (561TemQCFUaM1rSdOBda_P5UGkFkBL-W-zJ8Z2tpsmw=) - Config sync
13.01.2020 18:00:35 [ServerPanelI]: [Odin] Dome (561TemQCFUaM1rSdOBda_P5UGkFkBL-W-zJ8Z2tpsmw=) - Player Stats sync
13.01.2020 18:03:58 [ServerPanelI]: [Odin] Dome (561TemQCFUaM1rSdOBda_P5UGkFkBL-W-zJ8Z2tpsmw=) - Player Stats sync
13.01.2020 18:11:21 [ServerPanelI]: little_demon (D0iI-9-xwvcL2ZQispSEXeAS7C7zuts3YAqvI-NfXOM=) - Config sync
13.01.2020 18:14:13 [ServerPanelI]: [Odin] Dome (561TemQCFUaM1rSdOBda_P5UGkFkBL-W-zJ8Z2tpsmw=) - Player Stats sync
13.01.2020 18:15:54 [ServerPanelI]: [Odin] Dome (561TemQCFUaM1rSdOBda_P5UGkFkBL-W-zJ8Z2tpsmw=) - Player Stats sync
13.01.2020 18:19:06 [ServerPanelI]: [Odin] Dome (561TemQCFUaM1rSdOBda_P5UGkFkBL-W-zJ8Z2tpsmw=) - Config sync
13.01.2020 18:19:10 [ServerPanelI]: Raven (hKIheCYunLnZq-aYvYv_kNZUQVGimjzZE9b5ehtsRzA=) - Config sync
13.01.2020 18:19:20 [ServerPanelI]: little_demon (D0iI-9-xwvcL2ZQispSEXeAS7C7zuts3YAqvI-NfXOM=) - Config sync
13.01.2020 18:30:09 [ServerPanelI]: [Odin] Dome (561TemQCFUaM1rSdOBda_P5UGkFkBL-W-zJ8Z2tpsmw=) - Player Stats sync
13.01.2020 18:33:13 [ServerPanelI]: little_demon (D0iI-9-xwvcL2ZQispSEXeAS7C7zuts3YAqvI-NfXOM=) - Config sync
13.01.2020 18:37:19 [ServerPanelI]: [Odin] Dome (561TemQCFUaM1rSdOBda_P5UGkFkBL-W-zJ8Z2tpsmw=) - Player Stats sync
13.01.2020 18:45:32 [ServerPanelI]: [Odin] Dome (561TemQCFUaM1rSdOBda_P5UGkFkBL-W-zJ8Z2tpsmw=) - Player Stats sync
13.01.2020 19:44:04 [ServerPanelI]: [Odin] Dome (561TemQCFUaM1rSdOBda_P5UGkFkBL-W-zJ8Z2tpsmw=) - Player Stats sync
13.01.2020 19:44:51 [ServerPanelI]: PikaPika (NbldA2pyNfmHG2dTP7teIAuqZcst9jSsznSjiTkzuK4=) - Config sync
13.01.2020 19:46:12 [ServerPanelI]: [Odin] Dome (561TemQCFUaM1rSdOBda_P5UGkFkBL-W-zJ8Z2tpsmw=) - Player Stats sync
13.01.2020 19:49:50 [ServerPanelI]: [Odin] Dome (561TemQCFUaM1rSdOBda_P5UGkFkBL-W-zJ8Z2tpsmw=) - Player Stats sync
13.01.2020 19:57:28 [ServerPanelI]: [Odin] Dome (561TemQCFUaM1rSdOBda_P5UGkFkBL-W-zJ8Z2tpsmw=) - Config sync
13.01.2020 20:04:18 [ServerPanelI]: [Odin] Dome (561TemQCFUaM1rSdOBda_P5UGkFkBL-W-zJ8Z2tpsmw=) - Config sync
13.01.2020 20:04:30 [ServerPanelI]: little_demon (D0iI-9-xwvcL2ZQispSEXeAS7C7zuts3YAqvI-NfXOM=) - Config sync
13.01.2020 20:07:58 [ServerPanelI]: PikaPika (NbldA2pyNfmHG2dTP7teIAuqZcst9jSsznSjiTkzuK4=) - Config sync
13.01.2020 20:11:19 [ServerPanelI]: little_demon (D0iI-9-xwvcL2ZQispSEXeAS7C7zuts3YAqvI-NfXOM=) - Config sync
13.01.2020 20:14:44 [ServerPanelI]: [Odin] Dome (561TemQCFUaM1rSdOBda_P5UGkFkBL-W-zJ8Z2tpsmw=) - Player Stats sync
13.01.2020 20:15:14 [ServerPanelI]: Raven (hKIheCYunLnZq-aYvYv_kNZUQVGimjzZE9b5ehtsRzA=) - Config sync
13.01.2020 20:15:41 [ServerPanelI]: MeS-YoDa (loIvg5XBCt7vR-pS3_LPqpio3kUFtzwJhd80OC6V1VM=) - Config sync
13.01.2020 20:19:05 [ServerPanelI]: [Odin] Dome (561TemQCFUaM1rSdOBda_P5UGkFkBL-W-zJ8Z2tpsmw=) - Player Stats sync
13.01.2020 20:37:27 [ServerPanelI]: [Odin] Dome (561TemQCFUaM1rSdOBda_P5UGkFkBL-W-zJ8Z2tpsmw=) - Config sync
13.01.2020 21:23:30 [ServerPanelI]: Raven (hKIheCYunLnZq-aYvYv_kNZUQVGimjzZE9b5ehtsRzA=) - Config sync
13.01.2020 21:50:28 [ServerPanelI]: [Odin] Dome (561TemQCFUaM1rSdOBda_P5UGkFkBL-W-zJ8Z2tpsmw=) - Config sync
13.01.2020 21:57:04 [ServerPanelI]: [Odin] Dome (561TemQCFUaM1rSdOBda_P5UGkFkBL-W-zJ8Z2tpsmw=) - Config sync
13.01.2020 22:01:53 [ServerPanelI]: [Odin] Dome (561TemQCFUaM1rSdOBda_P5UGkFkBL-W-zJ8Z2tpsmw=) - Config sync
13.01.2020 22:08:34 [ServerPanelI]: [Odin] Dome (561TemQCFUaM1rSdOBda_P5UGkFkBL-W-zJ8Z2tpsmw=) - Player Stats sync
13.01.2020 22:27:00 [ServerPanelI]: [Odin] Dome (561TemQCFUaM1rSdOBda_P5UGkFkBL-W-zJ8Z2tpsmw=) - Config sync
14.01.2020 02:04:41 [ServerPanelI]: Raven (hKIheCYunLnZq-aYvYv_kNZUQVGimjzZE9b5ehtsRzA=) - Config sync
14.01.2020 03:14:43 [ServerPanelI]: MeS-YoDa (loIvg5XBCt7vR-pS3_LPqpio3kUFtzwJhd80OC6V1VM=) - Config sync
14.01.2020 12:10:28 [ServerPanelI]: Raven (hKIheCYunLnZq-aYvYv_kNZUQVGimjzZE9b5ehtsRzA=) - Config sync
14.01.2020 12:46:15 [ServerPanelI]: PikaPika (NbldA2pyNfmHG2dTP7teIAuqZcst9jSsznSjiTkzuK4=) - Config sync
14.01.2020 13:11:39 [ServerPanelI]: PikaPika (NbldA2pyNfmHG2dTP7teIAuqZcst9jSsznSjiTkzuK4=) - Config sync
14.01.2020 13:23:23 [ServerPanelI]: MeS-YoDa (loIvg5XBCt7vR-pS3_LPqpio3kUFtzwJhd80OC6V1VM=) - Config sync
14.01.2020 13:32:34 [ServerPanelI]: MeS-YoDa (loIvg5XBCt7vR-pS3_LPqpio3kUFtzwJhd80OC6V1VM=) - Config sync
14.01.2020 13:44:41 [ServerPanelI]: MeS-YoDa (loIvg5XBCt7vR-pS3_LPqpio3kUFtzwJhd80OC6V1VM=) - Config sync
14.01.2020 13:58:52 [ServerPanelI]: MeS-YoDa (loIvg5XBCt7vR-pS3_LPqpio3kUFtzwJhd80OC6V1VM=) - Config sync
14.01.2020 14:14:08 [ServerPanelI]: little_demon (D0iI-9-xwvcL2ZQispSEXeAS7C7zuts3YAqvI-NfXOM=) - Config sync
14.01.2020 14:54:06 [ServerPanelI]: little_demon (D0iI-9-xwvcL2ZQispSEXeAS7C7zuts3YAqvI-NfXOM=) - Config sync
14.01.2020 14:56:40 [ServerPanelI]: little_demon (D0iI-9-xwvcL2ZQispSEXeAS7C7zuts3YAqvI-NfXOM=) - Config sync
14.01.2020 14:59:32 [ServerPanelI]: MeS-YoDa (loIvg5XBCt7vR-pS3_LPqpio3kUFtzwJhd80OC6V1VM=) - Config sync
14.01.2020 15:04:50 [ServerPanelI]: little_demon (D0iI-9-xwvcL2ZQispSEXeAS7C7zuts3YAqvI-NfXOM=) - Config sync
14.01.2020 15:08:56 [ServerPanelI]: little_demon (D0iI-9-xwvcL2ZQispSEXeAS7C7zuts3YAqvI-NfXOM=) - Config sync
14.01.2020 15:12:59 [ServerPanelI]: little_demon (D0iI-9-xwvcL2ZQispSEXeAS7C7zuts3YAqvI-NfXOM=) - Config sync
14.01.2020 15:25:14 [ServerPanelI]: little_demon (D0iI-9-xwvcL2ZQispSEXeAS7C7zuts3YAqvI-NfXOM=) - Config sync
14.01.2020 15:29:02 [ServerPanelI]: MeS-YoDa (loIvg5XBCt7vR-pS3_LPqpio3kUFtzwJhd80OC6V1VM=) - Config sync
14.01.2020 16:05:05 [ServerPanelI]: little_demon (D0iI-9-xwvcL2ZQispSEXeAS7C7zuts3YAqvI-NfXOM=) - Config sync
14.01.2020 16:36:33 [ServerPanelI]: little_demon (D0iI-9-xwvcL2ZQispSEXeAS7C7zuts3YAqvI-NfXOM=) - Config sync
