---------------------------------------------
ServerPanel log started at 07.01.2020 20:03:59

07.01.2020 20:03:59 [ServerPanelLogger]: INFO: Will try to create ServerPanel log file in $profile:
07.01.2020 20:03:59 [ServerPanelConfig]: Reading Server Config
07.01.2020 20:03:59 [ServerPanelConfig]: ConfigRequest
07.01.2020 20:13:00 [ServerPanelI]: [Odin] Lockett (HXQAqHypeDoPr-xV-C9rWVSW52U8iPXPMA2Du4upLGQ=) - Config sync
07.01.2020 22:16:52 [ServerPanelI]: Siege2k (1VjXpHrxoEOuo-hTZuRmzJYcA3NLzCVGWRfWfKOvDWA=) - Config sync
07.01.2020 22:19:31 [ServerPanelI]: Siege2k (1VjXpHrxoEOuo-hTZuRmzJYcA3NLzCVGWRfWfKOvDWA=) - Config sync
07.01.2020 22:23:18 [ServerPanelI]: Siege2k (1VjXpHrxoEOuo-hTZuRmzJYcA3NLzCVGWRfWfKOvDWA=) - Config sync
07.01.2020 22:28:45 [ServerPanelI]: Siege2k (1VjXpHrxoEOuo-hTZuRmzJYcA3NLzCVGWRfWfKOvDWA=) - Config sync
07.01.2020 22:34:12 [ServerPanelI]: Siege2k (1VjXpHrxoEOuo-hTZuRmzJYcA3NLzCVGWRfWfKOvDWA=) - Config sync
07.01.2020 22:52:38 [ServerPanelI]: Siege2k (1VjXpHrxoEOuo-hTZuRmzJYcA3NLzCVGWRfWfKOvDWA=) - Config sync
07.01.2020 23:35:39 [ServerPanelI]: Siege2k (1VjXpHrxoEOuo-hTZuRmzJYcA3NLzCVGWRfWfKOvDWA=) - Config sync
07.01.2020 23:40:34 [ServerPanelI]: Siege2k (1VjXpHrxoEOuo-hTZuRmzJYcA3NLzCVGWRfWfKOvDWA=) - Config sync
07.01.2020 23:54:34 [ServerPanelI]: Raven (hKIheCYunLnZq-aYvYv_kNZUQVGimjzZE9b5ehtsRzA=) - Config sync
08.01.2020 00:08:17 [ServerPanelI]: Hannibal (-7sfCCDmzSwLSEYa4ZkpMYIxsZV0DW3c5ge_mVbdK-Q=) - Config sync
08.01.2020 00:20:24 [ServerPanelI]: Hannibal (-7sfCCDmzSwLSEYa4ZkpMYIxsZV0DW3c5ge_mVbdK-Q=) - Config sync
08.01.2020 00:20:31 [ServerPanelI]: Raven (hKIheCYunLnZq-aYvYv_kNZUQVGimjzZE9b5ehtsRzA=) - Config sync
08.01.2020 00:57:22 [ServerPanelI]: Raven (hKIheCYunLnZq-aYvYv_kNZUQVGimjzZE9b5ehtsRzA=) - Config sync
08.01.2020 18:36:48 [ServerPanelI]: OssiFant (0Hcy3-f1MHOMqKR75_5CSpKlqxTACPtuGyGB3aTI5v4=) - Config sync
08.01.2020 18:54:17 [ServerPanelI]: Dschulsii (fS7SJlvinpCIb0lnEZV83X-YcwrE5Sz5-_sqIrfDs24=) - Config sync
08.01.2020 19:32:58 [ServerPanelI]: Jakl (1ep4EYRNc0msvgG19C-6p7psqdZOyxploZqSLoq14zw=) - Config sync
08.01.2020 19:33:59 [ServerPanelI]: [Odin] Dome (561TemQCFUaM1rSdOBda_P5UGkFkBL-W-zJ8Z2tpsmw=) - Config sync
08.01.2020 19:47:07 [ServerPanelI]: Jakl (1ep4EYRNc0msvgG19C-6p7psqdZOyxploZqSLoq14zw=) - Config sync
08.01.2020 19:48:32 [ServerPanelI]: [Odin] Dome (561TemQCFUaM1rSdOBda_P5UGkFkBL-W-zJ8Z2tpsmw=) - Player Stats sync
08.01.2020 19:52:04 [ServerPanelI]: Jakl (1ep4EYRNc0msvgG19C-6p7psqdZOyxploZqSLoq14zw=) - Config sync
08.01.2020 20:02:50 [ServerPanelI]: Raven (hKIheCYunLnZq-aYvYv_kNZUQVGimjzZE9b5ehtsRzA=) - Config sync
08.01.2020 20:14:45 [ServerPanelI]: Jakl (1ep4EYRNc0msvgG19C-6p7psqdZOyxploZqSLoq14zw=) - Config sync
08.01.2020 20:18:08 [ServerPanelI]: Jakl (1ep4EYRNc0msvgG19C-6p7psqdZOyxploZqSLoq14zw=) - Config sync
08.01.2020 20:27:18 [ServerPanelI]: [Odin] Dome (561TemQCFUaM1rSdOBda_P5UGkFkBL-W-zJ8Z2tpsmw=) - Player Stats sync
08.01.2020 20:28:21 [ServerPanelI]: Jakl (1ep4EYRNc0msvgG19C-6p7psqdZOyxploZqSLoq14zw=) - Config sync
08.01.2020 20:35:28 [ServerPanelI]: Jakl (1ep4EYRNc0msvgG19C-6p7psqdZOyxploZqSLoq14zw=) - Config sync
