[01-14-2020][18.50.39]New Access Log File Created!
[19:31:05] Player (Final217, 76561198061799006)(<3622.475098, 333.901917, 6920.744629>) set a new passcode on lock!
[19:31:05] Player (Final217, 76561198061799006)(<3622.475098, 333.901917, 6920.744629>) claimed ownership of a lock!
[19:31:09] Player (Final217, 76561198061799006) quick accessed a lock!
[19:31:58] Player (Final217, 76561198061799006) quick accessed a lock!
[19:39:37] Player (Final217, 76561198061799006) quick accessed a lock!
[19:40:57] Player (Final217, 76561198061799006) quick accessed a lock!
[19:54:17] Player ([Odin] Lockett, 76561198137678377)(<3590.680176, 333.895325, 6955.824219>) set a new passcode on lock!
[19:54:17] Player ([Odin] Lockett, 76561198137678377)(<3590.680176, 333.895325, 6955.824219>) claimed ownership of a lock!
[20:01:54] Player ([Odin] Lockett, 76561198137678377) quick accessed a lock!
[20:05:59] Player ([Odin] Lockett, 76561198137678377) quick accessed a lock!
[20:30:42] Player ([Odin] Lockett, 76561198137678377) quick accessed a lock!
[20:34:44] Player ([Odin] Lockett, 76561198137678377) quick accessed a lock!
[20:36:36] Player ([Odin] Lockett, 76561198137678377) quick accessed a lock!
[20:38:42] Player ([Odin] Lockett, 76561198137678377) quick accessed a lock!
[20:42:00] Player ([Odin] Dome, 76561198078760178)(<1144.213135, 154.433136, 6258.243652>) set a new passcode on lock!
[20:42:00] Player ([Odin] Dome, 76561198078760178)(<1144.213135, 154.433136, 6258.243652>) claimed ownership of a lock!
[20:42:03] Player ([Odin] Dome, 76561198078760178) quick accessed a lock!
[20:43:07] Player ([Odin] Dome, 76561198078760178)(<1177.315552, 150.258438, 6233.408691>) set a new passcode on lock!
[20:43:07] Player ([Odin] Dome, 76561198078760178)(<1177.315552, 150.258438, 6233.408691>) claimed ownership of a lock!
[20:55:37] Player ([Odin] Dome, 76561198078760178)(<1174.229126, 151.224533, 6254.705566>) set a new passcode on lock!
[20:55:37] Player ([Odin] Dome, 76561198078760178)(<1174.229126, 151.224533, 6254.705566>) claimed ownership of a lock!
[20:55:58] Player ([Odin] Dome, 76561198078760178) quick accessed a lock!
[20:56:17] Player ([Odin] Dome, 76561198078760178) quick accessed a lock!
[20:57:28] Player (Raven, 76561198081076199)(<1174.229126, 151.224533, 6254.705566>) accessed a lock!
[20:57:28] Player (Raven, 76561198081076199)(<1174.229126, 151.224533, 6254.705566>) was added as a guest of a lock!
[21:03:32] Player ([Odin] Dome, 76561198078760178) quick accessed a lock!
[21:03:39] Player ([Odin] Dome, 76561198078760178) quick accessed a lock!
[21:04:22] Player ([Odin] Dome, 76561198078760178) quick accessed a lock!
[21:04:34] Player ([Odin] Dome, 76561198078760178) quick accessed a lock!
[21:05:21] Player ([Odin] Dome, 76561198078760178) quick accessed a lock!
[21:08:08] Player ([Odin] Dome, 76561198078760178) quick accessed a lock!
[21:08:36] Player ([Odin] Dome, 76561198078760178) quick accessed a lock!
[21:08:38] Player ([Odin] Dome, 76561198078760178) quick accessed a lock!
[21:14:48] Player ([Odin] Dome, 76561198078760178)(<1254.934326, 151.103241, 6295.521484>) set a new passcode on lock!
[21:14:48] Player ([Odin] Dome, 76561198078760178)(<1254.934326, 151.103241, 6295.521484>) claimed ownership of a lock!
[21:15:18] Player ([Odin] Dome, 76561198078760178) quick accessed a lock!
[21:15:25] Player ([Odin] Dome, 76561198078760178) quick accessed a lock!
[21:16:10] Player ([Odin] Dome, 76561198078760178) quick accessed a lock!
[21:17:58] Player ([Odin] Dome, 76561198078760178) quick accessed a lock!
[21:24:26] Player ([Odin] Dome, 76561198078760178) quick accessed a lock!
[21:39:53] Player ([Odin] Lockett, 76561198137678377) quick accessed a lock!
