[12-31-2019][12.46.18]New Access Log File Created!
[14:15:34] Player (Survivor (2), 76561198021865390) quick accessed a lock!
[16:53:37] Player ([Odin] Dome, 76561198078760178) quick accessed a lock!
[17:04:25] Player ([Odin] Dome, 76561198078760178) quick accessed a lock!
[21:49:23] Player ([Odin] Lockett, 76561198137678377) quick accessed a lock!
[22:27:46] Player (Survivor (2), 76561198021865390) quick accessed a lock!
[22:34:56] Player (Raven, 76561198081076199)(<3569.433838, 335.606812, 7028.715820>) accessed a lock!
[22:34:56] Player (Raven, 76561198081076199)(<3569.433838, 335.606812, 7028.715820>) was added as a guest of a lock!
[01:32:28] Player (Survivor (2), 76561198021865390) quick accessed a lock!
[16:24:32] Player (Raven, 76561198081076199) quick accessed a lock!
[16:37:38] Player (Final217, 76561198061799006)(<3569.433838, 335.606812, 7028.715820>) accessed a lock!
[16:37:38] Player (Final217, 76561198061799006)(<3569.433838, 335.606812, 7028.715820>) was added as a guest of a lock!
[19:55:55] Player ([Odin] Lockett, 76561198137678377) quick accessed a lock!
[19:55:59] Player ([Odin] Lockett, 76561198137678377) quick accessed a lock!
[20:26:58] Player ([Odin] Lockett, 76561198137678377) quick accessed a lock!
[20:33:13] Player ([Odin] Lockett, 76561198137678377) quick accessed a lock!
[21:18:43] Player ([Odin] Lockett, 76561198137678377) quick accessed a lock!
[20:10:30] Player (Raven, 76561198081076199) quick accessed a lock!
[14:13:44] Player ([Odin] Camideluxe96, 76561198006997496) quick accessed a lock!
[14:29:28] Player ([Odin] Camideluxe96, 76561198006997496) quick accessed a lock!
[14:47:07] Player ([Odin] Camideluxe96, 76561198006997496) quick accessed a lock!
[15:05:47] Player (Raven, 76561198081076199) quick accessed a lock!
[20:29:21] Player ([Odin] Camideluxe96, 76561198006997496) quick accessed a lock!
[13:24:18] Player ([Odin] Lockett, 76561198137678377) quick accessed a lock!
[14:39:40] Player ([Odin] Lockett, 76561198137678377) quick accessed a lock!
