Log Created: 2020-01-08_20:54:55
20:57:05 | Gunter 2 (Hatchback_02<1da8b3e0> - pos <4448.101563, 175.027161, 13069.952148>) initialized
20:57:05 | Ada 4x4 (OffroadHatchback<1da8c500> - pos <187.754517, 385.436218, 12534.230469>) initialized
20:57:05 | Sarka 120 (Sedan_02_Red<1da88910> - pos <3434.581055, 196.587982, 12896.561523>) initialized
20:57:05 | Ada 4x4 (OffroadHatchback<1da8cd90> - pos <2516.526855, 237.748856, 12861.281250>) initialized
20:57:05 | Gunter 2 (Hatchback_02<1da88080> - pos <3100.510498, 208.128601, 12648.253906>) initialized
20:57:05 | Ada 4x4 (OffroadHatchback<1da8f860> - pos <14033.690430, 131.283600, 14716.368164>) initialized
20:57:05 | Olga 24 (CivilianSedan<1da900f0> - pos <3422.549072, 203.962204, 12687.543945>) initialized
20:57:05 | Gunter 2 (Hatchback_02<1da89a30> - pos <6299.080078, 154.821320, 12684.199219>) initialized
20:57:05 | Gunter 2 (Hatchback_02<1da90980> - pos <12178.068359, 17.788689, 9860.644531>) initialized
20:57:05 | Gunter 2 (Hatchback_02<1da91210> - pos <10748.719727, 145.079651, 10804.532227>) initialized
20:57:05 | Sarka 120 (Sedan_02_Red<1da8a2c0> - pos <9439.904297, 303.983124, 8822.235352>) initialized
20:57:05 | Ada 4x4 (OffroadHatchback<1da94e00> - pos <12423.208984, 124.960358, 14895.595703>) initialized
20:57:05 | Gunter 2 (Hatchback_02<1da93ce0> - pos <12144.072266, 97.292564, 13605.229492>) initialized
20:57:05 | Sarka 120 (Sedan_02<1da98160> - pos <11607.160156, 58.396950, 14764.176758>) initialized
20:57:05 | Gunter 2 (Hatchback_02<1da92bc0> - pos <11582.321289, 57.881550, 14659.269531>) initialized
20:57:05 | Sarka 120 (Sedan_02<1da94570> - pos <11623.862305, 58.039570, 14097.387695>) initialized
20:57:05 | Sarka 120 (Sedan_02<1da95690> - pos <10178.063477, 59.232182, 14128.633789>) initialized
20:57:05 | Gunter 2 (Hatchback_02<1da91aa0> - pos <8453.191406, 118.729141, 12925.413086>) initialized
20:57:05 | Sarka 120 (Sedan_02_Grey<1da989f0> - pos <7058.633789, 131.117508, 12685.446289>) initialized
20:57:05 | Olga 24 (CivilianSedan<1da95f20> - pos <8705.743164, 221.569244, 11637.721680>) initialized
20:57:05 | Ada 4x4 (OffroadHatchback<1da97040> - pos <8364.432617, 321.042480, 10535.359375>) initialized
20:57:05 | Sarka 120 (Sedan_02<1da967b0> - pos <6918.416504, 296.092499, 7788.323242>) initialized
20:57:05 | Olga 24 (CivilianSedan<1da978d0> - pos <12972.766602, 5.998711, 10216.121094>) initialized
20:57:05 | Olga 24 (CivilianSedan<1da99280> - pos <10698.359375, 65.137199, 14455.839844>) initialized
20:57:05 | Ada 4x4 (OffroadHatchback_White<1da92330> - pos <8554.366211, 376.687347, 15004.340820>) initialized
20:57:05 | Ada 4x4 (OffroadHatchback<1da9f0b0> - pos <5731.202148, 224.797714, 13565.439453>) initialized
20:57:05 | Olga 24 (CivilianSedan<1da9b4c0> - pos <5866.317871, 9.075872, 2201.321045>) initialized
20:57:05 | Ada 4x4 (OffroadHatchback<1da9a3a0> - pos <698.180603, 140.787781, 5656.061035>) initialized
20:57:05 | Ada 4x4 (OffroadHatchback<1da9ac30> - pos <1218.682251, 128.866547, 6215.376953>) initialized
20:57:05 | Ada 4x4 (OffroadHatchback<1da9d700> - pos <1245.816895, 227.767197, 7908.982422>) initialized
20:57:05 | Sarka 120 (Sedan_02_Grey<1da9bd50> - pos <10445.452148, 6.040250, 2417.548340>) initialized
20:57:05 | Olga 24 (CivilianSedan<1daa0a60> - pos <10225.390625, 20.528372, 2295.539795>) initialized
20:57:05 | Gunter 2 (Hatchback_02<1da9c5e0> - pos <10117.828125, 5.717402, 2098.741699>) initialized
20:57:05 | Sarka 120 (Sedan_02<1da99b10> - pos <7899.333496, 6.401865, 3103.367920>) initialized
20:57:05 | Olga 24 (CivilianSedan<1daa3dc0> - pos <7015.058594, 5.805724, 2793.623779>) initialized
20:57:05 | Gunter 2 (Hatchback_02<1daa1b80> - pos <6916.813965, 38.186111, 3421.826660>) initialized
20:57:05 | Sarka 120 (Sedan_02<1da9e820> - pos <6535.590332, 6.042535, 2388.285400>) initialized
20:57:05 | Sarka 120 (Sedan_02_Grey<1da9ce70> - pos <6395.545410, 6.042638, 2307.887695>) initialized
20:57:05 | Gunter 2 (Hatchback_02<1da9f940> - pos <2682.548584, 204.519592, 5309.347168>) initialized
20:57:05 | Sarka 120 (Sedan_02<1daa12f0> - pos <2689.347412, 205.854340, 5378.787598>) initialized
21:08:37 | Olga 24 (CivilianSedan<e47e41f0> - pos <12071.933594, 53.755966, 9129.989258>) initialized
12:13:08 | Player Hannibal (<11581.117188, 57.781677, 14659.152344> steam64id=76561198017883572) entered Gunter 2 (Hatchback_02<1da92bc0>)
12:13:18 | Player Hannibal (<11582.053711, 58.409225, 14659.068359> steam64id=76561198017883572) started Gunter 2 (Hatchback_02<1da92bc0>)
12:13:22 | Player Hannibal (<11582.053711, 58.409225, 14659.068359> steam64id=76561198017883572) started Gunter 2 (Hatchback_02<1da92bc0>)
12:13:32 | Player Hannibal (<11581.323242, 57.834671, 14658.824219> steam64id=76561198017883572) exited vehicle
13:06:04 | Player Hannibal (<11580.541016, 57.781994, 14659.167969> steam64id=76561198017883572) entered Gunter 2 (Hatchback_02<1da92bc0>)
13:06:12 | Player Hannibal (<11582.053711, 58.420185, 14659.068359> steam64id=76561198017883572) started Gunter 2 (Hatchback_02<1da92bc0>)
13:06:21 | Player Hannibal (<11582.054688, 58.452564, 14659.068359> steam64id=76561198017883572) stopped Gunter 2 (Hatchback_02<1da92bc0>)
13:06:29 | Player Hannibal (<11581.321289, 57.877975, 14658.827148> steam64id=76561198017883572) exited vehicle
13:27:52 | Player Hannibal (<11580.733398, 57.780422, 14659.408203> steam64id=76561198017883572) entered Gunter 2 (Hatchback_02<1da92bc0>)
13:28:01 | Player Hannibal (<11582.052734, 58.434471, 14659.069336> steam64id=76561198017883572) started Gunter 2 (Hatchback_02<1da92bc0>)
13:28:12 | Player Hannibal (<11582.052734, 58.429405, 14659.070313> steam64id=76561198017883572) stopped Gunter 2 (Hatchback_02<1da92bc0>)
13:28:18 | Player Hannibal (<11581.321289, 57.826756, 14658.827148> steam64id=76561198017883572) exited vehicle
13:38:19 | Player Hannibal (<11581.175781, 57.780514, 14659.375977> steam64id=76561198017883572) entered Gunter 2 (Hatchback_02<1da92bc0>)
13:38:28 | Player Hannibal (<11582.052734, 58.446743, 14659.070313> steam64id=76561198017883572) started Gunter 2 (Hatchback_02<1da92bc0>)
13:38:44 | Player Hannibal (<11581.346680, 57.865456, 14658.846680> steam64id=76561198017883572) exited vehicle
13:38:53 | Player Hannibal (<11581.074219, 57.777714, 14658.982422> steam64id=76561198017883572) entered Gunter 2 (Hatchback_02<1da92bc0>)
13:38:57 | Player Hannibal (<11582.051758, 58.451908, 14659.070313> steam64id=76561198017883572) stopped Gunter 2 (Hatchback_02<1da92bc0>)
13:39:00 | Player Hannibal (<11581.338867, 57.878143, 14658.852539> steam64id=76561198017883572) exited vehicle
14:03:12 | Player Hannibal (<11581.093750, 57.781746, 14659.590820> steam64id=76561198017883572) entered Gunter 2 (Hatchback_02<1da92bc0>)
14:03:22 | Player Hannibal (<11582.050781, 58.423130, 14659.071289> steam64id=76561198017883572) started Gunter 2 (Hatchback_02<1da92bc0>)
14:04:03 | Player Hannibal (<11528.950195, 70.349693, 14764.383789> steam64id=76561198017883572) exited vehicle
14:05:12 | Gunter 2 (Hatchback_02<41ac69e0> - pos <6351.218750, 9.219407, 2522.914307>) initialized
14:16:39 | Gunter 2 (Hatchback_02<41ac7270> - pos <13376.520508, 5.861382, 6292.042969>) initialized
