Log Created: 2019-12-30_11:51:28
11:53:20 | Gunter 2 (Hatchback_02<a3443c90> - pos <6299.176270, 154.813766, 12684.000977>) initialized
11:53:20 | Ada 4x4 (OffroadHatchback<a3444520> - pos <188.134094, 385.410980, 12534.090820>) initialized
11:53:20 | Sarka 120 (Sedan_02_Grey<a3447880> - pos <7059.172852, 131.119324, 12685.419922>) initialized
11:53:20 | Ada 4x4 (OffroadHatchback<a3445ed0> - pos <8840.037109, 190.595459, 12047.977539>) initialized
11:53:20 | Ada 4x4 (OffroadHatchback<a3448110> - pos <14034.027344, 131.261093, 14716.562500>) initialized
11:53:20 | Sarka 120 (Sedan_02_Grey<a3445640> - pos <13997.906250, 3.296937, 13458.523438>) initialized
11:53:20 | Ada 4x4 (OffroadHatchback<a3449230> - pos <12423.422852, 124.951347, 14895.535156>) initialized
11:53:20 | Sarka 120 (Sedan_02<a344a350> - pos <11624.169922, 58.065697, 14097.066406>) initialized
11:53:20 | Gunter 2 (Hatchback_02<a34489a0> - pos <10906.573242, 52.008728, 14230.105469>) initialized
11:53:20 | Gunter 2 (Hatchback_02<a3449ac0> - pos <12144.073242, 97.297119, 13605.345703>) initialized
11:53:20 | Sarka 120 (Sedan_02<a3444db0> - pos <11607.029297, 58.411549, 14764.074219>) initialized
11:53:20 | Gunter 2 (Hatchback_02<a34512a0> - pos <11582.113281, 57.881603, 14659.235352>) initialized
11:53:20 | Olga 24 (CivilianSedan<a344f8f0> - pos <8705.537109, 221.517548, 11638.014648>) initialized
11:53:20 | Ada 4x4 (OffroadHatchback<a3450a10> - pos <698.119507, 140.789886, 5655.955566>) initialized
11:53:20 | Ada 4x4 (OffroadHatchback<a344b470> - pos <1218.524170, 128.886169, 6215.651367>) initialized
11:53:20 | Ada 4x4 (OffroadHatchback<a34523c0> - pos <1245.731445, 227.767227, 7909.154785>) initialized
11:53:20 | Olga 24 (CivilianSedan<a344df40> - pos <13256.291992, 5.062654, 6295.694824>) initialized
11:53:20 | Olga 24 (CivilianSedan<a3451b30> - pos <5866.402832, 9.037609, 2201.367920>) initialized
11:53:20 | Sarka 120 (Sedan_02_Grey<a3450180> - pos <6395.529785, 6.052886, 2307.986816>) initialized
11:53:20 | Ada 4x4 (OffroadHatchback<a34534e0> - pos <2516.539551, 237.746735, 12861.156250>) initialized
11:53:20 | Sarka 120 (Sedan_02_Red<a344e7d0> - pos <3434.949951, 196.599350, 12896.874023>) initialized
11:53:20 | Gunter 2 (Hatchback_02<a3452c50> - pos <4447.999023, 175.053421, 13070.912109>) initialized
11:53:20 | Olga 24 (CivilianSedan<a344f060> - pos <3576.105225, 231.890930, 13911.667969>) initialized
11:53:20 | Sarka 120 (Sedan_02<a344ce20> - pos <10517.080078, 98.463326, 4333.049316>) initialized
11:53:20 | Sarka 120 (Sedan_02<a344c590> - pos <6535.602051, 6.048331, 2388.319824>) initialized
11:53:20 | Gunter 2 (Hatchback_02<a345acc0> - pos <6764.926758, 11.369217, 2787.127930>) initialized
11:53:20 | Gunter 2 (Hatchback_02<a3453d70> - pos <6916.804199, 38.191963, 3421.877686>) initialized
11:53:20 | Sarka 120 (Sedan_02<a3455720> - pos <7898.874023, 6.382542, 3103.552490>) initialized
11:53:20 | Sarka 120 (Sedan_02_Grey<a3456840> - pos <10445.461914, 6.045981, 2417.546143>) initialized
11:53:20 | Gunter 2 (Hatchback_02<a345a430> - pos <10122.356445, 5.409108, 2087.575195>) initialized
11:53:20 | Ada 4x4 (OffroadHatchback<a3454e90> - pos <11441.750977, 329.977295, 11362.012695>) initialized
11:53:20 | Gunter 2 (Hatchback_02<a345b550> - pos <12177.589844, 17.825268, 9860.663086>) initialized
11:53:20 | Gunter 2 (Hatchback_02<a3454600> - pos <10748.795898, 145.084381, 10804.476563>) initialized
11:53:20 | Ada 4x4 (OffroadHatchback<a34570d0> - pos <8364.960938, 320.984833, 10535.932617>) initialized
11:53:20 | Sarka 120 (Sedan_02_Red<a3455fb0> - pos <9439.869141, 303.992065, 8822.142578>) initialized
11:53:20 | Sarka 120 (Sedan_02<a3459310> - pos <6918.565918, 296.106659, 7788.345215>) initialized
11:53:20 | Gunter 2 (Hatchback_02<a3458a80> - pos <8453.150391, 118.726387, 12925.816406>) initialized
11:53:20 | Gunter 2 (Hatchback_02<a345bde0> - pos <2682.718506, 204.532837, 5309.163574>) initialized
11:53:20 | Olga 24 (CivilianSedan<a3459ba0> - pos <13376.501953, 5.901472, 6292.095703>) initialized
11:53:20 | Olga 24 (CivilianSedan<a345cf00> - pos <2529.209717, 193.970932, 5041.107422>) initialized
11:53:20 | Sarka 120 (Sedan_02<a34581f0> - pos <2690.356689, 205.966904, 5378.194336>) initialized
11:59:31 | Olga 24 (CivilianSedan<6af14a20> - pos <9612.131836, 83.333107, 13703.837891>) initialized
