Log Created: 2020-01-14_17:39:55
17:41:41 | Sarka 120 (Sedan_02<1ddb1850> - pos <2682.010254, 205.962784, 5387.202148>) initialized
17:41:41 | Gunter 2 (Hatchback_02<1ddb3a90> - pos <2682.683594, 204.523941, 5309.266113>) initialized
17:41:41 | Ada 4x4 (OffroadHatchback<1ddacb40> - pos <187.578217, 385.445160, 12534.312500>) initialized
17:41:41 | Gunter 2 (Hatchback_02<1ddb6df0> - pos <6299.137207, 154.823853, 12684.339844>) initialized
17:41:41 | Sarka 120 (Sedan_02_Red<1ddbb270> - pos <9439.906250, 303.983093, 8822.278320>) initialized
17:41:41 | Sarka 120 (Sedan_02_Grey<1ddba9e0> - pos <7058.431152, 131.135834, 12685.508789>) initialized
17:41:41 | Ada 4x4 (OffroadHatchback_White<1ddb5440> - pos <8554.670898, 376.694275, 15004.272461>) initialized
17:41:41 | Ada 4x4 (OffroadHatchback<1ddb5cd0> - pos <5731.285645, 224.813187, 13565.455078>) initialized
17:41:41 | Ada 4x4 (OffroadHatchback<1ddb4320> - pos <8364.364258, 321.012970, 10535.370117>) initialized
17:41:41 | Gunter 2 (Hatchback_02<1ddb98c0> - pos <8453.209961, 118.730217, 12925.369141>) initialized
17:41:41 | Olga 24 (CivilianSedan<1ddbbb00> - pos <8705.790039, 221.576935, 11637.573242>) initialized
17:41:41 | Gunter 2 (Hatchback_02<1ddb7680> - pos <10748.684570, 145.093857, 10804.562500>) initialized
17:41:41 | Olga 24 (CivilianSedan<1ddbd4b0> - pos <10698.448242, 65.138756, 14455.502930>) initialized
17:41:41 | Gunter 2 (Hatchback_02<1ddb7f10> - pos <12144.073242, 97.308037, 13605.175781>) initialized
17:41:41 | Ada 4x4 (OffroadHatchback<1ddba150> - pos <12437.448242, 120.836517, 14833.229492>) initialized
17:41:41 | Sarka 120 (Sedan_02<1ddbc390> - pos <11607.228516, 58.411606, 14764.217773>) initialized
17:41:41 | Sarka 120 (Sedan_02<1ddbcc20> - pos <10223.356445, 58.126663, 14145.545898>) initialized
17:41:41 | Ada 4x4 (OffroadHatchback<1ddb6560> - pos <14033.615234, 131.264526, 14716.274414>) initialized
17:41:41 | Olga 24 (CivilianSedan<1ddc21c0> - pos <7513.110352, 121.065208, 12662.362305>) initialized
17:41:41 | Sarka 120 (Sedan_02<1ddbe5d0> - pos <8216.835938, 141.605652, 12240.216797>) initialized
17:41:41 | Gunter 2 (Hatchback_02<1ddc4c90> - pos <11343.348633, 46.946629, 14458.159180>) initialized
17:41:41 | Olga 24 (CivilianSedan<1ddbee60> - pos <12972.833984, 6.044168, 10216.102539>) initialized
17:41:41 | Gunter 2 (Hatchback_02<1ddc1930> - pos <12178.323242, 17.786762, 9860.625977>) initialized
17:41:41 | Olga 24 (CivilianSedan<1ddc2a50> - pos <12072.019531, 54.081928, 9129.806641>) initialized
17:41:41 | Olga 24 (CivilianSedan<1ddc4400> - pos <13354.936523, 6.040004, 5440.297363>) initialized
17:41:41 | Olga 24 (CivilianSedan<1ddc32e0> - pos <1825.529419, 261.714996, 11523.700195>) initialized
17:41:41 | Ada 4x4 (OffroadHatchback<1ddc3b70> - pos <2516.540771, 237.735001, 12861.323242>) initialized
17:41:41 | Gunter 2 (Hatchback_02<1ddbdd40> - pos <4448.124512, 175.055664, 13069.654297>) initialized
17:41:41 | Sarka 120 (Sedan_02_Red<1ddc5520> - pos <3434.435059, 196.609146, 12896.391602>) initialized
17:41:41 | Gunter 2 (Hatchback_02<1ddc0810> - pos <3100.557129, 208.131714, 12648.356445>) initialized
17:41:41 | Sarka 120 (Sedan_02<1ddbf6f0> - pos <6918.352539, 296.098907, 7788.307617>) initialized
17:41:41 | Ada 4x4 (OffroadHatchback<1ddc5db0> - pos <698.225586, 140.786057, 5656.105469>) initialized
17:41:41 | Ada 4x4 (OffroadHatchback<1ddc6640> - pos <1218.720337, 128.877808, 6215.248047>) initialized
17:41:41 | Ada 4x4 (OffroadHatchback<1ddc6ed0> - pos <1245.839233, 227.766693, 7908.916504>) initialized
17:41:41 | Olga 24 (CivilianSedan<1ddbff80> - pos <10182.324219, 5.982797, 1987.739624>) initialized
17:41:41 | Sarka 120 (Sedan_02_Grey<1ddc7760> - pos <6395.554688, 6.044991, 2307.811035>) initialized
17:41:41 | Olga 24 (CivilianSedan<1ddc7ff0> - pos <7017.762207, 5.759209, 2793.347900>) initialized
17:41:41 | Gunter 2 (Hatchback_02<1ddc10a0> - pos <7566.752930, 214.141617, 5168.568848>) initialized
17:41:41 | Gunter 2 (Hatchback_02<1ddc8880> - pos <6916.796387, 38.200687, 3421.845947>) initialized
17:41:41 | Sarka 120 (Sedan_02_Grey<1ddc9110> - pos <6796.615723, 50.086899, 3542.258301>) initialized
17:50:00 | Olga 24 (CivilianSedan<dd3238e0> - pos <6483.761230, 8.353425, 2902.630859>) initialized
