Log Created: 2019-12-26_22:45:03
22:47:29 | Gunter 2 (Hatchback_02<a3cc9ba0> - pos <2844.893555, 204.269913, 5284.816406>) initialized
22:47:29 | Gunter 2 (Hatchback_02<a3cc9310> - pos <2682.652588, 204.494354, 5309.149902>) initialized
22:47:29 | Sarka 120 (Sedan_02_Grey<a3ccacc0> - pos <2719.730713, 363.703705, 6736.877930>) initialized
22:47:29 | Gunter 2 (Hatchback_02<a3cc5fb0> - pos <7708.010742, 127.778412, 12820.754883>) initialized
22:47:29 | Gunter 2 (Hatchback_02<a3cc7960> - pos <6299.405762, 154.787949, 12683.572266>) initialized
22:47:29 | Sarka 120 (Sedan_02<a3cc3d70> - pos <1905.219604, 6.129979, 2229.508545>) initialized
22:47:29 | Ada 4x4 (OffroadHatchback<a3cc70d0> - pos <1218.309082, 128.904999, 6215.883789>) initialized
22:47:29 | Ada 4x4 (OffroadHatchback<a3ccbde0> - pos <698.062439, 140.798477, 5655.887207>) initialized
22:47:29 | Ada 4x4 (OffroadHatchback<a3ccb550> - pos <9075.973633, 245.377640, 8018.894043>) initialized
22:47:29 | Ada 4x4 (OffroadHatchback<a3cc4e90> - pos <8839.980469, 190.570633, 12048.159180>) initialized
22:47:29 | Ada 4x4 (OffroadHatchback<a3ccc670> - pos <1245.563599, 227.759567, 7909.476563>) initialized
22:47:29 | Ada 4x4 (OffroadHatchback<a3ccf9d0> - pos <11443.036133, 329.912018, 11362.976563>) initialized
22:47:29 | Gunter 2 (Hatchback_02<a3cd0260> - pos <12302.205078, 34.412918, 9051.578125>) initialized
22:47:29 | Gunter 2 (Hatchback_02<a3cce8b0> - pos <11030.881836, 46.347065, 14334.265625>) initialized
22:47:29 | Sarka 120 (Sedan_02<a3cd0af0> - pos <12644.041992, 9.507753, 9989.056641>) initialized
22:47:29 | Olga 24 (CivilianSedan<a3ccd790> - pos <3576.458496, 231.952972, 13911.355469>) initialized
22:47:29 | Sarka 120 (Sedan_02<a3ccf140> - pos <10241.185547, 65.782639, 4078.894043>) initialized
22:47:29 | Ada 4x4 (OffroadHatchback<a3cd24a0> - pos <188.527588, 385.377960, 12533.919922>) initialized
22:47:29 | Ada 4x4 (OffroadHatchback<a3cce020> - pos <12423.537109, 124.963272, 14895.223633>) initialized
22:47:29 | Ada 4x4 (OffroadHatchback<a3cd1380> - pos <8365.393555, 320.993835, 10536.161133>) initialized
22:47:29 | Ada 4x4 (OffroadHatchback<a3cd1c10> - pos <2516.568115, 237.695541, 12860.944336>) initialized
22:47:29 | Gunter 2 (Hatchback_02<a3cd3e50> - pos <11581.881836, 57.896614, 14659.222656>) initialized
22:47:29 | Gunter 2 (Hatchback_02<a3cd46e0> - pos <10748.870117, 145.106735, 10804.461914>) initialized
22:47:29 | Sarka 120 (Sedan_02_Red<a3cd8b60> - pos <3435.353027, 196.604156, 12897.151367>) initialized
22:47:29 | Sarka 120 (Sedan_02<a3cd93f0> - pos <11606.909180, 58.415600, 14763.980469>) initialized
22:47:29 | Sarka 120 (Sedan_02_Grey<a3cd82d0> - pos <10445.521484, 6.055959, 2417.543701>) initialized
22:47:29 | Sarka 120 (Sedan_02<a3cd2d30> - pos <6918.687988, 296.107422, 7788.375000>) initialized
22:47:29 | Gunter 2 (Hatchback_02<a3cda510> - pos <12824.806641, 6.128064, 10115.744141>) initialized
22:47:29 | Gunter 2 (Hatchback_02<a3cd5800> - pos <8468.466797, 121.526695, 12954.867188>) initialized
22:47:29 | Gunter 2 (Hatchback_02<a3cd9c80> - pos <12144.041016, 97.317497, 13605.467773>) initialized
22:47:29 | Sarka 120 (Sedan_02_Grey<a3cd71b0> - pos <7060.989258, 131.038788, 12686.812500>) initialized
22:47:29 | Sarka 120 (Sedan_02<a3cd6090> - pos <11625.271484, 58.044441, 14096.330078>) initialized
22:47:29 | Sarka 120 (Sedan_02_Red<a3cd35c0> - pos <9439.909180, 303.996399, 8822.056641>) initialized
22:47:29 | Sarka 120 (Sedan_02<a3cdbec0> - pos <7898.413574, 6.363288, 3103.724121>) initialized
22:47:29 | Sarka 120 (Sedan_02<a3cdada0> - pos <10086.810547, 34.201828, 2655.565918>) initialized
22:47:29 | Gunter 2 (Hatchback_02<a3cdb630> - pos <10060.059570, 6.053724, 2030.242798>) initialized
22:47:29 | Ada 4x4 (OffroadHatchback<a3cdc750> - pos <14034.570313, 131.248642, 14716.820313>) initialized
22:47:29 | Gunter 2 (Hatchback_02<a3cdcfe0> - pos <13497.477539, 19.674166, 14017.059570>) initialized
22:47:29 | Sarka 120 (Sedan_02_Grey<a3cdd870> - pos <14007.011719, 3.323743, 13467.561523>) initialized
22:47:29 | Olga 24 (CivilianSedan<a3cd6920> - pos <13227.547852, 15.399318, 6347.250977>) initialized
22:47:29 | Gunter 2 (Hatchback_02<a3cdf220> - pos <6916.907227, 38.211533, 3421.920166>) initialized
22:47:29 | Sarka 120 (Sedan_02_Grey<a3cdfab0> - pos <6395.504883, 6.058963, 2308.110107>) initialized
22:47:29 | Sarka 120 (Sedan_02<a3ce0340> - pos <6535.559082, 6.058263, 2388.385986>) initialized
22:47:29 | Gunter 2 (Hatchback_02<a3ce1cf0> - pos <6807.370605, 3.095418, 2688.491699>) initialized
22:50:50 | Dingo Truck (Dingo<81de59d0> - pos <3719.709961, 402.029633, 5994.850098>) initialized
23:06:42 | Dingo Truck (Dingo<81dc1390> - pos <3726.996582, 401.706879, 6009.880859>) initialized
23:18:28 | Player Sascha Klein (<3725.422363, 401.685516, 6010.748047> steam64id=76561198021865390) entered Dingo Truck (Dingo<81dc1390>)
23:18:36 | Player Sascha Klein (<3723.777832, 402.135681, 6011.066406> steam64id=76561198021865390) exited vehicle
23:21:43 | Player [Odin] Camideluxe96 (<6394.237305, 6.002903, 2307.936523> steam64id=76561198006997496) entered Sarka 120 (Sedan_02_Grey<a3cdfab0>)
23:21:50 | Player [Odin] Camideluxe96 (<6395.159668, 6.622784, 2307.948486> steam64id=76561198006997496) started Sarka 120 (Sedan_02_Grey<a3cdfab0>)
23:21:57 | Player [Odin] Camideluxe96 (<6394.229492, 6.059453, 2306.858643> steam64id=76561198006997496) exited vehicle
23:31:15 | Player Sascha Klein (<3725.432373, 401.685577, 6010.703125> steam64id=76561198021865390) entered Dingo Truck (Dingo<81dc1390>)
23:31:19 | Player Sascha Klein (<3726.339111, 403.212036, 6010.831055> steam64id=76561198021865390) started Dingo Truck (Dingo<81dc1390>)
23:31:26 | Player Sascha Klein (<3726.339111, 403.212036, 6010.831055> steam64id=76561198021865390) started Dingo Truck (Dingo<81dc1390>)
23:31:37 | Player Sascha Klein (<3723.910645, 402.132782, 6011.052246> steam64id=76561198021865390) exited vehicle
