Log Created: 2019-12-27_11:15:27
11:17:07 | Gunter 2 (Hatchback_02<2399d670> - pos <7721.632324, 124.923462, 12812.926758>) initialized
11:17:07 | Gunter 2 (Hatchback_02<2399df00> - pos <6299.336914, 154.780716, 12683.699219>) initialized
11:17:07 | Sarka 120 (Sedan_02<2399f020> - pos <1905.172852, 6.129315, 2229.524902>) initialized
11:17:07 | Ada 4x4 (OffroadHatchback<2399b430> - pos <698.068848, 140.798645, 5655.898438>) initialized
11:17:07 | Ada 4x4 (OffroadHatchback<2399bcc0> - pos <9076.285156, 245.325607, 8019.042969>) initialized
11:17:07 | Ada 4x4 (OffroadHatchback<23998960> - pos <8840.027344, 190.600632, 12048.114258>) initialized
11:17:07 | Ada 4x4 (OffroadHatchback<2399c550> - pos <11443.129883, 329.898285, 11362.919922>) initialized
11:17:07 | Gunter 2 (Hatchback_02<2399cde0> - pos <12302.253906, 34.413818, 9051.552734>) initialized
11:17:07 | Gunter 2 (Hatchback_02<239980d0> - pos <11030.842773, 46.315014, 14334.194336>) initialized
11:17:07 | Sarka 120 (Sedan_02<2399e790> - pos <12643.903320, 9.522597, 9989.043945>) initialized
11:17:07 | Olga 24 (CivilianSedan<239a0140> - pos <3576.465820, 231.956833, 13911.389648>) initialized
11:17:07 | Sarka 120 (Sedan_02<239a09d0> - pos <10241.207031, 65.783745, 4078.888672>) initialized
11:17:07 | Ada 4x4 (OffroadHatchback<239a1260> - pos <188.465790, 385.381439, 12533.947266>) initialized
11:17:07 | Ada 4x4 (OffroadHatchback<23962890> - pos <12423.500977, 124.961060, 14895.306641>) initialized
11:17:07 | Ada 4x4 (OffroadHatchback<23966d10> - pos <8365.277344, 320.992645, 10536.050781>) initialized
11:17:07 | Ada 4x4 (OffroadHatchback<23967e30> - pos <2516.540283, 237.739838, 12860.993164>) initialized
11:17:07 | Gunter 2 (Hatchback_02<239675a0> - pos <11581.910156, 57.892784, 14659.230469>) initialized
11:17:07 | Gunter 2 (Hatchback_02<23968f50> - pos <10748.857422, 145.102127, 10804.451172>) initialized
11:17:07 | Sarka 120 (Sedan_02_Red<23966480> - pos <3435.229492, 196.598434, 12897.101563>) initialized
11:17:07 | Sarka 120 (Sedan_02<23965bf0> - pos <11606.929688, 58.417313, 14763.998047>) initialized
11:17:07 | Sarka 120 (Sedan_02_Grey<23963120> - pos <10445.514648, 6.056387, 2417.562988>) initialized
11:17:07 | Sarka 120 (Sedan_02<239639b0> - pos <6918.655762, 296.108398, 7788.371582>) initialized
11:17:07 | Gunter 2 (Hatchback_02<23965360> - pos <12824.810547, 6.123358, 10115.743164>) initialized
11:17:07 | Gunter 2 (Hatchback_02<23962000> - pos <8471.710938, 118.466324, 12912.059570>) initialized
11:17:07 | Gunter 2 (Hatchback_02<239697e0> - pos <12144.053711, 97.313240, 13605.442383>) initialized
11:17:07 | Sarka 120 (Sedan_02_Grey<2396a070> - pos <7060.822754, 131.034744, 12686.348633>) initialized
11:17:07 | Sarka 120 (Sedan_02<2396a900> - pos <11624.911133, 58.045650, 14096.557617>) initialized
11:17:07 | Sarka 120 (Sedan_02_Red<2396b190> - pos <9439.872070, 303.997314, 8822.074219>) initialized
11:17:07 | Gunter 2 (Hatchback_02<23964240> - pos <10060.016602, 6.061975, 2030.283081>) initialized
11:17:07 | Ada 4x4 (OffroadHatchback<2396ba20> - pos <14034.495117, 131.247879, 14716.752930>) initialized
11:17:07 | Gunter 2 (Hatchback_02<23973200> - pos <13363.742188, 50.734821, 14045.073242>) initialized
11:17:07 | Sarka 120 (Sedan_02_Grey<2396c2b0> - pos <14007.033203, 3.320762, 13467.649414>) initialized
11:17:07 | Olga 24 (CivilianSedan<2396ed80> - pos <13228.274414, 15.244990, 6347.083008>) initialized
11:17:07 | Sarka 120 (Sedan_02_Grey<2396dc60> - pos <6395.526367, 6.057150, 2308.083740>) initialized
11:17:07 | Sarka 120 (Sedan_02<2396e4f0> - pos <6535.576172, 6.058709, 2388.373291>) initialized
11:17:07 | Gunter 2 (Hatchback_02<23972970> - pos <6807.411621, 3.076128, 2688.497559>) initialized
11:17:07 | Gunter 2 (Hatchback_02<23973a90> - pos <6916.878418, 38.207569, 3421.922363>) initialized
11:17:07 | Sarka 120 (Sedan_02<2396f610> - pos <7898.606445, 6.404575, 3103.737061>) initialized
11:17:07 | Ada 4x4 (OffroadHatchback<23970fc0> - pos <1245.613159, 227.752136, 7909.404297>) initialized
11:17:07 | Ada 4x4 (OffroadHatchback<239720e0> - pos <1218.380371, 128.891495, 6215.833984>) initialized
11:17:07 | Gunter 2 (Hatchback_02<2396cb40> - pos <2844.898682, 204.355728, 5284.792969>) initialized
11:17:07 | Gunter 2 (Hatchback_02<23974320> - pos <2682.694092, 204.509399, 5309.120117>) initialized
11:17:07 | Olga 24 (CivilianSedan<23971850> - pos <2724.208984, 357.460205, 6670.362793>) initialized
11:17:07 | Sarka 120 (Sedan_02_Grey<2396d3d0> - pos <2708.768311, 364.071136, 6781.005371>) initialized
11:17:07 | Dingo Truck (Dingo<23977680> - pos <3727.630127, 401.779724, 6009.086914>) initialized
