Log Created: 2019-12-29_12:15:32
12:17:08 | Sarka 120 (Sedan_02<188bbdf0> - pos <2690.368652, 205.977829, 5378.163574>) initialized
12:17:08 | Gunter 2 (Hatchback_02<188c82e0> - pos <2844.920166, 204.344437, 5284.766113>) initialized
12:17:08 | Gunter 2 (Hatchback_02<188c6930> - pos <6299.177734, 154.790604, 12683.950195>) initialized
12:17:08 | Sarka 120 (Sedan_02<188c4f80> - pos <1904.847534, 6.045386, 2229.433105>) initialized
12:17:08 | Olga 24 (CivilianSedan<188c5810> - pos <3576.208008, 231.961807, 13911.522461>) initialized
12:17:08 | Ada 4x4 (OffroadHatchback<188c7a50> - pos <188.208542, 385.410187, 12534.041016>) initialized
12:17:08 | Ada 4x4 (OffroadHatchback<188c9400> - pos <2516.545410, 237.734192, 12861.110352>) initialized
12:17:08 | Sarka 120 (Sedan_02_Red<188c9c90> - pos <3435.037598, 196.597443, 12896.951172>) initialized
12:17:08 | Gunter 2 (Hatchback_02<188c71c0> - pos <4448.003906, 174.890182, 13071.107422>) initialized
12:17:08 | Sarka 120 (Sedan_02_Grey<188c8b70> - pos <7059.259277, 131.104965, 12685.405273>) initialized
12:17:08 | Gunter 2 (Hatchback_02<188c60a0> - pos <7750.976563, 118.290077, 12762.948242>) initialized
12:17:08 | Ada 4x4 (OffroadHatchback<188c35d0> - pos <9088.925781, 251.603363, 7964.390137>) initialized
12:17:08 | Sarka 120 (Sedan_02<188cb640> - pos <6918.571777, 296.097382, 7788.351074>) initialized
12:17:08 | Gunter 2 (Hatchback_02<188ce9a0> - pos <12824.792969, 6.111785, 10115.727539>) initialized
12:17:08 | Gunter 2 (Hatchback_02<188cc760> - pos <12302.313477, 34.411137, 9051.499023>) initialized
12:17:08 | Gunter 2 (Hatchback_02<188cadb0> - pos <12177.538086, 17.735147, 9860.659180>) initialized
12:17:08 | Ada 4x4 (OffroadHatchback<188cbed0> - pos <11441.642578, 329.967590, 11362.036133>) initialized
12:17:08 | Sarka 120 (Sedan_02_Red<188ce110> - pos <9439.871094, 303.982697, 8822.125000>) initialized
12:17:08 | Gunter 2 (Hatchback_02<188ccff0> - pos <10748.811523, 145.070648, 10804.464844>) initialized
12:17:08 | Ada 4x4 (OffroadHatchback<188d0be0> - pos <8365.185547, 321.011139, 10536.117188>) initialized
12:17:08 | Ada 4x4 (OffroadHatchback<188cd880> - pos <8840.112305, 190.601761, 12048.032227>) initialized
12:17:08 | Olga 24 (CivilianSedan<188cf230> - pos <13229.470703, 14.905756, 6346.341797>) initialized
12:17:08 | Gunter 2 (Hatchback_02<188cfac0> - pos <6916.812012, 38.198483, 3421.883789>) initialized
12:17:08 | Gunter 2 (Hatchback_02<188d0350> - pos <6764.888672, 11.225202, 2787.134033>) initialized
12:17:08 | Sarka 120 (Sedan_02<e92ab850> - pos <7898.718262, 6.359613, 3103.670654>) initialized
12:17:08 | Sarka 120 (Sedan_02<ba530ee0> - pos <6535.605469, 6.043317, 2388.330811>) initialized
12:17:08 | Sarka 120 (Sedan_02_Grey<5ccc87e0> - pos <6395.533203, 6.044141, 2308.002686>) initialized
12:17:08 | Sarka 120 (Sedan_02_Grey<5cccc3d0> - pos <10445.465820, 6.041020, 2417.550049>) initialized
12:17:08 | Gunter 2 (Hatchback_02<5ccc9070> - pos <10059.998047, 6.073414, 2030.291504>) initialized
12:17:08 | Sarka 120 (Sedan_02<5ccc5480> - pos <10261.779297, 70.042351, 4112.945313>) initialized
12:17:08 | Ada 4x4 (OffroadHatchback<5ccc65a0> - pos <698.108643, 140.786011, 5655.942871>) initialized
12:17:08 | Ada 4x4 (OffroadHatchback<5ccc9900> - pos <1218.427490, 128.894852, 6215.716309>) initialized
12:17:08 | Ada 4x4 (OffroadHatchback<5ccc6e30> - pos <1245.724487, 227.762283, 7909.189453>) initialized
12:17:08 | Ada 4x4 (OffroadHatchback<5ccc76c0> - pos <14034.090820, 131.263474, 14716.598633>) initialized
12:17:08 | Sarka 120 (Sedan_02_Grey<5cccb2b0> - pos <14007.063477, 3.314032, 13467.845703>) initialized
12:17:08 | Ada 4x4 (OffroadHatchback<5ccca190> - pos <12423.445313, 124.968010, 14895.401367>) initialized
12:17:08 | Sarka 120 (Sedan_02<5ccc5d10> - pos <11624.207031, 58.077110, 14096.998047>) initialized
12:17:08 | Gunter 2 (Hatchback_02<5cccdd80> - pos <10906.651367, 51.989956, 14229.738281>) initialized
12:17:08 | Gunter 2 (Hatchback_02<5ccccc60> - pos <12144.078125, 97.303276, 13605.369141>) initialized
12:17:08 | Sarka 120 (Sedan_02<5cccd4f0> - pos <11607.003906, 58.405937, 14764.054688>) initialized
12:17:08 | Gunter 2 (Hatchback_02<5cccbb40> - pos <11582.068359, 57.886799, 14659.215820>) initialized
12:17:08 | Gunter 2 (Hatchback_02<5cccaa20> - pos <2682.677979, 204.502457, 5309.175293>) initialized
12:18:36 | Olga 24 (CivilianSedan<dd8caf40> - pos <8705.515625, 221.230927, 11638.057617>) initialized
12:23:50 | Olga 24 (CivilianSedan<dd8d9f00> - pos <5866.410156, 8.753007, 2201.368408>) initialized
19:12:53 | Player Sascha Klein (<2515.249023, 237.632599, 12860.992188> steam64id=76561198021865390) entered Ada 4x4 (OffroadHatchback<188c9400>)
19:12:58 | Player Sascha Klein (<2516.877197, 238.577194, 12861.427734> steam64id=76561198021865390) started Ada 4x4 (OffroadHatchback<188c9400>)
19:13:01 | Player Sascha Klein (<2516.877197, 238.577194, 12861.427734> steam64id=76561198021865390) started Ada 4x4 (OffroadHatchback<188c9400>)
19:13:04 | Player Sascha Klein (<2517.692627, 237.650833, 12861.555664> steam64id=76561198021865390) exited vehicle
02:15:55 | Player [Odin] Camideluxe96 (<12823.484375, 5.998338, 10115.735352> steam64id=76561198006997496) entered Gunter 2 (Hatchback_02<188ce9a0>)
02:16:12 | Player [Odin] Camideluxe96 (<12824.904297, 6.651370, 10116.043945> steam64id=76561198006997496) started Gunter 2 (Hatchback_02<188ce9a0>)
02:16:19 | Player [Odin] Camideluxe96 (<12825.387695, 6.101008, 10116.660156> steam64id=76561198006997496) exited vehicle
02:21:29 | Player [Odin] Camideluxe96 (<12823.345703, 5.998161, 10115.746094> steam64id=76561198006997496) entered Gunter 2 (Hatchback_02<188ce9a0>)
02:21:49 | Player [Odin] Camideluxe96 (<12825.385742, 6.096522, 10116.656250> steam64id=76561198006997496) exited vehicle
02:22:06 | Player [Odin] Camideluxe96 (<12823.488281, 5.998139, 10115.717773> steam64id=76561198006997496) entered Gunter 2 (Hatchback_02<188ce9a0>)
02:22:11 | Player [Odin] Camideluxe96 (<12825.367188, 6.303493, 10116.605469> steam64id=76561198006997496) exited vehicle
02:22:17 | Player [Odin] Camideluxe96 (<12823.489258, 5.998669, 10115.625977> steam64id=76561198006997496) entered Gunter 2 (Hatchback_02<188ce9a0>)
02:22:39 | Player [Odin] Camideluxe96 (<12824.903320, 6.630605, 10116.043945> steam64id=76561198006997496) started Gunter 2 (Hatchback_02<188ce9a0>)
02:23:00 | Player [Odin] Camideluxe96 (<12824.900391, 6.672743, 10116.044922> steam64id=76561198006997496) stopped Gunter 2 (Hatchback_02<188ce9a0>)
02:23:06 | Player [Odin] Camideluxe96 (<12825.369141, 6.103819, 10116.654297> steam64id=76561198006997496) exited vehicle
02:25:15 | Player [Odin] Camideluxe96 (<12823.331055, 5.998712, 10115.718750> steam64id=76561198006997496) entered Gunter 2 (Hatchback_02<188ce9a0>)
02:25:20 | Player [Odin] Camideluxe96 (<12825.374023, 6.099217, 10116.667969> steam64id=76561198006997496) exited vehicle
02:33:02 | Player [Odin] Camideluxe96 (<12823.116211, 5.998251, 10115.892578> steam64id=76561198006997496) entered Gunter 2 (Hatchback_02<188ce9a0>)
02:35:04 | Player [Odin] Camideluxe96 (<12824.898438, 6.633357, 10116.044922> steam64id=76561198006997496) started Gunter 2 (Hatchback_02<188ce9a0>)
02:40:29 | Player [Odin] Camideluxe96 (<10463.379883, 179.217712, 9133.081055> steam64id=76561198006997496) stopped Gunter 2 (Hatchback_02<188ce9a0>)
02:41:59 | Player [Odin] Camideluxe96 (<10463.378906, 179.273849, 9133.080078> steam64id=76561198006997496) started Gunter 2 (Hatchback_02<188ce9a0>)
02:47:24 | Player [Odin] Camideluxe96 (<6917.531250, 296.108765, 7793.506348> steam64id=76561198006997496) exited vehicle
02:47:39 | Player [Odin] Camideluxe96 (<6917.164063, 296.048096, 7788.867188> steam64id=76561198006997496) entered Sarka 120 (Sedan_02<188cb640>)
02:47:47 | Player [Odin] Camideluxe96 (<6917.568848, 296.063293, 7789.833008> steam64id=76561198006997496) exited vehicle
02:48:58 | Player [Odin] Camideluxe96 (<6916.998535, 296.052246, 7789.041992> steam64id=76561198006997496) entered Sarka 120 (Sedan_02<188cb640>)
02:49:03 | Player [Odin] Camideluxe96 (<6918.484375, 296.630371, 7788.734375> steam64id=76561198006997496) started Sarka 120 (Sedan_02<188cb640>)
02:49:07 | Player [Odin] Camideluxe96 (<6918.484375, 296.630371, 7788.734375> steam64id=76561198006997496) started Sarka 120 (Sedan_02<188cb640>)
02:49:10 | Player [Odin] Camideluxe96 (<6918.484375, 296.630371, 7788.734375> steam64id=76561198006997496) started Sarka 120 (Sedan_02<188cb640>)
02:49:14 | Player [Odin] Camideluxe96 (<6918.484375, 296.630371, 7788.734375> steam64id=76561198006997496) started Sarka 120 (Sedan_02<188cb640>)
02:49:16 | Player [Odin] Camideluxe96 (<6917.568848, 296.059875, 7789.833008> steam64id=76561198006997496) exited vehicle
02:49:28 | Player [Odin] Camideluxe96 (<6917.152344, 296.044220, 7788.415039> steam64id=76561198006997496) entered Sarka 120 (Sedan_02<188cb640>)
02:49:34 | Player [Odin] Camideluxe96 (<6917.568848, 296.041107, 7789.833008> steam64id=76561198006997496) exited vehicle
03:14:19 | Player [Odin] Camideluxe96 (<6916.865723, 296.029114, 7792.524902> steam64id=76561198006997496) entered Gunter 2 (Hatchback_02<188ce9a0>)
03:14:24 | Player [Odin] Camideluxe96 (<6917.856934, 296.703217, 7792.805176> steam64id=76561198006997496) started Gunter 2 (Hatchback_02<188ce9a0>)
03:16:18 | Player [Odin] Camideluxe96 (<7151.718262, 294.668060, 7694.500977> steam64id=76561198006997496) stopped Gunter 2 (Hatchback_02<188ce9a0>)
03:16:21 | Player [Odin] Camideluxe96 (<7151.210449, 294.163147, 7693.917969> steam64id=76561198006997496) exited vehicle
03:17:42 | Player [Odin] Camideluxe96 (<7150.371094, 294.041931, 7694.731934> steam64id=76561198006997496) entered Gunter 2 (Hatchback_02<188ce9a0>)
03:17:56 | Player [Odin] Camideluxe96 (<7151.710449, 294.631653, 7694.501465> steam64id=76561198006997496) started Gunter 2 (Hatchback_02<188ce9a0>)
03:24:05 | Player [Odin] Camideluxe96 (<3720.473145, 402.642639, 5995.937500> steam64id=76561198006997496) stopped Gunter 2 (Hatchback_02<188ce9a0>)
03:24:08 | Player [Odin] Camideluxe96 (<3721.147949, 402.100647, 5996.349121> steam64id=76561198006997496) exited vehicle
03:31:50 | Gunter 2 (Hatchback_02<31686e60> - pos <8453.134766, 118.539406, 12925.985352>) initialized
