Log Created: 2019-12-28_12:48:38
12:50:11 | Sarka 120 (Sedan_02<9d84a850> - pos <2690.394043, 205.986893, 5378.156250>) initialized
12:50:11 | Gunter 2 (Hatchback_02<9d844a20> - pos <2844.915039, 204.343628, 5284.777832>) initialized
12:50:11 | Gunter 2 (Hatchback_02<9d8463d0> - pos <6299.169434, 154.801392, 12683.914063>) initialized
12:50:11 | Sarka 120 (Sedan_02<9d8452b0> - pos <1904.934570, 6.139903, 2229.495117>) initialized
12:50:11 | Ada 4x4 (OffroadHatchback<9d848610> - pos <698.105469, 140.796921, 5655.927246>) initialized
12:50:11 | Olga 24 (CivilianSedan<9d84ca90> - pos <3576.232178, 231.944107, 13911.515625>) initialized
12:50:11 | Ada 4x4 (OffroadHatchback<9d845b40> - pos <188.248337, 385.394745, 12534.032227>) initialized
12:50:11 | Ada 4x4 (OffroadHatchback<9d84fdf0> - pos <12423.472656, 124.966721, 14895.374023>) initialized
12:50:11 | Ada 4x4 (OffroadHatchback<9d8517a0> - pos <2516.535156, 237.734024, 12861.084961>) initialized
12:50:11 | Gunter 2 (Hatchback_02<9d84e440> - pos <11582.033203, 57.884045, 14659.212891>) initialized
12:50:11 | Sarka 120 (Sedan_02_Red<9d852030> - pos <3435.067139, 196.590668, 12896.986328>) initialized
12:50:11 | Sarka 120 (Sedan_02<9d84ecd0> - pos <11606.990234, 58.420326, 14764.045898>) initialized
12:50:11 | Ada 4x4 (OffroadHatchback<9d850680> - pos <14034.139648, 131.245529, 14716.615234>) initialized
12:50:11 | Gunter 2 (Hatchback_02<9d84f560> - pos <13303.823242, 19.529934, 13750.137695>) initialized
12:50:11 | Sarka 120 (Sedan_02_Grey<9d854270> - pos <14007.054688, 3.323829, 13467.806641>) initialized
12:50:11 | Gunter 2 (Hatchback_02<9d84d320> - pos <4355.258301, 177.270477, 13096.790039>) initialized
12:50:11 | Gunter 2 (Hatchback_02<9d854b00> - pos <10060.024414, 6.063194, 2030.288452>) initialized
12:50:11 | Gunter 2 (Hatchback_02<9d8528c0> - pos <11098.674805, 39.389107, 14284.099609>) initialized
12:50:11 | Sarka 120 (Sedan_02<9d850f10> - pos <11624.248047, 58.084900, 14096.968750>) initialized
12:50:11 | Gunter 2 (Hatchback_02<9d857e60> - pos <12144.079102, 97.302025, 13605.380859>) initialized
12:50:11 | Ada 4x4 (OffroadHatchback<9d855390> - pos <11441.591797, 329.953796, 11362.041016>) initialized
12:50:11 | Gunter 2 (Hatchback_02<9d8586f0> - pos <10748.819336, 145.089691, 10804.481445>) initialized
12:50:11 | Sarka 120 (Sedan_02_Grey<9d855c20> - pos <7059.320313, 131.093430, 12685.363281>) initialized
12:50:11 | Gunter 2 (Hatchback_02<9d858f80> - pos <7734.014160, 118.756805, 12766.044922>) initialized
12:50:11 | Ada 4x4 (OffroadHatchback<9d8539e0> - pos <8840.102539, 190.596283, 12048.039063>) initialized
12:50:11 | Ada 4x4 (OffroadHatchback<9d859810> - pos <8365.184570, 321.011566, 10536.090820>) initialized
12:50:11 | Sarka 120 (Sedan_02_Red<9d8575d0> - pos <9439.870117, 303.997955, 8822.115234>) initialized
12:50:11 | Ada 4x4 (OffroadHatchback<9d856d40> - pos <9084.656250, 257.016327, 7942.048340>) initialized
12:50:11 | Sarka 120 (Sedan_02<9d85a0a0> - pos <7898.708496, 6.404252, 3103.670654>) initialized
12:50:11 | Sarka 120 (Sedan_02_Grey<9d8564b0> - pos <6395.535645, 6.059229, 2308.009277>) initialized
12:50:11 | Sarka 120 (Sedan_02<9d853150> - pos <6535.592285, 6.055520, 2388.355957>) initialized
12:50:11 | Gunter 2 (Hatchback_02<9d85cb70> - pos <6747.389648, 7.105665, 2763.843506>) initialized
12:50:11 | Gunter 2 (Hatchback_02<9d85edb0> - pos <6916.810547, 38.197582, 3421.881104>) initialized
12:50:11 | Gunter 2 (Hatchback_02<9d85b1c0> - pos <12302.321289, 34.409046, 9051.509766>) initialized
12:50:11 | Sarka 120 (Sedan_02<9d860760> - pos <12684.624023, 6.199489, 9861.407227>) initialized
12:50:11 | Gunter 2 (Hatchback_02<9d85a930> - pos <12824.791016, 6.110458, 10115.730469>) initialized
12:50:11 | Sarka 120 (Sedan_02_Grey<9d85c2e0> - pos <10445.466797, 6.053212, 2417.553223>) initialized
12:50:11 | Ada 4x4 (OffroadHatchback<9d85dc90> - pos <1218.439087, 128.867661, 6215.734375>) initialized
12:50:11 | Olga 24 (CivilianSedan<9d860ff0> - pos <13229.144531, 15.003085, 6346.536621>) initialized
12:50:11 | Sarka 120 (Sedan_02<9d85e520> - pos <10255.205078, 71.586746, 4124.218750>) initialized
12:50:11 | Ada 4x4 (OffroadHatchback<9d85f640> - pos <1245.692383, 227.771179, 7909.209473>) initialized
12:50:11 | Sarka 120 (Sedan_02<9d861880> - pos <6918.593262, 296.108643, 7788.352539>) initialized
12:50:11 | Gunter 2 (Hatchback_02<9d862110> - pos <2682.703125, 204.512589, 5309.167480>) initialized
12:51:39 | Gunter 2 (Hatchback_02<683ebce0> - pos <12177.534180, 17.594820, 9860.658203>) initialized
15:29:10 | Dingo Truck (Dingo<466a0190> - pos <3719.709961, 402.029633, 5994.850098>) initialized
15:30:11 | Player Sascha Klein (<3718.230469, 402.012604, 5995.828125> steam64id=76561198021865390) entered Dingo Truck (Dingo<466a0190>)
15:30:17 | Player Sascha Klein (<3718.738281, 403.604248, 5995.062012> steam64id=76561198021865390) started Dingo Truck (Dingo<466a0190>)
15:31:55 | Player Sascha Klein (<3563.084473, 335.689453, 7031.053711> steam64id=76561198021865390) exited vehicle
15:32:28 | Player Sascha Klein (<3560.348877, 334.631836, 7030.643555> steam64id=76561198021865390) entered Dingo Truck (Dingo<466a0190>)
15:32:32 | Player Sascha Klein (<3562.722412, 336.177460, 7030.342773> steam64id=76561198021865390) started Dingo Truck (Dingo<466a0190>)
15:33:05 | Player Sascha Klein (<3585.839111, 334.796143, 7013.449219> steam64id=76561198021865390) exited vehicle
