Log Created: 2019-12-26_22:30:52
22:32:41 | Gunter 2 (Hatchback_02<9db1d910> - pos <2809.674561, 209.622284, 5405.066406>) initialized
22:32:41 | Gunter 2 (Hatchback_02<9db1b6d0> - pos <2682.649658, 204.518570, 5309.138184>) initialized
22:32:41 | Sarka 120 (Sedan_02_Grey<9db1a5b0> - pos <2719.729980, 363.706573, 6736.843262>) initialized
22:32:41 | Gunter 2 (Hatchback_02<9db23740> - pos <7723.605469, 137.777649, 12878.212891>) initialized
22:32:41 | Gunter 2 (Hatchback_02<9db1d080> - pos <6299.493164, 154.784256, 12683.479492>) initialized
22:32:41 | Sarka 120 (Sedan_02<9db1e1a0> - pos <1905.270020, 6.122844, 2229.519531>) initialized
22:32:41 | Ada 4x4 (OffroadHatchback<9db22620> - pos <1218.243164, 128.901474, 6215.899414>) initialized
22:32:41 | Ada 4x4 (OffroadHatchback<9db24860> - pos <698.038208, 140.785568, 5655.881348>) initialized
22:32:41 | Ada 4x4 (OffroadHatchback<9db20c70> - pos <9075.746094, 245.407501, 8018.782715>) initialized
22:32:41 | Ada 4x4 (OffroadHatchback<9db26aa0> - pos <8840.041016, 190.590179, 12048.191406>) initialized
22:32:41 | Ada 4x4 (OffroadHatchback<9db21500> - pos <1245.540039, 227.742599, 7909.539063>) initialized
22:32:41 | Ada 4x4 (OffroadHatchback<9db27330> - pos <11442.956055, 329.933868, 11362.922852>) initialized
22:32:41 | Gunter 2 (Hatchback_02<9db250f0> - pos <12302.196289, 34.408775, 9051.609375>) initialized
22:32:41 | Gunter 2 (Hatchback_02<9db23fd0> - pos <11031.072266, 46.338375, 14334.397461>) initialized
22:32:41 | Sarka 120 (Sedan_02<9db22eb0> - pos <12644.119141, 9.498026, 9989.072266>) initialized
22:32:41 | Olga 24 (CivilianSedan<9db21d90> - pos <3576.489014, 231.900925, 13911.410156>) initialized
22:32:41 | Sarka 120 (Sedan_02<9db26210> - pos <10241.204102, 65.802185, 4078.885742>) initialized
22:32:41 | Ada 4x4 (OffroadHatchback<9db203e0> - pos <188.566971, 385.383545, 12533.917969>) initialized
22:32:41 | Ada 4x4 (OffroadHatchback<9db29570> - pos <12423.573242, 124.955910, 14895.218750>) initialized
22:32:41 | Ada 4x4 (OffroadHatchback<9db2b7b0> - pos <8365.415039, 320.999359, 10536.165039>) initialized
22:32:41 | Ada 4x4 (OffroadHatchback<9db2eb10> - pos <2516.563721, 237.717102, 12860.931641>) initialized
22:32:41 | Gunter 2 (Hatchback_02<9db27bc0> - pos <11581.833984, 57.873566, 14659.214844>) initialized
22:32:41 | Gunter 2 (Hatchback_02<9db28450> - pos <10748.875977, 145.085190, 10804.478516>) initialized
22:32:41 | Sarka 120 (Sedan_02_Red<9db29e00> - pos <3435.406006, 196.586899, 12897.192383>) initialized
22:32:41 | Sarka 120 (Sedan_02<9db2d9f0> - pos <11606.898438, 58.407314, 14763.972656>) initialized
22:32:41 | Sarka 120 (Sedan_02_Grey<9db2c8d0> - pos <10445.524414, 6.049668, 2417.545898>) initialized
22:32:41 | Sarka 120 (Sedan_02<9db2d160> - pos <6918.698730, 296.095734, 7788.381348>) initialized
22:32:41 | Gunter 2 (Hatchback_02<9db2f3a0> - pos <12824.803711, 6.106534, 10115.747070>) initialized
22:32:41 | Gunter 2 (Hatchback_02<9db2e280> - pos <8395.068359, 118.766792, 12904.341797>) initialized
22:32:41 | Gunter 2 (Hatchback_02<9db2fc30> - pos <12144.041992, 97.296104, 13605.481445>) initialized
22:32:41 | Sarka 120 (Sedan_02_Grey<9db304c0> - pos <7061.037598, 131.036133, 12686.932617>) initialized
22:32:41 | Sarka 120 (Sedan_02<9db30d50> - pos <11625.502930, 58.058495, 14096.379883>) initialized
22:32:41 | Sarka 120 (Sedan_02_Red<9db315e0> - pos <9439.910156, 303.990540, 8822.047852>) initialized
22:32:41 | Sarka 120 (Sedan_02<9db2a690> - pos <7898.276367, 6.390171, 3103.733643>) initialized
22:32:41 | Sarka 120 (Sedan_02<9db31e70> - pos <10086.820313, 35.380119, 2655.531738>) initialized
22:32:41 | Gunter 2 (Hatchback_02<9db2af20> - pos <10060.077148, 6.055517, 2030.236938>) initialized
22:32:41 | Ada 4x4 (OffroadHatchback<9db362f0> - pos <14034.625000, 131.249237, 14716.839844>) initialized
22:32:41 | Gunter 2 (Hatchback_02<9db351d0> - pos <13517.983398, 17.221926, 14032.417969>) initialized
22:32:41 | Sarka 120 (Sedan_02_Grey<9db37ca0> - pos <14006.999023, 3.292961, 13467.519531>) initialized
22:32:41 | Olga 24 (CivilianSedan<9db36b80> - pos <13227.311523, 15.470984, 6347.170898>) initialized
22:32:41 | Gunter 2 (Hatchback_02<9db39650> - pos <6916.903320, 38.189919, 3421.923340>) initialized
22:32:41 | Sarka 120 (Sedan_02_Grey<9db38530> - pos <6395.505859, 6.052740, 2308.113037>) initialized
22:32:41 | Sarka 120 (Sedan_02<9db37410> - pos <6535.564453, 6.051969, 2388.389893>) initialized
22:32:41 | Gunter 2 (Hatchback_02<9db33820> - pos <6807.440918, 3.091650, 2688.452881>) initialized
