Log Created: 2019-12-30_13:39:06
13:40:58 | Gunter 2 (Hatchback_02<989531f0> - pos <6299.196289, 154.820984, 12684.070313>) initialized
13:40:58 | Ada 4x4 (OffroadHatchback<9895a140> - pos <187.977325, 385.428986, 12534.153320>) initialized
13:40:58 | Sarka 120 (Sedan_02_Grey<989598b0> - pos <7058.994629, 131.145416, 12685.451172>) initialized
13:40:58 | Ada 4x4 (OffroadHatchback<98953a80> - pos <8839.987305, 190.617554, 12047.852539>) initialized
13:40:58 | Ada 4x4 (OffroadHatchback<98955cc0> - pos <14033.913086, 131.292221, 14716.489258>) initialized
13:40:58 | Sarka 120 (Sedan_02_Grey<98958790> - pos <13996.491211, 3.294166, 13459.619141>) initialized
13:40:58 | Ada 4x4 (OffroadHatchback<9895b260> - pos <12423.399414, 124.982262, 14895.586914>) initialized
13:40:58 | Sarka 120 (Sedan_02<98954310> - pos <11624.036133, 58.081371, 14097.203125>) initialized
13:40:58 | Gunter 2 (Hatchback_02<9895baf0> - pos <12144.073242, 97.304253, 13605.297852>) initialized
13:40:58 | Sarka 120 (Sedan_02<98954ba0> - pos <11607.079102, 58.413349, 14764.115234>) initialized
13:40:58 | Gunter 2 (Hatchback_02<9895c380> - pos <11582.200195, 57.890385, 14659.249023>) initialized
13:40:58 | Olga 24 (CivilianSedan<98955430> - pos <8705.583984, 221.577103, 11637.812500>) initialized
13:40:58 | Ada 4x4 (OffroadHatchback<9895cc10> - pos <698.164429, 140.787186, 5656.002441>) initialized
13:40:58 | Olga 24 (CivilianSedan<9895d4a0> - pos <13256.140625, 5.140888, 6295.843262>) initialized
13:40:58 | Olga 24 (CivilianSedan<98956550> - pos <5866.357422, 9.077597, 2201.317139>) initialized
13:40:58 | Sarka 120 (Sedan_02_Grey<9895dd30> - pos <6395.553223, 6.050151, 2307.934814>) initialized
13:40:58 | Ada 4x4 (OffroadHatchback<989643f0> - pos <2516.529541, 237.743896, 12861.229492>) initialized
13:40:58 | Sarka 120 (Sedan_02_Red<989632d0> - pos <3434.785645, 196.616959, 12896.721680>) initialized
13:40:58 | Gunter 2 (Hatchback_02<9895f6e0> - pos <4448.039551, 175.060471, 13070.548828>) initialized
13:40:58 | Olga 24 (CivilianSedan<989621b0> - pos <3575.939453, 231.973679, 13911.736328>) initialized
13:40:58 | Sarka 120 (Sedan_02<9895e5c0> - pos <10516.628906, 98.194427, 4334.362305>) initialized
13:40:58 | Sarka 120 (Sedan_02<9895ff70> - pos <6535.592285, 6.045186, 2388.312744>) initialized
13:40:58 | Gunter 2 (Hatchback_02<98960800> - pos <6765.006348, 11.230505, 2787.121094>) initialized
13:40:58 | Gunter 2 (Hatchback_02<98962a40> - pos <6916.821777, 38.197582, 3421.891846>) initialized
13:40:58 | Sarka 120 (Sedan_02<98961090> - pos <7899.016113, 6.351842, 3103.489990>) initialized
13:40:58 | Sarka 120 (Sedan_02_Grey<98961920> - pos <10445.463867, 6.042929, 2417.549316>) initialized
13:40:58 | Gunter 2 (Hatchback_02<98963b60> - pos <10117.763672, 5.847985, 2098.465820>) initialized
13:40:58 | Ada 4x4 (OffroadHatchback<38c7db70> - pos <11441.947266, 329.997284, 11361.906250>) initialized
13:40:58 | Gunter 2 (Hatchback_02<c54f7ac0> - pos <12177.759766, 17.829939, 9860.667969>) initialized
13:40:58 | Gunter 2 (Hatchback_02<a11be90> - pos <10748.766602, 145.090927, 10804.499023>) initialized
13:40:58 | Ada 4x4 (OffroadHatchback<a11b600> - pos <8364.531250, 321.027679, 10535.392578>) initialized
13:40:58 | Sarka 120 (Sedan_02_Red<a11a4e0> - pos <9439.869141, 303.985687, 8822.179688>) initialized
13:40:58 | Sarka 120 (Sedan_02<a121430> - pos <6918.510254, 296.108307, 7788.339355>) initialized
13:40:58 | Gunter 2 (Hatchback_02<a121cc0> - pos <8453.167969, 118.736885, 12925.705078>) initialized
13:40:58 | Olga 24 (CivilianSedan<a11c720> - pos <13378.286133, 5.911638, 6292.809082>) initialized
13:40:58 | Olga 24 (CivilianSedan<a11d840> - pos <2529.208252, 194.011490, 5041.084473>) initialized
13:40:58 | Gunter 2 (Hatchback_02<a122550> - pos <2682.540527, 204.455750, 5309.191895>) initialized
13:40:58 | Ada 4x4 (OffroadHatchback<a11e960> - pos <1218.645996, 128.903000, 6215.504883>) initialized
13:40:58 | Sarka 120 (Sedan_02<a120ba0> - pos <2690.234131, 205.981750, 5378.304688>) initialized
13:40:58 | Ada 4x4 (OffroadHatchback<a11f1f0> - pos <1245.756226, 227.765335, 7909.105957>) initialized
13:42:31 | Olga 24 (CivilianSedan<5d229fc0> - pos <6852.667480, 7.031892, 3072.889160>) initialized
13:45:01 | Olga 24 (CivilianSedan<5d2375d0> - pos <3719.709961, 401.725983, 5994.850098>) initialized
13:45:33 | Gunter 2 (Hatchback_02<5d238f80> - pos <3719.709961, 401.899414, 5994.850098>) initialized
13:45:46 | Player Survivor (<3718.417236, 402.020691, 5995.006836> steam64id=76561198021865390) entered Gunter 2 (Hatchback_02<5d238f80>)
13:45:51 | Player Survivor (<3719.466309, 402.634003, 5994.619629> steam64id=76561198021865390) started Gunter 2 (Hatchback_02<5d238f80>)
13:46:25 | Player Survivor (<3669.631348, 389.250549, 6105.767578> steam64id=76561198021865390) exited vehicle
13:50:10 | Gunter 2 (Hatchback_02<5d2599d0> - pos <7512.846191, 120.975105, 12662.435547>) initialized
15:21:30 | Player Survivor (<3669.362793, 388.970795, 6106.447266> steam64id=76561198021865390) entered Gunter 2 (Hatchback_02<5d238f80>)
15:21:35 | Player Survivor (<3670.210693, 389.587006, 6106.120117> steam64id=76561198021865390) started Gunter 2 (Hatchback_02<5d238f80>)
15:21:58 | Player Survivor (<3576.195313, 356.561188, 6249.865723> steam64id=76561198021865390) exited vehicle
16:15:11 | Player [Odin] Dome (<2527.354004, 193.993271, 5040.884277> steam64id=76561198078760178) entered Olga 24 (CivilianSedan<a11d840>)
16:16:00 | Player [Odin] Dome (<2528.681396, 193.963654, 5042.164063> steam64id=76561198078760178) exited vehicle
