Log Created: 2019-12-27_12:16:30
12:18:14 | Olga 24 (CivilianSedan<9e2f1670> - pos <2724.369873, 357.368011, 6669.296875>) initialized
12:18:14 | Sarka 120 (Sedan_02_Grey<9e2f38b0> - pos <2708.793457, 364.146576, 6780.978027>) initialized
12:18:14 | Ada 4x4 (OffroadHatchback<9e2f3020> - pos <1218.362305, 128.878586, 6215.770020>) initialized
12:18:14 | Gunter 2 (Hatchback_02<9e2eda80> - pos <2844.922119, 204.342331, 5284.767578>) initialized
12:18:14 | Gunter 2 (Hatchback_02<9e2f4140> - pos <2682.710449, 204.541489, 5309.181641>) initialized
12:18:14 | Gunter 2 (Hatchback_02<9e2f1f00> - pos <7721.570313, 125.052704, 12812.932617>) initialized
12:18:14 | Gunter 2 (Hatchback_02<9e2f2790> - pos <6299.196289, 154.781845, 12683.836914>) initialized
12:18:14 | Sarka 120 (Sedan_02<9e2ef430> - pos <1905.032104, 6.170730, 2229.495605>) initialized
12:18:14 | Ada 4x4 (OffroadHatchback<9e2f8e50> - pos <698.077881, 140.795532, 5655.915039>) initialized
12:18:14 | Ada 4x4 (OffroadHatchback<9e2fb920> - pos <9076.774414, 245.286026, 8019.078125>) initialized
12:18:14 | Ada 4x4 (OffroadHatchback<9e2f7d30> - pos <8839.841797, 190.584702, 12048.098633>) initialized
12:18:14 | Ada 4x4 (OffroadHatchback<9e2f49d0> - pos <11441.474609, 329.974823, 11361.811523>) initialized
12:18:14 | Gunter 2 (Hatchback_02<9e2f6c10> - pos <12302.294922, 34.406944, 9051.541992>) initialized
12:18:14 | Gunter 2 (Hatchback_02<9e2fa800> - pos <11098.824219, 39.477608, 14284.543945>) initialized
12:18:14 | Sarka 120 (Sedan_02<9e2fc1b0> - pos <12643.707031, 9.542511, 9989.069336>) initialized
12:18:14 | Olga 24 (CivilianSedan<9e2f6380> - pos <3576.284912, 231.951187, 13911.501953>) initialized
12:18:14 | Sarka 120 (Sedan_02<9e2f85c0> - pos <10241.274414, 65.811630, 4078.901123>) initialized
12:18:14 | Ada 4x4 (OffroadHatchback<9e2f5260> - pos <188.336853, 385.395355, 12534.008789>) initialized
12:18:14 | Ada 4x4 (OffroadHatchback<9e2f96e0> - pos <12423.473633, 124.956146, 14895.366211>) initialized
12:18:14 | Ada 4x4 (OffroadHatchback<9e2fb090> - pos <8365.213867, 321.009308, 10536.083984>) initialized
12:18:14 | Ada 4x4 (OffroadHatchback<9e2fca40> - pos <2516.557373, 237.725250, 12861.034180>) initialized
12:18:14 | Gunter 2 (Hatchback_02<9e2f5af0> - pos <11582.000000, 57.881306, 14659.206055>) initialized
12:18:14 | Gunter 2 (Hatchback_02<9e2fd2d0> - pos <10748.834961, 145.087860, 10804.468750>) initialized
12:18:14 | Sarka 120 (Sedan_02_Red<9e2fdb60> - pos <3435.120850, 196.593430, 12897.009766>) initialized
12:18:14 | Sarka 120 (Sedan_02<9e2fe3f0> - pos <11606.967773, 58.413387, 14764.027344>) initialized
12:18:14 | Sarka 120 (Sedan_02_Grey<9e2ff510> - pos <10445.508789, 6.044678, 2417.568604>) initialized
12:18:14 | Sarka 120 (Sedan_02<9e2f9f70> - pos <6918.628906, 296.104462, 7788.365723>) initialized
12:18:14 | Gunter 2 (Hatchback_02<9e304220> - pos <12824.788086, 6.108709, 10115.735352>) initialized
12:18:14 | Gunter 2 (Hatchback_02<9e306460> - pos <12144.078125, 97.299805, 13605.404297>) initialized
12:18:14 | Sarka 120 (Sedan_02_Grey<9e306cf0> - pos <7060.063965, 130.984924, 12685.151367>) initialized
12:18:14 | Sarka 120 (Sedan_02<9e304ab0> - pos <11624.325195, 58.055470, 14096.915039>) initialized
12:18:14 | Sarka 120 (Sedan_02_Red<9e2ffda0> - pos <9439.872070, 303.986237, 8822.100586>) initialized
12:18:14 | Gunter 2 (Hatchback_02<9e300630> - pos <10060.019531, 6.089684, 2030.270630>) initialized
12:18:14 | Ada 4x4 (OffroadHatchback<9e307e10> - pos <14034.326172, 131.240555, 14716.666992>) initialized
12:18:14 | Gunter 2 (Hatchback_02<9e305bd0> - pos <13321.834961, 58.971806, 14064.769531>) initialized
12:18:14 | Sarka 120 (Sedan_02_Grey<9e305340> - pos <14007.040039, 3.315306, 13467.762695>) initialized
12:18:14 | Olga 24 (CivilianSedan<9e301750> - pos <13228.496094, 15.173763, 6346.858887>) initialized
12:18:14 | Sarka 120 (Sedan_02_Grey<9e303990> - pos <6395.544922, 6.051042, 2308.011963>) initialized
12:18:14 | Sarka 120 (Sedan_02<9e301fe0> - pos <6535.589355, 6.046978, 2388.346924>) initialized
12:18:14 | Gunter 2 (Hatchback_02<9e3086a0> - pos <6748.480957, 6.629337, 2763.005859>) initialized
12:18:14 | Gunter 2 (Hatchback_02<9e307580> - pos <6916.825195, 38.195007, 3421.898926>) initialized
12:18:14 | Sarka 120 (Sedan_02<9e308f30> - pos <7898.654297, 6.389461, 3103.732666>) initialized
12:18:14 | Ada 4x4 (OffroadHatchback<9e3097c0> - pos <1245.648682, 227.766464, 7909.277832>) initialized
12:18:14 | Gunter 2 (Hatchback_02<9e302870> - pos <8453.285156, 118.547409, 12925.808594>) initialized
12:20:53 | Gunter 2 (Hatchback_02<80cd20e0> - pos <4338.911621, 176.794220, 13080.068359>) initialized
12:29:03 | Ada 4x4 (OffroadHatchback_White<a12532d0> - pos <3590.081543, 333.702148, 6958.564453>) initialized
12:37:30 | Olga 24 (CivilianSedan<ac332b40> - pos <3719.709961, 401.725983, 5994.850098>) initialized
12:45:04 | Player Survivor (<3717.934326, 402.011353, 5994.880859> steam64id=76561198021865390) entered Olga 24 (CivilianSedan<ac332b40>)
12:45:45 | Player Survivor (<3719.296875, 402.704498, 5994.715820> steam64id=76561198021865390) started Olga 24 (CivilianSedan<ac332b40>)
12:47:59 | Player Survivor (<3562.808350, 334.359283, 6991.789551> steam64id=76561198021865390) exited vehicle
14:02:54 | Olga 24 (CivilianSedan<b610bd80> - pos <3719.709961, 401.725983, 5994.850098>) initialized
14:03:16 | Player Survivor (<3718.274902, 402.016968, 5995.013672> steam64id=76561198021865390) entered Olga 24 (CivilianSedan<b610bd80>)
14:03:21 | Player Survivor (<3719.269775, 402.696106, 5994.699219> steam64id=76561198021865390) started Olga 24 (CivilianSedan<b610bd80>)
14:06:25 | Player Survivor (<3561.260498, 334.688385, 7029.981934> steam64id=76561198021865390) exited vehicle
14:07:04 | Player Survivor (<3559.178223, 334.572296, 7029.108398> steam64id=76561198021865390) entered Olga 24 (CivilianSedan<b610bd80>)
14:07:37 | Player Survivor (<3568.309814, 334.282471, 6976.041016> steam64id=76561198021865390) exited vehicle
14:08:34 | Player Survivor (<3566.100586, 334.242096, 6977.284668> steam64id=76561198021865390) entered Olga 24 (CivilianSedan<b610bd80>)
14:08:40 | Player Survivor (<3568.309326, 334.528320, 6976.039063> steam64id=76561198021865390) exited vehicle
14:46:46 | Player Schmidt (<12823.579102, 5.998452, 10115.975586> steam64id=76561198006925983) entered Gunter 2 (Hatchback_02<9e304220>)
14:46:54 | Player Schmidt (<12824.899414, 6.663539, 10116.051758> steam64id=76561198006925983) started Gunter 2 (Hatchback_02<9e304220>)
14:46:57 | Player Schmidt (<12824.899414, 6.663539, 10116.051758> steam64id=76561198006925983) started Gunter 2 (Hatchback_02<9e304220>)
14:47:01 | Player Schmidt (<12825.383789, 6.112822, 10116.667969> steam64id=76561198006925983) exited vehicle
15:08:06 | Player Schmidt (<6394.309570, 6.004304, 2307.813965> steam64id=76561198006925983) entered Sarka 120 (Sedan_02_Grey<9e303990>)
15:08:11 | Player Schmidt (<6395.194336, 6.624935, 2307.846191> steam64id=76561198006925983) started Sarka 120 (Sedan_02_Grey<9e303990>)
15:08:15 | Player Schmidt (<6394.274414, 6.060692, 2306.748535> steam64id=76561198006925983) exited vehicle
16:07:12 | Player [Odin] Camideluxe96 (<2707.523193, 364.115112, 6780.692383> steam64id=76561198006997496) entered Sarka 120 (Sedan_02_Grey<9e2f38b0>)
16:07:20 | Player [Odin] Camideluxe96 (<2708.432617, 364.726166, 6780.846680> steam64id=76561198006997496) started Sarka 120 (Sedan_02_Grey<9e2f38b0>)
16:08:43 | Player [Odin] Camideluxe96 (<2806.355225, 353.939880, 6960.219238> steam64id=76561198006997496) stopped Sarka 120 (Sedan_02_Grey<9e2f38b0>)
16:08:45 | Player [Odin] Camideluxe96 (<2807.759033, 353.364319, 6959.962891> steam64id=76561198006997496) exited vehicle
16:09:09 | Player [Odin] Camideluxe96 (<2804.454590, 353.315704, 6960.500977> steam64id=76561198006997496) entered Sarka 120 (Sedan_02_Grey<9e2f38b0>)
16:09:13 | Player [Odin] Camideluxe96 (<2806.354980, 353.901215, 6960.221680> steam64id=76561198006997496) started Sarka 120 (Sedan_02_Grey<9e2f38b0>)
16:10:44 | Player [Odin] Camideluxe96 (<2932.218750, 365.264221, 6624.762695> steam64id=76561198006997496) exited vehicle
16:28:17 | Sarka 120 (Sedan_02<b612f2a0> - pos <2690.497559, 205.773758, 5378.039551>) initialized
