Log Created: 2020-01-06_15:27:36
15:29:55 | Sarka 120 (Sedan_02_Grey<a438a320> - pos <10445.456055, 6.048250, 2417.543457>) initialized
15:29:55 | Gunter 2 (Hatchback_02<a4386730> - pos <10117.805664, 5.851216, 2098.604736>) initialized
15:29:55 | Olga 24 (CivilianSedan<a4384d80> - pos <10225.487305, 20.516178, 2295.511963>) initialized
15:29:55 | Olga 24 (CivilianSedan<a438c560> - pos <3575.879639, 231.846130, 13911.836914>) initialized
15:29:55 | Gunter 2 (Hatchback_02<a4388970> - pos <4448.089844, 175.038574, 13070.178711>) initialized
15:29:55 | Ada 4x4 (OffroadHatchback<a4385610> - pos <187.836731, 385.428192, 12534.214844>) initialized
15:29:55 | Sarka 120 (Sedan_02_Red<a43880e0> - pos <3434.653564, 196.604141, 12896.620117>) initialized
15:29:55 | Ada 4x4 (OffroadHatchback<a4385ea0> - pos <2516.544189, 237.710052, 12861.256836>) initialized
15:29:55 | Gunter 2 (Hatchback_02<a4386fc0> - pos <3100.478760, 208.138290, 12648.218750>) initialized
15:29:55 | Ada 4x4 (OffroadHatchback<a4393d40> - pos <14033.806641, 131.279282, 14716.404297>) initialized
15:29:55 | Olga 24 (CivilianSedan<a438d680> - pos <3422.600830, 203.949478, 12687.604492>) initialized
15:29:55 | Gunter 2 (Hatchback_02<a4391b00> - pos <6299.119141, 154.821930, 12684.134766>) initialized
15:29:55 | Ada 4x4 (OffroadHatchback<a43934b0> - pos <11441.732422, 329.970581, 11361.802734>) initialized
15:29:55 | Gunter 2 (Hatchback_02<a438e7a0> - pos <12177.946289, 17.799597, 9860.671875>) initialized
15:29:55 | Olga 24 (CivilianSedan<a438f030> - pos <13378.734375, 5.886426, 6292.773926>) initialized
15:29:55 | Gunter 2 (Hatchback_02<a4391270> - pos <10748.736328, 145.086914, 10804.521484>) initialized
15:29:55 | Sarka 120 (Sedan_02_Red<a438f8c0> - pos <9439.867188, 303.990875, 8822.218750>) initialized
15:29:55 | Ada 4x4 (OffroadHatchback<a438df10> - pos <12423.327148, 124.965424, 14895.602539>) initialized
15:29:55 | Gunter 2 (Hatchback_02<a4392390> - pos <12144.072266, 97.300095, 13605.250977>) initialized
15:29:55 | Sarka 120 (Sedan_02<a43956f0> - pos <11607.132813, 58.412884, 14764.156250>) initialized
15:29:55 | Gunter 2 (Hatchback_02<a4395f80> - pos <11582.250977, 57.887363, 14659.261719>) initialized
15:29:55 | Sarka 120 (Sedan_02<a4392c20> - pos <11623.910156, 58.071129, 14097.339844>) initialized
15:29:55 | Sarka 120 (Sedan_02<a4396810> - pos <10178.384766, 59.144413, 14129.111328>) initialized
15:29:55 | Gunter 2 (Hatchback_02<a43970a0> - pos <8453.181641, 118.734337, 12925.464844>) initialized
15:29:55 | Sarka 120 (Sedan_02_Grey<a4390150> - pos <7058.709473, 131.052887, 12685.422852>) initialized
15:29:55 | Ada 4x4 (OffroadHatchback<a4397930> - pos <8840.857422, 190.568161, 12048.023438>) initialized
15:29:55 | Olga 24 (CivilianSedan<a43909e0> - pos <8705.630859, 221.555267, 11637.842773>) initialized
15:29:55 | Ada 4x4 (OffroadHatchback<a439a400> - pos <8364.476563, 321.002533, 10535.362305>) initialized
15:29:55 | Sarka 120 (Sedan_02<a4399b70> - pos <6918.453613, 296.099976, 7788.325195>) initialized
15:29:55 | Ada 4x4 (OffroadHatchback<a439c640> - pos <698.187561, 140.786087, 5656.044922>) initialized
15:29:55 | Ada 4x4 (OffroadHatchback<a439f110> - pos <1218.654297, 128.867172, 6215.441406>) initialized
15:29:55 | Olga 24 (CivilianSedan<a439e880> - pos <7014.154297, 5.793702, 2793.956055>) initialized
15:29:55 | Gunter 2 (Hatchback_02<a439ced0> - pos <6916.831055, 38.193016, 3421.865234>) initialized
15:29:55 | Sarka 120 (Sedan_02<a439d760> - pos <6535.583008, 6.050599, 2388.297607>) initialized
15:29:55 | Sarka 120 (Sedan_02_Grey<a439ac90> - pos <6395.550781, 6.050828, 2307.912842>) initialized
15:29:55 | Olga 24 (CivilianSedan<a439b520> - pos <5866.392090, 9.067936, 2201.256836>) initialized
15:29:55 | Sarka 120 (Sedan_02<a439dff0> - pos <7899.182129, 6.400313, 3103.442627>) initialized
15:29:55 | Ada 4x4 (OffroadHatchback<a439bdb0> - pos <1245.787964, 227.764328, 7909.027832>) initialized
15:29:55 | Sarka 120 (Sedan_02<a43981c0> - pos <2689.377686, 205.967148, 5378.680176>) initialized
15:29:55 | Gunter 2 (Hatchback_02<a439f9a0> - pos <2682.540283, 204.529709, 5309.367188>) initialized
15:31:40 | Olga 24 (CivilianSedan<6b596b40> - pos <12972.755859, 5.725968, 10216.163086>) initialized
15:31:40 | Olga 24 (CivilianSedan<6b595190> - pos <10698.356445, 64.905968, 14456.123047>) initialized
15:31:41 | Ada 4x4 (OffroadHatchback_White<6b5973d0> - pos <8554.221680, 376.495331, 15004.327148>) initialized
15:38:39 | Ada 4x4 (OffroadHatchback<6b587b80> - pos <5731.224121, 224.519684, 13565.436523>) initialized
02:13:15 | Player Raven (<2681.333740, 204.408997, 5309.266113> steam64id=76561198081076199) entered Gunter 2 (Hatchback_02<a439f9a0>)
02:13:21 | Player Raven (<2683.375000, 204.594330, 5308.673828> steam64id=76561198081076199) exited vehicle
