Log Created: 2019-12-27_22:53:52
22:55:40 | Gunter 2 (Hatchback_02<2dd1bde0> - pos <6299.175293, 154.805923, 12683.874023>) initialized
22:55:40 | Sarka 120 (Sedan_02<2dd235c0> - pos <1904.991821, 6.118453, 2229.479980>) initialized
22:55:40 | Ada 4x4 (OffroadHatchback<2dd271b0> - pos <698.086609, 140.791580, 5655.920898>) initialized
22:55:40 | Olga 24 (CivilianSedan<2dd26090> - pos <3576.283691, 231.904083, 13911.529297>) initialized
22:55:40 | Ada 4x4 (OffroadHatchback<2dd20af0> - pos <188.293427, 385.401611, 12534.019531>) initialized
22:55:40 | Ada 4x4 (OffroadHatchback<2dd21380> - pos <12423.468750, 124.966019, 14895.368164>) initialized
22:55:40 | Ada 4x4 (OffroadHatchback<2dd246e0> - pos <2516.537842, 237.748413, 12861.052734>) initialized
22:55:40 | Gunter 2 (Hatchback_02<2dd21c10> - pos <11582.022461, 57.894070, 14659.209961>) initialized
22:55:40 | Sarka 120 (Sedan_02_Red<2dd23e50> - pos <3435.113770, 196.609070, 12897.000977>) initialized
22:55:40 | Sarka 120 (Sedan_02<2dd293f0> - pos <11606.979492, 58.419712, 14764.037109>) initialized
22:55:40 | Ada 4x4 (OffroadHatchback<2dd27a40> - pos <14034.287109, 131.275055, 14716.647461>) initialized
22:55:40 | Gunter 2 (Hatchback_02<2dd24f70> - pos <13306.890625, 15.420017, 13932.716797>) initialized
22:55:40 | Sarka 120 (Sedan_02_Grey<2dd282d0> - pos <14007.045898, 3.330443, 13467.800781>) initialized
22:55:40 | Gunter 2 (Hatchback_02<2dd28b60> - pos <4338.932617, 177.188812, 13090.405273>) initialized
22:55:40 | Gunter 2 (Hatchback_02<2dd224a0> - pos <10060.050781, 6.074432, 2030.275391>) initialized
22:55:40 | Gunter 2 (Hatchback_02<2dd2e100> - pos <11098.713867, 39.538265, 14284.325195>) initialized
22:55:40 | Sarka 120 (Sedan_02<2dd2cfe0> - pos <11624.268555, 58.047707, 14096.932617>) initialized
22:55:40 | Gunter 2 (Hatchback_02<2dd2b630> - pos <12144.078125, 97.311592, 13605.392578>) initialized
22:55:40 | Ada 4x4 (OffroadHatchback<2dd2f220> - pos <11441.541992, 329.971863, 11362.039063>) initialized
22:55:40 | Gunter 2 (Hatchback_02<2dd2a510> - pos <10748.827148, 145.100037, 10804.474609>) initialized
22:55:40 | Sarka 120 (Sedan_02_Grey<2dd29c80> - pos <7059.989258, 131.087830, 12685.084961>) initialized
22:55:40 | Gunter 2 (Hatchback_02<2dd2e990> - pos <7721.500977, 125.062859, 12812.929688>) initialized
22:55:40 | Ada 4x4 (OffroadHatchback<2dd2ada0> - pos <8839.875000, 190.620590, 12048.082031>) initialized
22:55:40 | Ada 4x4 (OffroadHatchback<2dd2bec0> - pos <8365.244141, 321.025116, 10536.144531>) initialized
22:55:40 | Sarka 120 (Sedan_02_Red<2dd2c750> - pos <9439.871094, 303.993286, 8822.106445>) initialized
22:55:40 | Ada 4x4 (OffroadHatchback<5b4d44f0> - pos <9077.125977, 245.225479, 8019.094238>) initialized
22:55:40 | Sarka 120 (Sedan_02<5b4d1a20> - pos <6918.611816, 296.111450, 7788.354980>) initialized
22:55:40 | Sarka 120 (Sedan_02<5b4d4d80> - pos <7898.684570, 6.411183, 3103.695068>) initialized
22:55:40 | Sarka 120 (Sedan_02_Grey<5b4d2b40> - pos <6395.536621, 6.049963, 2308.014160>) initialized
22:55:40 | Sarka 120 (Sedan_02<5b4d6fc0> - pos <6535.590332, 6.054236, 2388.341797>) initialized
22:55:40 | Gunter 2 (Hatchback_02<5b4d22b0> - pos <6748.337891, 5.955222, 2763.025879>) initialized
22:55:40 | Gunter 2 (Hatchback_02<5b4d5610> - pos <6916.818359, 38.207008, 3421.890381>) initialized
22:55:40 | Gunter 2 (Hatchback_02<5b4d33d0> - pos <12302.297852, 34.430344, 9051.536133>) initialized
22:55:40 | Sarka 120 (Sedan_02<5b4d1190> - pos <12643.647461, 9.553432, 9989.082031>) initialized
22:55:40 | Gunter 2 (Hatchback_02<5b4d0070> - pos <12824.790039, 6.115301, 10115.732422>) initialized
22:55:40 | Sarka 120 (Sedan_02_Grey<5b4d3c60> - pos <10445.506836, 6.051925, 2417.577393>) initialized
22:55:40 | Ada 4x4 (OffroadHatchback<5b4d0900> - pos <1218.340088, 128.907227, 6215.757813>) initialized
22:55:40 | Olga 24 (CivilianSedan<5b4d7850> - pos <13228.790039, 15.094599, 6346.761230>) initialized
22:55:40 | Ada 4x4 (OffroadHatchback<5b4da320> - pos <1245.670898, 227.764465, 7909.247070>) initialized
22:55:40 | Sarka 120 (Sedan_02<5b4dcdf0> - pos <10241.297852, 65.832535, 4078.907471>) initialized
22:55:40 | Gunter 2 (Hatchback_02<5b4d5ea0> - pos <2682.697998, 204.556274, 5309.187988>) initialized
22:55:40 | Gunter 2 (Hatchback_02<5b4d9a90> - pos <2844.924561, 204.354889, 5284.756348>) initialized
22:55:40 | Sarka 120 (Sedan_02<5b4d6730> - pos <2690.422363, 205.937378, 5378.122070>) initialized
