Log Created: 2020-01-07_20:03:58
20:05:44 | Gunter 2 (Hatchback_02<98e07450> - pos <4448.115723, 175.055511, 13070.083984>) initialized
20:05:44 | Ada 4x4 (OffroadHatchback<98e0c9f0> - pos <187.792847, 385.423706, 12534.223633>) initialized
20:05:44 | Sarka 120 (Sedan_02_Red<98e06bc0> - pos <3434.618408, 196.626007, 12896.577148>) initialized
20:05:44 | Ada 4x4 (OffroadHatchback<98e07ce0> - pos <2516.539063, 237.745026, 12861.269531>) initialized
20:05:44 | Gunter 2 (Hatchback_02<98e09690> - pos <3100.481689, 208.151062, 12648.231445>) initialized
20:05:44 | Ada 4x4 (OffroadHatchback<98e05aa0> - pos <14033.820313, 131.274765, 14716.394531>) initialized
20:05:44 | Olga 24 (CivilianSedan<98e11f90> - pos <3422.548828, 203.902069, 12687.529297>) initialized
20:05:44 | Gunter 2 (Hatchback_02<98e0ec30> - pos <6299.102539, 154.850296, 12684.158203>) initialized
20:05:44 | Gunter 2 (Hatchback_02<98e152f0> - pos <12178.019531, 17.806122, 9860.673828>) initialized
20:05:44 | Gunter 2 (Hatchback_02<98e12820> - pos <10748.728516, 145.110153, 10804.526367>) initialized
20:05:44 | Sarka 120 (Sedan_02_Red<98e10e70> - pos <9439.903320, 303.998383, 8822.228516>) initialized
20:05:44 | Ada 4x4 (OffroadHatchback<98e15b80> - pos <12423.252930, 124.962273, 14895.605469>) initialized
20:05:44 | Gunter 2 (Hatchback_02<98e16410> - pos <12144.072266, 97.323662, 13605.239258>) initialized
20:05:44 | Sarka 120 (Sedan_02<98e130b0> - pos <11607.144531, 58.425083, 14764.165039>) initialized
20:05:44 | Gunter 2 (Hatchback_02<98e13940> - pos <11582.302734, 57.912014, 14659.266602>) initialized
20:05:44 | Sarka 120 (Sedan_02<98e0f4c0> - pos <11623.878906, 58.076313, 14097.374023>) initialized
20:05:44 | Sarka 120 (Sedan_02<98e0fd50> - pos <10178.166992, 59.225475, 14128.631836>) initialized
20:05:44 | Gunter 2 (Hatchback_02<98e141d0> - pos <8453.187500, 118.763580, 12925.430664>) initialized
20:05:44 | Sarka 120 (Sedan_02_Grey<98e11700> - pos <7058.649902, 131.151245, 12685.434570>) initialized
20:05:44 | Olga 24 (CivilianSedan<98e105e0> - pos <8705.637695, 221.504211, 11637.790039>) initialized
20:05:44 | Ada 4x4 (OffroadHatchback<dc9daeb0> - pos <8364.464844, 321.036133, 10535.352539>) initialized
20:05:44 | Sarka 120 (Sedan_02<dc9d72c0> - pos <6918.441895, 296.111542, 7788.322754>) initialized
20:05:44 | Ada 4x4 (OffroadHatchback<dc9d6a30> - pos <698.183167, 140.798889, 5656.053223>) initialized
20:05:44 | Olga 24 (CivilianSedan<dc9d9d90> - pos <12972.761719, 5.992697, 10216.159180>) initialized
20:05:44 | Olga 24 (CivilianSedan<dc9d5910> - pos <10698.364258, 65.081100, 14456.059570>) initialized
20:05:44 | Ada 4x4 (OffroadHatchback_White<dc9d8c70> - pos <8554.282227, 376.656342, 15004.357422>) initialized
20:05:44 | Ada 4x4 (OffroadHatchback<dc9d61a0> - pos <5731.201660, 224.765686, 13565.435547>) initialized
20:05:44 | Olga 24 (CivilianSedan<dc9d5080> - pos <10225.416016, 20.467255, 2295.541748>) initialized
20:05:44 | Sarka 120 (Sedan_02_Grey<dc9de210> - pos <10445.453125, 6.056271, 2417.548828>) initialized
20:05:44 | Gunter 2 (Hatchback_02<dc9da620> - pos <10117.795898, 5.879570, 2098.671143>) initialized
20:05:44 | Ada 4x4 (OffroadHatchback<dc9db740> - pos <1245.793335, 227.777435, 7909.007324>) initialized
20:05:44 | Sarka 120 (Sedan_02<dc9d9500> - pos <7899.246582, 6.390115, 3103.420898>) initialized
20:05:44 | Olga 24 (CivilianSedan<dc9dbfd0> - pos <7014.952148, 5.812382, 2793.777100>) initialized
20:05:44 | Sarka 120 (Sedan_02<dc9dc860> - pos <6535.585449, 6.058571, 2388.299316>) initialized
20:05:44 | Sarka 120 (Sedan_02_Grey<dc9dd0f0> - pos <6395.550293, 6.058599, 2307.897217>) initialized
20:05:44 | Olga 24 (CivilianSedan<dc9deaa0> - pos <5866.308105, 9.015434, 2201.310791>) initialized
20:05:44 | Gunter 2 (Hatchback_02<dc9d7b50> - pos <6916.824219, 38.216465, 3421.843750>) initialized
20:05:44 | Ada 4x4 (OffroadHatchback<dc9df330> - pos <1218.641968, 128.892502, 6215.404297>) initialized
20:05:44 | Gunter 2 (Hatchback_02<dc9dd980> - pos <2682.526367, 204.552231, 5309.377441>) initialized
20:05:44 | Sarka 120 (Sedan_02<dc9d83e0> - pos <2689.367188, 205.957428, 5378.702637>) initialized
