Log Created: 2019-12-30_12:22:51
12:24:42 | Gunter 2 (Hatchback_02<1ce127b0> - pos <6299.184082, 154.794296, 12684.014648>) initialized
12:24:42 | Ada 4x4 (OffroadHatchback<1ce163a0> - pos <188.105087, 385.412903, 12534.104492>) initialized
12:24:42 | Sarka 120 (Sedan_02_Grey<1ce13040> - pos <7059.129883, 131.141190, 12685.429688>) initialized
12:24:42 | Ada 4x4 (OffroadHatchback<1ce1a820> - pos <8839.966797, 190.594315, 12047.950195>) initialized
12:24:42 | Ada 4x4 (OffroadHatchback<1ce16c30> - pos <14033.971680, 131.257599, 14716.543945>) initialized
12:24:42 | Sarka 120 (Sedan_02_Grey<1ce185e0> - pos <13997.314453, 3.305202, 13459.555664>) initialized
12:24:42 | Ada 4x4 (OffroadHatchback<1ce14160> - pos <12423.279297, 124.967026, 14895.499023>) initialized
12:24:42 | Sarka 120 (Sedan_02<1ce1b940> - pos <11624.131836, 58.086670, 14097.109375>) initialized
12:24:42 | Gunter 2 (Hatchback_02<1ce15b10> - pos <12144.072266, 97.309059, 13605.332031>) initialized
12:24:42 | Sarka 120 (Sedan_02<1ce174c0> - pos <11607.040039, 58.408443, 14764.082031>) initialized
12:24:42 | Gunter 2 (Hatchback_02<1ce18e70> - pos <11582.129883, 57.893356, 14659.239258>) initialized
12:24:42 | Olga 24 (CivilianSedan<1ce19700> - pos <8705.545898, 221.551727, 11637.993164>) initialized
12:24:42 | Ada 4x4 (OffroadHatchback<1ce17d50> - pos <698.118713, 140.792831, 5655.961914>) initialized
12:24:42 | Ada 4x4 (OffroadHatchback<1ce19f90> - pos <1218.501587, 128.911102, 6215.609863>) initialized
12:24:42 | Ada 4x4 (OffroadHatchback<1ce1b0b0> - pos <1245.729980, 227.770157, 7909.131836>) initialized
12:24:42 | Olga 24 (CivilianSedan<1ce1c1d0> - pos <13256.280273, 5.118298, 6295.663574>) initialized
12:24:42 | Olga 24 (CivilianSedan<1ce15280> - pos <5866.401367, 9.069456, 2201.372314>) initialized
12:24:42 | Sarka 120 (Sedan_02_Grey<1ce1db80> - pos <6395.530762, 6.049834, 2307.985840>) initialized
12:24:42 | Ada 4x4 (OffroadHatchback<1ce1e410> - pos <2516.553955, 237.731995, 12861.161133>) initialized
12:24:42 | Sarka 120 (Sedan_02_Red<1ce1eca0> - pos <3434.904785, 196.611298, 12896.830078>) initialized
12:24:42 | Gunter 2 (Hatchback_02<1ce20650> - pos <4448.018555, 175.076202, 13070.798828>) initialized
12:24:42 | Olga 24 (CivilianSedan<1ce1ca60> - pos <3576.046143, 231.951508, 13911.587891>) initialized
12:24:42 | Sarka 120 (Sedan_02<1ce20ee0> - pos <10516.703125, 98.339485, 4333.348633>) initialized
12:24:42 | Sarka 120 (Sedan_02<1ce239b0> - pos <6535.594238, 6.049716, 2388.326172>) initialized
12:24:42 | Gunter 2 (Hatchback_02<1ce24240> - pos <6764.937012, 11.329635, 2787.118652>) initialized
12:24:42 | Gunter 2 (Hatchback_02<1ce21770> - pos <6916.808105, 38.203617, 3421.875000>) initialized
12:24:42 | Sarka 120 (Sedan_02<1ce1f530> - pos <7898.898438, 6.404542, 3103.548828>) initialized
12:24:42 | Sarka 120 (Sedan_02_Grey<1ce22000> - pos <10445.458008, 6.047438, 2417.548584>) initialized
12:24:42 | Gunter 2 (Hatchback_02<1ce22890> - pos <10117.789063, 5.825258, 2098.570313>) initialized
12:24:42 | Ada 4x4 (OffroadHatchback<1ce1d2f0> - pos <11441.812500, 329.984406, 11361.983398>) initialized
12:24:42 | Gunter 2 (Hatchback_02<1ce25bf0> - pos <12177.666992, 17.816624, 9860.664063>) initialized
12:24:42 | Gunter 2 (Hatchback_02<1ce24ad0> - pos <10748.789063, 145.096313, 10804.481445>) initialized
12:24:42 | Ada 4x4 (OffroadHatchback<1ce25360> - pos <8364.571289, 321.000092, 10535.364258>) initialized
12:24:42 | Sarka 120 (Sedan_02_Red<ba13aa50> - pos <9439.866211, 303.989044, 8822.151367>) initialized
12:24:42 | Sarka 120 (Sedan_02<8a6a6fd0> - pos <6918.549316, 296.096954, 7788.342285>) initialized
12:24:42 | Gunter 2 (Hatchback_02<8a6a0910> - pos <8453.156250, 118.707199, 12925.810547>) initialized
12:24:42 | Gunter 2 (Hatchback_02<8a6a0080> - pos <2682.730713, 204.503769, 5309.162598>) initialized
12:24:42 | Olga 24 (CivilianSedan<8a6a22c0> - pos <13377.839844, 5.854055, 6293.073242>) initialized
12:24:42 | Olga 24 (CivilianSedan<8a6a7860> - pos <2529.206787, 193.993622, 5041.100098>) initialized
12:24:42 | Sarka 120 (Sedan_02<8a6a2b50> - pos <2690.315430, 205.989136, 5378.261230>) initialized
12:24:42 | Olga 24 (CivilianSedan<8a6a3c70> - pos <9612.286133, 83.516212, 13703.877930>) initialized
