Log Created: 2020-01-09_22:09:21
22:11:21 | Gunter 2 (Hatchback_02<b342ac00> - pos <4448.117676, 175.012466, 13069.893555>) initialized
22:11:21 | Ada 4x4 (OffroadHatchback<b342d6d0> - pos <187.723328, 385.425873, 12534.256836>) initialized
22:11:21 | Sarka 120 (Sedan_02_Red<b342f910> - pos <3434.545166, 196.579865, 12896.527344>) initialized
22:11:21 | Ada 4x4 (OffroadHatchback<b34301a0> - pos <2516.531982, 237.705551, 12861.291016>) initialized
22:11:21 | Gunter 2 (Hatchback_02<b342a370> - pos <3100.484131, 208.104721, 12648.277344>) initialized
22:11:21 | Ada 4x4 (OffroadHatchback<b34323e0> - pos <14033.549805, 131.258331, 14716.344727>) initialized
22:11:21 | Olga 24 (CivilianSedan<b342b490> - pos <3422.620117, 203.957474, 12687.515625>) initialized
22:11:21 | Gunter 2 (Hatchback_02<b3435fd0> - pos <6299.109863, 154.783096, 12684.233398>) initialized
22:11:21 | Sarka 120 (Sedan_02_Red<b3432c70> - pos <9439.905273, 303.977539, 8822.243164>) initialized
22:11:21 | Sarka 120 (Sedan_02_Grey<b3435740> - pos <7058.612793, 131.110184, 12685.457031>) initialized
22:11:21 | Ada 4x4 (OffroadHatchback_White<b343ace0> - pos <8554.398438, 376.683594, 15004.338867>) initialized
22:11:21 | Ada 4x4 (OffroadHatchback<b3433d90> - pos <5731.220703, 224.807510, 13565.442383>) initialized
22:11:21 | Gunter 2 (Hatchback_02<b3436860> - pos <10090.055664, 6.965393, 2100.072754>) initialized
22:11:21 | Olga 24 (CivilianSedan<b3434620> - pos <10225.374023, 20.524895, 2295.523926>) initialized
22:11:21 | Sarka 120 (Sedan_02_Grey<b343b570> - pos <10445.452148, 6.034589, 2417.553955>) initialized
22:11:21 | Sarka 120 (Sedan_02<b343be00> - pos <6918.406250, 296.092468, 7788.315430>) initialized
22:11:21 | Olga 24 (CivilianSedan<b34370f0> - pos <12071.924805, 54.078545, 9129.968750>) initialized
22:11:21 | Olga 24 (CivilianSedan<b3437980> - pos <12972.776367, 6.044219, 10216.115234>) initialized
22:11:21 | Gunter 2 (Hatchback_02<b3438210> - pos <12178.143555, 17.781603, 9860.645508>) initialized
22:11:21 | Ada 4x4 (OffroadHatchback<b3438aa0> - pos <8364.426758, 320.992188, 10535.369141>) initialized
22:11:21 | Gunter 2 (Hatchback_02<b3439330> - pos <8453.195313, 118.703125, 12925.408203>) initialized
22:11:21 | Olga 24 (CivilianSedan<b343a450> - pos <8705.760742, 221.563980, 11637.725586>) initialized
22:11:21 | Gunter 2 (Hatchback_02<b3434eb0> - pos <10748.712891, 145.072601, 10804.539063>) initialized
22:11:21 | Sarka 120 (Sedan_02<b343d7b0> - pos <11623.844727, 58.037846, 14097.415039>) initialized
22:11:21 | Olga 24 (CivilianSedan<b343c690> - pos <10698.376953, 65.130798, 14455.748047>) initialized
22:11:21 | Gunter 2 (Hatchback_02<b343f160> - pos <12144.072266, 97.286369, 13605.218750>) initialized
22:11:21 | Ada 4x4 (OffroadHatchback<b343e040> - pos <12423.188477, 124.948112, 14895.612305>) initialized
22:11:21 | Sarka 120 (Sedan_02<b343cf20> - pos <11607.174805, 58.404720, 14764.187500>) initialized
22:11:21 | Sarka 120 (Sedan_02<b3440b10> - pos <10178.000977, 59.232067, 14128.628906>) initialized
22:11:21 | Gunter 2 (Hatchback_02<b343e8d0> - pos <13376.510742, 5.910974, 6292.090332>) initialized
22:11:21 | Gunter 2 (Hatchback_02<b3439bc0> - pos <6916.819336, 38.179512, 3421.814697>) initialized
22:11:21 | Olga 24 (CivilianSedan<b3440280> - pos <7015.062500, 5.798875, 2793.635010>) initialized
22:11:21 | Sarka 120 (Sedan_02_Grey<b34413a0> - pos <6395.566406, 6.035739, 2307.862549>) initialized
22:11:21 | Olga 24 (CivilianSedan<b3441c30> - pos <5866.311035, 9.070992, 2201.326904>) initialized
22:11:21 | Sarka 120 (Sedan_02<b3445820> - pos <6535.593262, 6.036896, 2388.284180>) initialized
22:11:21 | Ada 4x4 (OffroadHatchback<b3448b80> - pos <1245.816650, 227.762192, 7908.970703>) initialized
22:11:21 | Ada 4x4 (OffroadHatchback<b3443e70> - pos <698.185852, 140.782913, 5656.075195>) initialized
22:11:21 | Ada 4x4 (OffroadHatchback<b3444f90> - pos <1218.677734, 128.861053, 6215.335449>) initialized
22:11:21 | Gunter 2 (Hatchback_02<b3444700> - pos <2682.577881, 204.399475, 5309.328125>) initialized
22:11:21 | Sarka 120 (Sedan_02<b3446940> - pos <2681.907471, 206.020615, 5387.398926>) initialized
22:12:53 | Olga 24 (CivilianSedan<63922a20> - pos <2529.218994, 193.674881, 5041.117676>) initialized
17:58:31 | Player Hannibal (<6533.660645, 6.012912, 2388.578125> steam64id=76561198017883572) entered Sarka 120 (Sedan_02<b3445820>)
17:58:45 | Player Hannibal (<6535.258301, 6.620911, 2388.096680> steam64id=76561198017883572) started Sarka 120 (Sedan_02<b3445820>)
17:58:49 | Player Hannibal (<6535.258301, 6.620911, 2388.096680> steam64id=76561198017883572) started Sarka 120 (Sedan_02<b3445820>)
17:58:54 | Player Hannibal (<6535.258301, 6.620911, 2388.096680> steam64id=76561198017883572) started Sarka 120 (Sedan_02<b3445820>)
17:58:58 | Player Hannibal (<6534.392578, 6.047918, 2386.959961> steam64id=76561198017883572) exited vehicle
17:59:46 | Player Hannibal (<6534.252441, 6.012769, 2388.488525> steam64id=76561198017883572) entered Sarka 120 (Sedan_02<b3445820>)
17:59:51 | Player Hannibal (<6535.258789, 6.626228, 2388.088623> steam64id=76561198017883572) started Sarka 120 (Sedan_02<b3445820>)
18:00:33 | Player Hannibal (<6528.854492, 6.630268, 2396.454346> steam64id=76561198017883572) stopped Sarka 120 (Sedan_02<b3445820>)
18:00:38 | Player Hannibal (<6528.904785, 6.044770, 2395.026123> steam64id=76561198017883572) exited vehicle
18:03:26 | Player Hannibal (<6527.717773, 6.012946, 2396.987305> steam64id=76561198017883572) entered Sarka 120 (Sedan_02<b3445820>)
18:03:30 | Player Hannibal (<6528.860840, 6.628488, 2396.454346> steam64id=76561198017883572) started Sarka 120 (Sedan_02<b3445820>)
18:04:59 | Player Hannibal (<6464.422363, 54.289055, 2496.539551> steam64id=76561198017883572) exited vehicle
18:07:18 | Olga 24 (CivilianSedan<b4661f20> - pos <12574.938477, 51.997047, 13818.471680>) initialized
18:17:59 | Olga 24 (CivilianSedan<b466db80> - pos <7512.844238, 120.801689, 12662.435547>) initialized
01:13:09 | Player dls_ (<10443.845703, 6.011082, 2418.130615> steam64id=76561198331646518) entered Sarka 120 (Sedan_02_Grey<b343b570>)
01:13:13 | Player dls_ (<10445.363281, 6.600216, 2417.927734> steam64id=76561198331646518) started Sarka 120 (Sedan_02_Grey<b343b570>)
01:13:23 | Player dls_ (<10451.873047, 6.605566, 2416.867676> steam64id=76561198331646518) stopped Sarka 120 (Sedan_02_Grey<b343b570>)
01:13:26 | Player dls_ (<10452.571289, 6.033964, 2418.109619> steam64id=76561198331646518) exited vehicle
01:13:45 | Player dls_ (<10450.222656, 5.999650, 2416.853760> steam64id=76561198331646518) entered Sarka 120 (Sedan_02_Grey<b343b570>)
01:13:49 | Player dls_ (<10451.873047, 6.590487, 2416.864014> steam64id=76561198331646518) started Sarka 120 (Sedan_02_Grey<b343b570>)
01:14:43 | Player dls_ (<10423.088867, 6.654959, 2241.223633> steam64id=76561198331646518) stopped Sarka 120 (Sedan_02_Grey<b343b570>)
01:14:47 | Player dls_ (<10423.729492, 5.937600, 2242.426514> steam64id=76561198331646518) exited vehicle
01:15:44 | Player dls_ (<10421.486328, 6.147741, 2241.799561> steam64id=76561198331646518) entered Sarka 120 (Sedan_02_Grey<b343b570>)
01:15:48 | Player dls_ (<10423.087891, 6.638112, 2241.222656> steam64id=76561198331646518) started Sarka 120 (Sedan_02_Grey<b343b570>)
01:18:21 | Player dls_ (<11322.484375, 6.051847, 3311.166748> steam64id=76561198331646518) exited vehicle
01:29:22 | Sarka 120 (Sedan_02<d6ec7470> - pos <12750.031250, 5.725120, 9575.515625>) initialized
