Log Created: 2020-01-12_11:18:36
11:20:28 | Sarka 120 (Sedan_02<97f9e130> - pos <2681.843262, 205.911682, 5387.321777>) initialized
11:20:28 | Gunter 2 (Hatchback_02<97fa0c00> - pos <2682.594727, 204.537018, 5309.307129>) initialized
11:20:28 | Olga 24 (CivilianSedan<97f9fae0> - pos <2529.196289, 193.845642, 5041.238281>) initialized
11:20:28 | Gunter 2 (Hatchback_02<97f9e9c0> - pos <4448.117676, 175.053772, 13069.847656>) initialized
11:20:28 | Ada 4x4 (OffroadHatchback<97f9f250> - pos <187.692734, 385.435150, 12534.262695>) initialized
11:20:28 | Sarka 120 (Sedan_02_Red<97fa0370> - pos <3434.509521, 196.607010, 12896.488281>) initialized
11:20:28 | Ada 4x4 (OffroadHatchback<97f99cb0> - pos <2516.519775, 237.759308, 12861.307617>) initialized
11:20:28 | Gunter 2 (Hatchback_02<97fa1490> - pos <3100.511719, 208.165146, 12648.306641>) initialized
11:20:28 | Gunter 2 (Hatchback_02<97f9a540> - pos <6299.084473, 154.787537, 12684.250000>) initialized
11:20:28 | Sarka 120 (Sedan_02_Red<97fa36d0> - pos <9439.905273, 303.993958, 8822.252930>) initialized
11:20:28 | Sarka 120 (Sedan_02_Grey<97fa1d20> - pos <7058.575684, 131.168671, 12685.471680>) initialized
11:20:28 | Ada 4x4 (OffroadHatchback_White<97fa47f0> - pos <8554.460938, 376.685913, 15004.322266>) initialized
11:20:28 | Ada 4x4 (OffroadHatchback<97fa25b0> - pos <5731.226074, 224.813614, 13565.446289>) initialized
11:20:28 | Ada 4x4 (OffroadHatchback<97fa2e40> - pos <8364.417969, 321.054840, 10535.377930>) initialized
11:20:28 | Gunter 2 (Hatchback_02<97fa5080> - pos <8453.200195, 118.695763, 12925.385742>) initialized
11:20:28 | Olga 24 (CivilianSedan<97fa5910> - pos <8705.773438, 221.555557, 11637.674805>) initialized
11:20:28 | Gunter 2 (Hatchback_02<d5d9f6b0> - pos <10748.705078, 145.084671, 10804.543945>) initialized
11:20:28 | Sarka 120 (Sedan_02<d5da18f0> - pos <11623.220703, 58.032169, 14097.736328>) initialized
11:20:28 | Olga 24 (CivilianSedan<d5da2a10> - pos <10698.393555, 65.139809, 14455.640625>) initialized
11:20:28 | Gunter 2 (Hatchback_02<d5da2180> - pos <12144.072266, 97.298271, 13605.208008>) initialized
11:20:28 | Ada 4x4 (OffroadHatchback<d5da32a0> - pos <12437.237305, 120.767220, 14833.665039>) initialized
11:20:28 | Sarka 120 (Sedan_02<d5d9ff40> - pos <11607.188477, 58.418594, 14764.198242>) initialized
11:20:28 | Sarka 120 (Sedan_02<d5da3b30> - pos <10177.876953, 59.221165, 14128.637695>) initialized
11:20:28 | Olga 24 (CivilianSedan<d5d9dd00> - pos <3429.525146, 203.746811, 12693.282227>) initialized
11:20:28 | Ada 4x4 (OffroadHatchback<d5da07d0> - pos <14033.554688, 131.298309, 14716.328125>) initialized
11:20:28 | Olga 24 (CivilianSedan<d5da43c0> - pos <12972.780273, 6.044528, 10216.105469>) initialized
11:20:28 | Gunter 2 (Hatchback_02<d5d9d470> - pos <12178.154297, 17.797001, 9860.646484>) initialized
11:20:28 | Olga 24 (CivilianSedan<d5da1060> - pos <7512.976074, 121.044907, 12662.574219>) initialized
11:20:28 | Olga 24 (CivilianSedan<d5da54e0> - pos <12071.932617, 54.083977, 9129.943359>) initialized
11:20:28 | Gunter 2 (Hatchback_02<d5da4c50> - pos <10090.118164, 5.984729, 2099.785645>) initialized
11:20:28 | Olga 24 (CivilianSedan<d5d9e590> - pos <10225.317383, 20.529688, 2295.556885>) initialized
11:20:28 | Sarka 120 (Sedan_02<d5da5d70> - pos <12749.961914, 5.693103, 9575.583008>) initialized
11:20:28 | Gunter 2 (Hatchback_02<d5d9ee20> - pos <13376.497070, 5.996582, 6292.200684>) initialized
11:20:28 | Sarka 120 (Sedan_02<d5da8840> - pos <6918.412109, 296.108032, 7788.318359>) initialized
11:20:28 | Ada 4x4 (OffroadHatchback<d5da7720> - pos <698.190125, 140.789261, 5656.082520>) initialized
11:20:28 | Ada 4x4 (OffroadHatchback<d5da6e90> - pos <1218.667236, 128.910416, 6215.333496>) initialized
11:20:28 | Gunter 2 (Hatchback_02<d5daaa80> - pos <6916.812988, 38.191887, 3421.807373>) initialized
11:20:28 | Olga 24 (CivilianSedan<d5da90d0> - pos <7015.054688, 5.823628, 2793.685059>) initialized
11:20:28 | Sarka 120 (Sedan_02_Grey<d5daa1f0> - pos <6395.563965, 6.052841, 2307.850342>) initialized
11:20:28 | Ada 4x4 (OffroadHatchback<d5da6600> - pos <1245.823120, 227.768539, 7908.965332>) initialized
11:22:06 | Olga 24 (CivilianSedan<5c1b9bc0> - pos <10182.458984, 5.725968, 1987.527100>) initialized
11:29:30 | Sarka 120 (Sedan_02<5c1cf240> - pos <8216.745117, 141.429153, 12239.941406>) initialized
11:30:39 | Olga 24 (CivilianSedan<d5d9dd00> - pos <13354.937500, 5.725968, 5440.334473>) initialized
14:17:34 | Player [Odin] Lockett (<2527.863037, 193.909241, 5041.527832> steam64id=76561198137678377) entered Olga 24 (CivilianSedan<97f9fae0>)
14:17:43 | Player [Odin] Lockett (<2529.156006, 194.674194, 5041.838867> steam64id=76561198137678377) started Olga 24 (CivilianSedan<97f9fae0>)
14:17:51 | Player [Odin] Lockett (<2528.872803, 193.990295, 5042.542480> steam64id=76561198137678377) exited vehicle
14:17:59 | Player [Odin] Lockett (<2527.497070, 194.067139, 5041.473145> steam64id=76561198137678377) entered Olga 24 (CivilianSedan<97f9fae0>)
14:18:04 | Player [Odin] Lockett (<2529.132324, 194.674026, 5041.857422> steam64id=76561198137678377) stopped Olga 24 (CivilianSedan<97f9fae0>)
14:18:08 | Player [Odin] Lockett (<2528.868652, 194.205505, 5042.567383> steam64id=76561198137678377) exited vehicle
