Log Created: 2019-12-26_20:38:03
20:39:49 | Gunter 2 (Hatchback_02<1e47a070> - pos <2789.459961, 208.558792, 5436.506348>) initialized
20:39:49 | Gunter 2 (Hatchback_02<1e481850> - pos <7723.603516, 137.774445, 12878.238281>) initialized
20:39:49 | Gunter 2 (Hatchback_02<1e47c2b0> - pos <6299.554199, 154.748291, 12683.320313>) initialized
20:39:49 | Gunter 2 (Hatchback_02<1e47e4f0> - pos <3587.496582, 192.638428, 13123.987305>) initialized
20:39:49 | Sarka 120 (Sedan_02<1e485440> - pos <7898.176270, 6.342243, 3103.765137>) initialized
20:39:49 | Sarka 120 (Sedan_02<1e487f10> - pos <1905.323486, 6.093491, 2229.525879>) initialized
20:39:49 | Gunter 2 (Hatchback_02<1e4820e0> - pos <4306.748047, 181.429443, 13196.911133>) initialized
20:39:49 | Ada 4x4 (OffroadHatchback<1e480fc0> - pos <1218.253418, 128.874115, 6215.939453>) initialized
20:39:49 | Ada 4x4 (OffroadHatchback<1e482970> - pos <698.037354, 140.783585, 5655.870605>) initialized
20:39:49 | Ada 4x4 (OffroadHatchback<1e486560> - pos <9075.491211, 245.403854, 8018.611328>) initialized
20:39:49 | Ada 4x4 (OffroadHatchback<1e48a150> - pos <14034.657227, 131.242706, 14716.876953>) initialized
20:39:49 | Ada 4x4 (OffroadHatchback<1e486df0> - pos <8840.014648, 190.568726, 12048.219727>) initialized
20:39:49 | Ada 4x4 (OffroadHatchback<1e487680> - pos <1245.511353, 227.734863, 7909.627930>) initialized
20:39:49 | Ada 4x4 (OffroadHatchback<1e4887a0> - pos <11442.866211, 329.910706, 11362.909180>) initialized
20:39:49 | Gunter 2 (Hatchback_02<1e48a9e0> - pos <12302.205078, 34.397438, 9051.610352>) initialized
20:39:49 | Gunter 2 (Hatchback_02<1e489030> - pos <11031.247070, 46.306885, 14334.609375>) initialized
20:39:49 | Sarka 120 (Sedan_02<1e483a90> - pos <6535.582031, 6.041494, 2388.378418>) initialized
20:39:49 | Sarka 120 (Sedan_02<1e48bb00> - pos <12669.734375, 9.272205, 9983.017578>) initialized
20:39:49 | Olga 24 (CivilianSedan<1e485cd0> - pos <3576.594238, 231.936188, 13911.158203>) initialized
20:39:49 | Sarka 120 (Sedan_02<1e484bb0> - pos <10241.177734, 65.795876, 4078.883545>) initialized
20:39:49 | Sarka 120 (Sedan_02<1e48f6f0> - pos <10189.365234, 23.469301, 2580.165771>) initialized
20:39:49 | Ada 4x4 (OffroadHatchback<1e48e5d0> - pos <12895.702148, 172.658386, 4452.834473>) initialized
20:39:49 | Ada 4x4 (OffroadHatchback<1e48ff80> - pos <188.632111, 385.376160, 12533.889648>) initialized
20:39:49 | Ada 4x4 (OffroadHatchback<1e4921c0> - pos <12423.537109, 124.949257, 14895.112305>) initialized
20:39:49 | Ada 4x4 (OffroadHatchback<1e48ee60> - pos <8365.507813, 320.983551, 10536.054688>) initialized
20:39:49 | Ada 4x4 (OffroadHatchback<1e490810> - pos <2516.521240, 237.683655, 12860.902344>) initialized
20:39:49 | Gunter 2 (Hatchback_02<1e4910a0> - pos <13517.908203, 17.206358, 14032.485352>) initialized
20:39:49 | Gunter 2 (Hatchback_02<1e491930> - pos <11581.791016, 57.862938, 14659.207031>) initialized
20:39:49 | Gunter 2 (Hatchback_02<1e492a50> - pos <2682.624268, 204.481079, 5309.203613>) initialized
20:39:49 | Gunter 2 (Hatchback_02<1e4932e0> - pos <10748.889648, 145.076233, 10804.466797>) initialized
20:39:49 | Sarka 120 (Sedan_02_Red<1e48c390> - pos <3435.503174, 196.586273, 12897.267578>) initialized
20:39:49 | Sarka 120 (Sedan_02<1e493b70> - pos <11606.874023, 58.401386, 14763.955078>) initialized
20:39:49 | Sarka 120 (Sedan_02_Grey<1e48cc20> - pos <10445.529297, 6.039170, 2417.539795>) initialized
20:39:49 | Sarka 120 (Sedan_02_Grey<1e48dd40> - pos <6395.516113, 6.042507, 2308.122070>) initialized
20:39:49 | Sarka 120 (Sedan_02<1e494400> - pos <6918.714844, 296.092682, 7788.393066>) initialized
20:39:49 | Gunter 2 (Hatchback_02<1e48d4b0> - pos <6916.915039, 38.188461, 3421.918945>) initialized
20:39:49 | Gunter 2 (Hatchback_02<1e4999a0> - pos <6807.450195, 3.057298, 2688.444580>) initialized
20:39:49 | Gunter 2 (Hatchback_02<1e498880> - pos <10077.977539, 5.951638, 1987.818359>) initialized
20:39:49 | Gunter 2 (Hatchback_02<1e499110> - pos <12824.799805, 6.097592, 10115.750977>) initialized
20:39:49 | Gunter 2 (Hatchback_02<1e49bbe0> - pos <8394.333984, 118.543510, 12901.614258>) initialized
20:39:49 | Gunter 2 (Hatchback_02<1e49a230> - pos <12144.043945, 97.286705, 13605.498047>) initialized
20:39:49 | Sarka 120 (Sedan_02_Grey<1e497ff0> - pos <2719.710449, 363.701385, 6736.808105>) initialized
20:39:49 | Sarka 120 (Sedan_02_Grey<1e49b350> - pos <7061.103027, 131.009918, 12687.154297>) initialized
20:39:49 | Sarka 120 (Sedan_02<1e49aac0> - pos <11625.827148, 58.015083, 14096.302734>) initialized
20:39:49 | Sarka 120 (Sedan_02_Red<1e494c90> - pos <9439.910156, 303.979706, 8822.030273>) initialized
20:39:49 | Sarka 120 (Sedan_02_Grey<1e497760> - pos <14007.057617, 3.273967, 13467.045898>) initialized
20:44:38 | Olga 24 (CivilianSedan<f196d670> - pos <13226.275391, 15.915215, 6351.416992>) initialized
