Log Created: 2019-12-26_23:42:36
23:44:14 | Dingo Truck (Dingo<1e74b130> - pos <3726.989014, 401.718536, 6009.912109>) initialized
23:44:14 | Gunter 2 (Hatchback_02<1e74c250> - pos <2844.896729, 204.349304, 5284.806641>) initialized
23:44:14 | Gunter 2 (Hatchback_02<1e7136b0> - pos <2682.668701, 204.491196, 5309.116211>) initialized
23:44:14 | Sarka 120 (Sedan_02_Grey<1e710350> - pos <2719.732178, 363.711823, 6736.903809>) initialized
23:44:14 | Gunter 2 (Hatchback_02<1e710be0> - pos <7681.202637, 126.715614, 12819.008789>) initialized
23:44:14 | Gunter 2 (Hatchback_02<1e712590> - pos <6299.385742, 154.777069, 12683.608398>) initialized
23:44:14 | Sarka 120 (Sedan_02<1e70d880> - pos <1905.207397, 6.133931, 2229.529785>) initialized
23:44:14 | Ada 4x4 (OffroadHatchback<1e70e9a0> - pos <1218.393921, 128.908386, 6215.889648>) initialized
23:44:14 | Ada 4x4 (OffroadHatchback<1e70cff0> - pos <698.060974, 140.790665, 5655.892578>) initialized
23:44:14 | Ada 4x4 (OffroadHatchback<1e70e110> - pos <9076.126953, 245.347733, 8018.952637>) initialized
23:44:14 | Ada 4x4 (OffroadHatchback<1e712e20> - pos <8839.988281, 190.558517, 12048.139648>) initialized
23:44:14 | Ada 4x4 (OffroadHatchback<1e711470> - pos <1245.587036, 227.753387, 7909.455078>) initialized
23:44:14 | Ada 4x4 (OffroadHatchback<1e7147d0> - pos <11443.090820, 329.911865, 11362.946289>) initialized
23:44:14 | Gunter 2 (Hatchback_02<1e715060> - pos <12302.215820, 34.414787, 9051.541016>) initialized
23:44:14 | Gunter 2 (Hatchback_02<1e7158f0> - pos <11030.868164, 46.293076, 14334.245117>) initialized
23:44:14 | Sarka 120 (Sedan_02<1e716180> - pos <12643.965820, 9.525953, 9989.037109>) initialized
23:44:14 | Olga 24 (CivilianSedan<1e719d70> - pos <3576.462646, 231.949356, 13911.363281>) initialized
23:44:14 | Sarka 120 (Sedan_02<1e71b720> - pos <10241.198242, 65.814781, 4078.902832>) initialized
23:44:14 | Ada 4x4 (OffroadHatchback<1e71a600> - pos <188.508682, 385.387634, 12533.929688>) initialized
23:44:14 | Ada 4x4 (OffroadHatchback<1e716a10> - pos <12423.512695, 124.968521, 14895.271484>) initialized
23:44:14 | Ada 4x4 (OffroadHatchback<1e71ae90> - pos <8365.292969, 321.003326, 10536.065430>) initialized
23:44:14 | Ada 4x4 (OffroadHatchback<1e71d960> - pos <2516.569336, 237.743088, 12860.959961>) initialized
23:44:14 | Gunter 2 (Hatchback_02<1e717b30> - pos <11581.890625, 57.879784, 14659.227539>) initialized
23:44:14 | Gunter 2 (Hatchback_02<1e71bfb0> - pos <10748.863281, 145.089645, 10804.467773>) initialized
23:44:14 | Sarka 120 (Sedan_02_Red<1e7172a0> - pos <3435.297363, 196.593124, 12897.140625>) initialized
23:44:14 | Sarka 120 (Sedan_02<1e718c50> - pos <11606.918945, 58.408024, 14763.990234>) initialized
23:44:14 | Sarka 120 (Sedan_02_Grey<1e7183c0> - pos <10445.517578, 6.049885, 2417.550781>) initialized
23:44:14 | Sarka 120 (Sedan_02<1e71e1f0> - pos <6918.672363, 296.096405, 7788.373047>) initialized
23:44:14 | Gunter 2 (Hatchback_02<1e71d0d0> - pos <12824.808594, 6.110795, 10115.741211>) initialized
23:44:14 | Gunter 2 (Hatchback_02<1e71ea80> - pos <8430.859375, 121.366501, 12939.938477>) initialized
23:44:14 | Gunter 2 (Hatchback_02<1e7194e0> - pos <12144.053711, 97.300499, 13605.455078>) initialized
23:44:14 | Sarka 120 (Sedan_02_Grey<1e723790> - pos <7060.919922, 131.035889, 12686.627930>) initialized
23:44:14 | Sarka 120 (Sedan_02<1e724020> - pos <11625.122070, 58.043259, 14096.433594>) initialized
23:44:14 | Sarka 120 (Sedan_02_Red<1e7248b0> - pos <9439.873047, 303.990784, 8822.065430>) initialized
23:44:14 | Sarka 120 (Sedan_02<1e725140> - pos <10086.837891, 34.224499, 2655.555908>) initialized
23:44:14 | Gunter 2 (Hatchback_02<1e720430> - pos <10060.046875, 6.062636, 2030.258057>) initialized
23:44:14 | Ada 4x4 (OffroadHatchback<1e71fba0> - pos <14034.547852, 131.278885, 14716.800781>) initialized
23:44:14 | Gunter 2 (Hatchback_02<1e720cc0> - pos <13446.721680, 23.049250, 14010.397461>) initialized
23:44:14 | Sarka 120 (Sedan_02_Grey<1e7259d0> - pos <14007.022461, 3.322685, 13467.609375>) initialized
23:44:14 | Olga 24 (CivilianSedan<1e721550> - pos <13227.828125, 15.377463, 6347.187012>) initialized
23:44:14 | Sarka 120 (Sedan_02_Grey<1e721de0> - pos <6395.504883, 6.048209, 2308.111084>) initialized
23:44:14 | Sarka 120 (Sedan_02<1e7284a0> - pos <6535.565918, 6.052220, 2388.380615>) initialized
23:44:14 | Gunter 2 (Hatchback_02<1e726260> - pos <6807.391113, 3.118153, 2688.493164>) initialized
23:44:14 | Gunter 2 (Hatchback_02<1e727c10> - pos <6916.883301, 38.194653, 3421.926758>) initialized
23:44:14 | Sarka 120 (Sedan_02<1e728d30> - pos <7898.521484, 6.365006, 3103.754150>) initialized
23:49:29 | Player Sascha Klein (<3725.410889, 401.683136, 6010.864258> steam64id=76561198021865390) entered Dingo Truck (Dingo<1e74b130>)
23:49:38 | Player Sascha Klein (<3723.998779, 402.173065, 6011.044922> steam64id=76561198021865390) exited vehicle
23:55:11 | Player Sascha Klein (<3725.405273, 401.684540, 6011.034180> steam64id=76561198021865390) entered Dingo Truck (Dingo<1e74b130>)
23:55:19 | Player Sascha Klein (<3723.999023, 402.168732, 6011.044922> steam64id=76561198021865390) exited vehicle
00:24:42 | Ada 4x4 (OffroadHatchback<fd898aa0> - pos <3719.709961, 401.798340, 5994.850098>) initialized
00:26:02 | MSF-C Niva 4×4 Black (OffroadHatchback<fd899bc0> - pos <3714.631592, 401.798340, 6000.946777>) initialized
00:26:14 | Olga 24 (CivilianSedan<fd892c70> - pos <3708.560303, 401.725983, 5996.584961>) initialized
00:26:17 | Olga 24 (CivilianSedan<e032bbf0> - pos <3709.237549, 401.725983, 5997.104004>) initialized
00:26:39 | Ada 4x4 (OffroadHatchback_White<e032f7e0> - pos <3697.230957, 401.798340, 5991.525391>) initialized
00:27:32 | Player Sascha Klein (<3718.444092, 402.018341, 5994.925781> steam64id=76561198021865390) entered Ada 4x4 (OffroadHatchback<fd898aa0>)
00:27:38 | Player Sascha Klein (<3719.514160, 402.901917, 5994.398926> steam64id=76561198021865390) started Ada 4x4 (OffroadHatchback<fd898aa0>)
00:27:59 | Player Sascha Klein (<3713.598633, 402.891327, 5999.373535> steam64id=76561198021865390) stopped Ada 4x4 (OffroadHatchback<fd898aa0>)
00:28:06 | Player Sascha Klein (<3713.580811, 402.901154, 5999.357422> steam64id=76561198021865390) started Ada 4x4 (OffroadHatchback<fd898aa0>)
00:28:45 | Player Sascha Klein (<3699.269287, 402.898041, 5972.937012> steam64id=76561198021865390) stopped Ada 4x4 (OffroadHatchback<fd898aa0>)
00:28:49 | Player Sascha Klein (<3700.091553, 402.012390, 5972.684082> steam64id=76561198021865390) exited vehicle
00:29:08 | Dingo Truck (Dingo<e032aad0> - pos <3701.932861, 402.029633, 5984.407227>) initialized
00:31:02 | Olga 24 (CivilianSedan<e032bbf0> - pos <3719.709961, 401.725983, 5994.850098>) initialized
00:31:21 | Player Sascha Klein (<3718.167725, 402.017639, 5995.166016> steam64id=76561198021865390) entered Olga 24 (CivilianSedan<e032bbf0>)
00:31:29 | Player Sascha Klein (<3719.276123, 402.669373, 5994.685547> steam64id=76561198021865390) started Olga 24 (CivilianSedan<e032bbf0>)
00:31:38 | Player Sascha Klein (<3719.275635, 402.667938, 5994.686035> steam64id=76561198021865390) stopped Olga 24 (CivilianSedan<e032bbf0>)
00:31:40 | Player Sascha Klein (<3719.275391, 402.684082, 5994.686035> steam64id=76561198021865390) started Olga 24 (CivilianSedan<e032bbf0>)
00:33:27 | Player Sascha Klein (<2723.738525, 358.128143, 6670.330078> steam64id=76561198021865390) stopped Olga 24 (CivilianSedan<e032bbf0>)
00:33:30 | Player Sascha Klein (<2723.738525, 358.128967, 6670.330566> steam64id=76561198021865390) started Olga 24 (CivilianSedan<e032bbf0>)
00:33:31 | Player Sascha Klein (<2723.738525, 358.137512, 6670.330078> steam64id=76561198021865390) stopped Olga 24 (CivilianSedan<e032bbf0>)
00:33:34 | Player Sascha Klein (<2722.973145, 357.433563, 6670.281250> steam64id=76561198021865390) exited vehicle
00:34:06 | Player [Odin] Camideluxe96 (<2718.556641, 363.685150, 6737.525879> steam64id=76561198006997496) entered Sarka 120 (Sedan_02_Grey<1e710350>)
00:34:13 | Player [Odin] Camideluxe96 (<2720.104004, 364.200104, 6736.822754> steam64id=76561198006997496) started Sarka 120 (Sedan_02_Grey<1e710350>)
00:34:16 | Player [Odin] Camideluxe96 (<2720.104004, 364.209900, 6736.823242> steam64id=76561198006997496) stopped Sarka 120 (Sedan_02_Grey<1e710350>)
00:34:20 | Player [Odin] Camideluxe96 (<2721.499268, 363.687683, 6737.213379> steam64id=76561198006997496) exited vehicle
00:37:31 | Player [Odin] Camideluxe96 (<2718.449707, 363.669403, 6737.323242> steam64id=76561198006997496) entered Sarka 120 (Sedan_02_Grey<1e710350>)
00:37:42 | Player [Odin] Camideluxe96 (<2720.104004, 364.209717, 6736.823242> steam64id=76561198006997496) started Sarka 120 (Sedan_02_Grey<1e710350>)
00:38:21 | Player [Odin] Camideluxe96 (<2707.366699, 364.099823, 6779.895996> steam64id=76561198006997496) exited vehicle
