Log Created: 2020-01-13_11:43:12
11:45:01 | Gunter 2 (Hatchback_02<334d6270> - pos <4448.123535, 175.051361, 13069.738281>) initialized
11:45:01 | Ada 4x4 (OffroadHatchback<334d9e60> - pos <187.610352, 385.436859, 12534.299805>) initialized
11:45:01 | Sarka 120 (Sedan_02_Red<334d8d40> - pos <3434.460693, 196.612228, 12896.430664>) initialized
11:45:01 | Gunter 2 (Hatchback_02<334dda50> - pos <6299.126465, 154.827850, 12684.304688>) initialized
11:45:01 | Sarka 120 (Sedan_02_Red<334d95d0> - pos <9439.905273, 303.999573, 8822.269531>) initialized
11:45:01 | Sarka 120 (Sedan_02_Grey<334daf80> - pos <7058.486816, 131.161072, 12685.496094>) initialized
11:45:01 | Ada 4x4 (OffroadHatchback_White<334db810> - pos <8554.598633, 376.701263, 15004.290039>) initialized
11:45:01 | Ada 4x4 (OffroadHatchback<334dc0a0> - pos <5731.278809, 224.824432, 13565.452148>) initialized
11:45:01 | Ada 4x4 (OffroadHatchback<334d6b00> - pos <8364.401367, 321.034393, 10535.400391>) initialized
11:45:01 | Gunter 2 (Hatchback_02<334dd1c0> - pos <8453.208984, 118.729675, 12925.360352>) initialized
11:45:01 | Olga 24 (CivilianSedan<334de2e0> - pos <8705.778320, 221.561920, 11637.602539>) initialized
11:45:01 | Gunter 2 (Hatchback_02<334deb70> - pos <10748.691406, 145.096970, 10804.556641>) initialized
11:45:01 | Olga 24 (CivilianSedan<334df400> - pos <10698.429688, 65.139259, 14455.576172>) initialized
11:45:01 | Gunter 2 (Hatchback_02<334a3500> - pos <12144.072266, 97.310936, 13605.186523>) initialized
11:45:01 | Ada 4x4 (OffroadHatchback<334a3d90> - pos <12437.436523, 120.814972, 14833.360352>) initialized
11:45:01 | Sarka 120 (Sedan_02<334a4eb0> - pos <11607.214844, 58.424252, 14764.207031>) initialized
11:45:01 | Sarka 120 (Sedan_02<3349f080> - pos <10177.625977, 59.239605, 14128.597656>) initialized
11:45:01 | Ada 4x4 (OffroadHatchback<334a5740> - pos <14033.568359, 131.282104, 14716.292969>) initialized
11:45:01 | Olga 24 (CivilianSedan<334a5fd0> - pos <7513.040039, 121.010384, 12662.248047>) initialized
11:45:01 | Sarka 120 (Sedan_02<334a1b50> - pos <8216.816406, 141.612839, 12240.181641>) initialized
11:45:01 | Gunter 2 (Hatchback_02<334a6860> - pos <11343.358398, 46.938747, 14458.153320>) initialized
11:45:01 | Olga 24 (CivilianSedan<334a4620> - pos <10182.339844, 5.939133, 1987.545532>) initialized
11:45:01 | Olga 24 (CivilianSedan<334a01a0> - pos <12972.792969, 6.052841, 10216.138672>) initialized
11:45:01 | Gunter 2 (Hatchback_02<334a12c0> - pos <12178.235352, 17.783861, 9860.624023>) initialized
11:45:01 | Olga 24 (CivilianSedan<334a23e0> - pos <12071.992188, 54.082775, 9129.838867>) initialized
11:45:01 | Olga 24 (CivilianSedan<334a0a30> - pos <13354.937500, 6.049339, 5440.311523>) initialized
11:45:01 | Gunter 2 (Hatchback_02<3349f910> - pos <7566.754395, 214.133484, 5168.567383>) initialized
11:45:01 | Sarka 120 (Sedan_02<334a70f0> - pos <6918.379883, 296.107758, 7788.312988>) initialized
11:45:01 | Gunter 2 (Hatchback_02<334a7980> - pos <6916.804199, 38.203945, 3421.826416>) initialized
11:45:01 | Sarka 120 (Sedan_02_Grey<334a8aa0> - pos <6796.646484, 50.081394, 3542.256592>) initialized
11:45:01 | Olga 24 (CivilianSedan<334a9330> - pos <7015.104492, 5.800722, 2793.562256>) initialized
11:45:01 | Sarka 120 (Sedan_02_Grey<334a8210> - pos <6395.562012, 6.058004, 2307.822998>) initialized
11:45:01 | Gunter 2 (Hatchback_02<334a9bc0> - pos <3100.532227, 208.146561, 12648.338867>) initialized
11:45:01 | Ada 4x4 (OffroadHatchback<334a2c70> - pos <2516.538330, 237.737625, 12861.301758>) initialized
11:45:01 | Olga 24 (CivilianSedan<334aace0> - pos <1825.511230, 261.727448, 11523.668945>) initialized
11:45:01 | Ada 4x4 (OffroadHatchback<334abe00> - pos <698.209778, 140.798187, 5656.097656>) initialized
11:45:01 | Ada 4x4 (OffroadHatchback<334ae040> - pos <1218.686523, 128.887833, 6215.266602>) initialized
11:45:01 | Ada 4x4 (OffroadHatchback<334af160> - pos <1245.827026, 227.777283, 7908.937988>) initialized
11:45:01 | Sarka 120 (Sedan_02<334ae8d0> - pos <2681.809082, 206.086594, 5387.286133>) initialized
11:45:01 | Gunter 2 (Hatchback_02<334af9f0> - pos <2682.679199, 204.558441, 5309.295898>) initialized
