Log Created: 2020-01-04_23:16:40
23:18:28 | Sarka 120 (Sedan_02_Red<a2fb71f0> - pos <9439.867188, 303.984131, 8822.210938>) initialized
23:18:28 | Sarka 120 (Sedan_02_Grey<a2fb8310> - pos <10445.457031, 6.046511, 2417.555176>) initialized
23:18:28 | Ada 4x4 (OffroadHatchback<a2fba550> - pos <698.176941, 140.796982, 5656.025879>) initialized
23:18:28 | Olga 24 (CivilianSedan<a2fb3600> - pos <13256.013672, 5.113199, 6295.865723>) initialized
23:18:28 | Olga 24 (CivilianSedan<a2fbade0> - pos <13378.621094, 5.875408, 6292.800781>) initialized
23:18:28 | Gunter 2 (Hatchback_02<a2fb4720> - pos <10117.761719, 5.842953, 2098.601563>) initialized
23:18:28 | Olga 24 (CivilianSedan<a2fbbf00> - pos <10225.505859, 20.478266, 2295.499268>) initialized
23:18:28 | Olga 24 (CivilianSedan<a2fb4fb0> - pos <5866.432129, 9.088808, 2201.306885>) initialized
23:18:28 | Sarka 120 (Sedan_02<a2fbc790> - pos <7899.150879, 6.395137, 3103.445801>) initialized
23:18:28 | Sarka 120 (Sedan_02_Grey<a2fb5840> - pos <6395.552734, 6.044409, 2307.916992>) initialized
23:18:28 | Sarka 120 (Sedan_02<a2fc36e0> - pos <6535.594727, 6.043881, 2388.297607>) initialized
23:18:28 | Olga 24 (CivilianSedan<a2fc25c0> - pos <6851.693848, 7.276817, 3074.522217>) initialized
23:18:28 | Gunter 2 (Hatchback_02<a2fc0380> - pos <6916.829102, 38.197617, 3421.882568>) initialized
23:18:28 | Ada 4x4 (OffroadHatchback<a2fbe140> - pos <1245.772095, 227.775421, 7909.049316>) initialized
23:18:28 | Olga 24 (CivilianSedan<a2fc14a0> - pos <3575.912598, 231.909302, 13911.686523>) initialized
23:18:28 | Gunter 2 (Hatchback_02<a2fbfaf0> - pos <4448.072754, 175.067505, 13070.210938>) initialized
23:18:28 | Ada 4x4 (OffroadHatchback<a2fbe9d0> - pos <1218.649292, 128.894272, 6215.471680>) initialized
23:18:28 | Ada 4x4 (OffroadHatchback<a2fbf260> - pos <187.870224, 385.425354, 12534.203125>) initialized
23:18:28 | Sarka 120 (Sedan_02_Red<a2fc1d30> - pos <3434.679443, 196.613815, 12896.636719>) initialized
23:18:28 | Ada 4x4 (OffroadHatchback<a2fc2e50> - pos <2516.531738, 237.727875, 12861.241211>) initialized
23:18:28 | Gunter 2 (Hatchback_02<a2fc3f70> - pos <3100.450684, 208.120758, 12648.201172>) initialized
23:18:28 | Ada 4x4 (OffroadHatchback<a2fbd020> - pos <14033.769531, 131.266571, 14716.420898>) initialized
23:18:28 | Olga 24 (CivilianSedan<a2fc9da0> - pos <3422.730469, 203.953659, 12687.767578>) initialized
23:18:28 | Ada 4x4 (OffroadHatchback<a2fca630> - pos <12423.315430, 124.967941, 14895.553711>) initialized
23:18:28 | Gunter 2 (Hatchback_02<a2fcaec0> - pos <10748.744141, 145.091415, 10804.515625>) initialized
23:18:28 | Gunter 2 (Hatchback_02<a2fc5090> - pos <12144.071289, 97.304596, 13605.262695>) initialized
23:18:28 | Sarka 120 (Sedan_02<a2fc7b60> - pos <11607.119141, 58.419464, 14764.145508>) initialized
23:18:28 | Gunter 2 (Hatchback_02<a2fcb750> - pos <11582.239258, 57.891575, 14659.258789>) initialized
23:18:28 | Sarka 120 (Sedan_02<a2fc61b0> - pos <11623.938477, 58.060020, 14097.306641>) initialized
23:18:28 | Sarka 120 (Sedan_02<a2fc9510> - pos <10266.971680, 57.955322, 14096.280273>) initialized
23:18:28 | Sarka 120 (Sedan_02<a2fc83f0> - pos <6918.467773, 296.113220, 7788.324219>) initialized
23:18:28 | Gunter 2 (Hatchback_02<a2fc4800> - pos <8453.176758, 118.733253, 12925.492188>) initialized
23:18:28 | Ada 4x4 (OffroadHatchback<a2fcbfe0> - pos <8840.924805, 190.577179, 12047.976563>) initialized
23:18:28 | Gunter 2 (Hatchback_02<a2fcc870> - pos <6299.138184, 154.848480, 12684.139648>) initialized
23:18:28 | Olga 24 (CivilianSedan<a2fc6a40> - pos <8705.620117, 221.541809, 11637.874023>) initialized
23:18:28 | Sarka 120 (Sedan_02_Grey<a2fc5920> - pos <7058.873535, 131.127716, 12685.473633>) initialized
23:18:28 | Ada 4x4 (OffroadHatchback<a2fcd100> - pos <8364.489258, 321.027130, 10535.361328>) initialized
23:18:28 | Gunter 2 (Hatchback_02<a2fce220> - pos <2682.538818, 204.516953, 5309.350586>) initialized
23:18:28 | Ada 4x4 (OffroadHatchback<a2fcd990> - pos <11442.025391, 329.980499, 11361.843750>) initialized
23:18:28 | Gunter 2 (Hatchback_02<a2fc72d0> - pos <12177.876953, 17.801695, 9860.670898>) initialized
23:18:28 | Sarka 120 (Sedan_02<a2fceab0> - pos <2689.389160, 205.965179, 5378.649414>) initialized
23:21:17 | Olga 24 (CivilianSedan<5a89d900> - pos <7013.043457, 5.596841, 2794.621582>) initialized
00:11:07 | Player JasonCe117 (<13254.034180, 5.093461, 6296.113770> steam64id=76561198146171311) entered Olga 24 (CivilianSedan<a2fb3600>)
00:11:21 | Player JasonCe117 (<13255.714844, 5.768925, 6296.152832> steam64id=76561198146171311) started Olga 24 (CivilianSedan<a2fb3600>)
00:12:56 | Player JasonCe117 (<12745.086914, 16.271547, 6175.815430> steam64id=76561198146171311) stopped Olga 24 (CivilianSedan<a2fb3600>)
00:13:01 | Player JasonCe117 (<12745.037109, 15.635363, 6175.006836> steam64id=76561198146171311) exited vehicle
00:13:56 | Player JasonCe117 (<12743.741211, 15.598289, 6176.513672> steam64id=76561198146171311) entered Olga 24 (CivilianSedan<a2fb3600>)
00:14:03 | Player JasonCe117 (<12745.085938, 16.278158, 6175.815430> steam64id=76561198146171311) started Olga 24 (CivilianSedan<a2fb3600>)
00:16:56 | Player JasonCe117 (<11304.909180, 74.328087, 6559.487305> steam64id=76561198146171311) stopped Olga 24 (CivilianSedan<a2fb3600>)
00:17:00 | Player JasonCe117 (<11305.161133, 73.652145, 6558.750488> steam64id=76561198146171311) exited vehicle
00:17:13 | Player JasonCe117 (<11302.934570, 73.668602, 6560.202148> steam64id=76561198146171311) entered Olga 24 (CivilianSedan<a2fb3600>)
00:17:23 | Player JasonCe117 (<11305.161133, 73.649307, 6558.750488> steam64id=76561198146171311) exited vehicle
00:20:24 | Player JasonCe117 (<11303.241211, 73.667824, 6560.166992> steam64id=76561198146171311) entered Olga 24 (CivilianSedan<a2fb3600>)
00:20:31 | Player JasonCe117 (<11304.908203, 74.322311, 6559.487305> steam64id=76561198146171311) started Olga 24 (CivilianSedan<a2fb3600>)
00:21:27 | Player JasonCe117 (<11177.041016, 76.932678, 6598.326660> steam64id=76561198146171311) stopped Olga 24 (CivilianSedan<a2fb3600>)
00:21:36 | Player JasonCe117 (<11176.389648, 76.267937, 6598.774414> steam64id=76561198146171311) exited vehicle
00:26:21 | Player JasonCe117 (<11175.650391, 76.263863, 6598.111816> steam64id=76561198146171311) entered Olga 24 (CivilianSedan<a2fb3600>)
00:26:28 | Player JasonCe117 (<11177.040039, 76.919281, 6598.326172> steam64id=76561198146171311) started Olga 24 (CivilianSedan<a2fb3600>)
00:32:14 | Player JasonCe117 (<10439.079102, 223.750153, 8871.864258> steam64id=76561198146171311) stopped Olga 24 (CivilianSedan<a2fb3600>)
00:32:17 | Player JasonCe117 (<10439.492188, 223.086288, 8871.186523> steam64id=76561198146171311) exited vehicle
00:33:19 | Player JasonCe117 (<10437.076172, 223.084061, 8872.226563> steam64id=76561198146171311) entered Olga 24 (CivilianSedan<a2fb3600>)
00:33:25 | Player JasonCe117 (<10439.079102, 223.747437, 8871.863281> steam64id=76561198146171311) started Olga 24 (CivilianSedan<a2fb3600>)
00:35:40 | Player JasonCe117 (<9530.216797, 303.806458, 8811.046875> steam64id=76561198146171311) stopped Olga 24 (CivilianSedan<a2fb3600>)
00:35:42 | Player JasonCe117 (<9530.059570, 303.064575, 8810.295898> steam64id=76561198146171311) exited vehicle
00:42:55 | Player JasonCe117 (<9529.019531, 303.121796, 8811.731445> steam64id=76561198146171311) entered Olga 24 (CivilianSedan<a2fb3600>)
00:43:02 | Player JasonCe117 (<9530.217773, 303.818787, 8811.046875> steam64id=76561198146171311) started Olga 24 (CivilianSedan<a2fb3600>)
00:46:24 | Player JasonCe117 (<8536.160156, 339.141937, 8133.624023> steam64id=76561198146171311) stopped Olga 24 (CivilianSedan<a2fb3600>)
00:47:38 | Player JasonCe117 (<8536.160156, 339.083160, 8133.624512> steam64id=76561198146171311) started Olga 24 (CivilianSedan<a2fb3600>)
00:54:55 | Player JasonCe117 (<8894.413086, 279.918732, 6781.645020> steam64id=76561198146171311) stopped Olga 24 (CivilianSedan<a2fb3600>)
00:55:02 | Player JasonCe117 (<8893.617188, 279.288696, 6781.850098> steam64id=76561198146171311) exited vehicle
00:55:23 | Player JasonCe117 (<8893.169922, 279.310974, 6781.022461> steam64id=76561198146171311) entered Olga 24 (CivilianSedan<a2fb3600>)
00:55:30 | Player JasonCe117 (<8894.414063, 279.902863, 6781.633301> steam64id=76561198146171311) started Olga 24 (CivilianSedan<a2fb3600>)
01:07:58 | Player JasonCe117 (<9407.555664, 215.426468, 6726.719727> steam64id=76561198146171311) started Olga 24 (CivilianSedan<a2fb3600>)
01:08:01 | Player JasonCe117 (<9407.555664, 215.426468, 6726.719727> steam64id=76561198146171311) started Olga 24 (CivilianSedan<a2fb3600>)
01:08:04 | Player JasonCe117 (<9407.555664, 215.426468, 6726.719727> steam64id=76561198146171311) started Olga 24 (CivilianSedan<a2fb3600>)
01:08:10 | Player JasonCe117 (<9407.416016, 214.720352, 6727.462402> steam64id=76561198146171311) exited vehicle
01:09:39 | Player JasonCe117 (<9405.855469, 214.870361, 6726.773926> steam64id=76561198146171311) entered Olga 24 (CivilianSedan<a2fb3600>)
01:09:43 | Player JasonCe117 (<9407.555664, 215.387695, 6726.719238> steam64id=76561198146171311) started Olga 24 (CivilianSedan<a2fb3600>)
01:10:27 | Player JasonCe117 (<9554.747070, 201.443069, 6668.000977> steam64id=76561198146171311) exited vehicle
