Log Created: 2019-12-26_21:41:24
21:43:22 | Gunter 2 (Hatchback_02<98ad0af0> - pos <7723.611328, 137.788132, 12878.231445>) initialized
21:43:22 | Gunter 2 (Hatchback_02<98ad46e0> - pos <6299.554688, 154.734909, 12683.418945>) initialized
21:43:22 | Gunter 2 (Hatchback_02<98acf9d0> - pos <3610.574219, 193.622894, 13114.845703>) initialized
21:43:22 | Sarka 120 (Sedan_02<98acf140> - pos <1905.294922, 6.113011, 2229.535889>) initialized
21:43:22 | Ada 4x4 (OffroadHatchback<98ad3e50> - pos <1218.245483, 128.896835, 6215.910645>) initialized
21:43:22 | Ada 4x4 (OffroadHatchback<98ad4f70> - pos <698.043396, 140.785263, 5655.875977>) initialized
21:43:22 | Ada 4x4 (OffroadHatchback<98ace020> - pos <9075.658203, 245.394241, 8018.754395>) initialized
21:43:22 | Ada 4x4 (OffroadHatchback<98ad5800> - pos <14034.648438, 131.266052, 14716.857422>) initialized
21:43:22 | Ada 4x4 (OffroadHatchback<98ace8b0> - pos <8840.009766, 190.577209, 12048.202148>) initialized
21:43:22 | Ada 4x4 (OffroadHatchback<98adcfe0> - pos <1245.526611, 227.739182, 7909.585938>) initialized
21:43:22 | Ada 4x4 (OffroadHatchback<98ada510> - pos <11442.930664, 329.934021, 11362.900391>) initialized
21:43:22 | Gunter 2 (Hatchback_02<98adc750> - pos <12302.189453, 34.406822, 9051.620117>) initialized
21:43:22 | Gunter 2 (Hatchback_02<98adada0> - pos <11031.158203, 46.306171, 14334.521484>) initialized
21:43:22 | Sarka 120 (Sedan_02<98ad8b60> - pos <12644.208008, 10.318128, 9989.082031>) initialized
21:43:22 | Olga 24 (CivilianSedan<98ad6090> - pos <3576.580322, 231.961258, 13911.259766>) initialized
21:43:22 | Sarka 120 (Sedan_02<98ad71b0> - pos <10241.191406, 65.804909, 4078.888428>) initialized
21:43:22 | Ada 4x4 (OffroadHatchback<98ad82d0> - pos <188.596497, 385.381683, 12533.901367>) initialized
21:43:22 | Ada 4x4 (OffroadHatchback<98ad93f0> - pos <12423.558594, 124.947998, 14895.174805>) initialized
21:43:22 | Ada 4x4 (OffroadHatchback<98add870> - pos <8365.469727, 320.982513, 10536.060547>) initialized
21:43:22 | Ada 4x4 (OffroadHatchback<98adb630> - pos <2516.536865, 237.692017, 12860.918945>) initialized
21:43:22 | Gunter 2 (Hatchback_02<98adbec0> - pos <13517.930664, 17.220615, 14032.428711>) initialized
21:43:22 | Gunter 2 (Hatchback_02<98ad6920> - pos <11581.812500, 57.876972, 14659.210938>) initialized
21:43:22 | Gunter 2 (Hatchback_02<98ae0340> - pos <10748.882813, 145.089386, 10804.472656>) initialized
21:43:22 | Sarka 120 (Sedan_02_Red<98ade100> - pos <3435.446289, 196.588943, 12897.230469>) initialized
21:43:22 | Sarka 120 (Sedan_02<98ade990> - pos <11606.886719, 58.406990, 14763.962891>) initialized
21:43:22 | Sarka 120 (Sedan_02_Grey<98ae0bd0> - pos <10445.526367, 6.049835, 2417.535645>) initialized
21:43:22 | Sarka 120 (Sedan_02_Grey<98ad9c80> - pos <6395.515137, 6.052824, 2308.113525>) initialized
21:43:22 | Sarka 120 (Sedan_02<98ae6a00> - pos <6918.708008, 296.098480, 7788.383789>) initialized
21:43:22 | Gunter 2 (Hatchback_02<98ae1460> - pos <12824.801758, 6.110736, 10115.748047>) initialized
21:43:22 | Gunter 2 (Hatchback_02<98ae7b20> - pos <8395.112305, 118.609970, 12904.364258>) initialized
21:43:22 | Gunter 2 (Hatchback_02<98ae2580> - pos <12144.042969, 97.299995, 13605.494141>) initialized
21:43:22 | Sarka 120 (Sedan_02_Grey<98ae36a0> - pos <7061.098145, 131.019867, 12687.152344>) initialized
21:43:22 | Sarka 120 (Sedan_02<98ae5050> - pos <11625.615234, 58.033981, 14096.338867>) initialized
21:43:22 | Sarka 120 (Sedan_02_Red<98ae7290> - pos <9439.910156, 303.990326, 8822.039063>) initialized
21:43:22 | Sarka 120 (Sedan_02_Grey<98ae6170> - pos <14007.063477, 3.280343, 13467.195313>) initialized
21:43:22 | Olga 24 (CivilianSedan<98ae8c40> - pos <13226.589844, 15.847340, 6349.077637>) initialized
21:43:22 | Ada 4x4 (OffroadHatchback<98ae83b0> - pos <12895.694336, 172.660507, 4452.783203>) initialized
21:43:22 | Sarka 120 (Sedan_02<98ae1cf0> - pos <7898.248047, 6.398175, 3103.729980>) initialized
21:43:22 | Sarka 120 (Sedan_02<98ae94d0> - pos <6535.562988, 6.052135, 2388.383545>) initialized
21:43:22 | Sarka 120 (Sedan_02<98ae9d60> - pos <10189.327148, 23.480862, 2580.199707>) initialized
21:43:22 | Gunter 2 (Hatchback_02<98ae3f30> - pos <6916.915039, 38.194283, 3421.908447>) initialized
21:43:22 | Gunter 2 (Hatchback_02<98ae47c0> - pos <6807.443359, 3.071077, 2688.451904>) initialized
21:43:22 | Gunter 2 (Hatchback_02<98ae58e0> - pos <10061.871094, 5.969950, 2030.932495>) initialized
21:43:22 | Gunter 2 (Hatchback_02<98ae2e10> - pos <2789.469727, 208.572418, 5436.508789>) initialized
21:43:22 | Gunter 2 (Hatchback_02<98aea5f0> - pos <2682.630859, 204.488190, 5309.150391>) initialized
21:43:22 | Sarka 120 (Sedan_02_Grey<98aeae80> - pos <2719.721680, 363.704376, 6736.809082>) initialized
