Log Created: 2019-12-30_13:23:28
13:25:21 | Gunter 2 (Hatchback_02<18e9e160> - pos <6299.221191, 154.842209, 12684.059570>) initialized
13:25:21 | Ada 4x4 (OffroadHatchback<18e9e9f0> - pos <188.016830, 385.423187, 12534.140625>) initialized
13:25:21 | Sarka 120 (Sedan_02_Grey<18e98bc0> - pos <7059.026367, 131.137527, 12685.444336>) initialized
13:25:21 | Ada 4x4 (OffroadHatchback<18ea3700> - pos <8839.966797, 190.585617, 12047.873047>) initialized
13:25:21 | Ada 4x4 (OffroadHatchback<18ea61d0> - pos <14033.982422, 131.277267, 14716.506836>) initialized
13:25:21 | Sarka 120 (Sedan_02_Grey<18ea3f90> - pos <13996.568359, 3.196548, 13459.437500>) initialized
13:25:21 | Ada 4x4 (OffroadHatchback<18ea0c30> - pos <12423.343750, 124.984711, 14895.575195>) initialized
13:25:21 | Sarka 120 (Sedan_02<18ea25e0> - pos <11624.062500, 58.078114, 14097.168945>) initialized
13:25:21 | Gunter 2 (Hatchback_02<18ea2e70> - pos <12144.072266, 97.299049, 13605.308594>) initialized
13:25:21 | Sarka 120 (Sedan_02<18ea72f0> - pos <11607.065430, 58.409313, 14764.104492>) initialized
13:25:21 | Gunter 2 (Hatchback_02<18ea4820> - pos <11582.181641, 57.885033, 14659.245117>) initialized
13:25:21 | Olga 24 (CivilianSedan<18ea8410> - pos <8705.576172, 221.576721, 11637.886719>) initialized
13:25:21 | Ada 4x4 (OffroadHatchback<18ea50b0> - pos <698.150208, 140.787155, 5655.995117>) initialized
13:25:21 | Olga 24 (CivilianSedan<18ea14c0> - pos <13256.235352, 5.136155, 6295.734375>) initialized
13:25:21 | Olga 24 (CivilianSedan<18ea5940> - pos <5866.348633, 9.092033, 2201.336182>) initialized
13:25:21 | Sarka 120 (Sedan_02_Grey<18ea6a60> - pos <6395.531738, 6.047981, 2307.960938>) initialized
13:25:21 | Ada 4x4 (OffroadHatchback<18ea8ca0> - pos <2516.533691, 237.740677, 12861.209961>) initialized
13:25:21 | Sarka 120 (Sedan_02_Red<5beac190> - pos <3434.829346, 196.606491, 12896.753906>) initialized
13:25:21 | Gunter 2 (Hatchback_02<5beb0ea0> - pos <4448.004883, 175.070236, 13070.672852>) initialized
13:25:21 | Olga 24 (CivilianSedan<5bead2b0> - pos <3576.042725, 231.912582, 13911.631836>) initialized
13:25:21 | Sarka 120 (Sedan_02<5beafd80> - pos <10516.987305, 98.305855, 4334.220215>) initialized
13:25:21 | Sarka 120 (Sedan_02<5beadb40> - pos <6535.602539, 6.047681, 2388.316406>) initialized
13:25:21 | Gunter 2 (Hatchback_02<5beae3d0> - pos <6764.951172, 11.365271, 2787.190674>) initialized
13:25:21 | Gunter 2 (Hatchback_02<5beaf4f0> - pos <6916.803223, 38.193092, 3421.898438>) initialized
13:25:21 | Sarka 120 (Sedan_02<5beb0610> - pos <7898.999512, 6.397462, 3103.516113>) initialized
13:25:21 | Sarka 120 (Sedan_02_Grey<5beaec60> - pos <10445.465820, 6.042227, 2417.552734>) initialized
13:25:21 | Gunter 2 (Hatchback_02<5beab070> - pos <10117.766602, 5.863486, 2098.462891>) initialized
13:25:21 | Ada 4x4 (OffroadHatchback<5beb1730> - pos <11441.912109, 329.987732, 11361.923828>) initialized
13:25:21 | Gunter 2 (Hatchback_02<5beb1fc0> - pos <12177.754883, 17.822525, 9860.666992>) initialized
13:25:21 | Gunter 2 (Hatchback_02<5beb2850> - pos <10748.774414, 145.086395, 10804.493164>) initialized
13:25:21 | Ada 4x4 (OffroadHatchback<5beaca20> - pos <8364.569336, 321.036530, 10535.407227>) initialized
13:25:21 | Sarka 120 (Sedan_02_Red<5beab900> - pos <9439.862305, 303.987427, 8822.169922>) initialized
13:25:21 | Sarka 120 (Sedan_02<5beba030> - pos <6918.505859, 296.100159, 7788.341797>) initialized
13:25:21 | Gunter 2 (Hatchback_02<5beb5320> - pos <8453.165039, 118.759636, 12925.739258>) initialized
13:25:21 | Olga 24 (CivilianSedan<5beb4200> - pos <13378.257813, 5.913413, 6292.796875>) initialized
13:25:21 | Olga 24 (CivilianSedan<5beb8f10> - pos <9210.233398, 82.038086, 13475.003906>) initialized
13:25:21 | Olga 24 (CivilianSedan<5beb30e0> - pos <2529.213623, 194.014908, 5041.098145>) initialized
13:25:21 | Gunter 2 (Hatchback_02<5beb3970> - pos <2682.521973, 204.482849, 5309.241699>) initialized
13:25:21 | Ada 4x4 (OffroadHatchback<5beb4a90> - pos <1218.563232, 128.899170, 6215.558105>) initialized
13:25:21 | Sarka 120 (Sedan_02<5beba8c0> - pos <2690.269531, 205.978867, 5378.289063>) initialized
13:25:21 | Ada 4x4 (OffroadHatchback<5beb97a0> - pos <1245.751953, 227.765106, 7909.116699>) initialized
