Log Created: 2019-12-30_13:14:50
13:16:50 | Gunter 2 (Hatchback_02<97b4b720> - pos <6299.195313, 154.841263, 12684.048828>) initialized
13:16:50 | Ada 4x4 (OffroadHatchback<97b4d0d0> - pos <188.058456, 385.421112, 12534.115234>) initialized
13:16:50 | Sarka 120 (Sedan_02_Grey<97b50cc0> - pos <7059.079102, 131.147156, 12685.437500>) initialized
13:16:50 | Ada 4x4 (OffroadHatchback<97b53790> - pos <8839.875000, 190.623932, 12047.916016>) initialized
13:16:50 | Ada 4x4 (OffroadHatchback<97b52670> - pos <14033.960938, 131.279770, 14716.525391>) initialized
13:16:50 | Sarka 120 (Sedan_02_Grey<97b50430> - pos <13996.677734, 3.299605, 13459.347656>) initialized
13:16:50 | Ada 4x4 (OffroadHatchback<97b51550> - pos <12423.278320, 124.981880, 14895.527344>) initialized
13:16:50 | Sarka 120 (Sedan_02<97b54020> - pos <11624.096680, 58.090832, 14097.145508>) initialized
13:16:50 | Gunter 2 (Hatchback_02<97b52f00> - pos <12144.072266, 97.298813, 13605.320313>) initialized
13:16:50 | Sarka 120 (Sedan_02<97b548b0> - pos <11607.051758, 58.408760, 14764.090820>) initialized
13:16:50 | Gunter 2 (Hatchback_02<97b4d960> - pos <11582.155273, 57.883110, 14659.241211>) initialized
13:16:50 | Olga 24 (CivilianSedan<97b55140> - pos <8705.558594, 221.522827, 11637.928711>) initialized
13:16:50 | Ada 4x4 (OffroadHatchback<97b559d0> - pos <698.145264, 140.785431, 5655.987793>) initialized
13:16:50 | Olga 24 (CivilianSedan<97b4ea80> - pos <13256.258789, 5.083466, 6295.735840>) initialized
13:16:50 | Olga 24 (CivilianSedan<97b56260> - pos <5866.362305, 9.039995, 2201.359863>) initialized
13:16:50 | Sarka 120 (Sedan_02_Grey<97b4f310> - pos <6395.530762, 6.047379, 2307.970459>) initialized
13:16:50 | Ada 4x4 (OffroadHatchback<97b57c10> - pos <2516.544678, 237.749481, 12861.186523>) initialized
13:16:50 | Sarka 120 (Sedan_02_Red<97b595c0> - pos <3434.855469, 196.608047, 12896.791016>) initialized
13:16:50 | Gunter 2 (Hatchback_02<97b5c090> - pos <4448.018066, 175.014725, 13070.760742>) initialized
13:16:50 | Olga 24 (CivilianSedan<97b5d1b0> - pos <3576.029297, 231.900482, 13911.620117>) initialized
13:16:50 | Sarka 120 (Sedan_02<97b584a0> - pos <10517.212891, 98.306145, 4334.326660>) initialized
13:16:50 | Sarka 120 (Sedan_02<97b59e50> - pos <6535.597168, 6.047116, 2388.324951>) initialized
13:16:50 | Gunter 2 (Hatchback_02<97b5da40> - pos <6764.984863, 11.336718, 2787.115234>) initialized
13:16:50 | Gunter 2 (Hatchback_02<97b56af0> - pos <6916.810059, 38.192741, 3421.895508>) initialized
13:16:50 | Sarka 120 (Sedan_02<97b5c920> - pos <7898.956543, 6.409166, 3103.535400>) initialized
13:16:50 | Sarka 120 (Sedan_02_Grey<97b5e2d0> - pos <10445.455078, 6.044732, 2417.540527>) initialized
13:16:50 | Gunter 2 (Hatchback_02<97b57380> - pos <10117.791992, 5.825624, 2098.609131>) initialized
13:16:50 | Ada 4x4 (OffroadHatchback<97b5a6e0> - pos <11441.863281, 329.986053, 11361.959961>) initialized
13:16:50 | Gunter 2 (Hatchback_02<97b5eb60> - pos <12177.745117, 17.821846, 9860.665039>) initialized
13:16:50 | Gunter 2 (Hatchback_02<97b5f3f0> - pos <10748.781250, 145.086197, 10804.487305>) initialized
13:16:50 | Ada 4x4 (OffroadHatchback<97b5af70> - pos <8364.566406, 321.044617, 10535.368164>) initialized
13:16:50 | Sarka 120 (Sedan_02_Red<3845d0a0> - pos <9439.863281, 303.986176, 8822.161133>) initialized
13:16:50 | Sarka 120 (Sedan_02<c42343a0> - pos <6918.516602, 296.099823, 7788.341797>) initialized
13:16:50 | Gunter 2 (Hatchback_02<a2ed3d0> - pos <8453.164063, 118.761162, 12925.757813>) initialized
13:16:50 | Olga 24 (CivilianSedan<a2ecb40> - pos <13378.067383, 5.851920, 6292.857422>) initialized
13:16:50 | Olga 24 (CivilianSedan<a2eb190> - pos <9673.837891, 72.668617, 13713.769531>) initialized
13:16:50 | Olga 24 (CivilianSedan<a2ef610> - pos <2529.203613, 193.950668, 5041.110840>) initialized
13:16:50 | Gunter 2 (Hatchback_02<a2f0730> - pos <2682.768799, 204.482834, 5309.170410>) initialized
13:16:50 | Ada 4x4 (OffroadHatchback<a2ee4f0> - pos <1218.566772, 128.909073, 6215.581543>) initialized
13:16:50 | Sarka 120 (Sedan_02<a2ea070> - pos <2690.269287, 205.990265, 5378.287598>) initialized
13:16:50 | Ada 4x4 (OffroadHatchback<a2edc60> - pos <1245.749023, 227.763199, 7909.121582>) initialized
