Log Created: 2019-12-27_11:33:29
11:35:06 | Gunter 2 (Hatchback_02<2dbe2f70> - pos <7721.658203, 125.052498, 12812.942383>) initialized
11:35:06 | Gunter 2 (Hatchback_02<2dbdc020> - pos <6299.300293, 154.771469, 12683.742188>) initialized
11:35:06 | Sarka 120 (Sedan_02<2dbdc8b0> - pos <1905.114990, 6.164426, 2229.505371>) initialized
11:35:06 | Ada 4x4 (OffroadHatchback<2dbe73f0> - pos <698.065552, 140.798080, 5655.903809>) initialized
11:35:06 | Ada 4x4 (OffroadHatchback<2dbe5a40> - pos <9076.397461, 245.333801, 8019.067383>) initialized
11:35:06 | Ada 4x4 (OffroadHatchback<2dbeafe0> - pos <8839.963867, 190.600266, 12048.106445>) initialized
11:35:06 | Ada 4x4 (OffroadHatchback<2dbe9ec0> - pos <11441.393555, 329.962189, 11361.843750>) initialized
11:35:06 | Gunter 2 (Hatchback_02<2dbe51b0> - pos <12302.267578, 34.413502, 9051.549805>) initialized
11:35:06 | Gunter 2 (Hatchback_02<2dbea750> - pos <11031.050781, 46.215397, 14334.208008>) initialized
11:35:06 | Sarka 120 (Sedan_02<2dbe62d0> - pos <12643.841797, 9.531372, 9989.066406>) initialized
11:35:06 | Olga 24 (CivilianSedan<2dbe4090> - pos <3576.405029, 231.893921, 13911.427734>) initialized
11:35:06 | Sarka 120 (Sedan_02<2dbec100> - pos <10241.223633, 65.822441, 4078.875732>) initialized
11:35:06 | Ada 4x4 (OffroadHatchback<2dbe9630> - pos <188.413162, 385.385773, 12533.983398>) initialized
11:35:06 | Ada 4x4 (OffroadHatchback<2dbeb870> - pos <12423.489258, 124.958130, 14895.329102>) initialized
11:35:06 | Ada 4x4 (OffroadHatchback<2dbec990> - pos <8365.258789, 321.016144, 10536.054688>) initialized
11:35:06 | Ada 4x4 (OffroadHatchback<2dbe8510> - pos <2516.544922, 237.700455, 12861.001953>) initialized
11:35:06 | Gunter 2 (Hatchback_02<2dbedab0> - pos <11581.965820, 57.885658, 14659.199219>) initialized
11:35:06 | Gunter 2 (Hatchback_02<2dbe8da0> - pos <10748.849609, 145.093124, 10804.457031>) initialized
11:35:06 | Sarka 120 (Sedan_02_Red<2dbed220> - pos <3435.194092, 196.589554, 12897.082031>) initialized
11:35:06 | Sarka 120 (Sedan_02<2dbee340> - pos <11606.941406, 58.417645, 14764.006836>) initialized
11:35:06 | Sarka 120 (Sedan_02_Grey<2dbaf0e0> - pos <10445.511719, 6.055009, 2417.553955>) initialized
11:35:06 | Sarka 120 (Sedan_02<2dbb0200> - pos <6918.641602, 296.103912, 7788.371582>) initialized
11:35:06 | Gunter 2 (Hatchback_02<2dbb68c0> - pos <12824.800781, 6.114278, 10115.740234>) initialized
11:35:06 | Gunter 2 (Hatchback_02<2dbb6030> - pos <8471.765625, 118.610588, 12912.056641>) initialized
11:35:06 | Gunter 2 (Hatchback_02<2dbb3560> - pos <12144.079102, 97.304527, 13605.429688>) initialized
11:35:06 | Sarka 120 (Sedan_02_Grey<2dbb1bb0> - pos <7060.740234, 131.075668, 12686.212891>) initialized
11:35:06 | Sarka 120 (Sedan_02<2dbb0a90> - pos <11624.725586, 57.957035, 14096.702148>) initialized
11:35:06 | Sarka 120 (Sedan_02_Red<2dbb1320> - pos <9439.871094, 303.996124, 8822.083008>) initialized
11:35:06 | Gunter 2 (Hatchback_02<2dbb2440> - pos <10060.022461, 6.096250, 2030.262939>) initialized
11:35:06 | Ada 4x4 (OffroadHatchback<2dbaf970> - pos <14034.471680, 131.236038, 14716.731445>) initialized
11:35:06 | Gunter 2 (Hatchback_02<2dbb3df0> - pos <13271.496094, 64.861763, 14067.788086>) initialized
11:35:06 | Sarka 120 (Sedan_02_Grey<2dbb7150> - pos <14007.022461, 3.304471, 13467.692383>) initialized
11:35:06 | Olga 24 (CivilianSedan<2dbb4f10> - pos <13228.456055, 15.242933, 6346.976563>) initialized
11:35:06 | Sarka 120 (Sedan_02_Grey<2dbb9c20> - pos <6395.524902, 6.059083, 2308.064453>) initialized
11:35:06 | Sarka 120 (Sedan_02<2dbb79e0> - pos <6535.584473, 6.057280, 2388.363770>) initialized
11:35:06 | Gunter 2 (Hatchback_02<2dbb2cd0> - pos <6807.414063, 2.957533, 2688.484131>) initialized
11:35:06 | Gunter 2 (Hatchback_02<2dbb8270> - pos <6916.859375, 38.199211, 3421.913574>) initialized
11:35:06 | Sarka 120 (Sedan_02<2dbb8b00> - pos <7898.643555, 6.404775, 3103.726318>) initialized
11:35:06 | Ada 4x4 (OffroadHatchback<2dbb9390> - pos <1245.620361, 227.766205, 7909.347168>) initialized
11:35:06 | Ada 4x4 (OffroadHatchback<2dbba4b0> - pos <1218.388672, 128.864792, 6215.819824>) initialized
11:35:06 | Gunter 2 (Hatchback_02<2dbbad40> - pos <2844.902832, 204.346558, 5284.796387>) initialized
11:35:06 | Gunter 2 (Hatchback_02<2dbbb5d0> - pos <2682.684814, 204.535553, 5309.156250>) initialized
11:35:06 | Olga 24 (CivilianSedan<2dbb4680> - pos <2724.260986, 357.418213, 6669.739746>) initialized
11:35:06 | Sarka 120 (Sedan_02_Grey<2dbbbe60> - pos <2708.807129, 364.156708, 6780.995605>) initialized
