Log Created: 2020-01-12_18:03:43
18:05:51 | Sarka 120 (Sedan_02<33326030> - pos <2681.826904, 206.064758, 5387.261719>) initialized
18:05:51 | Gunter 2 (Hatchback_02<3332f1c0> - pos <4448.158203, 175.029037, 13069.732422>) initialized
18:05:51 | Ada 4x4 (OffroadHatchback<3332ad40> - pos <187.657822, 385.447632, 12534.274414>) initialized
18:05:51 | Sarka 120 (Sedan_02_Red<33328270> - pos <3434.486816, 196.629089, 12896.449219>) initialized
18:05:51 | Ada 4x4 (OffroadHatchback<33333640> - pos <2516.535889, 237.720444, 12861.279297>) initialized
18:05:51 | Gunter 2 (Hatchback_02<33331400> - pos <3100.522705, 208.157394, 12648.322266>) initialized
18:05:51 | Gunter 2 (Hatchback_02<33336110> - pos <6299.153320, 154.827301, 12684.291992>) initialized
18:05:51 | Sarka 120 (Sedan_02_Red<33332db0> - pos <9439.906250, 303.989532, 8822.261719>) initialized
18:05:51 | Sarka 120 (Sedan_02_Grey<33334760> - pos <7058.527832, 131.146774, 12685.483398>) initialized
18:05:51 | Ada 4x4 (OffroadHatchback_White<33334ff0> - pos <8554.528320, 376.699005, 15004.306641>) initialized
18:05:51 | Ada 4x4 (OffroadHatchback<33332520> - pos <5731.264648, 224.818390, 13565.449219>) initialized
18:05:51 | Ada 4x4 (OffroadHatchback<333302e0> - pos <8364.414063, 321.024841, 10535.392578>) initialized
18:05:51 | Gunter 2 (Hatchback_02<333369a0> - pos <8453.208008, 118.746277, 12925.361328>) initialized
18:05:51 | Olga 24 (CivilianSedan<33331c90> - pos <8705.753906, 221.585114, 11637.635742>) initialized
18:05:51 | Gunter 2 (Hatchback_02<33335880> - pos <10748.698242, 145.098175, 10804.550781>) initialized
18:05:51 | Sarka 120 (Sedan_02<3332fa50> - pos <11623.008789, 58.075626, 14097.922852>) initialized
18:05:51 | Olga 24 (CivilianSedan<33337230> - pos <10698.411133, 65.148979, 14455.583984>) initialized
18:05:51 | Gunter 2 (Hatchback_02<33337ac0> - pos <12144.072266, 97.312317, 13605.198242>) initialized
18:05:51 | Ada 4x4 (OffroadHatchback<33338350> - pos <12437.241211, 120.890671, 14833.630859>) initialized
18:05:51 | Sarka 120 (Sedan_02<33338be0> - pos <11607.203125, 58.421276, 14764.197266>) initialized
18:05:51 | Sarka 120 (Sedan_02<3333f2a0> - pos <10177.739258, 59.253979, 14128.598633>) initialized
18:05:51 | Ada 4x4 (OffroadHatchback<3333e180> - pos <14033.583008, 131.275299, 14716.310547>) initialized
18:05:51 | Olga 24 (CivilianSedan<3333d8f0> - pos <12972.789063, 6.063176, 10216.130859>) initialized
18:05:51 | Gunter 2 (Hatchback_02<3333ea10> - pos <12178.200195, 17.803926, 9860.623047>) initialized
18:05:51 | Olga 24 (CivilianSedan<3333c7d0> - pos <7512.985840, 120.997795, 12662.208008>) initialized
18:05:51 | Olga 24 (CivilianSedan<3333d060> - pos <12071.940430, 54.093159, 9129.903320>) initialized
18:05:51 | Sarka 120 (Sedan_02<333403c0> - pos <6918.391113, 296.114288, 7788.317871>) initialized
18:05:51 | Gunter 2 (Hatchback_02<3333fb30> - pos <6916.805664, 38.205673, 3421.809570>) initialized
18:05:51 | Olga 24 (CivilianSedan<33339470> - pos <7015.079590, 5.812126, 2793.664063>) initialized
18:05:51 | Sarka 120 (Sedan_02_Grey<33340c50> - pos <6395.562500, 6.048744, 2307.843994>) initialized
18:05:51 | Sarka 120 (Sedan_02<33339d00> - pos <8216.782227, 141.532089, 12240.034180>) initialized
18:05:51 | Ada 4x4 (OffroadHatchback<333414e0> - pos <698.206665, 140.792480, 5656.089844>) initialized
18:05:51 | Ada 4x4 (OffroadHatchback<3333ae20> - pos <1218.707153, 128.888550, 6215.300781>) initialized
18:05:51 | Olga 24 (CivilianSedan<3333a590> - pos <10182.413086, 5.977818, 1987.528076>) initialized
18:05:51 | Gunter 2 (Hatchback_02<33341d70> - pos <10090.115234, 5.981885, 2099.801758>) initialized
18:05:51 | Ada 4x4 (OffroadHatchback<33342600> - pos <1245.825195, 227.771698, 7908.943848>) initialized
18:05:51 | Gunter 2 (Hatchback_02<3333b6b0> - pos <13376.516602, 6.006136, 6292.244629>) initialized
18:05:51 | Olga 24 (CivilianSedan<33348cc0> - pos <13354.937500, 6.040404, 5440.316895>) initialized
18:05:51 | Olga 24 (CivilianSedan<33344840> - pos <2529.207520, 193.941391, 5041.338379>) initialized
18:05:51 | Gunter 2 (Hatchback_02<33347ba0> - pos <2682.644287, 204.537949, 5309.300293>) initialized
18:07:41 | Gunter 2 (Hatchback_02<edda13d0> - pos <11343.357422, 46.715813, 14458.153320>) initialized
18:07:41 | Gunter 2 (Hatchback_02<edda24f0> - pos <7566.753418, 213.910828, 5168.566895>) initialized
18:24:59 | Sarka 120 (Sedan_02_Grey<eddaf270> - pos <6796.647461, 49.866749, 3542.258301>) initialized
20:24:07 | Player [Odin] Camideluxe96 (<2527.080566, 193.908951, 5043.159668> steam64id=76561198006997496) entered Olga 24 (CivilianSedan<33344840>)
20:24:13 | Player [Odin] Camideluxe96 (<2528.610107, 194.864410, 5042.960938> steam64id=76561198006997496) started Olga 24 (CivilianSedan<33344840>)
20:24:23 | Player [Odin] Camideluxe96 (<2535.748535, 196.837784, 5041.687500> steam64id=76561198006997496) stopped Olga 24 (CivilianSedan<33344840>)
20:24:28 | Player [Odin] Camideluxe96 (<2544.607422, 198.254501, 5049.576172> steam64id=76561198006997496) exited vehicle
20:26:14 | Olga 24 (CivilianSedan<36309480> - pos <675.521301, 5.741183, 1833.067261>) initialized
20:28:23 | Olga 24 (CivilianSedan<36316a90> - pos <9612.131836, 83.333107, 13703.837891>) initialized
20:39:57 | Olga 24 (CivilianSedan<3630fb40> - pos <1826.168335, 261.392639, 11523.147461>) initialized
