Log Created: 2019-12-27_12:03:16
12:05:07 | Olga 24 (CivilianSedan<9dc361b0> - pos <2724.336426, 357.413574, 6669.626953>) initialized
12:05:07 | Sarka 120 (Sedan_02_Grey<9dc36a40> - pos <2708.791992, 364.145142, 6780.989258>) initialized
12:05:07 | Ada 4x4 (OffroadHatchback<9dc37b60> - pos <1218.360352, 128.890701, 6215.791992>) initialized
12:05:07 | Gunter 2 (Hatchback_02<9dc383f0> - pos <2844.916748, 204.337448, 5284.778809>) initialized
12:05:07 | Gunter 2 (Hatchback_02<9dbfcd80> - pos <2682.708008, 204.528122, 5309.149902>) initialized
12:05:07 | Gunter 2 (Hatchback_02<9dbfd610> - pos <7721.627930, 125.051521, 12812.933594>) initialized
12:05:07 | Gunter 2 (Hatchback_02<9dbfefc0> - pos <6299.265625, 154.668564, 12683.804688>) initialized
12:05:07 | Sarka 120 (Sedan_02<9dbfbc60> - pos <1905.084717, 6.142176, 2229.501221>) initialized
12:05:07 | Ada 4x4 (OffroadHatchback<9dbf8900> - pos <698.065735, 140.787659, 5655.909668>) initialized
12:05:07 | Ada 4x4 (OffroadHatchback<9dbfb3d0> - pos <9076.631836, 245.288513, 8019.080566>) initialized
12:05:07 | Ada 4x4 (OffroadHatchback<9dbf8070> - pos <8839.866211, 190.612686, 12048.105469>) initialized
12:05:07 | Ada 4x4 (OffroadHatchback<9dc000e0> - pos <11441.426758, 329.972900, 11361.828125>) initialized
12:05:07 | Gunter 2 (Hatchback_02<9dbfdea0> - pos <12302.303711, 34.409023, 9051.541992>) initialized
12:05:07 | Gunter 2 (Hatchback_02<9dbff850> - pos <11043.915039, 46.198368, 14348.873047>) initialized
12:05:07 | Sarka 120 (Sedan_02<9dbfc4f0> - pos <12643.775391, 9.538656, 9989.080078>) initialized
12:05:07 | Olga 24 (CivilianSedan<9dbf9190> - pos <3576.289795, 231.906937, 13911.471680>) initialized
12:05:07 | Sarka 120 (Sedan_02<9dc00970> - pos <10241.235352, 65.799362, 4078.896729>) initialized
12:05:07 | Ada 4x4 (OffroadHatchback<9dbf9a20> - pos <188.376160, 385.389618, 12533.992188>) initialized
12:05:07 | Ada 4x4 (OffroadHatchback<9dc01200> - pos <12423.482422, 124.958893, 14895.352539>) initialized
12:05:07 | Ada 4x4 (OffroadHatchback<9dbfa2b0> - pos <8365.180664, 321.006561, 10536.003906>) initialized
12:05:07 | Ada 4x4 (OffroadHatchback<9dc01a90> - pos <2516.571045, 237.717957, 12861.013672>) initialized
12:05:07 | Gunter 2 (Hatchback_02<9dbfab40> - pos <11581.988281, 57.875607, 14659.203125>) initialized
12:05:07 | Gunter 2 (Hatchback_02<9dc089e0> - pos <10748.841797, 145.082916, 10804.462891>) initialized
12:05:07 | Sarka 120 (Sedan_02_Red<9dc04df0> - pos <3435.158447, 196.583679, 12897.046875>) initialized
12:05:07 | Sarka 120 (Sedan_02<9dc02320> - pos <11606.955078, 58.406883, 14764.016602>) initialized
12:05:07 | Sarka 120 (Sedan_02_Grey<9dc09270> - pos <10445.509766, 6.042775, 2417.561523>) initialized
12:05:07 | Sarka 120 (Sedan_02<9dc02bb0> - pos <6918.636719, 296.094574, 7788.375977>) initialized
12:05:07 | Gunter 2 (Hatchback_02<9dc0a390> - pos <12824.786133, 6.104028, 10115.738281>) initialized
12:05:07 | Gunter 2 (Hatchback_02<9dc05680> - pos <8471.831055, 118.601112, 12912.048828>) initialized
12:05:07 | Gunter 2 (Hatchback_02<9dc08150> - pos <12144.078125, 97.294838, 13605.416992>) initialized
12:05:07 | Sarka 120 (Sedan_02_Grey<9dc05f10> - pos <7060.565430, 131.086685, 12685.996094>) initialized
12:05:07 | Sarka 120 (Sedan_02<9dc07030> - pos <11624.626953, 57.970661, 14096.751953>) initialized
12:05:07 | Sarka 120 (Sedan_02_Red<9dc09b00> - pos <9439.872070, 303.983978, 8822.091797>) initialized
12:05:07 | Gunter 2 (Hatchback_02<9dc03440> - pos <10060.004883, 6.082143, 2030.267944>) initialized
12:05:07 | Ada 4x4 (OffroadHatchback<9dc0ac20> - pos <14034.453125, 131.262512, 14716.711914>) initialized
12:05:07 | Gunter 2 (Hatchback_02<9dc03cd0> - pos <13230.108398, 73.036453, 14174.602539>) initialized
12:05:07 | Sarka 120 (Sedan_02_Grey<9dc0b4b0> - pos <14007.031250, 3.311240, 13467.729492>) initialized
12:05:07 | Olga 24 (CivilianSedan<9dc04560> - pos <13228.464844, 15.223488, 6346.881836>) initialized
12:05:07 | Sarka 120 (Sedan_02_Grey<9dc0bd40> - pos <6395.523926, 6.045896, 2308.061035>) initialized
12:05:07 | Sarka 120 (Sedan_02<9dc101c0> - pos <6535.588867, 6.045074, 2388.350342>) initialized
12:05:07 | Gunter 2 (Hatchback_02<9dc0f0a0> - pos <6808.000000, 2.954232, 2689.400879>) initialized
12:05:07 | Gunter 2 (Hatchback_02<9dc0df80> - pos <6916.828125, 38.190052, 3421.912842>) initialized
12:05:07 | Sarka 120 (Sedan_02<9dc12c90> - pos <7898.636230, 6.352634, 3103.734375>) initialized
12:05:07 | Ada 4x4 (OffroadHatchback<9dc0c5d0> - pos <1245.639893, 227.757935, 7909.301270>) initialized
12:06:43 | Gunter 2 (Hatchback_02<8034f2d0> - pos <8453.134766, 118.539406, 12925.985352>) initialized
