Log Created: 2019-12-30_11:43:38
11:45:44 | Gunter 2 (Hatchback_02<9d8c04e0> - pos <6299.187012, 154.790268, 12683.991211>) initialized
11:45:44 | Ada 4x4 (OffroadHatchback<9d8b9590> - pos <188.168686, 385.405579, 12534.068359>) initialized
11:45:44 | Sarka 120 (Sedan_02_Grey<9d8c1600> - pos <7059.220215, 131.130188, 12685.412109>) initialized
11:45:44 | Ada 4x4 (OffroadHatchback<9d8c2720> - pos <8840.018555, 190.623245, 12047.996094>) initialized
11:45:44 | Ada 4x4 (OffroadHatchback<9d8c2fb0> - pos <14034.031250, 131.263763, 14716.581055>) initialized
11:45:44 | Sarka 120 (Sedan_02_Grey<9d8c3840> - pos <13998.040039, 3.196529, 13458.521484>) initialized
11:45:44 | Ada 4x4 (OffroadHatchback<9d8bc8f0> - pos <12423.368164, 124.968025, 14895.458984>) initialized
11:45:44 | Sarka 120 (Sedan_02<9d8ca790> - pos <11624.196289, 58.079277, 14097.032227>) initialized
11:45:44 | Gunter 2 (Hatchback_02<9d8c6310> - pos <10906.602539, 51.973965, 14229.822266>) initialized
11:45:44 | Gunter 2 (Hatchback_02<9d8c4960> - pos <12144.078125, 97.299805, 13605.357422>) initialized
11:45:44 | Sarka 120 (Sedan_02<9d8c6ba0> - pos <11607.016602, 58.415394, 14764.064453>) initialized
11:45:44 | Gunter 2 (Hatchback_02<9d8c7cc0> - pos <11582.090820, 57.883011, 14659.231445>) initialized
11:45:44 | Olga 24 (CivilianSedan<9d8c8550> - pos <8705.517578, 221.497528, 11638.052734>) initialized
11:45:44 | Ada 4x4 (OffroadHatchback<9d8cb020> - pos <698.113770, 140.784470, 5655.948730>) initialized
11:45:44 | Ada 4x4 (OffroadHatchback<9d8c8de0> - pos <1218.480713, 128.896805, 6215.688477>) initialized
11:45:44 | Ada 4x4 (OffroadHatchback<9d8c40d0> - pos <1245.723877, 227.761017, 7909.169922>) initialized
11:45:44 | Olga 24 (CivilianSedan<9d8cb8b0> - pos <13256.301758, 5.059570, 6295.715820>) initialized
11:45:44 | Olga 24 (CivilianSedan<9d8c5a80> - pos <5866.411621, 9.017267, 2201.363770>) initialized
11:45:44 | Sarka 120 (Sedan_02_Grey<9d8cc140> - pos <6395.531250, 6.056068, 2308.002197>) initialized
11:45:44 | Ada 4x4 (OffroadHatchback<9d8c9670> - pos <2516.552002, 237.720596, 12861.128906>) initialized
11:45:44 | Sarka 120 (Sedan_02_Red<9d8c51f0> - pos <3434.986328, 196.598648, 12896.913086>) initialized
11:45:44 | Gunter 2 (Hatchback_02<9d8cec10> - pos <4447.995117, 175.060089, 13071.049805>) initialized
11:45:44 | Olga 24 (CivilianSedan<9d8cf4a0> - pos <3576.174561, 231.906967, 13911.555664>) initialized
11:45:44 | Sarka 120 (Sedan_02<9d8cd260> - pos <10519.164063, 98.814865, 4332.797852>) initialized
11:45:44 | Sarka 120 (Sedan_02<9d8cfd30> - pos <6535.597656, 6.055509, 2388.338623>) initialized
11:45:44 | Gunter 2 (Hatchback_02<9d8c9f00> - pos <6764.937012, 11.376377, 2787.135254>) initialized
11:45:44 | Gunter 2 (Hatchback_02<9d8cc9d0> - pos <6916.805176, 38.194931, 3421.880127>) initialized
11:45:44 | Sarka 120 (Sedan_02<9d8d2800> - pos <7898.844727, 6.365124, 3103.565186>) initialized
11:45:44 | Sarka 120 (Sedan_02_Grey<9d8d0e50> - pos <10445.463867, 6.053205, 2417.543457>) initialized
11:45:44 | Gunter 2 (Hatchback_02<9d8d4a40> - pos <10059.736328, 5.944575, 2030.339233>) initialized
11:45:44 | Ada 4x4 (OffroadHatchback<9d8d16e0> - pos <11441.694336, 329.967804, 11362.018555>) initialized
11:45:44 | Gunter 2 (Hatchback_02<9d8d3090> - pos <12177.516602, 17.818506, 9860.661133>) initialized
11:45:44 | Gunter 2 (Hatchback_02<9d8d1f70> - pos <12283.891602, 34.812675, 9085.762695>) initialized
11:45:44 | Gunter 2 (Hatchback_02<9d8d3920> - pos <10748.803711, 145.087494, 10804.470703>) initialized
11:45:44 | Ada 4x4 (OffroadHatchback<9d8d41b0> - pos <8365.185547, 321.021088, 10536.131836>) initialized
11:45:44 | Sarka 120 (Sedan_02_Red<9d8cdaf0> - pos <9439.870117, 303.995239, 8822.133789>) initialized
11:45:44 | Sarka 120 (Sedan_02<9d8d52d0> - pos <6918.575684, 296.083405, 7788.355957>) initialized
11:45:44 | Gunter 2 (Hatchback_02<9d8d5b60> - pos <8453.145508, 118.612518, 12925.869141>) initialized
11:45:44 | Gunter 2 (Hatchback_02<9d8d63f0> - pos <2682.724365, 204.561157, 5309.174316>) initialized
11:45:44 | Sarka 120 (Sedan_02<6a20bcb0> - pos <2690.359375, 205.986496, 5378.182617>) initialized
11:45:44 | Gunter 2 (Hatchback_02<38d274b0> - pos <2844.926758, 204.341125, 5284.753906>) initialized
11:47:50 | Olga 24 (CivilianSedan<5d82c8f0> - pos <13376.518555, 5.687962, 6292.041016>) initialized
11:47:50 | Olga 24 (CivilianSedan<5d82d180> - pos <2529.218994, 193.674881, 5041.117676>) initialized
