Log Created: 2019-12-30_20:48:24
20:50:20 | Gunter 2 (Hatchback_02<c406a800> - pos <6299.207520, 154.830719, 12684.088867>) initialized
20:50:20 | Ada 4x4 (OffroadHatchback<c4069f70> - pos <187.946579, 385.426514, 12534.176758>) initialized
20:50:20 | Sarka 120 (Sedan_02_Grey<c40685c0> - pos <7058.937012, 131.134064, 12685.459961>) initialized
20:50:20 | Ada 4x4 (OffroadHatchback<c4067d30> - pos <8839.919922, 190.613663, 12047.816406>) initialized
20:50:20 | Ada 4x4 (OffroadHatchback<c4068e50> - pos <14033.904297, 131.246048, 14716.468750>) initialized
20:50:20 | Sarka 120 (Sedan_02_Grey<c40696e0> - pos <13997.024414, 3.314043, 13460.182617>) initialized
20:50:20 | Ada 4x4 (OffroadHatchback<c406b090> - pos <12423.461914, 124.968674, 14895.607422>) initialized
20:50:20 | Sarka 120 (Sedan_02<c4064140> - pos <11623.990234, 58.073418, 14097.229492>) initialized
20:50:20 | Gunter 2 (Hatchback_02<c4072870> - pos <12144.073242, 97.301010, 13605.286133>) initialized
20:50:20 | Sarka 120 (Sedan_02<c406fda0> - pos <11607.092773, 58.408474, 14764.125000>) initialized
20:50:20 | Gunter 2 (Hatchback_02<c406db60> - pos <11582.203125, 57.887657, 14659.252930>) initialized
20:50:20 | Olga 24 (CivilianSedan<c406c1b0> - pos <8705.598633, 221.557144, 11637.834961>) initialized
20:50:20 | Olga 24 (CivilianSedan<c4070630> - pos <13256.078125, 5.126847, 6295.878418>) initialized
20:50:20 | Olga 24 (CivilianSedan<c4071750> - pos <5866.377441, 9.073558, 2201.345215>) initialized
20:50:20 | Sarka 120 (Sedan_02_Grey<c406e3f0> - pos <6395.554688, 6.046376, 2307.920166>) initialized
20:50:20 | Ada 4x4 (OffroadHatchback<c406b920> - pos <2516.536865, 237.707397, 12861.233398>) initialized
20:50:20 | Sarka 120 (Sedan_02_Red<c4073100> - pos <3434.752686, 196.594955, 12896.711914>) initialized
20:50:20 | Gunter 2 (Hatchback_02<c4073990> - pos <4448.055664, 175.030945, 13070.458984>) initialized
20:50:20 | Olga 24 (CivilianSedan<c4074220> - pos <3575.822021, 231.955444, 13911.801758>) initialized
20:50:20 | Sarka 120 (Sedan_02<c406ec80> - pos <6535.601074, 6.046081, 2388.294434>) initialized
20:50:20 | Gunter 2 (Hatchback_02<c406f510> - pos <6916.809570, 38.194347, 3421.890137>) initialized
20:50:20 | Sarka 120 (Sedan_02<c406d2d0> - pos <7899.071777, 6.388897, 3103.469727>) initialized
20:50:20 | Ada 4x4 (OffroadHatchback<c407a8e0> - pos <11441.972656, 329.977814, 11361.886719>) initialized
20:50:20 | Gunter 2 (Hatchback_02<c4078f30> - pos <12177.772461, 17.804794, 9860.668945>) initialized
20:50:20 | Gunter 2 (Hatchback_02<c40786a0> - pos <10748.758789, 145.087921, 10804.504883>) initialized
20:50:20 | Ada 4x4 (OffroadHatchback<c4074ab0> - pos <8364.489258, 321.001892, 10535.353516>) initialized
20:50:20 | Sarka 120 (Sedan_02_Red<c407ba00> - pos <9439.869141, 303.986450, 8822.197266>) initialized
20:50:20 | Sarka 120 (Sedan_02<c4076460> - pos <6918.499023, 296.099060, 7788.337402>) initialized
20:50:20 | Gunter 2 (Hatchback_02<c407a050> - pos <8453.171875, 118.754150, 12925.658203>) initialized
20:50:20 | Olga 24 (CivilianSedan<c407b170> - pos <13378.321289, 5.893336, 6292.823730>) initialized
20:50:20 | Olga 24 (CivilianSedan<c40797c0> - pos <6851.564941, 7.210768, 3074.530518>) initialized
20:50:20 | Sarka 120 (Sedan_02_Grey<c4075340> - pos <10445.461914, 6.043793, 2417.548584>) initialized
20:50:20 | Gunter 2 (Hatchback_02<c4075bd0> - pos <10117.703125, 5.836348, 2098.633301>) initialized
20:50:20 | Sarka 120 (Sedan_02<c407cb20> - pos <10516.396484, 98.081085, 4334.452148>) initialized
20:50:20 | Ada 4x4 (OffroadHatchback<c407d3b0> - pos <1245.760864, 227.764496, 7909.086914>) initialized
20:50:20 | Gunter 2 (Hatchback_02<c407dc40> - pos <7512.877930, 120.977867, 12662.468750>) initialized
20:50:20 | Ada 4x4 (OffroadHatchback<c4076cf0> - pos <698.168030, 140.786133, 5656.009766>) initialized
20:50:20 | Ada 4x4 (OffroadHatchback<c407e4d0> - pos <1218.660767, 128.874084, 6215.501953>) initialized
20:50:20 | Olga 24 (CivilianSedan<c4077580> - pos <2529.158447, 193.983200, 5041.020996>) initialized
20:50:20 | Gunter 2 (Hatchback_02<c407ed60> - pos <2682.566406, 204.528122, 5309.286621>) initialized
20:50:20 | Gunter 2 (Hatchback_02<c4077e10> - pos <3576.531982, 356.411499, 6250.860840>) initialized
20:50:20 | Sarka 120 (Sedan_02<c407f5f0> - pos <2690.214844, 205.972336, 5378.334473>) initialized
20:52:06 | Gunter 2 (Hatchback_02<520a3310> - pos <3100.356201, 207.942017, 12648.154297>) initialized
20:52:07 | Sarka 120 (Sedan_02<520ab380> - pos <10267.061523, 57.744270, 14096.307617>) initialized
21:07:41 | Olga 24 (CivilianSedan<754af5d0> - pos <13354.937500, 5.725968, 5440.334473>) initialized
21:10:47 | Olga 24 (CivilianSedan<7547aeb0> - pos <13517.756836, 16.939125, 14032.621094>) initialized
21:14:07 | Olga 24 (CivilianSedan<754adc20> - pos <3338.157715, 238.972168, 4957.526367>) initialized
21:17:41 | Olga 24 (CivilianSedan<75488d50> - pos <7566.753418, 213.737381, 5168.567383>) initialized
21:19:55 | Olga 24 (CivilianSedan<7549db40> - pos <13354.937500, 5.725968, 5440.334473>) initialized
21:23:08 | Olga 24 (CivilianSedan<754a3970> - pos <11343.355469, 46.542397, 14458.153320>) initialized
21:25:39 | Olga 24 (CivilianSedan<754a4a90> - pos <7585.849121, 207.684296, 13475.770508>) initialized
21:28:30 | Olga 24 (CivilianSedan<75481570> - pos <9612.131836, 83.333107, 13703.837891>) initialized
21:32:32 | Olga 24 (CivilianSedan<7547eaa0> - pos <6096.104980, 51.785259, 3433.971924>) initialized
21:34:35 | Olga 24 (CivilianSedan<754783e0> - pos <12091.686523, 10.945969, 9714.399414>) initialized
21:37:25 | Olga 24 (CivilianSedan<754761a0> - pos <12972.755859, 5.725968, 10216.163086>) initialized
21:39:26 | Olga 24 (CivilianSedan<7547eaa0> - pos <3338.157715, 238.972168, 4957.526367>) initialized
21:42:28 | Olga 24 (CivilianSedan<75481e00> - pos <4338.910156, 176.620804, 13080.071289>) initialized
21:45:26 | Olga 24 (CivilianSedan<7549ca20> - pos <7512.844238, 120.801689, 12662.435547>) initialized
21:47:18 | Olga 24 (CivilianSedan<75482690> - pos <3422.713135, 203.625198, 12687.693359>) initialized
21:50:52 | Olga 24 (CivilianSedan<75486b10> - pos <7512.844238, 120.801689, 12662.435547>) initialized
21:53:11 | Olga 24 (CivilianSedan<754a3970> - pos <11827.104492, 27.125969, 14276.587891>) initialized
21:56:01 | Olga 24 (CivilianSedan<7547d980> - pos <3422.713135, 203.625198, 12687.693359>) initialized
23:18:31 | Player [Odin] Camideluxe96 (<2527.743896, 193.974762, 5041.059082> steam64id=76561198006997496) entered Olga 24 (CivilianSedan<c4077580>)
23:18:45 | Player [Odin] Camideluxe96 (<2528.672852, 193.974213, 5042.151855> steam64id=76561198006997496) exited vehicle
02:02:37 | Player TechnoBeatz (<2527.825195, 193.980255, 5041.306641> steam64id=76561198130406487) entered Olga 24 (CivilianSedan<c4077580>)
02:02:46 | Player TechnoBeatz (<2528.673828, 193.970001, 5042.152344> steam64id=76561198130406487) exited vehicle
02:17:41 | Player Survivor (3) (<2527.521729, 193.972565, 5040.810547> steam64id=76561198191014949) entered Olga 24 (CivilianSedan<c4077580>)
02:18:04 | Player Survivor (3) (<2529.049561, 194.649689, 5041.474121> steam64id=76561198191014949) started Olga 24 (CivilianSedan<c4077580>)
02:21:36 | Player Survivor (3) (<4297.348145, 329.152039, 5491.398438> steam64id=76561198191014949) stopped Olga 24 (CivilianSedan<c4077580>)
02:21:48 | Player Survivor (3) (<4296.684570, 328.406525, 5491.118164> steam64id=76561198191014949) exited vehicle
