Log Created: 2019-12-31_12:46:16
12:48:14 | Gunter 2 (Hatchback_02<a3ca8a50> - pos <6299.145996, 154.838531, 12684.100586>) initialized
12:48:14 | Ada 4x4 (OffroadHatchback<a3cac640> - pos <187.908737, 385.433105, 12534.183594>) initialized
12:48:14 | Sarka 120 (Sedan_02_Grey<a3caa400> - pos <7058.892090, 131.150345, 12685.466797>) initialized
12:48:14 | Ada 4x4 (OffroadHatchback<a3caf110> - pos <8840.957031, 190.597809, 12047.964844>) initialized
12:48:14 | Ada 4x4 (OffroadHatchback<a3caced0> - pos <14033.866211, 131.285812, 14716.450195>) initialized
12:48:14 | Ada 4x4 (OffroadHatchback<a3caf9a0> - pos <12423.279297, 124.963287, 14895.555664>) initialized
12:48:14 | Sarka 120 (Sedan_02<a3cb0230> - pos <11623.954102, 58.093201, 14097.263672>) initialized
12:48:14 | Gunter 2 (Hatchback_02<a3cb0ac0> - pos <12144.071289, 97.300835, 13605.274414>) initialized
12:48:14 | Sarka 120 (Sedan_02<a3cb1350> - pos <11607.105469, 58.411449, 14764.134766>) initialized
12:48:14 | Gunter 2 (Hatchback_02<a3cb1be0> - pos <11582.220703, 57.886879, 14659.255859>) initialized
12:48:14 | Olga 24 (CivilianSedan<a3cb93c0> - pos <8705.642578, 221.564743, 11637.865234>) initialized
12:48:14 | Olga 24 (CivilianSedan<a3cb4f40> - pos <13256.020508, 5.117863, 6295.859863>) initialized
12:48:14 | Olga 24 (CivilianSedan<a3cb3e20> - pos <5866.432129, 9.095529, 2201.307617>) initialized
12:48:14 | Ada 4x4 (OffroadHatchback<a3cb68f0> - pos <2516.519531, 237.749954, 12861.250977>) initialized
12:48:14 | Sarka 120 (Sedan_02_Red<a3cb57d0> - pos <3434.721680, 196.607727, 12896.674805>) initialized
12:48:14 | Gunter 2 (Hatchback_02<a3cb7a10> - pos <4448.052734, 175.082779, 13070.367188>) initialized
12:48:14 | Olga 24 (CivilianSedan<a3cb82a0> - pos <3575.932861, 231.912964, 13911.608398>) initialized
12:48:14 | Ada 4x4 (OffroadHatchback<a3cb2470> - pos <11442.022461, 329.997375, 11361.870117>) initialized
12:48:14 | Gunter 2 (Hatchback_02<a3cb2d00> - pos <10748.751953, 145.087479, 10804.509766>) initialized
12:48:14 | Ada 4x4 (OffroadHatchback<a3cb9c50> - pos <8364.474609, 321.041138, 10535.336914>) initialized
12:48:14 | Sarka 120 (Sedan_02_Red<a3cba4e0> - pos <9439.867188, 303.985077, 8822.203125>) initialized
12:48:14 | Gunter 2 (Hatchback_02<a3cb3590> - pos <8453.173828, 118.758728, 12925.654297>) initialized
12:48:14 | Olga 24 (CivilianSedan<a3cb8b30> - pos <13378.427734, 5.880160, 6292.825684>) initialized
12:48:14 | Gunter 2 (Hatchback_02<a3cbb600> - pos <3100.426025, 208.053299, 12648.178711>) initialized
12:48:14 | Sarka 120 (Sedan_02<a3cb46b0> - pos <10267.007813, 57.950680, 14096.287109>) initialized
12:48:14 | Ada 4x4 (OffroadHatchback<a3cbe0d0> - pos <1245.764526, 227.761612, 7909.067871>) initialized
12:48:14 | Sarka 120 (Sedan_02_Grey<a3cbbe90> - pos <10445.458008, 6.042240, 2417.554932>) initialized
12:48:14 | Gunter 2 (Hatchback_02<a3cbe960> - pos <10117.729492, 5.847151, 2098.593994>) initialized
12:48:14 | Gunter 2 (Hatchback_02<a3cc1cc0> - pos <12177.848633, 17.819277, 9860.669922>) initialized
12:48:14 | Sarka 120 (Sedan_02<a3cbf1f0> - pos <6918.488770, 296.101349, 7788.330566>) initialized
12:48:14 | Sarka 120 (Sedan_02_Grey<a3cbc720> - pos <6395.554688, 6.044876, 2307.914795>) initialized
12:48:14 | Sarka 120 (Sedan_02<a3cc0310> - pos <6535.603516, 6.044595, 2388.290527>) initialized
12:48:14 | Olga 24 (CivilianSedan<a3cc3f00> - pos <3422.737549, 203.944397, 12687.698242>) initialized
12:48:14 | Olga 24 (CivilianSedan<a3cc1430> - pos <6851.629395, 7.298404, 3074.525146>) initialized
12:48:14 | Sarka 120 (Sedan_02<a3cc0ba0> - pos <7899.103027, 6.379575, 3103.449951>) initialized
12:48:14 | Gunter 2 (Hatchback_02<a3cc2550> - pos <6916.814941, 38.193970, 3421.888428>) initialized
12:48:14 | Ada 4x4 (OffroadHatchback<a3cc2de0> - pos <698.179382, 140.783173, 5656.018066>) initialized
12:48:14 | Ada 4x4 (OffroadHatchback<a3cc3670> - pos <1218.634155, 128.903320, 6215.482910>) initialized
12:48:14 | Olga 24 (CivilianSedan<a3cbcfb0> - pos <4297.851074, 328.516907, 5491.520508>) initialized
12:48:14 | Gunter 2 (Hatchback_02<a3cc4790> - pos <3576.548096, 356.419739, 6250.861816>) initialized
12:48:14 | Sarka 120 (Sedan_02<a3cbd840> - pos <2689.414307, 205.854309, 5378.594727>) initialized
12:48:14 | Gunter 2 (Hatchback_02<a3cc5020> - pos <2682.539795, 204.517487, 5309.317383>) initialized
12:49:54 | Olga 24 (CivilianSedan<db0c5af0> - pos <10225.502930, 20.191942, 2295.493896>) initialized
13:29:35 | Player PikaPika (<6393.931641, 6.003702, 2308.008545> steam64id=76561198079710342) entered Sarka 120 (Sedan_02_Grey<a3cbc720>)
13:29:44 | Player PikaPika (<6395.215820, 6.619357, 2307.739014> steam64id=76561198079710342) started Sarka 120 (Sedan_02_Grey<a3cbc720>)
13:29:51 | Player PikaPika (<6395.215820, 6.619357, 2307.739014> steam64id=76561198079710342) started Sarka 120 (Sedan_02_Grey<a3cbc720>)
13:29:55 | Player PikaPika (<6395.215820, 6.619357, 2307.739014> steam64id=76561198079710342) started Sarka 120 (Sedan_02_Grey<a3cbc720>)
13:30:00 | Player PikaPika (<6394.324219, 6.054023, 2306.618408> steam64id=76561198079710342) exited vehicle
13:34:42 | Player PikaPika (<6534.190430, 6.013328, 2388.888428> steam64id=76561198079710342) entered Sarka 120 (Sedan_02<a3cc0310>)
13:34:47 | Player PikaPika (<6535.257813, 6.616811, 2388.113037> steam64id=76561198079710342) started Sarka 120 (Sedan_02<a3cc0310>)
13:34:52 | Player PikaPika (<6534.383301, 6.043801, 2386.982910> steam64id=76561198079710342) exited vehicle
14:40:52 | Player Raven (<9438.458008, 304.111755, 8822.194336> steam64id=76561198081076199) entered Sarka 120 (Sedan_02_Red<a3cba4e0>)
14:41:07 | Player Raven (<9440.046875, 304.561737, 8822.542969> steam64id=76561198081076199) started Sarka 120 (Sedan_02_Red<a3cba4e0>)
14:41:11 | Player Raven (<9440.046875, 304.561737, 8822.542969> steam64id=76561198081076199) started Sarka 120 (Sedan_02_Red<a3cba4e0>)
14:41:13 | Player Raven (<9440.160156, 304.006989, 8823.974609> steam64id=76561198081076199) exited vehicle
14:51:34 | Player [Odin] Lockett (<3575.401123, 356.274628, 6250.968750> steam64id=76561198137678377) entered Gunter 2 (Hatchback_02<a3cc4790>)
14:51:40 | Player [Odin] Lockett (<3576.224609, 356.552673, 6249.929199> steam64id=76561198137678377) exited vehicle
22:07:17 | Player [Odin] Camideluxe96 (<3575.041260, 356.255463, 6250.881836> steam64id=76561198006997496) entered Gunter 2 (Hatchback_02<a3cc4790>)
22:07:40 | Player [Odin] Camideluxe96 (<3576.224609, 356.548828, 6249.928711> steam64id=76561198006997496) exited vehicle
22:07:56 | Player [Odin] Camideluxe96 (<3575.191162, 356.254425, 6250.848145> steam64id=76561198006997496) entered Gunter 2 (Hatchback_02<a3cc4790>)
22:08:00 | Player [Odin] Camideluxe96 (<3576.492676, 356.975037, 6250.684570> steam64id=76561198006997496) started Gunter 2 (Hatchback_02<a3cc4790>)
22:09:02 | Player [Odin] Camideluxe96 (<3720.862793, 402.150879, 5995.377930> steam64id=76561198006997496) exited vehicle
18:07:24 | Player [Odin] Dome (<11622.759766, 57.977406, 14097.230469> steam64id=76561198078760178) entered Sarka 120 (Sedan_02<a3cb0230>)
18:07:36 | Player [Odin] Dome (<11623.638672, 58.664501, 14097.450195> steam64id=76561198078760178) started Sarka 120 (Sedan_02<a3cb0230>)
18:07:40 | Player [Odin] Dome (<11623.638672, 58.664501, 14097.450195> steam64id=76561198078760178) started Sarka 120 (Sedan_02<a3cb0230>)
18:07:48 | Player [Odin] Dome (<11622.174805, 58.200432, 14097.564453> steam64id=76561198078760178) exited vehicle
19:11:55 | Player [Odin] Lockett (<8839.049805, 190.497726, 12047.722656> steam64id=76561198137678377) entered Ada 4x4 (OffroadHatchback<a3caf110>)
19:12:02 | Player [Odin] Lockett (<8841.396484, 191.415848, 12048.082031> steam64id=76561198137678377) started Ada 4x4 (OffroadHatchback<a3caf110>)
19:12:06 | Player [Odin] Lockett (<8841.396484, 191.415848, 12048.082031> steam64id=76561198137678377) started Ada 4x4 (OffroadHatchback<a3caf110>)
19:12:13 | Player [Odin] Lockett (<8842.098633, 190.506821, 12047.646484> steam64id=76561198137678377) exited vehicle
