[01-14-2020][18.50.39]New Synch Log File Created!
[19:31:08] Player (Final217, 76561198061799006)(<3622.475098, 333.901917, 6920.744629>) requested data for lock!
[19:31:20] Player (Final217, 76561198061799006)(<3622.475098, 333.901917, 6920.744629>) requested data for lock!
[19:31:25] Player (Final217, 76561198061799006)(<3622.475098, 333.901917, 6920.744629>) requested data for lock!
[19:31:30] Player (Final217, 76561198061799006)(<3622.475098, 333.901917, 6920.744629>) requested data for lock!
[19:31:35] Player (Final217, 76561198061799006)(<3622.475098, 333.901917, 6920.744629>) requested data for lock!
[19:31:43] Player (Final217, 76561198061799006)(<3622.475098, 333.901917, 6920.744629>) requested data for lock!
[19:31:57] Player (Final217, 76561198061799006)(<3622.475098, 333.901917, 6920.744629>) requested data for lock!
[19:32:53] Player (Final217, 76561198061799006)(<3622.475098, 333.901917, 6920.744629>) requested data for lock!
[19:33:37] Player (Final217, 76561198061799006)(<3622.475098, 333.901917, 6920.744629>) requested data for lock!
[19:39:36] Player (Final217, 76561198061799006)(<3622.475098, 333.901917, 6920.744629>) requested data for lock!
[19:40:56] Player (Final217, 76561198061799006)(<3622.475098, 333.901917, 6920.744629>) requested data for lock!
[19:53:11] Player (Final217, 76561198061799006)(<3622.475098, 333.901917, 6920.744629>) requested data for lock!
[19:53:16] Player (Final217, 76561198061799006)(<3622.475098, 333.901917, 6920.744629>) requested data for lock!
[19:53:21] Player (Final217, 76561198061799006)(<3622.475098, 333.901917, 6920.744629>) requested data for lock!
[20:01:50] Player ([Odin] Lockett, 76561198137678377)(<3590.680176, 333.895325, 6955.824219>) requested data for lock!
[20:01:57] Player ([Odin] Lockett, 76561198137678377)(<3590.680176, 333.895325, 6955.824219>) requested data for lock!
[20:05:59] Player ([Odin] Lockett, 76561198137678377)(<3590.680176, 333.895325, 6955.824219>) requested data for lock!
[20:07:03] Player ([Odin] Lockett, 76561198137678377)(<3590.680176, 333.895325, 6955.824219>) requested data for lock!
[20:24:48] Player ([Odin] Lockett, 76561198137678377)(<3622.475098, 333.901917, 6920.744629>) requested data for lock!
[20:30:39] Player ([Odin] Lockett, 76561198137678377)(<3569.433838, 335.606812, 7028.715820>) requested data for lock!
[20:34:44] Player ([Odin] Lockett, 76561198137678377)(<3590.680176, 333.895325, 6955.824219>) requested data for lock!
[20:35:07] Player ([Odin] Lockett, 76561198137678377)(<3590.680176, 333.895325, 6955.824219>) requested data for lock!
[20:35:22] Player ([Odin] Lockett, 76561198137678377)(<3569.433838, 335.606812, 7028.715820>) requested data for lock!
[20:36:35] Player ([Odin] Lockett, 76561198137678377)(<3569.433838, 335.606812, 7028.715820>) requested data for lock!
[20:38:41] Player ([Odin] Lockett, 76561198137678377)(<3590.680176, 333.895325, 6955.824219>) requested data for lock!
[20:40:43] Player ([Odin] Dome, 76561198078760178)(<1144.213135, 154.433136, 6258.243652>) requested data for lock!
[20:40:48] Player ([Odin] Dome, 76561198078760178)(<1144.213135, 154.433136, 6258.243652>) requested data for lock!
[20:40:53] Player ([Odin] Dome, 76561198078760178)(<1144.213135, 154.433136, 6258.243652>) requested data for lock!
[20:40:58] Player ([Odin] Dome, 76561198078760178)(<1144.213135, 154.433136, 6258.243652>) requested data for lock!
[20:41:03] Player ([Odin] Dome, 76561198078760178)(<1144.213135, 154.433136, 6258.243652>) requested data for lock!
[20:41:08] Player ([Odin] Dome, 76561198078760178)(<1144.213135, 154.433136, 6258.243652>) requested data for lock!
[20:41:13] Player ([Odin] Dome, 76561198078760178)(<1144.213135, 154.433136, 6258.243652>) requested data for lock!
[20:41:18] Player ([Odin] Dome, 76561198078760178)(<1144.213135, 154.433136, 6258.243652>) requested data for lock!
[20:41:23] Player ([Odin] Dome, 76561198078760178)(<1144.213135, 154.433136, 6258.243652>) requested data for lock!
[20:41:28] Player ([Odin] Dome, 76561198078760178)(<1144.213135, 154.433136, 6258.243652>) requested data for lock!
[20:41:33] Player ([Odin] Dome, 76561198078760178)(<1144.213135, 154.433136, 6258.243652>) requested data for lock!
[20:41:38] Player ([Odin] Dome, 76561198078760178)(<1144.213135, 154.433136, 6258.243652>) requested data for lock!
[20:41:43] Player ([Odin] Dome, 76561198078760178)(<1144.213135, 154.433136, 6258.243652>) requested data for lock!
[20:41:48] Player ([Odin] Dome, 76561198078760178)(<1144.213135, 154.433136, 6258.243652>) requested data for lock!
[20:41:53] Player ([Odin] Dome, 76561198078760178)(<1144.213135, 154.433136, 6258.243652>) requested data for lock!
[20:41:58] Player ([Odin] Dome, 76561198078760178)(<1144.213135, 154.433136, 6258.243652>) requested data for lock!
[20:42:03] Player ([Odin] Dome, 76561198078760178)(<1144.213135, 154.433136, 6258.243652>) requested data for lock!
[20:42:08] Player ([Odin] Dome, 76561198078760178)(<1144.213135, 154.433136, 6258.243652>) requested data for lock!
[20:42:13] Player ([Odin] Dome, 76561198078760178)(<1144.213135, 154.433136, 6258.243652>) requested data for lock!
[20:42:57] Player ([Odin] Dome, 76561198078760178)(<1177.315552, 150.258438, 6233.408691>) requested data for lock!
[20:43:02] Player ([Odin] Dome, 76561198078760178)(<1177.315552, 150.258438, 6233.408691>) requested data for lock!
[20:43:07] Player ([Odin] Dome, 76561198078760178)(<1177.315552, 150.258438, 6233.408691>) requested data for lock!
[20:50:35] Player ([Odin] Dome, 76561198078760178)(<1177.315552, 150.258438, 6233.408691>) requested data for lock!
[20:55:28] Player ([Odin] Dome, 76561198078760178)(<1174.229126, 151.224533, 6254.705566>) requested data for lock!
[20:55:33] Player ([Odin] Dome, 76561198078760178)(<1174.229126, 151.224533, 6254.705566>) requested data for lock!
[20:55:38] Player ([Odin] Dome, 76561198078760178)(<1174.229126, 151.224533, 6254.705566>) requested data for lock!
[20:55:56] Player ([Odin] Dome, 76561198078760178)(<1174.229126, 151.224533, 6254.705566>) requested data for lock!
[20:56:02] Player ([Odin] Dome, 76561198078760178)(<1174.229126, 151.224533, 6254.705566>) requested data for lock!
[20:56:08] Player ([Odin] Dome, 76561198078760178)(<1174.229126, 151.224533, 6254.705566>) requested data for lock!
[20:56:14] Player ([Odin] Dome, 76561198078760178)(<1174.229126, 151.224533, 6254.705566>) requested data for lock!
[20:57:15] Player ([Odin] Dome, 76561198078760178)(<1174.229126, 151.224533, 6254.705566>) requested data for lock!
[20:57:17] Player (Raven, 76561198081076199)(<1174.229126, 151.224533, 6254.705566>) requested data for lock!
[20:57:20] Player ([Odin] Dome, 76561198078760178)(<1174.229126, 151.224533, 6254.705566>) requested data for lock!
[20:57:22] Player (Raven, 76561198081076199)(<1174.229126, 151.224533, 6254.705566>) requested data for lock!
[20:57:26] Player ([Odin] Dome, 76561198078760178)(<1174.229126, 151.224533, 6254.705566>) requested data for lock!
[20:57:27] Player (Raven, 76561198081076199)(<1174.229126, 151.224533, 6254.705566>) requested data for lock!
[20:57:37] Player (Raven, 76561198081076199)(<1174.229126, 151.224533, 6254.705566>) requested data for lock!
[20:57:58] Player (Raven, 76561198081076199)(<1174.229126, 151.224533, 6254.705566>) requested data for lock!
[21:00:36] Player ([Odin] Dome, 76561198078760178)(<1174.229126, 151.224533, 6254.705566>) requested data for lock!
[21:00:45] Player ([Odin] Dome, 76561198078760178)(<1174.229126, 151.224533, 6254.705566>) requested data for lock!
[21:00:55] Player ([Odin] Dome, 76561198078760178)(<1174.229126, 151.224533, 6254.705566>) requested data for lock!
[21:01:17] Player ([Odin] Dome, 76561198078760178)(<1174.229126, 151.224533, 6254.705566>) requested data for lock!
[21:01:58] Player ([Odin] Dome, 76561198078760178)(<1174.229126, 151.224533, 6254.705566>) requested data for lock!
[21:02:14] Player ([Odin] Dome, 76561198078760178)(<1174.229126, 151.224533, 6254.705566>) requested data for lock!
[21:02:20] Player ([Odin] Dome, 76561198078760178)(<1174.229126, 151.224533, 6254.705566>) requested data for lock!
[21:03:30] Player ([Odin] Dome, 76561198078760178)(<1174.229126, 151.224533, 6254.705566>) requested data for lock!
[21:03:35] Player ([Odin] Dome, 76561198078760178)(<1174.229126, 151.224533, 6254.705566>) requested data for lock!
[21:04:19] Player ([Odin] Dome, 76561198078760178)(<1174.229126, 151.224533, 6254.705566>) requested data for lock!
[21:04:33] Player ([Odin] Dome, 76561198078760178)(<1174.229126, 151.224533, 6254.705566>) requested data for lock!
[21:05:20] Player ([Odin] Dome, 76561198078760178)(<1174.229126, 151.224533, 6254.705566>) requested data for lock!
[21:06:00] Player ([Odin] Dome, 76561198078760178)(<1174.229126, 151.224533, 6254.705566>) requested data for lock!
[21:07:47] Player ([Odin] Dome, 76561198078760178)(<1174.229126, 151.224533, 6254.705566>) requested data for lock!
[21:08:07] Player ([Odin] Dome, 76561198078760178)(<1144.213135, 154.433136, 6258.243652>) requested data for lock!
[21:08:33] Player ([Odin] Dome, 76561198078760178)(<1144.213135, 154.433136, 6258.243652>) requested data for lock!
[21:08:38] Player ([Odin] Dome, 76561198078760178)(<1144.213135, 154.433136, 6258.243652>) requested data for lock!
[21:14:34] Player ([Odin] Dome, 76561198078760178)(<1254.934326, 151.103241, 6295.521484>) requested data for lock!
[21:14:39] Player ([Odin] Dome, 76561198078760178)(<1254.934326, 151.103241, 6295.521484>) requested data for lock!
[21:14:44] Player ([Odin] Dome, 76561198078760178)(<1254.934326, 151.103241, 6295.521484>) requested data for lock!
[21:14:49] Player ([Odin] Dome, 76561198078760178)(<1254.934326, 151.103241, 6295.521484>) requested data for lock!
[21:15:18] Player ([Odin] Dome, 76561198078760178)(<1174.229126, 151.224533, 6254.705566>) requested data for lock!
[21:15:25] Player ([Odin] Dome, 76561198078760178)(<1144.213135, 154.433136, 6258.243652>) requested data for lock!
[21:16:09] Player ([Odin] Dome, 76561198078760178)(<1144.213135, 154.433136, 6258.243652>) requested data for lock!
[21:17:57] Player ([Odin] Dome, 76561198078760178)(<1144.213135, 154.433136, 6258.243652>) requested data for lock!
[21:21:56] Player ([Odin] Dome, 76561198078760178)(<1254.934326, 151.103241, 6295.521484>) requested data for lock!
[21:22:59] Player ([Odin] Dome, 76561198078760178)(<1254.934326, 151.103241, 6295.521484>) requested data for lock!
[21:23:56] Player ([Odin] Dome, 76561198078760178)(<1254.934326, 151.103241, 6295.521484>) requested data for lock!
[21:24:02] Player ([Odin] Dome, 76561198078760178)(<1254.934326, 151.103241, 6295.521484>) requested data for lock!
[21:24:26] Player ([Odin] Dome, 76561198078760178)(<1144.213135, 154.433136, 6258.243652>) requested data for lock!
[21:26:37] Player ([Odin] Dome, 76561198078760178)(<1254.934326, 151.103241, 6295.521484>) requested data for lock!
[21:27:36] Player ([Odin] Dome, 76561198078760178)(<1254.934326, 151.103241, 6295.521484>) requested data for lock!
[21:27:41] Player ([Odin] Dome, 76561198078760178)(<1254.934326, 151.103241, 6295.521484>) requested data for lock!
[21:27:49] Player ([Odin] Dome, 76561198078760178)(<1254.934326, 151.103241, 6295.521484>) requested data for lock!
[21:28:03] Player ([Odin] Dome, 76561198078760178)(<1254.934326, 151.103241, 6295.521484>) requested data for lock!
[21:28:33] Player ([Odin] Dome, 76561198078760178)(<1254.934326, 151.103241, 6295.521484>) requested data for lock!
[21:29:14] Player ([Odin] Dome, 76561198078760178)(<1177.315552, 150.258438, 6233.408691>) requested data for lock!
[21:29:20] Player ([Odin] Dome, 76561198078760178)(<1177.315552, 150.258438, 6233.408691>) requested data for lock!
[21:34:39] Player ([Odin] Lockett, 76561198137678377)(<3590.680176, 333.895325, 6955.824219>) requested data for lock!
[21:39:53] Player ([Odin] Lockett, 76561198137678377)(<3590.680176, 333.895325, 6955.824219>) requested data for lock!
