[12-31-2019][12.46.18]New Synch Log File Created!
[14:15:32] Player (Survivor (2), 76561198021865390)(<3569.433838, 335.606812, 7028.715820>) requested data for lock!
[16:53:24] Player ([Odin] Dome, 76561198078760178)(<3569.433838, 335.606812, 7028.715820>) requested data for lock!
[16:53:33] Player ([Odin] Dome, 76561198078760178)(<3569.433838, 335.606812, 7028.715820>) requested data for lock!
[17:04:24] Player ([Odin] Dome, 76561198078760178)(<3569.433838, 335.606812, 7028.715820>) requested data for lock!
[21:47:49] Player (Survivor, 76561198061799006)(<3569.433838, 335.606812, 7028.715820>) requested data for lock!
[21:47:56] Player (Survivor, 76561198061799006)(<3569.433838, 335.606812, 7028.715820>) requested data for lock!
[21:48:01] Player (Survivor, 76561198061799006)(<3569.433838, 335.606812, 7028.715820>) requested data for lock!
[21:48:06] Player (Survivor, 76561198061799006)(<3569.433838, 335.606812, 7028.715820>) requested data for lock!
[21:48:11] Player (Survivor, 76561198061799006)(<3569.433838, 335.606812, 7028.715820>) requested data for lock!
[21:48:16] Player (Survivor, 76561198061799006)(<3569.433838, 335.606812, 7028.715820>) requested data for lock!
[21:48:54] Player (Raven, 76561198081076199)(<3569.433838, 335.606812, 7028.715820>) requested data for lock!
[21:48:59] Player (Raven, 76561198081076199)(<3569.433838, 335.606812, 7028.715820>) requested data for lock!
[21:49:04] Player (Raven, 76561198081076199)(<3569.433838, 335.606812, 7028.715820>) requested data for lock!
[21:49:09] Player (Raven, 76561198081076199)(<3569.433838, 335.606812, 7028.715820>) requested data for lock!
[21:49:14] Player (Raven, 76561198081076199)(<3569.433838, 335.606812, 7028.715820>) requested data for lock!
[21:49:19] Player (Raven, 76561198081076199)(<3569.433838, 335.606812, 7028.715820>) requested data for lock!
[21:49:20] Player ([Odin] Lockett, 76561198137678377)(<3569.433838, 335.606812, 7028.715820>) requested data for lock!
[22:27:45] Player (Survivor (2), 76561198021865390)(<3569.433838, 335.606812, 7028.715820>) requested data for lock!
[22:34:29] Player (Raven, 76561198081076199)(<3569.433838, 335.606812, 7028.715820>) requested data for lock!
[22:34:35] Player (Raven, 76561198081076199)(<3569.433838, 335.606812, 7028.715820>) requested data for lock!
[22:34:40] Player (Raven, 76561198081076199)(<3569.433838, 335.606812, 7028.715820>) requested data for lock!
[22:34:45] Player (Raven, 76561198081076199)(<3569.433838, 335.606812, 7028.715820>) requested data for lock!
[22:34:50] Player (Raven, 76561198081076199)(<3569.433838, 335.606812, 7028.715820>) requested data for lock!
[22:34:55] Player (Raven, 76561198081076199)(<3569.433838, 335.606812, 7028.715820>) requested data for lock!
[22:35:01] Player (Raven, 76561198081076199)(<3569.433838, 335.606812, 7028.715820>) requested data for lock!
[22:35:07] Player (Raven, 76561198081076199)(<3569.433838, 335.606812, 7028.715820>) requested data for lock!
[01:32:27] Player (Survivor (2), 76561198021865390)(<3569.433838, 335.606812, 7028.715820>) requested data for lock!
[01:32:42] Player (Survivor (2), 76561198021865390)(<3569.433838, 335.606812, 7028.715820>) requested data for lock!
[16:24:30] Player (Raven, 76561198081076199)(<3569.433838, 335.606812, 7028.715820>) requested data for lock!
[16:27:38] Player (Raven, 76561198081076199)(<3569.433838, 335.606812, 7028.715820>) requested data for lock!
[16:37:20] Player (Final217, 76561198061799006)(<3569.433838, 335.606812, 7028.715820>) requested data for lock!
[16:37:24] Player (Final217, 76561198061799006)(<3569.433838, 335.606812, 7028.715820>) requested data for lock!
[16:37:30] Player (Final217, 76561198061799006)(<3569.433838, 335.606812, 7028.715820>) requested data for lock!
[16:37:35] Player (Final217, 76561198061799006)(<3569.433838, 335.606812, 7028.715820>) requested data for lock!
[16:37:42] Player (Final217, 76561198061799006)(<3569.433838, 335.606812, 7028.715820>) requested data for lock!
[19:55:53] Player ([Odin] Lockett, 76561198137678377)(<3569.433838, 335.606812, 7028.715820>) requested data for lock!
[19:55:59] Player ([Odin] Lockett, 76561198137678377)(<3569.433838, 335.606812, 7028.715820>) requested data for lock!
[20:26:58] Player ([Odin] Lockett, 76561198137678377)(<3569.433838, 335.606812, 7028.715820>) requested data for lock!
[20:33:13] Player ([Odin] Lockett, 76561198137678377)(<3569.433838, 335.606812, 7028.715820>) requested data for lock!
[21:18:42] Player ([Odin] Lockett, 76561198137678377)(<3569.433838, 335.606812, 7028.715820>) requested data for lock!
[20:10:29] Player (Raven, 76561198081076199)(<3569.433838, 335.606812, 7028.715820>) requested data for lock!
[14:13:43] Player ([Odin] Camideluxe96, 76561198006997496)(<3569.433838, 335.606812, 7028.715820>) requested data for lock!
[14:13:48] Player ([Odin] Camideluxe96, 76561198006997496)(<3569.433838, 335.606812, 7028.715820>) requested data for lock!
[14:29:27] Player ([Odin] Camideluxe96, 76561198006997496)(<3569.433838, 335.606812, 7028.715820>) requested data for lock!
[14:47:06] Player ([Odin] Camideluxe96, 76561198006997496)(<3569.433838, 335.606812, 7028.715820>) requested data for lock!
[15:05:45] Player (Raven, 76561198081076199)(<3569.433838, 335.606812, 7028.715820>) requested data for lock!
[20:29:19] Player ([Odin] Camideluxe96, 76561198006997496)(<3569.433838, 335.606812, 7028.715820>) requested data for lock!
[13:24:17] Player ([Odin] Lockett, 76561198137678377)(<3569.433838, 335.606812, 7028.715820>) requested data for lock!
[14:39:39] Player ([Odin] Lockett, 76561198137678377)(<3569.433838, 335.606812, 7028.715820>) requested data for lock!
