[12-27-2019][12.16.31]New Synch Log File Created!
[13:40:24] Player (Survivor, 76561198021865390)(<3569.433838, 335.606812, 7028.715820>) requested data for lock!
[13:40:29] Player (Survivor, 76561198021865390)(<3569.433838, 335.606812, 7028.715820>) requested data for lock!
[13:40:34] Player (Survivor, 76561198021865390)(<3569.433838, 335.606812, 7028.715820>) requested data for lock!
[13:40:42] Player (Survivor, 76561198021865390)(<3569.433838, 335.606812, 7028.715820>) requested data for lock!
[13:40:47] Player (Survivor, 76561198021865390)(<3569.433838, 335.606812, 7028.715820>) requested data for lock!
[13:40:52] Player (Survivor, 76561198021865390)(<3569.433838, 335.606812, 7028.715820>) requested data for lock!
[13:41:50] Player (Survivor, 76561198021865390)(<3569.433838, 335.606812, 7028.715820>) requested data for lock!
[13:43:40] Player (Survivor, 76561198021865390)(<3569.433838, 335.606812, 7028.715820>) requested data for lock!
[13:44:17] Player (Survivor, 76561198021865390)(<3569.433838, 335.606812, 7028.715820>) requested data for lock!
[13:52:14] Player (Survivor, 76561198021865390)(<3569.433838, 335.606812, 7028.715820>) requested data for lock!
[14:00:24] Player (Survivor, 76561198021865390)(<3569.433838, 335.606812, 7028.715820>) requested data for lock!
[14:06:55] Player (Survivor, 76561198021865390)(<3569.433838, 335.606812, 7028.715820>) requested data for lock!
[15:07:53] Player (Survivor, 76561198021865390)(<3569.433838, 335.606812, 7028.715820>) requested data for lock!
[20:14:35] Player ([Odin] Lockett, 76561198137678377)(<3569.433838, 335.606812, 7028.715820>) requested data for lock!
[20:14:40] Player ([Odin] Lockett, 76561198137678377)(<3569.433838, 335.606812, 7028.715820>) requested data for lock!
[20:14:45] Player ([Odin] Lockett, 76561198137678377)(<3569.433838, 335.606812, 7028.715820>) requested data for lock!
[20:35:33] Player ([Odin] Camideluxe96, 76561198006997496)(<3569.433838, 335.606812, 7028.715820>) requested data for lock!
[20:35:38] Player ([Odin] Camideluxe96, 76561198006997496)(<3569.433838, 335.606812, 7028.715820>) requested data for lock!
[20:35:43] Player ([Odin] Camideluxe96, 76561198006997496)(<3569.433838, 335.606812, 7028.715820>) requested data for lock!
[20:42:27] Player ([Odin] Camideluxe96, 76561198006997496)(<3569.433838, 335.606812, 7028.715820>) requested data for lock!
[20:42:32] Player ([Odin] Camideluxe96, 76561198006997496)(<3569.433838, 335.606812, 7028.715820>) requested data for lock!
[20:42:37] Player ([Odin] Camideluxe96, 76561198006997496)(<3569.433838, 335.606812, 7028.715820>) requested data for lock!
[20:42:42] Player ([Odin] Camideluxe96, 76561198006997496)(<3569.433838, 335.606812, 7028.715820>) requested data for lock!
[20:42:47] Player ([Odin] Camideluxe96, 76561198006997496)(<3569.433838, 335.606812, 7028.715820>) requested data for lock!
[20:47:55] Player ([Odin] Camideluxe96, 76561198006997496)(<3569.433838, 335.606812, 7028.715820>) requested data for lock!
[21:02:33] Player ([Odin] Dome, 76561198078760178)(<3569.433838, 335.606812, 7028.715820>) requested data for lock!
[21:02:38] Player ([Odin] Dome, 76561198078760178)(<3569.433838, 335.606812, 7028.715820>) requested data for lock!
[21:02:44] Player ([Odin] Dome, 76561198078760178)(<3569.433838, 335.606812, 7028.715820>) requested data for lock!
[21:02:49] Player ([Odin] Dome, 76561198078760178)(<3569.433838, 335.606812, 7028.715820>) requested data for lock!
[21:02:54] Player ([Odin] Dome, 76561198078760178)(<3569.433838, 335.606812, 7028.715820>) requested data for lock!
[21:02:59] Player ([Odin] Dome, 76561198078760178)(<3569.433838, 335.606812, 7028.715820>) requested data for lock!
[21:03:04] Player ([Odin] Dome, 76561198078760178)(<3569.433838, 335.606812, 7028.715820>) requested data for lock!
[21:03:09] Player ([Odin] Dome, 76561198078760178)(<3569.433838, 335.606812, 7028.715820>) requested data for lock!
[21:03:14] Player ([Odin] Dome, 76561198078760178)(<3569.433838, 335.606812, 7028.715820>) requested data for lock!
[21:03:19] Player ([Odin] Dome, 76561198078760178)(<3569.433838, 335.606812, 7028.715820>) requested data for lock!
[21:03:24] Player ([Odin] Dome, 76561198078760178)(<3569.433838, 335.606812, 7028.715820>) requested data for lock!
[21:03:29] Player ([Odin] Dome, 76561198078760178)(<3569.433838, 335.606812, 7028.715820>) requested data for lock!
[21:03:34] Player ([Odin] Dome, 76561198078760178)(<3569.433838, 335.606812, 7028.715820>) requested data for lock!
[21:03:39] Player ([Odin] Dome, 76561198078760178)(<3569.433838, 335.606812, 7028.715820>) requested data for lock!
[21:03:44] Player ([Odin] Dome, 76561198078760178)(<3569.433838, 335.606812, 7028.715820>) requested data for lock!
[21:03:49] Player ([Odin] Dome, 76561198078760178)(<3569.433838, 335.606812, 7028.715820>) requested data for lock!
[21:03:55] Player ([Odin] Dome, 76561198078760178)(<3569.433838, 335.606812, 7028.715820>) requested data for lock!
[21:04:00] Player ([Odin] Dome, 76561198078760178)(<3569.433838, 335.606812, 7028.715820>) requested data for lock!
[21:04:05] Player ([Odin] Dome, 76561198078760178)(<3569.433838, 335.606812, 7028.715820>) requested data for lock!
[21:04:10] Player ([Odin] Dome, 76561198078760178)(<3569.433838, 335.606812, 7028.715820>) requested data for lock!
[21:04:15] Player ([Odin] Camideluxe96, 76561198006997496)(<3569.433838, 335.606812, 7028.715820>) requested data for lock!
[21:04:15] Player ([Odin] Dome, 76561198078760178)(<3569.433838, 335.606812, 7028.715820>) requested data for lock!
[21:04:20] Player ([Odin] Camideluxe96, 76561198006997496)(<3569.433838, 335.606812, 7028.715820>) requested data for lock!
[21:04:20] Player ([Odin] Dome, 76561198078760178)(<3569.433838, 335.606812, 7028.715820>) requested data for lock!
[21:15:45] Player ([Odin] Lockett, 76561198137678377)(<3569.433838, 335.606812, 7028.715820>) requested data for lock!
[21:15:50] Player ([Odin] Lockett, 76561198137678377)(<3569.433838, 335.606812, 7028.715820>) requested data for lock!
[21:16:41] Player ([Odin] Lockett, 76561198137678377)(<3569.433838, 335.606812, 7028.715820>) requested data for lock!
